[2.816s] Invoking command in '/home/chalin/dev_ws/src/ball_tracker': PYTHONPATH=/home/chalin/dev_ws/build/ball_tracker/prefix_override:/usr/lib/python3/dist-packages/colcon_core/task/python/colcon_distutils_commands:/home/chalin/dev_ws/install/ball_tracker/lib/python3.12/site-packages:${PYTHONPATH} /usr/bin/python3 -W ignore:setup.py install is deprecated -W ignore:easy_install command is deprecated setup.py egg_info --egg-base ../../build/ball_tracker build --build-base /home/chalin/dev_ws/build/ball_tracker/build install --record /home/chalin/dev_ws/build/ball_tracker/install.log --install-scripts $base/lib/ball_tracker --single-version-externally-managed install_data
[3.210s] /usr/lib/python3/dist-packages/setuptools/dist.py:744: SetuptoolsDeprecationWarning: Invalid dash-separated options
[3.210s] !!
[3.210s] 
[3.210s]         ********************************************************************************
[3.210s]         Usage of dash-separated 'script-dir' will not be supported in future
[3.211s]         versions. Please use the underscore name 'script_dir' instead.
[3.211s] 
[3.211s]         This deprecation is overdue, please update your project and remove deprecated
[3.211s]         calls to avoid build errors in the future.
[3.211s] 
[3.211s]         See https://setuptools.pypa.io/en/latest/userguide/declarative_config.html for details.
[3.211s]         ********************************************************************************
[3.212s] 
[3.212s] !!
[3.212s]   opt = self.warn_dash_deprecation(opt, section)
[3.801s] running egg_info
[3.868s] writing ../../build/ball_tracker/ball_tracker.egg-info/PKG-INFO
[3.870s] writing dependency_links to ../../build/ball_tracker/ball_tracker.egg-info/dependency_links.txt
[3.872s] writing entry points to ../../build/ball_tracker/ball_tracker.egg-info/entry_points.txt
[3.874s] writing requirements to ../../build/ball_tracker/ball_tracker.egg-info/requires.txt
[3.876s] writing top-level names to ../../build/ball_tracker/ball_tracker.egg-info/top_level.txt
[4.033s] reading manifest file '../../build/ball_tracker/ball_tracker.egg-info/SOURCES.txt'
[4.034s] writing manifest file '../../build/ball_tracker/ball_tracker.egg-info/SOURCES.txt'
[4.034s] running build
[4.035s] running build_py
[4.035s] copying ball_tracker/3D_construction.py -> /home/chalin/dev_ws/build/ball_tracker/build/lib/ball_tracker
[4.035s] running install
[4.063s] running install_lib
[4.135s] copying /home/chalin/dev_ws/build/ball_tracker/build/lib/ball_tracker/3D_construction.py -> /home/chalin/dev_ws/install/ball_tracker/lib/python3.12/site-packages/ball_tracker
[4.141s] byte-compiling /home/chalin/dev_ws/install/ball_tracker/lib/python3.12/site-packages/ball_tracker/3D_construction.py to 3D_construction.cpython-312.pyc
[4.149s] running install_data
[4.151s] running install_egg_info
[4.223s] removing '/home/chalin/dev_ws/install/ball_tracker/lib/python3.12/site-packages/ball_tracker-0.0.0-py3.12.egg-info' (and everything under it)
[4.223s] Copying ../../build/ball_tracker/ball_tracker.egg-info to /home/chalin/dev_ws/install/ball_tracker/lib/python3.12/site-packages/ball_tracker-0.0.0-py3.12.egg-info
[4.223s] running install_scripts
[4.877s] Installing 3D_contruct script to /home/chalin/dev_ws/install/ball_tracker/lib/ball_tracker
[4.882s] Installing detect_ball script to /home/chalin/dev_ws/install/ball_tracker/lib/ball_tracker
[4.886s] Installing detect_ball_3d script to /home/chalin/dev_ws/install/ball_tracker/lib/ball_tracker
[4.889s] Installing follow_ball script to /home/chalin/dev_ws/install/ball_tracker/lib/ball_tracker
[4.890s] Installing lidar_camera script to /home/chalin/dev_ws/install/ball_tracker/lib/ball_tracker
[4.897s] writing list of installed files to '/home/chalin/dev_ws/build/ball_tracker/install.log'
[5.043s] Invoked command in '/home/chalin/dev_ws/src/ball_tracker' returned '0': PYTHONPATH=/home/chalin/dev_ws/build/ball_tracker/prefix_override:/usr/lib/python3/dist-packages/colcon_core/task/python/colcon_distutils_commands:/home/chalin/dev_ws/install/ball_tracker/lib/python3.12/site-packages:${PYTHONPATH} /usr/bin/python3 -W ignore:setup.py install is deprecated -W ignore:easy_install command is deprecated setup.py egg_info --egg-base ../../build/ball_tracker build --build-base /home/chalin/dev_ws/build/ball_tracker/build install --record /home/chalin/dev_ws/build/ball_tracker/install.log --install-scripts $base/lib/ball_tracker --single-version-externally-managed install_data
