[0.010s] Invoking command in '/home/chalin/dev_ws/build/e_dollyv2': CMAKE_PREFIX_PATH=${CMAKE_PREFIX_PATH}:/opt/ros/jazzy /usr/bin/cmake --build /home/chalin/dev_ws/build/e_dollyv2 -- -j8 -l8
[0.044s] Invoked command in '/home/chalin/dev_ws/build/e_dollyv2' returned '0': CMAKE_PREFIX_PATH=${CMAKE_PREFIX_PATH}:/opt/ros/jazzy /usr/bin/cmake --build /home/chalin/dev_ws/build/e_dollyv2 -- -j8 -l8
[0.052s] Invoking command in '/home/chalin/dev_ws/build/e_dollyv2': CMAKE_PREFIX_PATH=${CMAKE_PREFIX_PATH}:/opt/ros/jazzy /usr/bin/cmake --install /home/chalin/dev_ws/build/e_dollyv2
[0.058s] -- Install configuration: ""
[0.059s] -- Up-to-date: /home/chalin/dev_ws/install/e_dollyv2/share/e_dollyv2/config
[0.059s] -- Up-to-date: /home/chalin/dev_ws/install/e_dollyv2/share/e_dollyv2/config/nav2_params.yaml
[0.060s] -- Up-to-date: /home/chalin/dev_ws/install/e_dollyv2/share/e_dollyv2/config/gaz_ros2_ct_use_sim.yaml
[0.060s] -- Up-to-date: /home/chalin/dev_ws/install/e_dollyv2/share/e_dollyv2/config/my_controllers.yaml
[0.060s] -- Up-to-date: /home/chalin/dev_ws/install/e_dollyv2/share/e_dollyv2/config/gz_bridge.yaml
[0.060s] -- Up-to-date: /home/chalin/dev_ws/install/e_dollyv2/share/e_dollyv2/config/empty.yaml
[0.060s] -- Up-to-date: /home/chalin/dev_ws/install/e_dollyv2/share/e_dollyv2/config/map.rviz
[0.060s] -- Up-to-date: /home/chalin/dev_ws/install/e_dollyv2/share/e_dollyv2/config/ball_tracker_params_sim.yaml
[0.060s] -- Up-to-date: /home/chalin/dev_ws/install/e_dollyv2/share/e_dollyv2/config/drive_bot.rviz
[0.060s] -- Up-to-date: /home/chalin/dev_ws/install/e_dollyv2/share/e_dollyv2/config/mapper_params_online_async.yaml
[0.061s] -- Up-to-date: /home/chalin/dev_ws/install/e_dollyv2/share/e_dollyv2/config/view_bot.rviz
[0.061s] -- Up-to-date: /home/chalin/dev_ws/install/e_dollyv2/share/e_dollyv2/config/ball_tracker_params_robot.yaml
[0.061s] -- Up-to-date: /home/chalin/dev_ws/install/e_dollyv2/share/e_dollyv2/config/ekf.yaml
[0.061s] -- Up-to-date: /home/chalin/dev_ws/install/e_dollyv2/share/e_dollyv2/config/twist_mux.yaml
[0.061s] -- Up-to-date: /home/chalin/dev_ws/install/e_dollyv2/share/e_dollyv2/config/joystick.yaml
[0.061s] -- Up-to-date: /home/chalin/dev_ws/install/e_dollyv2/share/e_dollyv2/config/main.rviz
[0.061s] -- Up-to-date: /home/chalin/dev_ws/install/e_dollyv2/share/e_dollyv2/description
[0.061s] -- Up-to-date: /home/chalin/dev_ws/install/e_dollyv2/share/e_dollyv2/description/face.xacro
[0.061s] -- Up-to-date: /home/chalin/dev_ws/install/e_dollyv2/share/e_dollyv2/description/robot.urdf.xacro
[0.061s] -- Up-to-date: /home/chalin/dev_ws/install/e_dollyv2/share/e_dollyv2/description/inertial_macros.xacro
[0.062s] -- Up-to-date: /home/chalin/dev_ws/install/e_dollyv2/share/e_dollyv2/description/gazebo_control.xacro
[0.062s] -- Installing: /home/chalin/dev_ws/install/e_dollyv2/share/e_dollyv2/description/ros2_control.xacro
[0.062s] -- Up-to-date: /home/chalin/dev_ws/install/e_dollyv2/share/e_dollyv2/description/robot_core.xacro
[0.062s] -- Up-to-date: /home/chalin/dev_ws/install/e_dollyv2/share/e_dollyv2/description/lidar.xacro
[0.062s] -- Up-to-date: /home/chalin/dev_ws/install/e_dollyv2/share/e_dollyv2/description/camera.xacro
[0.063s] -- Up-to-date: /home/chalin/dev_ws/install/e_dollyv2/share/e_dollyv2/description/depth_camera.xacro
[0.064s] -- Up-to-date: /home/chalin/dev_ws/install/e_dollyv2/share/e_dollyv2/launch
[0.064s] -- Installing: /home/chalin/dev_ws/install/e_dollyv2/share/e_dollyv2/launch/ball_tracker.launch.py
[0.064s] -- Up-to-date: /home/chalin/dev_ws/install/e_dollyv2/share/e_dollyv2/launch/launch_sim.launch.py
[0.064s] -- Up-to-date: /home/chalin/dev_ws/install/e_dollyv2/share/e_dollyv2/launch/camera.launch.py
[0.064s] -- Up-to-date: /home/chalin/dev_ws/install/e_dollyv2/share/e_dollyv2/launch/rplidar.launch.py
[0.064s] -- Installing: /home/chalin/dev_ws/install/e_dollyv2/share/e_dollyv2/launch/localization_launch.py
[0.064s] -- Up-to-date: /home/chalin/dev_ws/install/e_dollyv2/share/e_dollyv2/launch/rsp.launch.py
[0.064s] -- Up-to-date: /home/chalin/dev_ws/install/e_dollyv2/share/e_dollyv2/launch/launch_robot.launch.py
[0.065s] -- Installing: /home/chalin/dev_ws/install/e_dollyv2/share/e_dollyv2/launch/navigation_launch.py
[0.065s] -- Installing: /home/chalin/dev_ws/install/e_dollyv2/share/e_dollyv2/launch/joystick.launch.py
[0.065s] -- Installing: /home/chalin/dev_ws/install/e_dollyv2/share/e_dollyv2/launch/online_async_launch.py
[0.065s] -- Up-to-date: /home/chalin/dev_ws/install/e_dollyv2/share/e_dollyv2/worlds
[0.065s] -- Up-to-date: /home/chalin/dev_ws/install/e_dollyv2/share/e_dollyv2/worlds/obstacles.world
[0.066s] -- Up-to-date: /home/chalin/dev_ws/install/e_dollyv2/share/e_dollyv2/worlds/empty.world
[0.066s] -- Up-to-date: /home/chalin/dev_ws/install/e_dollyv2/share/ament_index/resource_index/package_run_dependencies/e_dollyv2
[0.066s] -- Up-to-date: /home/chalin/dev_ws/install/e_dollyv2/share/ament_index/resource_index/parent_prefix_path/e_dollyv2
[0.066s] -- Up-to-date: /home/chalin/dev_ws/install/e_dollyv2/share/e_dollyv2/environment/ament_prefix_path.sh
[0.066s] -- Up-to-date: /home/chalin/dev_ws/install/e_dollyv2/share/e_dollyv2/environment/ament_prefix_path.dsv
[0.066s] -- Up-to-date: /home/chalin/dev_ws/install/e_dollyv2/share/e_dollyv2/environment/path.sh
[0.066s] -- Up-to-date: /home/chalin/dev_ws/install/e_dollyv2/share/e_dollyv2/environment/path.dsv
[0.067s] -- Up-to-date: /home/chalin/dev_ws/install/e_dollyv2/share/e_dollyv2/local_setup.bash
[0.067s] -- Up-to-date: /home/chalin/dev_ws/install/e_dollyv2/share/e_dollyv2/local_setup.sh
[0.067s] -- Up-to-date: /home/chalin/dev_ws/install/e_dollyv2/share/e_dollyv2/local_setup.zsh
[0.067s] -- Up-to-date: /home/chalin/dev_ws/install/e_dollyv2/share/e_dollyv2/local_setup.dsv
[0.067s] -- Up-to-date: /home/chalin/dev_ws/install/e_dollyv2/share/e_dollyv2/package.dsv
[0.067s] -- Up-to-date: /home/chalin/dev_ws/install/e_dollyv2/share/ament_index/resource_index/packages/e_dollyv2
[0.067s] -- Up-to-date: /home/chalin/dev_ws/install/e_dollyv2/share/e_dollyv2/cmake/e_dollyv2Config.cmake
[0.068s] -- Up-to-date: /home/chalin/dev_ws/install/e_dollyv2/share/e_dollyv2/cmake/e_dollyv2Config-version.cmake
[0.068s] -- Up-to-date: /home/chalin/dev_ws/install/e_dollyv2/share/e_dollyv2/package.xml
[0.068s] Invoked command in '/home/chalin/dev_ws/build/e_dollyv2' returned '0': CMAKE_PREFIX_PATH=${CMAKE_PREFIX_PATH}:/opt/ros/jazzy /usr/bin/cmake --install /home/chalin/dev_ws/build/e_dollyv2
