[5.147s] Invoking command in '/home/chalin/dev_ws/src/build/ball_tracker': PYTHONPATH=/home/chalin/dev_ws/src/build/ball_tracker/prefix_override:/usr/lib/python3/dist-packages/colcon_core/task/python/colcon_distutils_commands:/home/chalin/dev_ws/src/install/ball_tracker/lib/python3.12/site-packages:${PYTHONPATH} /usr/bin/python3 -W ignore:setup.py install is deprecated -W ignore:easy_install command is deprecated setup.py develop --editable --build-directory /home/chalin/dev_ws/src/build/ball_tracker/build --no-deps symlink_data
[5.512s] /usr/lib/python3/dist-packages/setuptools/dist.py:744: SetuptoolsDeprecationWarning: Invalid dash-separated options
[5.512s] !!
[5.512s] 
[5.512s]         ********************************************************************************
[5.513s]         Usage of dash-separated 'script-dir' will not be supported in future
[5.513s]         versions. Please use the underscore name 'script_dir' instead.
[5.513s] 
[5.513s]         This deprecation is overdue, please update your project and remove deprecated
[5.513s]         calls to avoid build errors in the future.
[5.513s] 
[5.513s]         See https://setuptools.pypa.io/en/latest/userguide/declarative_config.html for details.
[5.514s]         ********************************************************************************
[5.514s] 
[5.514s] !!
[5.514s]   opt = self.warn_dash_deprecation(opt, section)
[6.155s] running develop
[6.848s] running egg_info
[6.900s] writing ball_tracker.egg-info/PKG-INFO
[6.903s] writing dependency_links to ball_tracker.egg-info/dependency_links.txt
[6.907s] writing entry points to ball_tracker.egg-info/entry_points.txt
[6.909s] writing requirements to ball_tracker.egg-info/requires.txt
[6.912s] writing top-level names to ball_tracker.egg-info/top_level.txt
[7.024s] reading manifest file 'ball_tracker.egg-info/SOURCES.txt'
[7.027s] writing manifest file 'ball_tracker.egg-info/SOURCES.txt'
[7.095s] running build_ext
[7.096s] Creating /home/chalin/dev_ws/src/install/ball_tracker/lib/python3.12/site-packages/ball-tracker.egg-link (link to .)
[7.100s] Installing detect_ball script to /home/chalin/dev_ws/src/install/ball_tracker/lib/ball_tracker
[7.104s] Installing detect_ball_3d script to /home/chalin/dev_ws/src/install/ball_tracker/lib/ball_tracker
[7.109s] Installing follow_ball script to /home/chalin/dev_ws/src/install/ball_tracker/lib/ball_tracker
[7.112s] 
[7.112s] Installed /home/chalin/dev_ws/src/build/ball_tracker
[7.113s] running symlink_data
[7.240s] Invoked command in '/home/chalin/dev_ws/src/build/ball_tracker' returned '0': PYTHONPATH=/home/chalin/dev_ws/src/build/ball_tracker/prefix_override:/usr/lib/python3/dist-packages/colcon_core/task/python/colcon_distutils_commands:/home/chalin/dev_ws/src/install/ball_tracker/lib/python3.12/site-packages:${PYTHONPATH} /usr/bin/python3 -W ignore:setup.py install is deprecated -W ignore:easy_install command is deprecated setup.py develop --editable --build-directory /home/chalin/dev_ws/src/build/ball_tracker/build --no-deps symlink_data
