[3.372s] Invoking command in '/home/chalin/dev_ws/src/ball_tracker': PYTHONPATH=/home/chalin/dev_ws/build/ball_tracker/prefix_override:/usr/lib/python3/dist-packages/colcon_core/task/python/colcon_distutils_commands:/home/chalin/dev_ws/install/ball_tracker/lib/python3.12/site-packages:${PYTHONPATH} /usr/bin/python3 -W ignore:setup.py install is deprecated -W ignore:easy_install command is deprecated setup.py egg_info --egg-base ../../build/ball_tracker build --build-base /home/chalin/dev_ws/build/ball_tracker/build install --record /home/chalin/dev_ws/build/ball_tracker/install.log --install-scripts $base/lib/ball_tracker --single-version-externally-managed install_data
[3.817s] /usr/lib/python3/dist-packages/setuptools/dist.py:744: SetuptoolsDeprecationWarning: Invalid dash-separated options
[3.817s] !!
[3.817s] 
[3.817s]         ********************************************************************************
[3.817s]         Usage of dash-separated 'script-dir' will not be supported in future
[3.818s]         versions. Please use the underscore name 'script_dir' instead.
[3.818s] 
[3.822s]         This deprecation is overdue, please update your project and remove deprecated
[3.823s]         calls to avoid build errors in the future.
[3.823s] 
[3.823s]         See https://setuptools.pypa.io/en/latest/userguide/declarative_config.html for details.
[3.824s]         ********************************************************************************
[3.824s] 
[3.824s] !!
[3.824s]   opt = self.warn_dash_deprecation(opt, section)
[4.318s] running egg_info
[4.371s] writing ../../build/ball_tracker/ball_tracker.egg-info/PKG-INFO
[4.373s] writing dependency_links to ../../build/ball_tracker/ball_tracker.egg-info/dependency_links.txt
[4.376s] writing entry points to ../../build/ball_tracker/ball_tracker.egg-info/entry_points.txt
[4.379s] writing requirements to ../../build/ball_tracker/ball_tracker.egg-info/requires.txt
[4.380s] writing top-level names to ../../build/ball_tracker/ball_tracker.egg-info/top_level.txt
[4.501s] reading manifest file '../../build/ball_tracker/ball_tracker.egg-info/SOURCES.txt'
[4.505s] writing manifest file '../../build/ball_tracker/ball_tracker.egg-info/SOURCES.txt'
[4.506s] running build
[4.506s] running build_py
[4.507s] running install
[4.548s] running install_lib
[4.657s] running install_data
[4.658s] running install_egg_info
[4.725s] removing '/home/chalin/dev_ws/install/ball_tracker/lib/python3.12/site-packages/ball_tracker-0.0.0-py3.12.egg-info' (and everything under it)
[4.727s] Copying ../../build/ball_tracker/ball_tracker.egg-info to /home/chalin/dev_ws/install/ball_tracker/lib/python3.12/site-packages/ball_tracker-0.0.0-py3.12.egg-info
[4.730s] running install_scripts
[5.164s] Installing 3D_contruct script to /home/chalin/dev_ws/install/ball_tracker/lib/ball_tracker
[5.166s] Installing detect_ball script to /home/chalin/dev_ws/install/ball_tracker/lib/ball_tracker
[5.167s] Installing detect_ball_3d script to /home/chalin/dev_ws/install/ball_tracker/lib/ball_tracker
[5.168s] Installing follow_ball script to /home/chalin/dev_ws/install/ball_tracker/lib/ball_tracker
[5.168s] Installing lidar_camera script to /home/chalin/dev_ws/install/ball_tracker/lib/ball_tracker
[5.169s] writing list of installed files to '/home/chalin/dev_ws/build/ball_tracker/install.log'
[5.283s] Invoked command in '/home/chalin/dev_ws/src/ball_tracker' returned '0': PYTHONPATH=/home/chalin/dev_ws/build/ball_tracker/prefix_override:/usr/lib/python3/dist-packages/colcon_core/task/python/colcon_distutils_commands:/home/chalin/dev_ws/install/ball_tracker/lib/python3.12/site-packages:${PYTHONPATH} /usr/bin/python3 -W ignore:setup.py install is deprecated -W ignore:easy_install command is deprecated setup.py egg_info --egg-base ../../build/ball_tracker build --build-base /home/chalin/dev_ws/build/ball_tracker/build install --record /home/chalin/dev_ws/build/ball_tracker/install.log --install-scripts $base/lib/ball_tracker --single-version-externally-managed install_data
