[4.317s] Invoking command in '/home/chalin/dev_ws/src/ball_tracker': PYTHONPATH=/home/chalin/dev_ws/build/ball_tracker/prefix_override:/usr/lib/python3/dist-packages/colcon_core/task/python/colcon_distutils_commands:/home/chalin/dev_ws/install/ball_tracker/lib/python3.12/site-packages:${PYTHONPATH} /usr/bin/python3 -W ignore:setup.py install is deprecated -W ignore:easy_install command is deprecated setup.py egg_info --egg-base ../../build/ball_tracker build --build-base /home/chalin/dev_ws/build/ball_tracker/build install --record /home/chalin/dev_ws/build/ball_tracker/install.log --install-scripts $base/lib/ball_tracker --single-version-externally-managed install_data
[4.826s] /usr/lib/python3/dist-packages/setuptools/dist.py:744: SetuptoolsDeprecationWarning: Invalid dash-separated options
[4.826s] !!
[4.826s] 
[4.826s]         ********************************************************************************
[4.826s]         Usage of dash-separated 'script-dir' will not be supported in future
[4.826s]         versions. Please use the underscore name 'script_dir' instead.
[4.826s] 
[4.827s]         This deprecation is overdue, please update your project and remove deprecated
[4.827s]         calls to avoid build errors in the future.
[4.827s] 
[4.827s]         See https://setuptools.pypa.io/en/latest/userguide/declarative_config.html for details.
[4.827s]         ********************************************************************************
[4.827s] 
[4.827s] !!
[4.827s]   opt = self.warn_dash_deprecation(opt, section)
[5.273s] running egg_info
[5.316s] writing ../../build/ball_tracker/ball_tracker.egg-info/PKG-INFO
[5.317s] writing dependency_links to ../../build/ball_tracker/ball_tracker.egg-info/dependency_links.txt
[5.318s] writing entry points to ../../build/ball_tracker/ball_tracker.egg-info/entry_points.txt
[5.319s] writing requirements to ../../build/ball_tracker/ball_tracker.egg-info/requires.txt
[5.320s] writing top-level names to ../../build/ball_tracker/ball_tracker.egg-info/top_level.txt
[5.433s] reading manifest file '../../build/ball_tracker/ball_tracker.egg-info/SOURCES.txt'
[5.460s] writing manifest file '../../build/ball_tracker/ball_tracker.egg-info/SOURCES.txt'
[5.461s] running build
[5.461s] running build_py
[5.461s] copying ball_tracker/detect_ball_3d.py -> /home/chalin/dev_ws/build/ball_tracker/build/lib/ball_tracker
[5.461s] copying ball_tracker/lidar_camera.py -> /home/chalin/dev_ws/build/ball_tracker/build/lib/ball_tracker
[5.461s] copying ball_tracker/process_image.py -> /home/chalin/dev_ws/build/ball_tracker/build/lib/ball_tracker
[5.462s] copying ball_tracker/detect_ball.py -> /home/chalin/dev_ws/build/ball_tracker/build/lib/ball_tracker
[5.462s] copying ball_tracker/3D_construction.py -> /home/chalin/dev_ws/build/ball_tracker/build/lib/ball_tracker
[5.463s] running install
[5.489s] running install_lib
[5.535s] copying /home/chalin/dev_ws/build/ball_tracker/build/lib/ball_tracker/detect_ball_3d.py -> /home/chalin/dev_ws/install/ball_tracker/lib/python3.12/site-packages/ball_tracker
[5.537s] copying /home/chalin/dev_ws/build/ball_tracker/build/lib/ball_tracker/lidar_camera.py -> /home/chalin/dev_ws/install/ball_tracker/lib/python3.12/site-packages/ball_tracker
[5.539s] copying /home/chalin/dev_ws/build/ball_tracker/build/lib/ball_tracker/process_image.py -> /home/chalin/dev_ws/install/ball_tracker/lib/python3.12/site-packages/ball_tracker
[5.541s] copying /home/chalin/dev_ws/build/ball_tracker/build/lib/ball_tracker/detect_ball.py -> /home/chalin/dev_ws/install/ball_tracker/lib/python3.12/site-packages/ball_tracker
[5.543s] copying /home/chalin/dev_ws/build/ball_tracker/build/lib/ball_tracker/3D_construction.py -> /home/chalin/dev_ws/install/ball_tracker/lib/python3.12/site-packages/ball_tracker
[5.546s] byte-compiling /home/chalin/dev_ws/install/ball_tracker/lib/python3.12/site-packages/ball_tracker/detect_ball_3d.py to detect_ball_3d.cpython-312.pyc
[5.550s] byte-compiling /home/chalin/dev_ws/install/ball_tracker/lib/python3.12/site-packages/ball_tracker/lidar_camera.py to lidar_camera.cpython-312.pyc
[5.555s] byte-compiling /home/chalin/dev_ws/install/ball_tracker/lib/python3.12/site-packages/ball_tracker/process_image.py to process_image.cpython-312.pyc
[5.558s] byte-compiling /home/chalin/dev_ws/install/ball_tracker/lib/python3.12/site-packages/ball_tracker/detect_ball.py to detect_ball.cpython-312.pyc
[5.561s] byte-compiling /home/chalin/dev_ws/install/ball_tracker/lib/python3.12/site-packages/ball_tracker/3D_construction.py to 3D_construction.cpython-312.pyc
[5.563s] running install_data
[5.564s] running install_egg_info
[5.615s] removing '/home/chalin/dev_ws/install/ball_tracker/lib/python3.12/site-packages/ball_tracker-0.0.0-py3.12.egg-info' (and everything under it)
[5.616s] Copying ../../build/ball_tracker/ball_tracker.egg-info to /home/chalin/dev_ws/install/ball_tracker/lib/python3.12/site-packages/ball_tracker-0.0.0-py3.12.egg-info
[5.619s] running install_scripts
[6.084s] Installing 3D_contruct script to /home/chalin/dev_ws/install/ball_tracker/lib/ball_tracker
[6.086s] Installing detect_ball script to /home/chalin/dev_ws/install/ball_tracker/lib/ball_tracker
[6.086s] Installing detect_ball_3d script to /home/chalin/dev_ws/install/ball_tracker/lib/ball_tracker
[6.086s] Installing follow_ball script to /home/chalin/dev_ws/install/ball_tracker/lib/ball_tracker
[6.086s] Installing lidar_camera script to /home/chalin/dev_ws/install/ball_tracker/lib/ball_tracker
[6.086s] writing list of installed files to '/home/chalin/dev_ws/build/ball_tracker/install.log'
[6.193s] Invoked command in '/home/chalin/dev_ws/src/ball_tracker' returned '0': PYTHONPATH=/home/chalin/dev_ws/build/ball_tracker/prefix_override:/usr/lib/python3/dist-packages/colcon_core/task/python/colcon_distutils_commands:/home/chalin/dev_ws/install/ball_tracker/lib/python3.12/site-packages:${PYTHONPATH} /usr/bin/python3 -W ignore:setup.py install is deprecated -W ignore:easy_install command is deprecated setup.py egg_info --egg-base ../../build/ball_tracker build --build-base /home/chalin/dev_ws/build/ball_tracker/build install --record /home/chalin/dev_ws/build/ball_tracker/install.log --install-scripts $base/lib/ball_tracker --single-version-externally-managed install_data
