[4.629s] Invoking command in '/home/chalin/dev_ws/src/ball_tracker': PYTHONPATH=/home/chalin/dev_ws/build/ball_tracker/prefix_override:/usr/lib/python3/dist-packages/colcon_core/task/python/colcon_distutils_commands:/home/chalin/dev_ws/install/ball_tracker/lib/python3.12/site-packages:${PYTHONPATH} /usr/bin/python3 -W ignore:setup.py install is deprecated -W ignore:easy_install command is deprecated setup.py egg_info --egg-base ../../build/ball_tracker build --build-base /home/chalin/dev_ws/build/ball_tracker/build install --record /home/chalin/dev_ws/build/ball_tracker/install.log --install-scripts $base/lib/ball_tracker --single-version-externally-managed install_data
[5.082s] /usr/lib/python3/dist-packages/setuptools/dist.py:744: SetuptoolsDeprecationWarning: Invalid dash-separated options
[5.082s] !!
[5.083s] 
[5.083s]         ********************************************************************************
[5.083s]         Usage of dash-separated 'script-dir' will not be supported in future
[5.083s]         versions. Please use the underscore name 'script_dir' instead.
[5.083s] 
[5.084s]         This deprecation is overdue, please update your project and remove deprecated
[5.084s]         calls to avoid build errors in the future.
[5.084s] 
[5.085s]         See https://setuptools.pypa.io/en/latest/userguide/declarative_config.html for details.
[5.085s]         ********************************************************************************
[5.085s] 
[5.085s] !!
[5.085s]   opt = self.warn_dash_deprecation(opt, section)
[5.516s] running egg_info
[5.623s] writing ../../build/ball_tracker/ball_tracker.egg-info/PKG-INFO
[5.623s] writing dependency_links to ../../build/ball_tracker/ball_tracker.egg-info/dependency_links.txt
[5.627s] writing entry points to ../../build/ball_tracker/ball_tracker.egg-info/entry_points.txt
[5.628s] writing requirements to ../../build/ball_tracker/ball_tracker.egg-info/requires.txt
[5.634s] writing top-level names to ../../build/ball_tracker/ball_tracker.egg-info/top_level.txt
[5.861s] reading manifest file '../../build/ball_tracker/ball_tracker.egg-info/SOURCES.txt'
[5.863s] writing manifest file '../../build/ball_tracker/ball_tracker.egg-info/SOURCES.txt'
[5.865s] running build
[5.865s] running build_py
[5.865s] copying ball_tracker/3D_construction.py -> /home/chalin/dev_ws/build/ball_tracker/build/lib/ball_tracker
[5.870s] running install
[5.898s] running install_lib
[5.997s] copying /home/chalin/dev_ws/build/ball_tracker/build/lib/ball_tracker/3D_construction.py -> /home/chalin/dev_ws/install/ball_tracker/lib/python3.12/site-packages/ball_tracker
[6.000s] byte-compiling /home/chalin/dev_ws/install/ball_tracker/lib/python3.12/site-packages/ball_tracker/3D_construction.py to 3D_construction.cpython-312.pyc
[6.007s] running install_data
[6.008s] running install_egg_info
[6.095s] removing '/home/chalin/dev_ws/install/ball_tracker/lib/python3.12/site-packages/ball_tracker-0.0.0-py3.12.egg-info' (and everything under it)
[6.116s] Copying ../../build/ball_tracker/ball_tracker.egg-info to /home/chalin/dev_ws/install/ball_tracker/lib/python3.12/site-packages/ball_tracker-0.0.0-py3.12.egg-info
[6.122s] running install_scripts
[6.666s] Installing 3D_contruct script to /home/chalin/dev_ws/install/ball_tracker/lib/ball_tracker
[6.667s] Installing detect_ball script to /home/chalin/dev_ws/install/ball_tracker/lib/ball_tracker
[6.669s] Installing detect_ball_3d script to /home/chalin/dev_ws/install/ball_tracker/lib/ball_tracker
[6.671s] Installing follow_ball script to /home/chalin/dev_ws/install/ball_tracker/lib/ball_tracker
[6.674s] Installing lidar_camera script to /home/chalin/dev_ws/install/ball_tracker/lib/ball_tracker
[6.676s] writing list of installed files to '/home/chalin/dev_ws/build/ball_tracker/install.log'
[6.769s] Invoked command in '/home/chalin/dev_ws/src/ball_tracker' returned '0': PYTHONPATH=/home/chalin/dev_ws/build/ball_tracker/prefix_override:/usr/lib/python3/dist-packages/colcon_core/task/python/colcon_distutils_commands:/home/chalin/dev_ws/install/ball_tracker/lib/python3.12/site-packages:${PYTHONPATH} /usr/bin/python3 -W ignore:setup.py install is deprecated -W ignore:easy_install command is deprecated setup.py egg_info --egg-base ../../build/ball_tracker build --build-base /home/chalin/dev_ws/build/ball_tracker/build install --record /home/chalin/dev_ws/build/ball_tracker/install.log --install-scripts $base/lib/ball_tracker --single-version-externally-managed install_data
