running develop
Removing /home/chalin/dev_ws/install/ball_tracker/lib/python3.12/site-packages/ball-tracker.egg-link (link to .)
running egg_info
writing ../../build/ball_tracker/ball_tracker.egg-info/PKG-INFO
writing dependency_links to ../../build/ball_tracker/ball_tracker.egg-info/dependency_links.txt
writing entry points to ../../build/ball_tracker/ball_tracker.egg-info/entry_points.txt
writing requirements to ../../build/ball_tracker/ball_tracker.egg-info/requires.txt
writing top-level names to ../../build/ball_tracker/ball_tracker.egg-info/top_level.txt
reading manifest file '../../build/ball_tracker/ball_tracker.egg-info/SOURCES.txt'
writing manifest file '../../build/ball_tracker/ball_tracker.egg-info/SOURCES.txt'
running build
running build_py
copying ball_tracker/lidar_camera.py -> /home/chalin/dev_ws/build/ball_tracker/build/lib/ball_tracker
copying ball_tracker/process_image.py -> /home/chalin/dev_ws/build/ball_tracker/build/lib/ball_tracker
copying ball_tracker/detect_ball.py -> /home/chalin/dev_ws/build/ball_tracker/build/lib/ball_tracker
copying ball_tracker/3D_construction.py -> /home/chalin/dev_ws/build/ball_tracker/build/lib/ball_tracker
running install
running install_lib
creating /home/chalin/dev_ws/install/ball_tracker/lib/python3.12/site-packages/ball_tracker
copying /home/chalin/dev_ws/build/ball_tracker/build/lib/ball_tracker/detect_ball_3d.py -> /home/chalin/dev_ws/install/ball_tracker/lib/python3.12/site-packages/ball_tracker
copying /home/chalin/dev_ws/build/ball_tracker/build/lib/ball_tracker/lidar_camera.py -> /home/chalin/dev_ws/install/ball_tracker/lib/python3.12/site-packages/ball_tracker
copying /home/chalin/dev_ws/build/ball_tracker/build/lib/ball_tracker/process_image.py -> /home/chalin/dev_ws/install/ball_tracker/lib/python3.12/site-packages/ball_tracker
copying /home/chalin/dev_ws/build/ball_tracker/build/lib/ball_tracker/__init__.py -> /home/chalin/dev_ws/install/ball_tracker/lib/python3.12/site-packages/ball_tracker
copying /home/chalin/dev_ws/build/ball_tracker/build/lib/ball_tracker/detect_ball.py -> /home/chalin/dev_ws/install/ball_tracker/lib/python3.12/site-packages/ball_tracker
copying /home/chalin/dev_ws/build/ball_tracker/build/lib/ball_tracker/3D_construction.py -> /home/chalin/dev_ws/install/ball_tracker/lib/python3.12/site-packages/ball_tracker
byte-compiling /home/chalin/dev_ws/install/ball_tracker/lib/python3.12/site-packages/ball_tracker/detect_ball_3d.py to detect_ball_3d.cpython-312.pyc
byte-compiling /home/chalin/dev_ws/install/ball_tracker/lib/python3.12/site-packages/ball_tracker/lidar_camera.py to lidar_camera.cpython-312.pyc
byte-compiling /home/chalin/dev_ws/install/ball_tracker/lib/python3.12/site-packages/ball_tracker/process_image.py to process_image.cpython-312.pyc
byte-compiling /home/chalin/dev_ws/install/ball_tracker/lib/python3.12/site-packages/ball_tracker/__init__.py to __init__.cpython-312.pyc
byte-compiling /home/chalin/dev_ws/install/ball_tracker/lib/python3.12/site-packages/ball_tracker/detect_ball.py to detect_ball.cpython-312.pyc
byte-compiling /home/chalin/dev_ws/install/ball_tracker/lib/python3.12/site-packages/ball_tracker/3D_construction.py to 3D_construction.cpython-312.pyc
running install_data
copying resource/ball_tracker -> /home/chalin/dev_ws/install/ball_tracker/share/ament_index/resource_index/packages
copying package.xml -> /home/chalin/dev_ws/install/ball_tracker/share/ball_tracker
copying launch/ball_tracker.launch.py -> /home/chalin/dev_ws/install/ball_tracker/share/ball_tracker/launch
copying launch/example_launch_include.launch.py -> /home/chalin/dev_ws/install/ball_tracker/share/ball_tracker/launch
copying config/ball_tracker_params_example.yaml -> /home/chalin/dev_ws/install/ball_tracker/share/ball_tracker/config
running install_egg_info
Copying ../../build/ball_tracker/ball_tracker.egg-info to /home/chalin/dev_ws/install/ball_tracker/lib/python3.12/site-packages/ball_tracker-0.0.0-py3.12.egg-info
running install_scripts
Installing detect_ball script to /home/chalin/dev_ws/install/ball_tracker/lib/ball_tracker
Installing detect_ball_3d script to /home/chalin/dev_ws/install/ball_tracker/lib/ball_tracker
Installing follow_ball script to /home/chalin/dev_ws/install/ball_tracker/lib/ball_tracker
Installing lidar_camera script to /home/chalin/dev_ws/install/ball_tracker/lib/ball_tracker
writing list of installed files to '/home/chalin/dev_ws/build/ball_tracker/install.log'
