[0.880s] Invoking command in '/home/chalin/dev_ws/build/ball_tracker': PYTHONPATH=/home/chalin/dev_ws/build/ball_tracker/prefix_override:/usr/lib/python3/dist-packages/colcon_core/task/python/colcon_distutils_commands:/home/chalin/dev_ws/install/ball_tracker/lib/python3.12/site-packages:${PYTHONPATH} /usr/bin/python3 -W ignore:setup.py install is deprecated -W ignore:easy_install command is deprecated setup.py develop --uninstall --editable --build-directory /home/chalin/dev_ws/build/ball_tracker/build
[1.004s] /usr/lib/python3/dist-packages/setuptools/dist.py:744: SetuptoolsDeprecationWarning: Invalid dash-separated options
[1.004s] !!
[1.004s] 
[1.004s]         ********************************************************************************
[1.004s]         Usage of dash-separated 'script-dir' will not be supported in future
[1.004s]         versions. Please use the underscore name 'script_dir' instead.
[1.004s] 
[1.004s]         This deprecation is overdue, please update your project and remove deprecated
[1.004s]         calls to avoid build errors in the future.
[1.004s] 
[1.004s]         See https://setuptools.pypa.io/en/latest/userguide/declarative_config.html for details.
[1.004s]         ********************************************************************************
[1.004s] 
[1.004s] !!
[1.004s]   opt = self.warn_dash_deprecation(opt, section)
[1.236s] running develop
[1.438s] Removing /home/chalin/dev_ws/install/ball_tracker/lib/python3.12/site-packages/ball-tracker.egg-link (link to .)
[1.470s] Invoked command in '/home/chalin/dev_ws/build/ball_tracker' returned '0': PYTHONPATH=/home/chalin/dev_ws/build/ball_tracker/prefix_override:/usr/lib/python3/dist-packages/colcon_core/task/python/colcon_distutils_commands:/home/chalin/dev_ws/install/ball_tracker/lib/python3.12/site-packages:${PYTHONPATH} /usr/bin/python3 -W ignore:setup.py install is deprecated -W ignore:easy_install command is deprecated setup.py develop --uninstall --editable --build-directory /home/chalin/dev_ws/build/ball_tracker/build
[1.471s] Invoking command in '/home/chalin/dev_ws/src/ball_tracker': PYTHONPATH=/home/chalin/dev_ws/build/ball_tracker/prefix_override:/usr/lib/python3/dist-packages/colcon_core/task/python/colcon_distutils_commands:/home/chalin/dev_ws/install/ball_tracker/lib/python3.12/site-packages:${PYTHONPATH} /usr/bin/python3 -W ignore:setup.py install is deprecated -W ignore:easy_install command is deprecated setup.py egg_info --egg-base ../../build/ball_tracker build --build-base /home/chalin/dev_ws/build/ball_tracker/build install --record /home/chalin/dev_ws/build/ball_tracker/install.log --install-scripts $base/lib/ball_tracker --single-version-externally-managed install_data --force
[1.611s] /usr/lib/python3/dist-packages/setuptools/dist.py:744: SetuptoolsDeprecationWarning: Invalid dash-separated options
[1.611s] !!
[1.611s] 
[1.611s]         ********************************************************************************
[1.611s]         Usage of dash-separated 'script-dir' will not be supported in future
[1.611s]         versions. Please use the underscore name 'script_dir' instead.
[1.611s] 
[1.611s]         This deprecation is overdue, please update your project and remove deprecated
[1.611s]         calls to avoid build errors in the future.
[1.611s] 
[1.611s]         See https://setuptools.pypa.io/en/latest/userguide/declarative_config.html for details.
[1.611s]         ********************************************************************************
[1.612s] 
[1.612s] !!
[1.612s]   opt = self.warn_dash_deprecation(opt, section)
[1.761s] running egg_info
[1.781s] writing ../../build/ball_tracker/ball_tracker.egg-info/PKG-INFO
[1.781s] writing dependency_links to ../../build/ball_tracker/ball_tracker.egg-info/dependency_links.txt
[1.782s] writing entry points to ../../build/ball_tracker/ball_tracker.egg-info/entry_points.txt
[1.782s] writing requirements to ../../build/ball_tracker/ball_tracker.egg-info/requires.txt
[1.782s] writing top-level names to ../../build/ball_tracker/ball_tracker.egg-info/top_level.txt
[1.824s] reading manifest file '../../build/ball_tracker/ball_tracker.egg-info/SOURCES.txt'
[1.826s] writing manifest file '../../build/ball_tracker/ball_tracker.egg-info/SOURCES.txt'
[1.826s] running build
[1.826s] running build_py
[1.826s] copying ball_tracker/lidar_camera.py -> /home/chalin/dev_ws/build/ball_tracker/build/lib/ball_tracker
[1.827s] copying ball_tracker/process_image.py -> /home/chalin/dev_ws/build/ball_tracker/build/lib/ball_tracker
[1.827s] copying ball_tracker/detect_ball.py -> /home/chalin/dev_ws/build/ball_tracker/build/lib/ball_tracker
[1.829s] copying ball_tracker/3D_construction.py -> /home/chalin/dev_ws/build/ball_tracker/build/lib/ball_tracker
[1.829s] running install
[1.835s] running install_lib
[1.856s] creating /home/chalin/dev_ws/install/ball_tracker/lib/python3.12/site-packages/ball_tracker
[1.856s] copying /home/chalin/dev_ws/build/ball_tracker/build/lib/ball_tracker/detect_ball_3d.py -> /home/chalin/dev_ws/install/ball_tracker/lib/python3.12/site-packages/ball_tracker
[1.857s] copying /home/chalin/dev_ws/build/ball_tracker/build/lib/ball_tracker/lidar_camera.py -> /home/chalin/dev_ws/install/ball_tracker/lib/python3.12/site-packages/ball_tracker
[1.857s] copying /home/chalin/dev_ws/build/ball_tracker/build/lib/ball_tracker/process_image.py -> /home/chalin/dev_ws/install/ball_tracker/lib/python3.12/site-packages/ball_tracker
[1.857s] copying /home/chalin/dev_ws/build/ball_tracker/build/lib/ball_tracker/__init__.py -> /home/chalin/dev_ws/install/ball_tracker/lib/python3.12/site-packages/ball_tracker
[1.859s] copying /home/chalin/dev_ws/build/ball_tracker/build/lib/ball_tracker/detect_ball.py -> /home/chalin/dev_ws/install/ball_tracker/lib/python3.12/site-packages/ball_tracker
[1.859s] copying /home/chalin/dev_ws/build/ball_tracker/build/lib/ball_tracker/3D_construction.py -> /home/chalin/dev_ws/install/ball_tracker/lib/python3.12/site-packages/ball_tracker
[1.860s] byte-compiling /home/chalin/dev_ws/install/ball_tracker/lib/python3.12/site-packages/ball_tracker/detect_ball_3d.py to detect_ball_3d.cpython-312.pyc
[1.861s] byte-compiling /home/chalin/dev_ws/install/ball_tracker/lib/python3.12/site-packages/ball_tracker/lidar_camera.py to lidar_camera.cpython-312.pyc
[1.863s] byte-compiling /home/chalin/dev_ws/install/ball_tracker/lib/python3.12/site-packages/ball_tracker/process_image.py to process_image.cpython-312.pyc
[1.864s] byte-compiling /home/chalin/dev_ws/install/ball_tracker/lib/python3.12/site-packages/ball_tracker/__init__.py to __init__.cpython-312.pyc
[1.865s] byte-compiling /home/chalin/dev_ws/install/ball_tracker/lib/python3.12/site-packages/ball_tracker/detect_ball.py to detect_ball.cpython-312.pyc
[1.866s] byte-compiling /home/chalin/dev_ws/install/ball_tracker/lib/python3.12/site-packages/ball_tracker/3D_construction.py to 3D_construction.cpython-312.pyc
[1.867s] running install_data
[1.867s] copying resource/ball_tracker -> /home/chalin/dev_ws/install/ball_tracker/share/ament_index/resource_index/packages
[1.867s] copying package.xml -> /home/chalin/dev_ws/install/ball_tracker/share/ball_tracker
[1.867s] copying launch/ball_tracker.launch.py -> /home/chalin/dev_ws/install/ball_tracker/share/ball_tracker/launch
[1.868s] copying launch/example_launch_include.launch.py -> /home/chalin/dev_ws/install/ball_tracker/share/ball_tracker/launch
[1.868s] copying config/ball_tracker_params_example.yaml -> /home/chalin/dev_ws/install/ball_tracker/share/ball_tracker/config
[1.868s] running install_egg_info
[1.890s] Copying ../../build/ball_tracker/ball_tracker.egg-info to /home/chalin/dev_ws/install/ball_tracker/lib/python3.12/site-packages/ball_tracker-0.0.0-py3.12.egg-info
[1.893s] running install_scripts
[2.032s] Installing detect_ball script to /home/chalin/dev_ws/install/ball_tracker/lib/ball_tracker
[2.033s] Installing detect_ball_3d script to /home/chalin/dev_ws/install/ball_tracker/lib/ball_tracker
[2.033s] Installing follow_ball script to /home/chalin/dev_ws/install/ball_tracker/lib/ball_tracker
[2.033s] Installing lidar_camera script to /home/chalin/dev_ws/install/ball_tracker/lib/ball_tracker
[2.034s] writing list of installed files to '/home/chalin/dev_ws/build/ball_tracker/install.log'
[2.078s] Invoked command in '/home/chalin/dev_ws/src/ball_tracker' returned '0': PYTHONPATH=/home/chalin/dev_ws/build/ball_tracker/prefix_override:/usr/lib/python3/dist-packages/colcon_core/task/python/colcon_distutils_commands:/home/chalin/dev_ws/install/ball_tracker/lib/python3.12/site-packages:${PYTHONPATH} /usr/bin/python3 -W ignore:setup.py install is deprecated -W ignore:easy_install command is deprecated setup.py egg_info --egg-base ../../build/ball_tracker build --build-base /home/chalin/dev_ws/build/ball_tracker/build install --record /home/chalin/dev_ws/build/ball_tracker/install.log --install-scripts $base/lib/ball_tracker --single-version-externally-managed install_data --force
