[0.371s] DEBUG:colcon:Command line arguments: ['/usr/bin/colcon', 'build', '--symlink-install']
[0.372s] DEBUG:colcon:Parsed command line arguments: Namespace(log_base=None, log_level=None, verb_name='build', build_base='build', install_base='install', merge_install=False, symlink_install=True, test_result_base=None, continue_on_error=False, executor='parallel', parallel_workers=8, event_handlers=None, ignore_user_meta=False, metas=['./colcon.meta'], base_paths=['.'], packages_ignore=None, packages_ignore_regex=None, paths=None, packages_up_to=None, packages_up_to_regex=None, packages_above=None, packages_above_and_dependencies=None, packages_above_depth=None, packages_select_by_dep=None, packages_skip_by_dep=None, packages_skip_up_to=None, packages_select_build_failed=False, packages_skip_build_finished=False, packages_select_test_failures=False, packages_skip_test_passed=False, packages_select=None, packages_skip=None, packages_select_regex=None, packages_skip_regex=None, packages_start=None, packages_end=None, allow_overriding=[], cmake_args=None, cmake_target=None, cmake_target_skip_unavailable=False, cmake_clean_cache=False, cmake_clean_first=False, cmake_force_configure=False, ament_cmake_args=None, catkin_cmake_args=None, catkin_skip_building_tests=False, mixin_files=None, mixin=None, verb_parser=<colcon_mixin.mixin.mixin_argument.MixinArgumentDecorator object at 0x7f4a464ee810>, verb_extension=<colcon_core.verb.build.BuildVerb object at 0x7f4a464ee210>, main=<bound method BuildVerb.main of <colcon_core.verb.build.BuildVerb object at 0x7f4a464ee210>>, mixin_verb=('build',))
[0.449s] Level 1:colcon.colcon_core.package_discovery:discover_packages(colcon_meta) check parameters
[0.449s] Level 1:colcon.colcon_core.package_discovery:discover_packages(recursive) check parameters
[0.449s] Level 1:colcon.colcon_core.package_discovery:discover_packages(ignore) check parameters
[0.449s] Level 1:colcon.colcon_core.package_discovery:discover_packages(path) check parameters
[0.449s] Level 1:colcon.colcon_core.package_discovery:discover_packages(colcon_meta) discover
[0.449s] Level 1:colcon.colcon_core.package_discovery:discover_packages(recursive) discover
[0.449s] INFO:colcon.colcon_core.package_discovery:Crawling recursively for packages in '/home/chalin/dev_ws'
[0.450s] Level 1:colcon.colcon_core.package_identification:_identify(.) by extensions ['ignore', 'ignore_ament_install']
[0.450s] Level 1:colcon.colcon_core.package_identification:_identify(.) by extension 'ignore'
[0.450s] Level 1:colcon.colcon_core.package_identification:_identify(.) by extension 'ignore_ament_install'
[0.450s] Level 1:colcon.colcon_core.package_identification:_identify(.) by extensions ['colcon_pkg']
[0.450s] Level 1:colcon.colcon_core.package_identification:_identify(.) by extension 'colcon_pkg'
[0.450s] Level 1:colcon.colcon_core.package_identification:_identify(.) by extensions ['colcon_meta']
[0.450s] Level 1:colcon.colcon_core.package_identification:_identify(.) by extension 'colcon_meta'
[0.450s] Level 1:colcon.colcon_core.package_identification:_identify(.) by extensions ['ros']
[0.451s] Level 1:colcon.colcon_core.package_identification:_identify(.) by extension 'ros'
[0.504s] Level 1:colcon.colcon_core.package_identification:_identify(.) by extensions ['cmake', 'python']
[0.504s] Level 1:colcon.colcon_core.package_identification:_identify(.) by extension 'cmake'
[0.504s] Level 1:colcon.colcon_core.package_identification:_identify(.) by extension 'python'
[0.505s] Level 1:colcon.colcon_core.package_identification:_identify(.) by extensions ['python_setup_py']
[0.505s] Level 1:colcon.colcon_core.package_identification:_identify(.) by extension 'python_setup_py'
[0.505s] Level 1:colcon.colcon_core.package_identification:_identify(build) by extensions ['ignore', 'ignore_ament_install']
[0.505s] Level 1:colcon.colcon_core.package_identification:_identify(build) by extension 'ignore'
[0.505s] Level 1:colcon.colcon_core.package_identification:_identify(build) ignored
[0.506s] Level 1:colcon.colcon_core.package_identification:_identify(install) by extensions ['ignore', 'ignore_ament_install']
[0.506s] Level 1:colcon.colcon_core.package_identification:_identify(install) by extension 'ignore'
[0.506s] Level 1:colcon.colcon_core.package_identification:_identify(install) ignored
[0.506s] Level 1:colcon.colcon_core.package_identification:_identify(log) by extensions ['ignore', 'ignore_ament_install']
[0.506s] Level 1:colcon.colcon_core.package_identification:_identify(log) by extension 'ignore'
[0.507s] Level 1:colcon.colcon_core.package_identification:_identify(log) ignored
[0.507s] Level 1:colcon.colcon_core.package_identification:_identify(src) by extensions ['ignore', 'ignore_ament_install']
[0.507s] Level 1:colcon.colcon_core.package_identification:_identify(src) by extension 'ignore'
[0.507s] Level 1:colcon.colcon_core.package_identification:_identify(src) by extension 'ignore_ament_install'
[0.507s] Level 1:colcon.colcon_core.package_identification:_identify(src) by extensions ['colcon_pkg']
[0.507s] Level 1:colcon.colcon_core.package_identification:_identify(src) by extension 'colcon_pkg'
[0.507s] Level 1:colcon.colcon_core.package_identification:_identify(src) by extensions ['colcon_meta']
[0.507s] Level 1:colcon.colcon_core.package_identification:_identify(src) by extension 'colcon_meta'
[0.508s] Level 1:colcon.colcon_core.package_identification:_identify(src) by extensions ['ros']
[0.508s] Level 1:colcon.colcon_core.package_identification:_identify(src) by extension 'ros'
[0.508s] Level 1:colcon.colcon_core.package_identification:_identify(src) by extensions ['cmake', 'python']
[0.508s] Level 1:colcon.colcon_core.package_identification:_identify(src) by extension 'cmake'
[0.508s] Level 1:colcon.colcon_core.package_identification:_identify(src) by extension 'python'
[0.508s] Level 1:colcon.colcon_core.package_identification:_identify(src) by extensions ['python_setup_py']
[0.508s] Level 1:colcon.colcon_core.package_identification:_identify(src) by extension 'python_setup_py'
[0.508s] Level 1:colcon.colcon_core.package_identification:_identify(src/e_dollyv2) by extensions ['ignore', 'ignore_ament_install']
[0.509s] Level 1:colcon.colcon_core.package_identification:_identify(src/e_dollyv2) by extension 'ignore'
[0.509s] Level 1:colcon.colcon_core.package_identification:_identify(src/e_dollyv2) by extension 'ignore_ament_install'
[0.509s] Level 1:colcon.colcon_core.package_identification:_identify(src/e_dollyv2) by extensions ['colcon_pkg']
[0.509s] Level 1:colcon.colcon_core.package_identification:_identify(src/e_dollyv2) by extension 'colcon_pkg'
[0.509s] Level 1:colcon.colcon_core.package_identification:_identify(src/e_dollyv2) by extensions ['colcon_meta']
[0.509s] Level 1:colcon.colcon_core.package_identification:_identify(src/e_dollyv2) by extension 'colcon_meta'
[0.509s] Level 1:colcon.colcon_core.package_identification:_identify(src/e_dollyv2) by extensions ['ros']
[0.509s] Level 1:colcon.colcon_core.package_identification:_identify(src/e_dollyv2) by extension 'ros'
[0.514s] DEBUG:colcon.colcon_core.package_identification:Package 'src/e_dollyv2' with type 'ros.ament_cmake' and name 'e_dollyv2'
[0.514s] Level 1:colcon.colcon_core.package_identification:_identify(src/nav2_gradient_costmap_plugin) by extensions ['ignore', 'ignore_ament_install']
[0.514s] Level 1:colcon.colcon_core.package_identification:_identify(src/nav2_gradient_costmap_plugin) by extension 'ignore'
[0.514s] Level 1:colcon.colcon_core.package_identification:_identify(src/nav2_gradient_costmap_plugin) by extension 'ignore_ament_install'
[0.514s] Level 1:colcon.colcon_core.package_identification:_identify(src/nav2_gradient_costmap_plugin) by extensions ['colcon_pkg']
[0.515s] Level 1:colcon.colcon_core.package_identification:_identify(src/nav2_gradient_costmap_plugin) by extension 'colcon_pkg'
[0.515s] Level 1:colcon.colcon_core.package_identification:_identify(src/nav2_gradient_costmap_plugin) by extensions ['colcon_meta']
[0.515s] Level 1:colcon.colcon_core.package_identification:_identify(src/nav2_gradient_costmap_plugin) by extension 'colcon_meta'
[0.515s] Level 1:colcon.colcon_core.package_identification:_identify(src/nav2_gradient_costmap_plugin) by extensions ['ros']
[0.515s] Level 1:colcon.colcon_core.package_identification:_identify(src/nav2_gradient_costmap_plugin) by extension 'ros'
[0.516s] DEBUG:colcon.colcon_core.package_identification:Package 'src/nav2_gradient_costmap_plugin' with type 'ros.ament_cmake' and name 'nav2_gradient_costmap_plugin'
[0.516s] Level 1:colcon.colcon_core.package_discovery:discover_packages(recursive) using defaults
[0.516s] Level 1:colcon.colcon_core.package_discovery:discover_packages(ignore) discover
[0.516s] Level 1:colcon.colcon_core.package_discovery:discover_packages(ignore) using defaults
[0.516s] Level 1:colcon.colcon_core.package_discovery:discover_packages(path) discover
[0.516s] Level 1:colcon.colcon_core.package_discovery:discover_packages(path) using defaults
[0.551s] Level 1:colcon.colcon_core.package_discovery:discover_packages(prefix_path) check parameters
[0.552s] Level 1:colcon.colcon_core.package_discovery:discover_packages(prefix_path) discover
[0.554s] WARNING:colcon.colcon_ros.prefix_path.ament:The path '/home/chalin/dev_ws/install/nav2_gradient_costmap_plugin' in the environment variable AMENT_PREFIX_PATH doesn't exist
[0.554s] WARNING:colcon.colcon_ros.prefix_path.ament:The path '/home/chalin/dev_ws/install/e_dollyv2' in the environment variable AMENT_PREFIX_PATH doesn't exist
[0.554s] WARNING:colcon.colcon_ros.prefix_path.catkin:The path '/home/chalin/dev_ws/install/nav2_gradient_costmap_plugin' in the environment variable CMAKE_PREFIX_PATH doesn't exist
[0.554s] WARNING:colcon.colcon_ros.prefix_path.catkin:The path '/home/chalin/dev_ws/install/e_dollyv2' in the environment variable CMAKE_PREFIX_PATH doesn't exist
[0.557s] DEBUG:colcon.colcon_installed_package_information.package_discovery:Found 0 installed packages in /home/chalin/dev_ws/install
[0.561s] DEBUG:colcon.colcon_installed_package_information.package_discovery:Found 420 installed packages in /opt/ros/jazzy
[0.565s] Level 1:colcon.colcon_core.package_discovery:discover_packages(prefix_path) using defaults
[0.671s] Level 5:colcon.colcon_core.verb:set package 'e_dollyv2' build argument 'cmake_args' from command line to 'None'
[0.671s] Level 5:colcon.colcon_core.verb:set package 'e_dollyv2' build argument 'cmake_target' from command line to 'None'
[0.671s] Level 5:colcon.colcon_core.verb:set package 'e_dollyv2' build argument 'cmake_target_skip_unavailable' from command line to 'False'
[0.672s] Level 5:colcon.colcon_core.verb:set package 'e_dollyv2' build argument 'cmake_clean_cache' from command line to 'False'
[0.672s] Level 5:colcon.colcon_core.verb:set package 'e_dollyv2' build argument 'cmake_clean_first' from command line to 'False'
[0.672s] Level 5:colcon.colcon_core.verb:set package 'e_dollyv2' build argument 'cmake_force_configure' from command line to 'False'
[0.672s] Level 5:colcon.colcon_core.verb:set package 'e_dollyv2' build argument 'ament_cmake_args' from command line to 'None'
[0.672s] Level 5:colcon.colcon_core.verb:set package 'e_dollyv2' build argument 'catkin_cmake_args' from command line to 'None'
[0.672s] Level 5:colcon.colcon_core.verb:set package 'e_dollyv2' build argument 'catkin_skip_building_tests' from command line to 'False'
[0.672s] DEBUG:colcon.colcon_core.verb:Building package 'e_dollyv2' with the following arguments: {'ament_cmake_args': None, 'build_base': '/home/chalin/dev_ws/build/e_dollyv2', 'catkin_cmake_args': None, 'catkin_skip_building_tests': False, 'cmake_args': None, 'cmake_clean_cache': False, 'cmake_clean_first': False, 'cmake_force_configure': False, 'cmake_target': None, 'cmake_target_skip_unavailable': False, 'install_base': '/home/chalin/dev_ws/install/e_dollyv2', 'merge_install': False, 'path': '/home/chalin/dev_ws/src/e_dollyv2', 'symlink_install': True, 'test_result_base': None}
[0.673s] Level 5:colcon.colcon_core.verb:set package 'nav2_gradient_costmap_plugin' build argument 'cmake_args' from command line to 'None'
[0.673s] Level 5:colcon.colcon_core.verb:set package 'nav2_gradient_costmap_plugin' build argument 'cmake_target' from command line to 'None'
[0.673s] Level 5:colcon.colcon_core.verb:set package 'nav2_gradient_costmap_plugin' build argument 'cmake_target_skip_unavailable' from command line to 'False'
[0.673s] Level 5:colcon.colcon_core.verb:set package 'nav2_gradient_costmap_plugin' build argument 'cmake_clean_cache' from command line to 'False'
[0.673s] Level 5:colcon.colcon_core.verb:set package 'nav2_gradient_costmap_plugin' build argument 'cmake_clean_first' from command line to 'False'
[0.673s] Level 5:colcon.colcon_core.verb:set package 'nav2_gradient_costmap_plugin' build argument 'cmake_force_configure' from command line to 'False'
[0.673s] Level 5:colcon.colcon_core.verb:set package 'nav2_gradient_costmap_plugin' build argument 'ament_cmake_args' from command line to 'None'
[0.673s] Level 5:colcon.colcon_core.verb:set package 'nav2_gradient_costmap_plugin' build argument 'catkin_cmake_args' from command line to 'None'
[0.673s] Level 5:colcon.colcon_core.verb:set package 'nav2_gradient_costmap_plugin' build argument 'catkin_skip_building_tests' from command line to 'False'
[0.673s] DEBUG:colcon.colcon_core.verb:Building package 'nav2_gradient_costmap_plugin' with the following arguments: {'ament_cmake_args': None, 'build_base': '/home/chalin/dev_ws/build/nav2_gradient_costmap_plugin', 'catkin_cmake_args': None, 'catkin_skip_building_tests': False, 'cmake_args': None, 'cmake_clean_cache': False, 'cmake_clean_first': False, 'cmake_force_configure': False, 'cmake_target': None, 'cmake_target_skip_unavailable': False, 'install_base': '/home/chalin/dev_ws/install/nav2_gradient_costmap_plugin', 'merge_install': False, 'path': '/home/chalin/dev_ws/src/nav2_gradient_costmap_plugin', 'symlink_install': True, 'test_result_base': None}
[0.674s] INFO:colcon.colcon_core.executor:Executing jobs using 'parallel' executor
[0.675s] DEBUG:colcon.colcon_parallel_executor.executor.parallel:run_until_complete
[0.676s] INFO:colcon.colcon_ros.task.ament_cmake.build:Building ROS package in '/home/chalin/dev_ws/src/e_dollyv2' with build type 'ament_cmake'
[0.676s] INFO:colcon.colcon_cmake.task.cmake.build:Building CMake package in '/home/chalin/dev_ws/src/e_dollyv2'
[0.680s] INFO:colcon.colcon_core.plugin_system:Skipping extension 'colcon_core.shell.bat': Not used on non-Windows systems
[0.681s] INFO:colcon.colcon_core.shell:Skip shell extension 'powershell' for command environment: Not usable outside of PowerShell
[0.681s] DEBUG:colcon.colcon_core.shell:Skip shell extension 'dsv' for command environment
[0.688s] INFO:colcon.colcon_ros.task.ament_cmake.build:Building ROS package in '/home/chalin/dev_ws/src/nav2_gradient_costmap_plugin' with build type 'ament_cmake'
[0.689s] INFO:colcon.colcon_cmake.task.cmake.build:Building CMake package in '/home/chalin/dev_ws/src/nav2_gradient_costmap_plugin'
[0.690s] INFO:colcon.colcon_core.shell:Skip shell extension 'powershell' for command environment: Not usable outside of PowerShell
[0.690s] DEBUG:colcon.colcon_core.shell:Skip shell extension 'dsv' for command environment
[0.705s] DEBUG:colcon.colcon_core.event_handler.log_command:Invoking command in '/home/chalin/dev_ws/build/e_dollyv2': CMAKE_PREFIX_PATH=${CMAKE_PREFIX_PATH}:/opt/ros/jazzy /usr/bin/cmake /home/chalin/dev_ws/src/e_dollyv2 -DAMENT_CMAKE_SYMLINK_INSTALL=1 -DCMAKE_INSTALL_PREFIX=/home/chalin/dev_ws/install/e_dollyv2
[0.717s] DEBUG:colcon.colcon_core.event_handler.log_command:Invoking command in '/home/chalin/dev_ws/build/nav2_gradient_costmap_plugin': CMAKE_PREFIX_PATH=${CMAKE_PREFIX_PATH}:/opt/ros/jazzy /usr/bin/cmake /home/chalin/dev_ws/src/nav2_gradient_costmap_plugin -DAMENT_CMAKE_SYMLINK_INSTALL=1 -DCMAKE_INSTALL_PREFIX=/home/chalin/dev_ws/install/nav2_gradient_costmap_plugin
[5.450s] DEBUG:colcon.colcon_core.event_handler.log_command:Invoked command in '/home/chalin/dev_ws/build/e_dollyv2' returned '0': CMAKE_PREFIX_PATH=${CMAKE_PREFIX_PATH}:/opt/ros/jazzy /usr/bin/cmake /home/chalin/dev_ws/src/e_dollyv2 -DAMENT_CMAKE_SYMLINK_INSTALL=1 -DCMAKE_INSTALL_PREFIX=/home/chalin/dev_ws/install/e_dollyv2
[5.450s] DEBUG:colcon.colcon_core.event_handler.log_command:Invoking command in '/home/chalin/dev_ws/build/e_dollyv2': CMAKE_PREFIX_PATH=${CMAKE_PREFIX_PATH}:/opt/ros/jazzy /usr/bin/cmake --build /home/chalin/dev_ws/build/e_dollyv2 -- -j8 -l8
[5.516s] DEBUG:colcon.colcon_core.event_handler.log_command:Invoked command in '/home/chalin/dev_ws/build/e_dollyv2' returned '0': CMAKE_PREFIX_PATH=${CMAKE_PREFIX_PATH}:/opt/ros/jazzy /usr/bin/cmake --build /home/chalin/dev_ws/build/e_dollyv2 -- -j8 -l8
[5.538s] DEBUG:colcon.colcon_core.event_handler.log_command:Invoking command in '/home/chalin/dev_ws/build/e_dollyv2': CMAKE_PREFIX_PATH=${CMAKE_PREFIX_PATH}:/opt/ros/jazzy /usr/bin/cmake --install /home/chalin/dev_ws/build/e_dollyv2
[6.396s] Level 1:colcon.colcon_core.environment:create_environment_scripts_only(e_dollyv2)
[6.397s] DEBUG:colcon.colcon_core.event_handler.log_command:Invoked command in '/home/chalin/dev_ws/build/e_dollyv2' returned '0': CMAKE_PREFIX_PATH=${CMAKE_PREFIX_PATH}:/opt/ros/jazzy /usr/bin/cmake --install /home/chalin/dev_ws/build/e_dollyv2
[6.400s] Level 1:colcon.colcon_core.environment:checking '/home/chalin/dev_ws/install/e_dollyv2' for CMake module files
[6.401s] Level 1:colcon.colcon_core.environment:checking '/home/chalin/dev_ws/install/e_dollyv2' for CMake config files
[6.402s] Level 1:colcon.colcon_core.shell:create_environment_hook('e_dollyv2', 'cmake_prefix_path')
[6.402s] INFO:colcon.colcon_core.shell:Creating environment hook '/home/chalin/dev_ws/install/e_dollyv2/share/e_dollyv2/hook/cmake_prefix_path.ps1'
[6.405s] INFO:colcon.colcon_core.shell:Creating environment descriptor '/home/chalin/dev_ws/install/e_dollyv2/share/e_dollyv2/hook/cmake_prefix_path.dsv'
[6.405s] INFO:colcon.colcon_core.shell:Creating environment hook '/home/chalin/dev_ws/install/e_dollyv2/share/e_dollyv2/hook/cmake_prefix_path.sh'
[6.407s] Level 1:colcon.colcon_core.environment:checking '/home/chalin/dev_ws/install/e_dollyv2/bin'
[6.407s] Level 1:colcon.colcon_core.environment:checking '/home/chalin/dev_ws/install/e_dollyv2/lib/pkgconfig/e_dollyv2.pc'
[6.407s] Level 1:colcon.colcon_core.environment:checking '/home/chalin/dev_ws/install/e_dollyv2/lib/python3.12/site-packages'
[6.408s] Level 1:colcon.colcon_core.environment:checking '/home/chalin/dev_ws/install/e_dollyv2/bin'
[6.408s] INFO:colcon.colcon_core.shell:Creating package script '/home/chalin/dev_ws/install/e_dollyv2/share/e_dollyv2/package.ps1'
[6.410s] INFO:colcon.colcon_core.shell:Creating package descriptor '/home/chalin/dev_ws/install/e_dollyv2/share/e_dollyv2/package.dsv'
[6.411s] INFO:colcon.colcon_core.shell:Creating package script '/home/chalin/dev_ws/install/e_dollyv2/share/e_dollyv2/package.sh'
[6.412s] INFO:colcon.colcon_core.shell:Creating package script '/home/chalin/dev_ws/install/e_dollyv2/share/e_dollyv2/package.bash'
[6.413s] INFO:colcon.colcon_core.shell:Creating package script '/home/chalin/dev_ws/install/e_dollyv2/share/e_dollyv2/package.zsh'
[6.414s] Level 1:colcon.colcon_core.environment:create_file_with_runtime_dependencies(/home/chalin/dev_ws/install/e_dollyv2/share/colcon-core/packages/e_dollyv2)
[6.415s] Level 1:colcon.colcon_core.environment:create_environment_scripts_only(e_dollyv2)
[6.416s] Level 1:colcon.colcon_core.environment:checking '/home/chalin/dev_ws/install/e_dollyv2' for CMake module files
[6.417s] Level 1:colcon.colcon_core.environment:checking '/home/chalin/dev_ws/install/e_dollyv2' for CMake config files
[6.417s] Level 1:colcon.colcon_core.shell:create_environment_hook('e_dollyv2', 'cmake_prefix_path')
[6.418s] INFO:colcon.colcon_core.shell:Creating environment hook '/home/chalin/dev_ws/install/e_dollyv2/share/e_dollyv2/hook/cmake_prefix_path.ps1'
[6.419s] INFO:colcon.colcon_core.shell:Creating environment descriptor '/home/chalin/dev_ws/install/e_dollyv2/share/e_dollyv2/hook/cmake_prefix_path.dsv'
[6.420s] INFO:colcon.colcon_core.shell:Creating environment hook '/home/chalin/dev_ws/install/e_dollyv2/share/e_dollyv2/hook/cmake_prefix_path.sh'
[6.422s] Level 1:colcon.colcon_core.environment:checking '/home/chalin/dev_ws/install/e_dollyv2/bin'
[6.422s] Level 1:colcon.colcon_core.environment:checking '/home/chalin/dev_ws/install/e_dollyv2/lib/pkgconfig/e_dollyv2.pc'
[6.423s] Level 1:colcon.colcon_core.environment:checking '/home/chalin/dev_ws/install/e_dollyv2/lib/python3.12/site-packages'
[6.423s] Level 1:colcon.colcon_core.environment:checking '/home/chalin/dev_ws/install/e_dollyv2/bin'
[6.424s] INFO:colcon.colcon_core.shell:Creating package script '/home/chalin/dev_ws/install/e_dollyv2/share/e_dollyv2/package.ps1'
[6.425s] INFO:colcon.colcon_core.shell:Creating package descriptor '/home/chalin/dev_ws/install/e_dollyv2/share/e_dollyv2/package.dsv'
[6.426s] INFO:colcon.colcon_core.shell:Creating package script '/home/chalin/dev_ws/install/e_dollyv2/share/e_dollyv2/package.sh'
[6.427s] INFO:colcon.colcon_core.shell:Creating package script '/home/chalin/dev_ws/install/e_dollyv2/share/e_dollyv2/package.bash'
[6.428s] INFO:colcon.colcon_core.shell:Creating package script '/home/chalin/dev_ws/install/e_dollyv2/share/e_dollyv2/package.zsh'
[6.429s] Level 1:colcon.colcon_core.environment:create_file_with_runtime_dependencies(/home/chalin/dev_ws/install/e_dollyv2/share/colcon-core/packages/e_dollyv2)
[8.525s] DEBUG:colcon.colcon_core.event_handler.log_command:Invoked command in '/home/chalin/dev_ws/build/nav2_gradient_costmap_plugin' returned '0': CMAKE_PREFIX_PATH=${CMAKE_PREFIX_PATH}:/opt/ros/jazzy /usr/bin/cmake /home/chalin/dev_ws/src/nav2_gradient_costmap_plugin -DAMENT_CMAKE_SYMLINK_INSTALL=1 -DCMAKE_INSTALL_PREFIX=/home/chalin/dev_ws/install/nav2_gradient_costmap_plugin
[8.528s] DEBUG:colcon.colcon_core.event_handler.log_command:Invoking command in '/home/chalin/dev_ws/build/nav2_gradient_costmap_plugin': CMAKE_PREFIX_PATH=${CMAKE_PREFIX_PATH}:/opt/ros/jazzy /usr/bin/cmake --build /home/chalin/dev_ws/build/nav2_gradient_costmap_plugin -- -j8 -l8
[17.343s] DEBUG:colcon.colcon_core.event_handler.log_command:Invoked command in '/home/chalin/dev_ws/build/nav2_gradient_costmap_plugin' returned '0': CMAKE_PREFIX_PATH=${CMAKE_PREFIX_PATH}:/opt/ros/jazzy /usr/bin/cmake --build /home/chalin/dev_ws/build/nav2_gradient_costmap_plugin -- -j8 -l8
[17.345s] DEBUG:colcon.colcon_core.event_handler.log_command:Invoking command in '/home/chalin/dev_ws/build/nav2_gradient_costmap_plugin': CMAKE_PREFIX_PATH=${CMAKE_PREFIX_PATH}:/opt/ros/jazzy /usr/bin/cmake --install /home/chalin/dev_ws/build/nav2_gradient_costmap_plugin
[17.638s] Level 1:colcon.colcon_core.environment:create_environment_scripts_only(nav2_gradient_costmap_plugin)
[17.640s] Level 1:colcon.colcon_core.environment:checking '/home/chalin/dev_ws/install/nav2_gradient_costmap_plugin' for CMake module files
[17.641s] Level 1:colcon.colcon_core.environment:checking '/home/chalin/dev_ws/install/nav2_gradient_costmap_plugin' for CMake config files
[17.641s] Level 1:colcon.colcon_core.shell:create_environment_hook('nav2_gradient_costmap_plugin', 'cmake_prefix_path')
[17.642s] INFO:colcon.colcon_core.shell:Creating environment hook '/home/chalin/dev_ws/install/nav2_gradient_costmap_plugin/share/nav2_gradient_costmap_plugin/hook/cmake_prefix_path.ps1'
[17.643s] INFO:colcon.colcon_core.shell:Creating environment descriptor '/home/chalin/dev_ws/install/nav2_gradient_costmap_plugin/share/nav2_gradient_costmap_plugin/hook/cmake_prefix_path.dsv'
[17.644s] INFO:colcon.colcon_core.shell:Creating environment hook '/home/chalin/dev_ws/install/nav2_gradient_costmap_plugin/share/nav2_gradient_costmap_plugin/hook/cmake_prefix_path.sh'
[17.645s] Level 1:colcon.colcon_core.environment:checking '/home/chalin/dev_ws/install/nav2_gradient_costmap_plugin/lib'
[17.645s] Level 1:colcon.colcon_core.shell:create_environment_hook('nav2_gradient_costmap_plugin', 'ld_library_path_lib')
[17.646s] INFO:colcon.colcon_core.shell:Creating environment hook '/home/chalin/dev_ws/install/nav2_gradient_costmap_plugin/share/nav2_gradient_costmap_plugin/hook/ld_library_path_lib.ps1'
[17.646s] INFO:colcon.colcon_core.shell:Creating environment descriptor '/home/chalin/dev_ws/install/nav2_gradient_costmap_plugin/share/nav2_gradient_costmap_plugin/hook/ld_library_path_lib.dsv'
[17.647s] INFO:colcon.colcon_core.shell:Creating environment hook '/home/chalin/dev_ws/install/nav2_gradient_costmap_plugin/share/nav2_gradient_costmap_plugin/hook/ld_library_path_lib.sh'
[17.647s] Level 1:colcon.colcon_core.environment:checking '/home/chalin/dev_ws/install/nav2_gradient_costmap_plugin/bin'
[17.647s] Level 1:colcon.colcon_core.environment:checking '/home/chalin/dev_ws/install/nav2_gradient_costmap_plugin/lib/pkgconfig/nav2_gradient_costmap_plugin.pc'
[17.648s] Level 1:colcon.colcon_core.environment:checking '/home/chalin/dev_ws/install/nav2_gradient_costmap_plugin/lib/python3.12/site-packages'
[17.649s] Level 1:colcon.colcon_core.environment:checking '/home/chalin/dev_ws/install/nav2_gradient_costmap_plugin/bin'
[17.650s] INFO:colcon.colcon_core.shell:Creating package script '/home/chalin/dev_ws/install/nav2_gradient_costmap_plugin/share/nav2_gradient_costmap_plugin/package.ps1'
[17.650s] DEBUG:colcon.colcon_core.event_handler.log_command:Invoked command in '/home/chalin/dev_ws/build/nav2_gradient_costmap_plugin' returned '0': CMAKE_PREFIX_PATH=${CMAKE_PREFIX_PATH}:/opt/ros/jazzy /usr/bin/cmake --install /home/chalin/dev_ws/build/nav2_gradient_costmap_plugin
[17.651s] INFO:colcon.colcon_core.shell:Creating package descriptor '/home/chalin/dev_ws/install/nav2_gradient_costmap_plugin/share/nav2_gradient_costmap_plugin/package.dsv'
[17.652s] INFO:colcon.colcon_core.shell:Creating package script '/home/chalin/dev_ws/install/nav2_gradient_costmap_plugin/share/nav2_gradient_costmap_plugin/package.sh'
[17.653s] INFO:colcon.colcon_core.shell:Creating package script '/home/chalin/dev_ws/install/nav2_gradient_costmap_plugin/share/nav2_gradient_costmap_plugin/package.bash'
[17.653s] INFO:colcon.colcon_core.shell:Creating package script '/home/chalin/dev_ws/install/nav2_gradient_costmap_plugin/share/nav2_gradient_costmap_plugin/package.zsh'
[17.654s] Level 1:colcon.colcon_core.environment:create_file_with_runtime_dependencies(/home/chalin/dev_ws/install/nav2_gradient_costmap_plugin/share/colcon-core/packages/nav2_gradient_costmap_plugin)
[17.659s] Level 1:colcon.colcon_core.environment:create_environment_scripts_only(nav2_gradient_costmap_plugin)
[17.659s] Level 1:colcon.colcon_core.environment:checking '/home/chalin/dev_ws/install/nav2_gradient_costmap_plugin' for CMake module files
[17.660s] Level 1:colcon.colcon_core.environment:checking '/home/chalin/dev_ws/install/nav2_gradient_costmap_plugin' for CMake config files
[17.661s] Level 1:colcon.colcon_core.shell:create_environment_hook('nav2_gradient_costmap_plugin', 'cmake_prefix_path')
[17.661s] INFO:colcon.colcon_core.shell:Creating environment hook '/home/chalin/dev_ws/install/nav2_gradient_costmap_plugin/share/nav2_gradient_costmap_plugin/hook/cmake_prefix_path.ps1'
[17.662s] INFO:colcon.colcon_core.shell:Creating environment descriptor '/home/chalin/dev_ws/install/nav2_gradient_costmap_plugin/share/nav2_gradient_costmap_plugin/hook/cmake_prefix_path.dsv'
[17.663s] INFO:colcon.colcon_core.shell:Creating environment hook '/home/chalin/dev_ws/install/nav2_gradient_costmap_plugin/share/nav2_gradient_costmap_plugin/hook/cmake_prefix_path.sh'
[17.664s] Level 1:colcon.colcon_core.environment:checking '/home/chalin/dev_ws/install/nav2_gradient_costmap_plugin/lib'
[17.665s] Level 1:colcon.colcon_core.shell:create_environment_hook('nav2_gradient_costmap_plugin', 'ld_library_path_lib')
[17.665s] INFO:colcon.colcon_core.shell:Creating environment hook '/home/chalin/dev_ws/install/nav2_gradient_costmap_plugin/share/nav2_gradient_costmap_plugin/hook/ld_library_path_lib.ps1'
[17.666s] INFO:colcon.colcon_core.shell:Creating environment descriptor '/home/chalin/dev_ws/install/nav2_gradient_costmap_plugin/share/nav2_gradient_costmap_plugin/hook/ld_library_path_lib.dsv'
[17.666s] INFO:colcon.colcon_core.shell:Creating environment hook '/home/chalin/dev_ws/install/nav2_gradient_costmap_plugin/share/nav2_gradient_costmap_plugin/hook/ld_library_path_lib.sh'
[17.667s] Level 1:colcon.colcon_core.environment:checking '/home/chalin/dev_ws/install/nav2_gradient_costmap_plugin/bin'
[17.667s] Level 1:colcon.colcon_core.environment:checking '/home/chalin/dev_ws/install/nav2_gradient_costmap_plugin/lib/pkgconfig/nav2_gradient_costmap_plugin.pc'
[17.668s] Level 1:colcon.colcon_core.environment:checking '/home/chalin/dev_ws/install/nav2_gradient_costmap_plugin/lib/python3.12/site-packages'
[17.668s] Level 1:colcon.colcon_core.environment:checking '/home/chalin/dev_ws/install/nav2_gradient_costmap_plugin/bin'
[17.669s] INFO:colcon.colcon_core.shell:Creating package script '/home/chalin/dev_ws/install/nav2_gradient_costmap_plugin/share/nav2_gradient_costmap_plugin/package.ps1'
[17.670s] INFO:colcon.colcon_core.shell:Creating package descriptor '/home/chalin/dev_ws/install/nav2_gradient_costmap_plugin/share/nav2_gradient_costmap_plugin/package.dsv'
[17.672s] INFO:colcon.colcon_core.shell:Creating package script '/home/chalin/dev_ws/install/nav2_gradient_costmap_plugin/share/nav2_gradient_costmap_plugin/package.sh'
[17.673s] INFO:colcon.colcon_core.shell:Creating package script '/home/chalin/dev_ws/install/nav2_gradient_costmap_plugin/share/nav2_gradient_costmap_plugin/package.bash'
[17.674s] INFO:colcon.colcon_core.shell:Creating package script '/home/chalin/dev_ws/install/nav2_gradient_costmap_plugin/share/nav2_gradient_costmap_plugin/package.zsh'
[17.674s] Level 1:colcon.colcon_core.environment:create_file_with_runtime_dependencies(/home/chalin/dev_ws/install/nav2_gradient_costmap_plugin/share/colcon-core/packages/nav2_gradient_costmap_plugin)
[17.676s] DEBUG:colcon.colcon_parallel_executor.executor.parallel:closing loop
[17.677s] DEBUG:colcon.colcon_parallel_executor.executor.parallel:loop closed
[17.677s] DEBUG:colcon.colcon_parallel_executor.executor.parallel:run_until_complete finished with '0'
[17.677s] DEBUG:colcon.colcon_core.event_reactor:joining thread
[17.780s] INFO:colcon.colcon_core.plugin_system:Skipping extension 'colcon_notification.desktop_notification.notify_send': Could not find 'notify-send'
[17.780s] INFO:colcon.colcon_core.plugin_system:Skipping extension 'colcon_notification.desktop_notification.terminal_notifier': Not used on non-Darwin systems
[17.780s] INFO:colcon.colcon_core.plugin_system:Skipping extension 'colcon_notification.desktop_notification.win32': Not used on non-Windows systems
[17.780s] INFO:colcon.colcon_notification.desktop_notification:Sending desktop notification using 'notify2'
[17.783s] DEBUG:colcon.colcon_notification.desktop_notification.notify2:Failed to initialize notify2: org.freedesktop.DBus.Error.ServiceUnknown: The name org.freedesktop.Notifications was not provided by any .service files
[17.783s] DEBUG:colcon.colcon_core.event_reactor:joined thread
[17.784s] INFO:colcon.colcon_core.shell:Creating prefix script '/home/chalin/dev_ws/install/local_setup.ps1'
[17.791s] INFO:colcon.colcon_core.shell:Creating prefix util module '/home/chalin/dev_ws/install/_local_setup_util_ps1.py'
[17.793s] INFO:colcon.colcon_core.shell:Creating prefix chain script '/home/chalin/dev_ws/install/setup.ps1'
[17.795s] INFO:colcon.colcon_core.shell:Creating prefix script '/home/chalin/dev_ws/install/local_setup.sh'
[17.796s] INFO:colcon.colcon_core.shell:Creating prefix util module '/home/chalin/dev_ws/install/_local_setup_util_sh.py'
[17.797s] INFO:colcon.colcon_core.shell:Creating prefix chain script '/home/chalin/dev_ws/install/setup.sh'
[17.800s] INFO:colcon.colcon_core.shell:Creating prefix script '/home/chalin/dev_ws/install/local_setup.bash'
[17.801s] INFO:colcon.colcon_core.shell:Creating prefix chain script '/home/chalin/dev_ws/install/setup.bash'
[17.804s] INFO:colcon.colcon_core.shell:Creating prefix script '/home/chalin/dev_ws/install/local_setup.zsh'
[17.807s] INFO:colcon.colcon_core.shell:Creating prefix chain script '/home/chalin/dev_ws/install/setup.zsh'
