[2.359s] Invoking command in '/home/chalin/dev_ws/src/lidar_camera_projection': PYTHONPATH=/home/chalin/dev_ws/build/lidar_camera_projection/prefix_override:/usr/lib/python3/dist-packages/colcon_core/task/python/colcon_distutils_commands:/home/chalin/dev_ws/install/lidar_camera_projection/lib/python3.12/site-packages:${PYTHONPATH} /usr/bin/python3 -W ignore:setup.py install is deprecated -W ignore:easy_install command is deprecated setup.py egg_info --egg-base ../../build/lidar_camera_projection build --build-base /home/chalin/dev_ws/build/lidar_camera_projection/build install --record /home/chalin/dev_ws/build/lidar_camera_projection/install.log --single-version-externally-managed install_data
[3.033s] running egg_info
[3.080s] writing ../../build/lidar_camera_projection/lidar_camera_projection.egg-info/PKG-INFO
[3.081s] writing dependency_links to ../../build/lidar_camera_projection/lidar_camera_projection.egg-info/dependency_links.txt
[3.082s] writing entry points to ../../build/lidar_camera_projection/lidar_camera_projection.egg-info/entry_points.txt
[3.082s] writing requirements to ../../build/lidar_camera_projection/lidar_camera_projection.egg-info/requires.txt
[3.082s] writing top-level names to ../../build/lidar_camera_projection/lidar_camera_projection.egg-info/top_level.txt
[3.187s] reading manifest file '../../build/lidar_camera_projection/lidar_camera_projection.egg-info/SOURCES.txt'
[3.190s] writing manifest file '../../build/lidar_camera_projection/lidar_camera_projection.egg-info/SOURCES.txt'
[3.192s] running build
[3.193s] running build_py
[3.194s] copying lidar_camera_projection/object_detection_node.py -> /home/chalin/dev_ws/build/lidar_camera_projection/build/lib/lidar_camera_projection
[3.196s] running install
[3.213s] running install_lib
[3.266s] copying /home/chalin/dev_ws/build/lidar_camera_projection/build/lib/lidar_camera_projection/object_detection_node.py -> /home/chalin/dev_ws/install/lidar_camera_projection/lib/python3.12/site-packages/lidar_camera_projection
[3.268s] byte-compiling /home/chalin/dev_ws/install/lidar_camera_projection/lib/python3.12/site-packages/lidar_camera_projection/object_detection_node.py to object_detection_node.cpython-312.pyc
[3.272s] running install_data
[3.273s] running install_egg_info
[3.329s] removing '/home/chalin/dev_ws/install/lidar_camera_projection/lib/python3.12/site-packages/lidar_camera_projection-0.0.0-py3.12.egg-info' (and everything under it)
[3.330s] Copying ../../build/lidar_camera_projection/lidar_camera_projection.egg-info to /home/chalin/dev_ws/install/lidar_camera_projection/lib/python3.12/site-packages/lidar_camera_projection-0.0.0-py3.12.egg-info
[3.339s] running install_scripts
[3.670s] Installing lidar_camera_projection script to /home/chalin/dev_ws/install/lidar_camera_projection/lib/lidar_camera_projection
[3.671s] Installing object_detection_node script to /home/chalin/dev_ws/install/lidar_camera_projection/lib/lidar_camera_projection
[3.673s] writing list of installed files to '/home/chalin/dev_ws/build/lidar_camera_projection/install.log'
[3.773s] Invoked command in '/home/chalin/dev_ws/src/lidar_camera_projection' returned '0': PYTHONPATH=/home/chalin/dev_ws/build/lidar_camera_projection/prefix_override:/usr/lib/python3/dist-packages/colcon_core/task/python/colcon_distutils_commands:/home/chalin/dev_ws/install/lidar_camera_projection/lib/python3.12/site-packages:${PYTHONPATH} /usr/bin/python3 -W ignore:setup.py install is deprecated -W ignore:easy_install command is deprecated setup.py egg_info --egg-base ../../build/lidar_camera_projection build --build-base /home/chalin/dev_ws/build/lidar_camera_projection/build install --record /home/chalin/dev_ws/build/lidar_camera_projection/install.log --single-version-externally-managed install_data
