[0.879s] DEBUG:colcon:Command line arguments: ['/usr/bin/colcon', 'build', '--symlink-install']
[0.879s] DEBUG:colcon:Parsed command line arguments: Namespace(log_base=None, log_level=None, verb_name='build', build_base='build', install_base='install', merge_install=False, symlink_install=True, test_result_base=None, continue_on_error=False, executor='parallel', parallel_workers=8, event_handlers=None, ignore_user_meta=False, metas=['./colcon.meta'], base_paths=['.'], packages_ignore=None, packages_ignore_regex=None, paths=None, packages_up_to=None, packages_up_to_regex=None, packages_above=None, packages_above_and_dependencies=None, packages_above_depth=None, packages_select_by_dep=None, packages_skip_by_dep=None, packages_skip_up_to=None, packages_select_build_failed=False, packages_skip_build_finished=False, packages_select_test_failures=False, packages_skip_test_passed=False, packages_select=None, packages_skip=None, packages_select_regex=None, packages_skip_regex=None, packages_start=None, packages_end=None, allow_overriding=[], cmake_args=None, cmake_target=None, cmake_target_skip_unavailable=False, cmake_clean_cache=False, cmake_clean_first=False, cmake_force_configure=False, ament_cmake_args=None, catkin_cmake_args=None, catkin_skip_building_tests=False, mixin_files=None, mixin=None, verb_parser=<colcon_mixin.mixin.mixin_argument.MixinArgumentDecorator object at 0x7f821dee6bd0>, verb_extension=<colcon_core.verb.build.BuildVerb object at 0x7f821dee6540>, main=<bound method BuildVerb.main of <colcon_core.verb.build.BuildVerb object at 0x7f821dee6540>>, mixin_verb=('build',))
[1.043s] Level 1:colcon.colcon_core.package_discovery:discover_packages(colcon_meta) check parameters
[1.044s] Level 1:colcon.colcon_core.package_discovery:discover_packages(recursive) check parameters
[1.044s] Level 1:colcon.colcon_core.package_discovery:discover_packages(ignore) check parameters
[1.044s] Level 1:colcon.colcon_core.package_discovery:discover_packages(path) check parameters
[1.044s] Level 1:colcon.colcon_core.package_discovery:discover_packages(colcon_meta) discover
[1.044s] Level 1:colcon.colcon_core.package_discovery:discover_packages(recursive) discover
[1.045s] INFO:colcon.colcon_core.package_discovery:Crawling recursively for packages in '/home/chalin/dev_ws/src'
[1.045s] Level 1:colcon.colcon_core.package_identification:_identify(.) by extensions ['ignore', 'ignore_ament_install']
[1.045s] Level 1:colcon.colcon_core.package_identification:_identify(.) by extension 'ignore'
[1.045s] Level 1:colcon.colcon_core.package_identification:_identify(.) by extension 'ignore_ament_install'
[1.046s] Level 1:colcon.colcon_core.package_identification:_identify(.) by extensions ['colcon_pkg']
[1.046s] Level 1:colcon.colcon_core.package_identification:_identify(.) by extension 'colcon_pkg'
[1.046s] Level 1:colcon.colcon_core.package_identification:_identify(.) by extensions ['colcon_meta']
[1.046s] Level 1:colcon.colcon_core.package_identification:_identify(.) by extension 'colcon_meta'
[1.047s] Level 1:colcon.colcon_core.package_identification:_identify(.) by extensions ['ros']
[1.047s] Level 1:colcon.colcon_core.package_identification:_identify(.) by extension 'ros'
[1.238s] Level 1:colcon.colcon_core.package_identification:_identify(.) by extensions ['cmake', 'python']
[1.238s] Level 1:colcon.colcon_core.package_identification:_identify(.) by extension 'cmake'
[1.238s] Level 1:colcon.colcon_core.package_identification:_identify(.) by extension 'python'
[1.238s] Level 1:colcon.colcon_core.package_identification:_identify(.) by extensions ['python_setup_py']
[1.239s] Level 1:colcon.colcon_core.package_identification:_identify(.) by extension 'python_setup_py'
[1.241s] Level 1:colcon.colcon_core.package_identification:_identify(ball_tracker) by extensions ['ignore', 'ignore_ament_install']
[1.241s] Level 1:colcon.colcon_core.package_identification:_identify(ball_tracker) by extension 'ignore'
[1.243s] Level 1:colcon.colcon_core.package_identification:_identify(ball_tracker) by extension 'ignore_ament_install'
[1.243s] Level 1:colcon.colcon_core.package_identification:_identify(ball_tracker) by extensions ['colcon_pkg']
[1.243s] Level 1:colcon.colcon_core.package_identification:_identify(ball_tracker) by extension 'colcon_pkg'
[1.243s] Level 1:colcon.colcon_core.package_identification:_identify(ball_tracker) by extensions ['colcon_meta']
[1.243s] Level 1:colcon.colcon_core.package_identification:_identify(ball_tracker) by extension 'colcon_meta'
[1.243s] Level 1:colcon.colcon_core.package_identification:_identify(ball_tracker) by extensions ['ros']
[1.243s] Level 1:colcon.colcon_core.package_identification:_identify(ball_tracker) by extension 'ros'
[1.264s] DEBUG:colcon.colcon_core.package_identification:Package 'ball_tracker' with type 'ros.ament_python' and name 'ball_tracker'
[1.265s] Level 1:colcon.colcon_core.package_identification:_identify(build) by extensions ['ignore', 'ignore_ament_install']
[1.265s] Level 1:colcon.colcon_core.package_identification:_identify(build) by extension 'ignore'
[1.265s] Level 1:colcon.colcon_core.package_identification:_identify(build) ignored
[1.266s] Level 1:colcon.colcon_core.package_identification:_identify(e_dollyv2) by extensions ['ignore', 'ignore_ament_install']
[1.266s] Level 1:colcon.colcon_core.package_identification:_identify(e_dollyv2) by extension 'ignore'
[1.266s] Level 1:colcon.colcon_core.package_identification:_identify(e_dollyv2) by extension 'ignore_ament_install'
[1.268s] Level 1:colcon.colcon_core.package_identification:_identify(e_dollyv2) by extensions ['colcon_pkg']
[1.268s] Level 1:colcon.colcon_core.package_identification:_identify(e_dollyv2) by extension 'colcon_pkg'
[1.268s] Level 1:colcon.colcon_core.package_identification:_identify(e_dollyv2) by extensions ['colcon_meta']
[1.269s] Level 1:colcon.colcon_core.package_identification:_identify(e_dollyv2) by extension 'colcon_meta'
[1.269s] Level 1:colcon.colcon_core.package_identification:_identify(e_dollyv2) by extensions ['ros']
[1.269s] Level 1:colcon.colcon_core.package_identification:_identify(e_dollyv2) by extension 'ros'
[1.273s] DEBUG:colcon.colcon_core.package_identification:Package 'e_dollyv2' with type 'ros.ament_cmake' and name 'e_dollyv2'
[1.273s] Level 1:colcon.colcon_core.package_identification:_identify(install) by extensions ['ignore', 'ignore_ament_install']
[1.273s] Level 1:colcon.colcon_core.package_identification:_identify(install) by extension 'ignore'
[1.274s] Level 1:colcon.colcon_core.package_identification:_identify(install) ignored
[1.274s] Level 1:colcon.colcon_core.package_identification:_identify(log) by extensions ['ignore', 'ignore_ament_install']
[1.274s] Level 1:colcon.colcon_core.package_identification:_identify(log) by extension 'ignore'
[1.274s] Level 1:colcon.colcon_core.package_identification:_identify(log) ignored
[1.274s] Level 1:colcon.colcon_core.package_identification:_identify(nav2_gradient_costmap_plugin) by extensions ['ignore', 'ignore_ament_install']
[1.275s] Level 1:colcon.colcon_core.package_identification:_identify(nav2_gradient_costmap_plugin) by extension 'ignore'
[1.275s] Level 1:colcon.colcon_core.package_identification:_identify(nav2_gradient_costmap_plugin) by extension 'ignore_ament_install'
[1.275s] Level 1:colcon.colcon_core.package_identification:_identify(nav2_gradient_costmap_plugin) by extensions ['colcon_pkg']
[1.275s] Level 1:colcon.colcon_core.package_identification:_identify(nav2_gradient_costmap_plugin) by extension 'colcon_pkg'
[1.277s] Level 1:colcon.colcon_core.package_identification:_identify(nav2_gradient_costmap_plugin) by extensions ['colcon_meta']
[1.278s] Level 1:colcon.colcon_core.package_identification:_identify(nav2_gradient_costmap_plugin) by extension 'colcon_meta'
[1.278s] Level 1:colcon.colcon_core.package_identification:_identify(nav2_gradient_costmap_plugin) by extensions ['ros']
[1.278s] Level 1:colcon.colcon_core.package_identification:_identify(nav2_gradient_costmap_plugin) by extension 'ros'
[1.281s] DEBUG:colcon.colcon_core.package_identification:Package 'nav2_gradient_costmap_plugin' with type 'ros.ament_cmake' and name 'nav2_gradient_costmap_plugin'
[1.282s] Level 1:colcon.colcon_core.package_discovery:discover_packages(recursive) using defaults
[1.283s] Level 1:colcon.colcon_core.package_discovery:discover_packages(ignore) discover
[1.284s] Level 1:colcon.colcon_core.package_discovery:discover_packages(ignore) using defaults
[1.284s] Level 1:colcon.colcon_core.package_discovery:discover_packages(path) discover
[1.284s] Level 1:colcon.colcon_core.package_discovery:discover_packages(path) using defaults
[1.412s] Level 1:colcon.colcon_core.package_discovery:discover_packages(prefix_path) check parameters
[1.412s] Level 1:colcon.colcon_core.package_discovery:discover_packages(prefix_path) discover
[1.422s] DEBUG:colcon.colcon_installed_package_information.package_discovery:Found 3 installed packages in /home/chalin/dev_ws/install
[1.429s] DEBUG:colcon.colcon_installed_package_information.package_discovery:Found 421 installed packages in /opt/ros/jazzy
[1.438s] Level 1:colcon.colcon_core.package_discovery:discover_packages(prefix_path) using defaults
[1.775s] Level 5:colcon.colcon_core.verb:set package 'ball_tracker' build argument 'cmake_args' from command line to 'None'
[1.776s] Level 5:colcon.colcon_core.verb:set package 'ball_tracker' build argument 'cmake_target' from command line to 'None'
[1.776s] Level 5:colcon.colcon_core.verb:set package 'ball_tracker' build argument 'cmake_target_skip_unavailable' from command line to 'False'
[1.776s] Level 5:colcon.colcon_core.verb:set package 'ball_tracker' build argument 'cmake_clean_cache' from command line to 'False'
[1.776s] Level 5:colcon.colcon_core.verb:set package 'ball_tracker' build argument 'cmake_clean_first' from command line to 'False'
[1.776s] Level 5:colcon.colcon_core.verb:set package 'ball_tracker' build argument 'cmake_force_configure' from command line to 'False'
[1.776s] Level 5:colcon.colcon_core.verb:set package 'ball_tracker' build argument 'ament_cmake_args' from command line to 'None'
[1.776s] Level 5:colcon.colcon_core.verb:set package 'ball_tracker' build argument 'catkin_cmake_args' from command line to 'None'
[1.776s] Level 5:colcon.colcon_core.verb:set package 'ball_tracker' build argument 'catkin_skip_building_tests' from command line to 'False'
[1.777s] DEBUG:colcon.colcon_core.verb:Building package 'ball_tracker' with the following arguments: {'ament_cmake_args': None, 'build_base': '/home/chalin/dev_ws/src/build/ball_tracker', 'catkin_cmake_args': None, 'catkin_skip_building_tests': False, 'cmake_args': None, 'cmake_clean_cache': False, 'cmake_clean_first': False, 'cmake_force_configure': False, 'cmake_target': None, 'cmake_target_skip_unavailable': False, 'install_base': '/home/chalin/dev_ws/src/install/ball_tracker', 'merge_install': False, 'path': '/home/chalin/dev_ws/src/ball_tracker', 'symlink_install': True, 'test_result_base': None}
[1.777s] Level 5:colcon.colcon_core.verb:set package 'e_dollyv2' build argument 'cmake_args' from command line to 'None'
[1.777s] Level 5:colcon.colcon_core.verb:set package 'e_dollyv2' build argument 'cmake_target' from command line to 'None'
[1.778s] Level 5:colcon.colcon_core.verb:set package 'e_dollyv2' build argument 'cmake_target_skip_unavailable' from command line to 'False'
[1.778s] Level 5:colcon.colcon_core.verb:set package 'e_dollyv2' build argument 'cmake_clean_cache' from command line to 'False'
[1.778s] Level 5:colcon.colcon_core.verb:set package 'e_dollyv2' build argument 'cmake_clean_first' from command line to 'False'
[1.778s] Level 5:colcon.colcon_core.verb:set package 'e_dollyv2' build argument 'cmake_force_configure' from command line to 'False'
[1.778s] Level 5:colcon.colcon_core.verb:set package 'e_dollyv2' build argument 'ament_cmake_args' from command line to 'None'
[1.778s] Level 5:colcon.colcon_core.verb:set package 'e_dollyv2' build argument 'catkin_cmake_args' from command line to 'None'
[1.779s] Level 5:colcon.colcon_core.verb:set package 'e_dollyv2' build argument 'catkin_skip_building_tests' from command line to 'False'
[1.779s] DEBUG:colcon.colcon_core.verb:Building package 'e_dollyv2' with the following arguments: {'ament_cmake_args': None, 'build_base': '/home/chalin/dev_ws/src/build/e_dollyv2', 'catkin_cmake_args': None, 'catkin_skip_building_tests': False, 'cmake_args': None, 'cmake_clean_cache': False, 'cmake_clean_first': False, 'cmake_force_configure': False, 'cmake_target': None, 'cmake_target_skip_unavailable': False, 'install_base': '/home/chalin/dev_ws/src/install/e_dollyv2', 'merge_install': False, 'path': '/home/chalin/dev_ws/src/e_dollyv2', 'symlink_install': True, 'test_result_base': None}
[1.780s] Level 5:colcon.colcon_core.verb:set package 'nav2_gradient_costmap_plugin' build argument 'cmake_args' from command line to 'None'
[1.780s] Level 5:colcon.colcon_core.verb:set package 'nav2_gradient_costmap_plugin' build argument 'cmake_target' from command line to 'None'
[1.780s] Level 5:colcon.colcon_core.verb:set package 'nav2_gradient_costmap_plugin' build argument 'cmake_target_skip_unavailable' from command line to 'False'
[1.780s] Level 5:colcon.colcon_core.verb:set package 'nav2_gradient_costmap_plugin' build argument 'cmake_clean_cache' from command line to 'False'
[1.781s] Level 5:colcon.colcon_core.verb:set package 'nav2_gradient_costmap_plugin' build argument 'cmake_clean_first' from command line to 'False'
[1.781s] Level 5:colcon.colcon_core.verb:set package 'nav2_gradient_costmap_plugin' build argument 'cmake_force_configure' from command line to 'False'
[1.781s] Level 5:colcon.colcon_core.verb:set package 'nav2_gradient_costmap_plugin' build argument 'ament_cmake_args' from command line to 'None'
[1.781s] Level 5:colcon.colcon_core.verb:set package 'nav2_gradient_costmap_plugin' build argument 'catkin_cmake_args' from command line to 'None'
[1.781s] Level 5:colcon.colcon_core.verb:set package 'nav2_gradient_costmap_plugin' build argument 'catkin_skip_building_tests' from command line to 'False'
[1.781s] DEBUG:colcon.colcon_core.verb:Building package 'nav2_gradient_costmap_plugin' with the following arguments: {'ament_cmake_args': None, 'build_base': '/home/chalin/dev_ws/src/build/nav2_gradient_costmap_plugin', 'catkin_cmake_args': None, 'catkin_skip_building_tests': False, 'cmake_args': None, 'cmake_clean_cache': False, 'cmake_clean_first': False, 'cmake_force_configure': False, 'cmake_target': None, 'cmake_target_skip_unavailable': False, 'install_base': '/home/chalin/dev_ws/src/install/nav2_gradient_costmap_plugin', 'merge_install': False, 'path': '/home/chalin/dev_ws/src/nav2_gradient_costmap_plugin', 'symlink_install': True, 'test_result_base': None}
[1.781s] INFO:colcon.colcon_core.executor:Executing jobs using 'parallel' executor
[1.789s] DEBUG:colcon.colcon_parallel_executor.executor.parallel:run_until_complete
[1.790s] INFO:colcon.colcon_ros.task.ament_python.build:Building ROS package in '/home/chalin/dev_ws/src/ball_tracker' with build type 'ament_python'
[1.790s] Level 1:colcon.colcon_core.shell:create_environment_hook('ball_tracker', 'ament_prefix_path')
[1.798s] INFO:colcon.colcon_core.plugin_system:Skipping extension 'colcon_core.shell.bat': Not used on non-Windows systems
[1.799s] INFO:colcon.colcon_core.shell:Creating environment hook '/home/chalin/dev_ws/src/install/ball_tracker/share/ball_tracker/hook/ament_prefix_path.ps1'
[1.802s] INFO:colcon.colcon_core.shell:Creating environment descriptor '/home/chalin/dev_ws/src/install/ball_tracker/share/ball_tracker/hook/ament_prefix_path.dsv'
[1.826s] INFO:colcon.colcon_core.shell:Creating environment hook '/home/chalin/dev_ws/src/install/ball_tracker/share/ball_tracker/hook/ament_prefix_path.sh'
[1.831s] INFO:colcon.colcon_core.shell:Skip shell extension 'powershell' for command environment: Not usable outside of PowerShell
[1.831s] DEBUG:colcon.colcon_core.shell:Skip shell extension 'dsv' for command environment
[1.848s] INFO:colcon.colcon_ros.task.ament_cmake.build:Building ROS package in '/home/chalin/dev_ws/src/e_dollyv2' with build type 'ament_cmake'
[1.848s] INFO:colcon.colcon_cmake.task.cmake.build:Building CMake package in '/home/chalin/dev_ws/src/e_dollyv2'
[1.848s] INFO:colcon.colcon_core.shell:Skip shell extension 'powershell' for command environment: Not usable outside of PowerShell
[1.849s] DEBUG:colcon.colcon_core.shell:Skip shell extension 'dsv' for command environment
[1.867s] INFO:colcon.colcon_ros.task.ament_cmake.build:Building ROS package in '/home/chalin/dev_ws/src/nav2_gradient_costmap_plugin' with build type 'ament_cmake'
[1.868s] INFO:colcon.colcon_cmake.task.cmake.build:Building CMake package in '/home/chalin/dev_ws/src/nav2_gradient_costmap_plugin'
[1.868s] INFO:colcon.colcon_core.shell:Skip shell extension 'powershell' for command environment: Not usable outside of PowerShell
[1.868s] DEBUG:colcon.colcon_core.shell:Skip shell extension 'dsv' for command environment
[3.148s] INFO:colcon.colcon_core.task.python.build:Building Python package in '/home/chalin/dev_ws/src/ball_tracker'
[3.149s] INFO:colcon.colcon_core.shell:Skip shell extension 'powershell' for command environment: Not usable outside of PowerShell
[3.149s] DEBUG:colcon.colcon_core.shell:Skip shell extension 'dsv' for command environment
[3.197s] DEBUG:colcon.colcon_core.event_handler.log_command:Invoking command in '/home/chalin/dev_ws/src/build/nav2_gradient_costmap_plugin': CMAKE_PREFIX_PATH=${CMAKE_PREFIX_PATH}:/home/chalin/dev_ws/install/lidar_camera_projection:/opt/ros/jazzy /usr/bin/cmake --build /home/chalin/dev_ws/src/build/nav2_gradient_costmap_plugin -- -j8 -l8
[3.260s] DEBUG:colcon.colcon_core.event_handler.log_command:Invoking command in '/home/chalin/dev_ws/src/build/e_dollyv2': CMAKE_PREFIX_PATH=${CMAKE_PREFIX_PATH}:/home/chalin/dev_ws/install/lidar_camera_projection:/opt/ros/jazzy /usr/bin/cmake --build /home/chalin/dev_ws/src/build/e_dollyv2 -- -j8 -l8
[3.609s] DEBUG:colcon.colcon_core.event_handler.log_command:Invoked command in '/home/chalin/dev_ws/src/build/e_dollyv2' returned '0': CMAKE_PREFIX_PATH=${CMAKE_PREFIX_PATH}:/home/chalin/dev_ws/install/lidar_camera_projection:/opt/ros/jazzy /usr/bin/cmake --build /home/chalin/dev_ws/src/build/e_dollyv2 -- -j8 -l8
[3.724s] DEBUG:colcon.colcon_core.event_handler.log_command:Invoking command in '/home/chalin/dev_ws/src/build/e_dollyv2': CMAKE_PREFIX_PATH=${CMAKE_PREFIX_PATH}:/home/chalin/dev_ws/install/lidar_camera_projection:/opt/ros/jazzy /usr/bin/cmake --install /home/chalin/dev_ws/src/build/e_dollyv2
[3.968s] Level 1:colcon.colcon_core.environment:create_environment_scripts_only(e_dollyv2)
[3.977s] DEBUG:colcon.colcon_core.event_handler.log_command:Invoked command in '/home/chalin/dev_ws/src/build/e_dollyv2' returned '0': CMAKE_PREFIX_PATH=${CMAKE_PREFIX_PATH}:/home/chalin/dev_ws/install/lidar_camera_projection:/opt/ros/jazzy /usr/bin/cmake --install /home/chalin/dev_ws/src/build/e_dollyv2
[3.987s] Level 1:colcon.colcon_core.environment:checking '/home/chalin/dev_ws/src/install/e_dollyv2' for CMake module files
[3.990s] Level 1:colcon.colcon_core.environment:checking '/home/chalin/dev_ws/src/install/e_dollyv2' for CMake config files
[3.991s] Level 1:colcon.colcon_core.shell:create_environment_hook('e_dollyv2', 'cmake_prefix_path')
[3.992s] INFO:colcon.colcon_core.shell:Creating environment hook '/home/chalin/dev_ws/src/install/e_dollyv2/share/e_dollyv2/hook/cmake_prefix_path.ps1'
[3.999s] INFO:colcon.colcon_core.shell:Creating environment descriptor '/home/chalin/dev_ws/src/install/e_dollyv2/share/e_dollyv2/hook/cmake_prefix_path.dsv'
[4.001s] INFO:colcon.colcon_core.shell:Creating environment hook '/home/chalin/dev_ws/src/install/e_dollyv2/share/e_dollyv2/hook/cmake_prefix_path.sh'
[4.004s] Level 1:colcon.colcon_core.environment:checking '/home/chalin/dev_ws/src/install/e_dollyv2/bin'
[4.004s] Level 1:colcon.colcon_core.environment:checking '/home/chalin/dev_ws/src/install/e_dollyv2/lib/pkgconfig/e_dollyv2.pc'
[4.005s] Level 1:colcon.colcon_core.environment:checking '/home/chalin/dev_ws/src/install/e_dollyv2/lib/python3.12/site-packages'
[4.006s] Level 1:colcon.colcon_core.environment:checking '/home/chalin/dev_ws/src/install/e_dollyv2/bin'
[4.007s] INFO:colcon.colcon_core.shell:Creating package script '/home/chalin/dev_ws/src/install/e_dollyv2/share/e_dollyv2/package.ps1'
[4.010s] INFO:colcon.colcon_core.shell:Creating package descriptor '/home/chalin/dev_ws/src/install/e_dollyv2/share/e_dollyv2/package.dsv'
[4.017s] INFO:colcon.colcon_core.shell:Creating package script '/home/chalin/dev_ws/src/install/e_dollyv2/share/e_dollyv2/package.sh'
[4.021s] INFO:colcon.colcon_core.shell:Creating package script '/home/chalin/dev_ws/src/install/e_dollyv2/share/e_dollyv2/package.bash'
[4.027s] INFO:colcon.colcon_core.shell:Creating package script '/home/chalin/dev_ws/src/install/e_dollyv2/share/e_dollyv2/package.zsh'
[4.030s] Level 1:colcon.colcon_core.environment:create_file_with_runtime_dependencies(/home/chalin/dev_ws/src/install/e_dollyv2/share/colcon-core/packages/e_dollyv2)
[4.035s] Level 1:colcon.colcon_core.environment:create_environment_scripts_only(e_dollyv2)
[4.036s] Level 1:colcon.colcon_core.environment:checking '/home/chalin/dev_ws/src/install/e_dollyv2' for CMake module files
[4.037s] Level 1:colcon.colcon_core.environment:checking '/home/chalin/dev_ws/src/install/e_dollyv2' for CMake config files
[4.038s] Level 1:colcon.colcon_core.shell:create_environment_hook('e_dollyv2', 'cmake_prefix_path')
[4.038s] INFO:colcon.colcon_core.shell:Creating environment hook '/home/chalin/dev_ws/src/install/e_dollyv2/share/e_dollyv2/hook/cmake_prefix_path.ps1'
[4.040s] INFO:colcon.colcon_core.shell:Creating environment descriptor '/home/chalin/dev_ws/src/install/e_dollyv2/share/e_dollyv2/hook/cmake_prefix_path.dsv'
[4.041s] INFO:colcon.colcon_core.shell:Creating environment hook '/home/chalin/dev_ws/src/install/e_dollyv2/share/e_dollyv2/hook/cmake_prefix_path.sh'
[4.043s] Level 1:colcon.colcon_core.environment:checking '/home/chalin/dev_ws/src/install/e_dollyv2/bin'
[4.043s] Level 1:colcon.colcon_core.environment:checking '/home/chalin/dev_ws/src/install/e_dollyv2/lib/pkgconfig/e_dollyv2.pc'
[4.044s] Level 1:colcon.colcon_core.environment:checking '/home/chalin/dev_ws/src/install/e_dollyv2/lib/python3.12/site-packages'
[4.045s] Level 1:colcon.colcon_core.environment:checking '/home/chalin/dev_ws/src/install/e_dollyv2/bin'
[4.046s] INFO:colcon.colcon_core.shell:Creating package script '/home/chalin/dev_ws/src/install/e_dollyv2/share/e_dollyv2/package.ps1'
[4.047s] INFO:colcon.colcon_core.shell:Creating package descriptor '/home/chalin/dev_ws/src/install/e_dollyv2/share/e_dollyv2/package.dsv'
[4.048s] INFO:colcon.colcon_core.shell:Creating package script '/home/chalin/dev_ws/src/install/e_dollyv2/share/e_dollyv2/package.sh'
[4.049s] INFO:colcon.colcon_core.shell:Creating package script '/home/chalin/dev_ws/src/install/e_dollyv2/share/e_dollyv2/package.bash'
[4.053s] INFO:colcon.colcon_core.shell:Creating package script '/home/chalin/dev_ws/src/install/e_dollyv2/share/e_dollyv2/package.zsh'
[4.054s] Level 1:colcon.colcon_core.environment:create_file_with_runtime_dependencies(/home/chalin/dev_ws/src/install/e_dollyv2/share/colcon-core/packages/e_dollyv2)
[4.146s] DEBUG:colcon.colcon_core.event_handler.log_command:Invoked command in '/home/chalin/dev_ws/src/build/nav2_gradient_costmap_plugin' returned '0': CMAKE_PREFIX_PATH=${CMAKE_PREFIX_PATH}:/home/chalin/dev_ws/install/lidar_camera_projection:/opt/ros/jazzy /usr/bin/cmake --build /home/chalin/dev_ws/src/build/nav2_gradient_costmap_plugin -- -j8 -l8
[4.156s] DEBUG:colcon.colcon_core.event_handler.log_command:Invoking command in '/home/chalin/dev_ws/src/build/nav2_gradient_costmap_plugin': CMAKE_PREFIX_PATH=${CMAKE_PREFIX_PATH}:/home/chalin/dev_ws/install/lidar_camera_projection:/opt/ros/jazzy /usr/bin/cmake --install /home/chalin/dev_ws/src/build/nav2_gradient_costmap_plugin
[4.290s] Level 1:colcon.colcon_core.environment:create_environment_scripts_only(nav2_gradient_costmap_plugin)
[4.290s] Level 1:colcon.colcon_core.environment:checking '/home/chalin/dev_ws/src/install/nav2_gradient_costmap_plugin' for CMake module files
[4.292s] Level 1:colcon.colcon_core.environment:checking '/home/chalin/dev_ws/src/install/nav2_gradient_costmap_plugin' for CMake config files
[4.293s] Level 1:colcon.colcon_core.shell:create_environment_hook('nav2_gradient_costmap_plugin', 'cmake_prefix_path')
[4.293s] INFO:colcon.colcon_core.shell:Creating environment hook '/home/chalin/dev_ws/src/install/nav2_gradient_costmap_plugin/share/nav2_gradient_costmap_plugin/hook/cmake_prefix_path.ps1'
[4.295s] INFO:colcon.colcon_core.shell:Creating environment descriptor '/home/chalin/dev_ws/src/install/nav2_gradient_costmap_plugin/share/nav2_gradient_costmap_plugin/hook/cmake_prefix_path.dsv'
[4.298s] DEBUG:colcon.colcon_core.event_handler.log_command:Invoked command in '/home/chalin/dev_ws/src/build/nav2_gradient_costmap_plugin' returned '0': CMAKE_PREFIX_PATH=${CMAKE_PREFIX_PATH}:/home/chalin/dev_ws/install/lidar_camera_projection:/opt/ros/jazzy /usr/bin/cmake --install /home/chalin/dev_ws/src/build/nav2_gradient_costmap_plugin
[4.299s] INFO:colcon.colcon_core.shell:Creating environment hook '/home/chalin/dev_ws/src/install/nav2_gradient_costmap_plugin/share/nav2_gradient_costmap_plugin/hook/cmake_prefix_path.sh'
[4.300s] Level 1:colcon.colcon_core.environment:checking '/home/chalin/dev_ws/src/install/nav2_gradient_costmap_plugin/lib'
[4.301s] Level 1:colcon.colcon_core.shell:create_environment_hook('nav2_gradient_costmap_plugin', 'ld_library_path_lib')
[4.301s] INFO:colcon.colcon_core.shell:Creating environment hook '/home/chalin/dev_ws/src/install/nav2_gradient_costmap_plugin/share/nav2_gradient_costmap_plugin/hook/ld_library_path_lib.ps1'
[4.302s] INFO:colcon.colcon_core.shell:Creating environment descriptor '/home/chalin/dev_ws/src/install/nav2_gradient_costmap_plugin/share/nav2_gradient_costmap_plugin/hook/ld_library_path_lib.dsv'
[4.303s] INFO:colcon.colcon_core.shell:Creating environment hook '/home/chalin/dev_ws/src/install/nav2_gradient_costmap_plugin/share/nav2_gradient_costmap_plugin/hook/ld_library_path_lib.sh'
[4.304s] Level 1:colcon.colcon_core.environment:checking '/home/chalin/dev_ws/src/install/nav2_gradient_costmap_plugin/bin'
[4.304s] Level 1:colcon.colcon_core.environment:checking '/home/chalin/dev_ws/src/install/nav2_gradient_costmap_plugin/lib/pkgconfig/nav2_gradient_costmap_plugin.pc'
[4.305s] Level 1:colcon.colcon_core.environment:checking '/home/chalin/dev_ws/src/install/nav2_gradient_costmap_plugin/lib/python3.12/site-packages'
[4.305s] Level 1:colcon.colcon_core.environment:checking '/home/chalin/dev_ws/src/install/nav2_gradient_costmap_plugin/bin'
[4.308s] INFO:colcon.colcon_core.shell:Creating package script '/home/chalin/dev_ws/src/install/nav2_gradient_costmap_plugin/share/nav2_gradient_costmap_plugin/package.ps1'
[4.310s] INFO:colcon.colcon_core.shell:Creating package descriptor '/home/chalin/dev_ws/src/install/nav2_gradient_costmap_plugin/share/nav2_gradient_costmap_plugin/package.dsv'
[4.312s] INFO:colcon.colcon_core.shell:Creating package script '/home/chalin/dev_ws/src/install/nav2_gradient_costmap_plugin/share/nav2_gradient_costmap_plugin/package.sh'
[4.319s] INFO:colcon.colcon_core.shell:Creating package script '/home/chalin/dev_ws/src/install/nav2_gradient_costmap_plugin/share/nav2_gradient_costmap_plugin/package.bash'
[4.325s] INFO:colcon.colcon_core.shell:Creating package script '/home/chalin/dev_ws/src/install/nav2_gradient_costmap_plugin/share/nav2_gradient_costmap_plugin/package.zsh'
[4.329s] Level 1:colcon.colcon_core.environment:create_file_with_runtime_dependencies(/home/chalin/dev_ws/src/install/nav2_gradient_costmap_plugin/share/colcon-core/packages/nav2_gradient_costmap_plugin)
[4.347s] Level 1:colcon.colcon_core.environment:create_environment_scripts_only(nav2_gradient_costmap_plugin)
[4.347s] Level 1:colcon.colcon_core.environment:checking '/home/chalin/dev_ws/src/install/nav2_gradient_costmap_plugin' for CMake module files
[4.348s] Level 1:colcon.colcon_core.environment:checking '/home/chalin/dev_ws/src/install/nav2_gradient_costmap_plugin' for CMake config files
[4.349s] Level 1:colcon.colcon_core.shell:create_environment_hook('nav2_gradient_costmap_plugin', 'cmake_prefix_path')
[4.349s] INFO:colcon.colcon_core.shell:Creating environment hook '/home/chalin/dev_ws/src/install/nav2_gradient_costmap_plugin/share/nav2_gradient_costmap_plugin/hook/cmake_prefix_path.ps1'
[4.354s] INFO:colcon.colcon_core.shell:Creating environment descriptor '/home/chalin/dev_ws/src/install/nav2_gradient_costmap_plugin/share/nav2_gradient_costmap_plugin/hook/cmake_prefix_path.dsv'
[4.356s] INFO:colcon.colcon_core.shell:Creating environment hook '/home/chalin/dev_ws/src/install/nav2_gradient_costmap_plugin/share/nav2_gradient_costmap_plugin/hook/cmake_prefix_path.sh'
[4.358s] Level 1:colcon.colcon_core.environment:checking '/home/chalin/dev_ws/src/install/nav2_gradient_costmap_plugin/lib'
[4.358s] Level 1:colcon.colcon_core.shell:create_environment_hook('nav2_gradient_costmap_plugin', 'ld_library_path_lib')
[4.359s] INFO:colcon.colcon_core.shell:Creating environment hook '/home/chalin/dev_ws/src/install/nav2_gradient_costmap_plugin/share/nav2_gradient_costmap_plugin/hook/ld_library_path_lib.ps1'
[4.360s] INFO:colcon.colcon_core.shell:Creating environment descriptor '/home/chalin/dev_ws/src/install/nav2_gradient_costmap_plugin/share/nav2_gradient_costmap_plugin/hook/ld_library_path_lib.dsv'
[4.362s] INFO:colcon.colcon_core.shell:Creating environment hook '/home/chalin/dev_ws/src/install/nav2_gradient_costmap_plugin/share/nav2_gradient_costmap_plugin/hook/ld_library_path_lib.sh'
[4.363s] Level 1:colcon.colcon_core.environment:checking '/home/chalin/dev_ws/src/install/nav2_gradient_costmap_plugin/bin'
[4.364s] Level 1:colcon.colcon_core.environment:checking '/home/chalin/dev_ws/src/install/nav2_gradient_costmap_plugin/lib/pkgconfig/nav2_gradient_costmap_plugin.pc'
[4.364s] Level 1:colcon.colcon_core.environment:checking '/home/chalin/dev_ws/src/install/nav2_gradient_costmap_plugin/lib/python3.12/site-packages'
[4.365s] Level 1:colcon.colcon_core.environment:checking '/home/chalin/dev_ws/src/install/nav2_gradient_costmap_plugin/bin'
[4.366s] INFO:colcon.colcon_core.shell:Creating package script '/home/chalin/dev_ws/src/install/nav2_gradient_costmap_plugin/share/nav2_gradient_costmap_plugin/package.ps1'
[4.369s] INFO:colcon.colcon_core.shell:Creating package descriptor '/home/chalin/dev_ws/src/install/nav2_gradient_costmap_plugin/share/nav2_gradient_costmap_plugin/package.dsv'
[4.371s] INFO:colcon.colcon_core.shell:Creating package script '/home/chalin/dev_ws/src/install/nav2_gradient_costmap_plugin/share/nav2_gradient_costmap_plugin/package.sh'
[4.372s] INFO:colcon.colcon_core.shell:Creating package script '/home/chalin/dev_ws/src/install/nav2_gradient_costmap_plugin/share/nav2_gradient_costmap_plugin/package.bash'
[4.374s] INFO:colcon.colcon_core.shell:Creating package script '/home/chalin/dev_ws/src/install/nav2_gradient_costmap_plugin/share/nav2_gradient_costmap_plugin/package.zsh'
[4.375s] Level 1:colcon.colcon_core.environment:create_file_with_runtime_dependencies(/home/chalin/dev_ws/src/install/nav2_gradient_costmap_plugin/share/colcon-core/packages/nav2_gradient_costmap_plugin)
[6.937s] DEBUG:colcon.colcon_core.event_handler.log_command:Invoking command in '/home/chalin/dev_ws/src/build/ball_tracker': PYTHONPATH=/home/chalin/dev_ws/src/build/ball_tracker/prefix_override:/usr/lib/python3/dist-packages/colcon_core/task/python/colcon_distutils_commands:/home/chalin/dev_ws/src/install/ball_tracker/lib/python3.12/site-packages:${PYTHONPATH} /usr/bin/python3 -W ignore:setup.py install is deprecated -W ignore:easy_install command is deprecated setup.py develop --editable --build-directory /home/chalin/dev_ws/src/build/ball_tracker/build --no-deps symlink_data
[9.029s] Level 1:colcon.colcon_core.shell:create_environment_hook('ball_tracker', 'pythonpath_develop')
[9.029s] INFO:colcon.colcon_core.shell:Creating environment hook '/home/chalin/dev_ws/src/build/ball_tracker/share/ball_tracker/hook/pythonpath_develop.ps1'
[9.030s] DEBUG:colcon.colcon_core.event_handler.log_command:Invoked command in '/home/chalin/dev_ws/src/build/ball_tracker' returned '0': PYTHONPATH=/home/chalin/dev_ws/src/build/ball_tracker/prefix_override:/usr/lib/python3/dist-packages/colcon_core/task/python/colcon_distutils_commands:/home/chalin/dev_ws/src/install/ball_tracker/lib/python3.12/site-packages:${PYTHONPATH} /usr/bin/python3 -W ignore:setup.py install is deprecated -W ignore:easy_install command is deprecated setup.py develop --editable --build-directory /home/chalin/dev_ws/src/build/ball_tracker/build --no-deps symlink_data
[9.032s] INFO:colcon.colcon_core.shell:Creating environment descriptor '/home/chalin/dev_ws/src/build/ball_tracker/share/ball_tracker/hook/pythonpath_develop.dsv'
[9.032s] INFO:colcon.colcon_core.shell:Creating environment hook '/home/chalin/dev_ws/src/build/ball_tracker/share/ball_tracker/hook/pythonpath_develop.sh'
[9.033s] Level 1:colcon.colcon_core.environment:checking '/home/chalin/dev_ws/src/install/ball_tracker' for CMake module files
[9.034s] Level 1:colcon.colcon_core.environment:checking '/home/chalin/dev_ws/src/install/ball_tracker' for CMake config files
[9.035s] Level 1:colcon.colcon_core.environment:checking '/home/chalin/dev_ws/src/install/ball_tracker/lib'
[9.036s] Level 1:colcon.colcon_core.environment:checking '/home/chalin/dev_ws/src/install/ball_tracker/bin'
[9.036s] Level 1:colcon.colcon_core.environment:checking '/home/chalin/dev_ws/src/install/ball_tracker/lib/pkgconfig/ball_tracker.pc'
[9.037s] Level 1:colcon.colcon_core.environment:checking '/home/chalin/dev_ws/src/install/ball_tracker/lib/python3.12/site-packages'
[9.037s] Level 1:colcon.colcon_core.shell:create_environment_hook('ball_tracker', 'pythonpath')
[9.038s] INFO:colcon.colcon_core.shell:Creating environment hook '/home/chalin/dev_ws/src/install/ball_tracker/share/ball_tracker/hook/pythonpath.ps1'
[9.039s] INFO:colcon.colcon_core.shell:Creating environment descriptor '/home/chalin/dev_ws/src/install/ball_tracker/share/ball_tracker/hook/pythonpath.dsv'
[9.040s] INFO:colcon.colcon_core.shell:Creating environment hook '/home/chalin/dev_ws/src/install/ball_tracker/share/ball_tracker/hook/pythonpath.sh'
[9.042s] Level 1:colcon.colcon_core.environment:checking '/home/chalin/dev_ws/src/install/ball_tracker/bin'
[9.042s] Level 1:colcon.colcon_core.environment:create_environment_scripts_only(ball_tracker)
[9.043s] INFO:colcon.colcon_core.shell:Creating package script '/home/chalin/dev_ws/src/install/ball_tracker/share/ball_tracker/package.ps1'
[9.045s] INFO:colcon.colcon_core.shell:Creating package descriptor '/home/chalin/dev_ws/src/install/ball_tracker/share/ball_tracker/package.dsv'
[9.046s] INFO:colcon.colcon_core.shell:Creating package script '/home/chalin/dev_ws/src/install/ball_tracker/share/ball_tracker/package.sh'
[9.049s] INFO:colcon.colcon_core.shell:Creating package script '/home/chalin/dev_ws/src/install/ball_tracker/share/ball_tracker/package.bash'
[9.050s] INFO:colcon.colcon_core.shell:Creating package script '/home/chalin/dev_ws/src/install/ball_tracker/share/ball_tracker/package.zsh'
[9.053s] Level 1:colcon.colcon_core.environment:create_file_with_runtime_dependencies(/home/chalin/dev_ws/src/install/ball_tracker/share/colcon-core/packages/ball_tracker)
[9.057s] DEBUG:colcon.colcon_parallel_executor.executor.parallel:closing loop
[9.058s] DEBUG:colcon.colcon_parallel_executor.executor.parallel:loop closed
[9.058s] DEBUG:colcon.colcon_parallel_executor.executor.parallel:run_until_complete finished with '0'
[9.058s] DEBUG:colcon.colcon_core.event_reactor:joining thread
[9.234s] INFO:colcon.colcon_core.plugin_system:Skipping extension 'colcon_notification.desktop_notification.notify_send': Could not find 'notify-send'
[9.234s] INFO:colcon.colcon_core.plugin_system:Skipping extension 'colcon_notification.desktop_notification.terminal_notifier': Not used on non-Darwin systems
[9.234s] INFO:colcon.colcon_core.plugin_system:Skipping extension 'colcon_notification.desktop_notification.win32': Not used on non-Windows systems
[9.234s] INFO:colcon.colcon_notification.desktop_notification:Sending desktop notification using 'notify2'
[9.249s] DEBUG:colcon.colcon_notification.desktop_notification.notify2:Failed to initialize notify2: org.freedesktop.DBus.Error.ServiceUnknown: The name org.freedesktop.Notifications was not provided by any .service files
[9.251s] DEBUG:colcon.colcon_core.event_reactor:joined thread
[9.251s] INFO:colcon.colcon_core.shell:Creating prefix script '/home/chalin/dev_ws/src/install/local_setup.ps1'
[9.254s] INFO:colcon.colcon_core.shell:Creating prefix util module '/home/chalin/dev_ws/src/install/_local_setup_util_ps1.py'
[9.257s] INFO:colcon.colcon_core.shell:Creating prefix chain script '/home/chalin/dev_ws/src/install/setup.ps1'
[9.261s] INFO:colcon.colcon_core.shell:Creating prefix script '/home/chalin/dev_ws/src/install/local_setup.sh'
[9.264s] INFO:colcon.colcon_core.shell:Creating prefix util module '/home/chalin/dev_ws/src/install/_local_setup_util_sh.py'
[9.265s] INFO:colcon.colcon_core.shell:Creating prefix chain script '/home/chalin/dev_ws/src/install/setup.sh'
[9.268s] INFO:colcon.colcon_core.shell:Creating prefix script '/home/chalin/dev_ws/src/install/local_setup.bash'
[9.271s] INFO:colcon.colcon_core.shell:Creating prefix chain script '/home/chalin/dev_ws/src/install/setup.bash'
[9.274s] INFO:colcon.colcon_core.shell:Creating prefix script '/home/chalin/dev_ws/src/install/local_setup.zsh'
[9.276s] INFO:colcon.colcon_core.shell:Creating prefix chain script '/home/chalin/dev_ws/src/install/setup.zsh'
