running egg_info
creating ../../build/lidar_camera_projection/lidar_camera_projection.egg-info
writing ../../build/lidar_camera_projection/lidar_camera_projection.egg-info/PKG-INFO
writing dependency_links to ../../build/lidar_camera_projection/lidar_camera_projection.egg-info/dependency_links.txt
writing entry points to ../../build/lidar_camera_projection/lidar_camera_projection.egg-info/entry_points.txt
writing requirements to ../../build/lidar_camera_projection/lidar_camera_projection.egg-info/requires.txt
writing top-level names to ../../build/lidar_camera_projection/lidar_camera_projection.egg-info/top_level.txt
writing manifest file '../../build/lidar_camera_projection/lidar_camera_projection.egg-info/SOURCES.txt'
reading manifest file '../../build/lidar_camera_projection/lidar_camera_projection.egg-info/SOURCES.txt'
writing manifest file '../../build/lidar_camera_projection/lidar_camera_projection.egg-info/SOURCES.txt'
running build
running build_py
creating /home/chalin/dev_ws/build/lidar_camera_projection/build
creating /home/chalin/dev_ws/build/lidar_camera_projection/build/lib
creating /home/chalin/dev_ws/build/lidar_camera_projection/build/lib/lidar_camera_projection
copying lidar_camera_projection/lidar_camera_projection.py -> /home/chalin/dev_ws/build/lidar_camera_projection/build/lib/lidar_camera_projection
copying lidar_camera_projection/__init__.py -> /home/chalin/dev_ws/build/lidar_camera_projection/build/lib/lidar_camera_projection
running install
running install_lib
creating /home/chalin/dev_ws/install/lidar_camera_projection/lib/python3.12/site-packages/lidar_camera_projection
copying /home/chalin/dev_ws/build/lidar_camera_projection/build/lib/lidar_camera_projection/lidar_camera_projection.py -> /home/chalin/dev_ws/install/lidar_camera_projection/lib/python3.12/site-packages/lidar_camera_projection
copying /home/chalin/dev_ws/build/lidar_camera_projection/build/lib/lidar_camera_projection/__init__.py -> /home/chalin/dev_ws/install/lidar_camera_projection/lib/python3.12/site-packages/lidar_camera_projection
byte-compiling /home/chalin/dev_ws/install/lidar_camera_projection/lib/python3.12/site-packages/lidar_camera_projection/lidar_camera_projection.py to lidar_camera_projection.cpython-312.pyc
byte-compiling /home/chalin/dev_ws/install/lidar_camera_projection/lib/python3.12/site-packages/lidar_camera_projection/__init__.py to __init__.cpython-312.pyc
running install_data
creating /home/chalin/dev_ws/install/lidar_camera_projection/share/ament_index
creating /home/chalin/dev_ws/install/lidar_camera_projection/share/ament_index/resource_index
creating /home/chalin/dev_ws/install/lidar_camera_projection/share/ament_index/resource_index/packages
copying resource/lidar_camera_projection -> /home/chalin/dev_ws/install/lidar_camera_projection/share/ament_index/resource_index/packages
copying package.xml -> /home/chalin/dev_ws/install/lidar_camera_projection/share/lidar_camera_projection
running install_egg_info
Copying ../../build/lidar_camera_projection/lidar_camera_projection.egg-info to /home/chalin/dev_ws/install/lidar_camera_projection/lib/python3.12/site-packages/lidar_camera_projection-0.0.0-py3.12.egg-info
running install_scripts
Installing lidar_camera_projection script to /home/chalin/dev_ws/install/lidar_camera_projection/lib/lidar_camera_projection
writing list of installed files to '/home/chalin/dev_ws/build/lidar_camera_projection/install.log'
