[0.484s] DEBUG:colcon:Command line arguments: ['/usr/bin/colcon', 'build', '--packages-select', 'lidar_camera_projection']
[0.485s] DEBUG:colcon:Parsed command line arguments: Namespace(log_base=None, log_level=None, verb_name='build', build_base='build', install_base='install', merge_install=False, symlink_install=False, test_result_base=None, continue_on_error=False, executor='parallel', parallel_workers=8, event_handlers=None, ignore_user_meta=False, metas=['./colcon.meta'], base_paths=['.'], packages_ignore=None, packages_ignore_regex=None, paths=None, packages_up_to=None, packages_up_to_regex=None, packages_above=None, packages_above_and_dependencies=None, packages_above_depth=None, packages_select_by_dep=None, packages_skip_by_dep=None, packages_skip_up_to=None, packages_select_build_failed=False, packages_skip_build_finished=False, packages_select_test_failures=False, packages_skip_test_passed=False, packages_select=['lidar_camera_projection'], packages_skip=None, packages_select_regex=None, packages_skip_regex=None, packages_start=None, packages_end=None, allow_overriding=[], cmake_args=None, cmake_target=None, cmake_target_skip_unavailable=False, cmake_clean_cache=False, cmake_clean_first=False, cmake_force_configure=False, ament_cmake_args=None, catkin_cmake_args=None, catkin_skip_building_tests=False, mixin_files=None, mixin=None, verb_parser=<colcon_mixin.mixin.mixin_argument.MixinArgumentDecorator object at 0x7f6e105eeab0>, verb_extension=<colcon_core.verb.build.BuildVerb object at 0x7f6e105ed250>, main=<bound method BuildVerb.main of <colcon_core.verb.build.BuildVerb object at 0x7f6e105ed250>>, mixin_verb=('build',))
[0.616s] Level 1:colcon.colcon_core.package_discovery:discover_packages(colcon_meta) check parameters
[0.617s] Level 1:colcon.colcon_core.package_discovery:discover_packages(recursive) check parameters
[0.617s] Level 1:colcon.colcon_core.package_discovery:discover_packages(ignore) check parameters
[0.617s] Level 1:colcon.colcon_core.package_discovery:discover_packages(path) check parameters
[0.617s] Level 1:colcon.colcon_core.package_discovery:discover_packages(colcon_meta) discover
[0.617s] Level 1:colcon.colcon_core.package_discovery:discover_packages(recursive) discover
[0.617s] INFO:colcon.colcon_core.package_discovery:Crawling recursively for packages in '/home/chalin/dev_ws'
[0.618s] Level 1:colcon.colcon_core.package_identification:_identify(.) by extensions ['ignore', 'ignore_ament_install']
[0.618s] Level 1:colcon.colcon_core.package_identification:_identify(.) by extension 'ignore'
[0.619s] Level 1:colcon.colcon_core.package_identification:_identify(.) by extension 'ignore_ament_install'
[0.619s] Level 1:colcon.colcon_core.package_identification:_identify(.) by extensions ['colcon_pkg']
[0.619s] Level 1:colcon.colcon_core.package_identification:_identify(.) by extension 'colcon_pkg'
[0.620s] Level 1:colcon.colcon_core.package_identification:_identify(.) by extensions ['colcon_meta']
[0.620s] Level 1:colcon.colcon_core.package_identification:_identify(.) by extension 'colcon_meta'
[0.620s] Level 1:colcon.colcon_core.package_identification:_identify(.) by extensions ['ros']
[0.620s] Level 1:colcon.colcon_core.package_identification:_identify(.) by extension 'ros'
[0.684s] Level 1:colcon.colcon_core.package_identification:_identify(.) by extensions ['cmake', 'python']
[0.684s] Level 1:colcon.colcon_core.package_identification:_identify(.) by extension 'cmake'
[0.684s] Level 1:colcon.colcon_core.package_identification:_identify(.) by extension 'python'
[0.685s] Level 1:colcon.colcon_core.package_identification:_identify(.) by extensions ['python_setup_py']
[0.685s] Level 1:colcon.colcon_core.package_identification:_identify(.) by extension 'python_setup_py'
[0.685s] Level 1:colcon.colcon_core.package_identification:_identify(build) by extensions ['ignore', 'ignore_ament_install']
[0.686s] Level 1:colcon.colcon_core.package_identification:_identify(build) by extension 'ignore'
[0.686s] Level 1:colcon.colcon_core.package_identification:_identify(build) ignored
[0.686s] Level 1:colcon.colcon_core.package_identification:_identify(install) by extensions ['ignore', 'ignore_ament_install']
[0.687s] Level 1:colcon.colcon_core.package_identification:_identify(install) by extension 'ignore'
[0.687s] Level 1:colcon.colcon_core.package_identification:_identify(install) ignored
[0.688s] Level 1:colcon.colcon_core.package_identification:_identify(log) by extensions ['ignore', 'ignore_ament_install']
[0.692s] Level 1:colcon.colcon_core.package_identification:_identify(log) by extension 'ignore'
[0.692s] Level 1:colcon.colcon_core.package_identification:_identify(log) ignored
[0.692s] Level 1:colcon.colcon_core.package_identification:_identify(src) by extensions ['ignore', 'ignore_ament_install']
[0.693s] Level 1:colcon.colcon_core.package_identification:_identify(src) by extension 'ignore'
[0.693s] Level 1:colcon.colcon_core.package_identification:_identify(src) by extension 'ignore_ament_install'
[0.694s] Level 1:colcon.colcon_core.package_identification:_identify(src) by extensions ['colcon_pkg']
[0.695s] Level 1:colcon.colcon_core.package_identification:_identify(src) by extension 'colcon_pkg'
[0.695s] Level 1:colcon.colcon_core.package_identification:_identify(src) by extensions ['colcon_meta']
[0.695s] Level 1:colcon.colcon_core.package_identification:_identify(src) by extension 'colcon_meta'
[0.695s] Level 1:colcon.colcon_core.package_identification:_identify(src) by extensions ['ros']
[0.696s] Level 1:colcon.colcon_core.package_identification:_identify(src) by extension 'ros'
[0.696s] Level 1:colcon.colcon_core.package_identification:_identify(src) by extensions ['cmake', 'python']
[0.696s] Level 1:colcon.colcon_core.package_identification:_identify(src) by extension 'cmake'
[0.696s] Level 1:colcon.colcon_core.package_identification:_identify(src) by extension 'python'
[0.696s] Level 1:colcon.colcon_core.package_identification:_identify(src) by extensions ['python_setup_py']
[0.696s] Level 1:colcon.colcon_core.package_identification:_identify(src) by extension 'python_setup_py'
[0.697s] Level 1:colcon.colcon_core.package_identification:_identify(src/e_dollyv2) by extensions ['ignore', 'ignore_ament_install']
[0.697s] Level 1:colcon.colcon_core.package_identification:_identify(src/e_dollyv2) by extension 'ignore'
[0.697s] Level 1:colcon.colcon_core.package_identification:_identify(src/e_dollyv2) by extension 'ignore_ament_install'
[0.697s] Level 1:colcon.colcon_core.package_identification:_identify(src/e_dollyv2) by extensions ['colcon_pkg']
[0.697s] Level 1:colcon.colcon_core.package_identification:_identify(src/e_dollyv2) by extension 'colcon_pkg'
[0.698s] Level 1:colcon.colcon_core.package_identification:_identify(src/e_dollyv2) by extensions ['colcon_meta']
[0.698s] Level 1:colcon.colcon_core.package_identification:_identify(src/e_dollyv2) by extension 'colcon_meta'
[0.698s] Level 1:colcon.colcon_core.package_identification:_identify(src/e_dollyv2) by extensions ['ros']
[0.698s] Level 1:colcon.colcon_core.package_identification:_identify(src/e_dollyv2) by extension 'ros'
[0.713s] DEBUG:colcon.colcon_core.package_identification:Package 'src/e_dollyv2' with type 'ros.ament_cmake' and name 'e_dollyv2'
[0.713s] Level 1:colcon.colcon_core.package_identification:_identify(src/lidar_camera_projection) by extensions ['ignore', 'ignore_ament_install']
[0.713s] Level 1:colcon.colcon_core.package_identification:_identify(src/lidar_camera_projection) by extension 'ignore'
[0.713s] Level 1:colcon.colcon_core.package_identification:_identify(src/lidar_camera_projection) by extension 'ignore_ament_install'
[0.714s] Level 1:colcon.colcon_core.package_identification:_identify(src/lidar_camera_projection) by extensions ['colcon_pkg']
[0.714s] Level 1:colcon.colcon_core.package_identification:_identify(src/lidar_camera_projection) by extension 'colcon_pkg'
[0.715s] Level 1:colcon.colcon_core.package_identification:_identify(src/lidar_camera_projection) by extensions ['colcon_meta']
[0.715s] Level 1:colcon.colcon_core.package_identification:_identify(src/lidar_camera_projection) by extension 'colcon_meta'
[0.716s] Level 1:colcon.colcon_core.package_identification:_identify(src/lidar_camera_projection) by extensions ['ros']
[0.716s] Level 1:colcon.colcon_core.package_identification:_identify(src/lidar_camera_projection) by extension 'ros'
[0.720s] DEBUG:colcon.colcon_core.package_identification:Package 'src/lidar_camera_projection' with type 'ros.ament_python' and name 'lidar_camera_projection'
[0.722s] Level 1:colcon.colcon_core.package_identification:_identify(src/nav2_gradient_costmap_plugin) by extensions ['ignore', 'ignore_ament_install']
[0.722s] Level 1:colcon.colcon_core.package_identification:_identify(src/nav2_gradient_costmap_plugin) by extension 'ignore'
[0.722s] Level 1:colcon.colcon_core.package_identification:_identify(src/nav2_gradient_costmap_plugin) by extension 'ignore_ament_install'
[0.723s] Level 1:colcon.colcon_core.package_identification:_identify(src/nav2_gradient_costmap_plugin) by extensions ['colcon_pkg']
[0.723s] Level 1:colcon.colcon_core.package_identification:_identify(src/nav2_gradient_costmap_plugin) by extension 'colcon_pkg'
[0.723s] Level 1:colcon.colcon_core.package_identification:_identify(src/nav2_gradient_costmap_plugin) by extensions ['colcon_meta']
[0.723s] Level 1:colcon.colcon_core.package_identification:_identify(src/nav2_gradient_costmap_plugin) by extension 'colcon_meta'
[0.723s] Level 1:colcon.colcon_core.package_identification:_identify(src/nav2_gradient_costmap_plugin) by extensions ['ros']
[0.723s] Level 1:colcon.colcon_core.package_identification:_identify(src/nav2_gradient_costmap_plugin) by extension 'ros'
[0.727s] DEBUG:colcon.colcon_core.package_identification:Package 'src/nav2_gradient_costmap_plugin' with type 'ros.ament_cmake' and name 'nav2_gradient_costmap_plugin'
[0.727s] Level 1:colcon.colcon_core.package_discovery:discover_packages(recursive) using defaults
[0.727s] Level 1:colcon.colcon_core.package_discovery:discover_packages(ignore) discover
[0.727s] Level 1:colcon.colcon_core.package_discovery:discover_packages(ignore) using defaults
[0.727s] Level 1:colcon.colcon_core.package_discovery:discover_packages(path) discover
[0.727s] Level 1:colcon.colcon_core.package_discovery:discover_packages(path) using defaults
[0.784s] INFO:colcon.colcon_core.package_selection:Skipping not selected package 'e_dollyv2' in 'src/e_dollyv2'
[0.784s] INFO:colcon.colcon_core.package_selection:Skipping not selected package 'nav2_gradient_costmap_plugin' in 'src/nav2_gradient_costmap_plugin'
[0.785s] Level 1:colcon.colcon_core.package_discovery:discover_packages(prefix_path) check parameters
[0.785s] Level 1:colcon.colcon_core.package_discovery:discover_packages(prefix_path) discover
[0.792s] DEBUG:colcon.colcon_installed_package_information.package_discovery:Found 3 installed packages in /home/chalin/dev_ws/install
[0.801s] DEBUG:colcon.colcon_installed_package_information.package_discovery:Found 421 installed packages in /opt/ros/jazzy
[0.810s] Level 1:colcon.colcon_core.package_discovery:discover_packages(prefix_path) using defaults
[0.973s] Level 5:colcon.colcon_core.verb:set package 'lidar_camera_projection' build argument 'cmake_args' from command line to 'None'
[0.973s] Level 5:colcon.colcon_core.verb:set package 'lidar_camera_projection' build argument 'cmake_target' from command line to 'None'
[0.974s] Level 5:colcon.colcon_core.verb:set package 'lidar_camera_projection' build argument 'cmake_target_skip_unavailable' from command line to 'False'
[0.974s] Level 5:colcon.colcon_core.verb:set package 'lidar_camera_projection' build argument 'cmake_clean_cache' from command line to 'False'
[0.974s] Level 5:colcon.colcon_core.verb:set package 'lidar_camera_projection' build argument 'cmake_clean_first' from command line to 'False'
[0.974s] Level 5:colcon.colcon_core.verb:set package 'lidar_camera_projection' build argument 'cmake_force_configure' from command line to 'False'
[0.974s] Level 5:colcon.colcon_core.verb:set package 'lidar_camera_projection' build argument 'ament_cmake_args' from command line to 'None'
[0.974s] Level 5:colcon.colcon_core.verb:set package 'lidar_camera_projection' build argument 'catkin_cmake_args' from command line to 'None'
[0.974s] Level 5:colcon.colcon_core.verb:set package 'lidar_camera_projection' build argument 'catkin_skip_building_tests' from command line to 'False'
[0.974s] DEBUG:colcon.colcon_core.verb:Building package 'lidar_camera_projection' with the following arguments: {'ament_cmake_args': None, 'build_base': '/home/chalin/dev_ws/build/lidar_camera_projection', 'catkin_cmake_args': None, 'catkin_skip_building_tests': False, 'cmake_args': None, 'cmake_clean_cache': False, 'cmake_clean_first': False, 'cmake_force_configure': False, 'cmake_target': None, 'cmake_target_skip_unavailable': False, 'install_base': '/home/chalin/dev_ws/install/lidar_camera_projection', 'merge_install': False, 'path': '/home/chalin/dev_ws/src/lidar_camera_projection', 'symlink_install': False, 'test_result_base': None}
[0.974s] INFO:colcon.colcon_core.executor:Executing jobs using 'parallel' executor
[0.976s] DEBUG:colcon.colcon_parallel_executor.executor.parallel:run_until_complete
[0.977s] INFO:colcon.colcon_ros.task.ament_python.build:Building ROS package in '/home/chalin/dev_ws/src/lidar_camera_projection' with build type 'ament_python'
[0.977s] Level 1:colcon.colcon_core.shell:create_environment_hook('lidar_camera_projection', 'ament_prefix_path')
[0.981s] INFO:colcon.colcon_core.plugin_system:Skipping extension 'colcon_core.shell.bat': Not used on non-Windows systems
[0.983s] INFO:colcon.colcon_core.shell:Creating environment hook '/home/chalin/dev_ws/install/lidar_camera_projection/share/lidar_camera_projection/hook/ament_prefix_path.ps1'
[0.984s] INFO:colcon.colcon_core.shell:Creating environment descriptor '/home/chalin/dev_ws/install/lidar_camera_projection/share/lidar_camera_projection/hook/ament_prefix_path.dsv'
[0.985s] INFO:colcon.colcon_core.shell:Creating environment hook '/home/chalin/dev_ws/install/lidar_camera_projection/share/lidar_camera_projection/hook/ament_prefix_path.sh'
[0.986s] INFO:colcon.colcon_core.shell:Skip shell extension 'powershell' for command environment: Not usable outside of PowerShell
[0.987s] DEBUG:colcon.colcon_core.shell:Skip shell extension 'dsv' for command environment
[1.735s] INFO:colcon.colcon_core.task.python.build:Building Python package in '/home/chalin/dev_ws/src/lidar_camera_projection'
[1.735s] INFO:colcon.colcon_core.shell:Skip shell extension 'powershell' for command environment: Not usable outside of PowerShell
[1.736s] DEBUG:colcon.colcon_core.shell:Skip shell extension 'dsv' for command environment
[3.341s] DEBUG:colcon.colcon_core.event_handler.log_command:Invoking command in '/home/chalin/dev_ws/src/lidar_camera_projection': PYTHONPATH=/home/chalin/dev_ws/build/lidar_camera_projection/prefix_override:/usr/lib/python3/dist-packages/colcon_core/task/python/colcon_distutils_commands:/home/chalin/dev_ws/install/lidar_camera_projection/lib/python3.12/site-packages:${PYTHONPATH} /usr/bin/python3 -W ignore:setup.py install is deprecated -W ignore:easy_install command is deprecated setup.py egg_info --egg-base ../../build/lidar_camera_projection build --build-base /home/chalin/dev_ws/build/lidar_camera_projection/build install --record /home/chalin/dev_ws/build/lidar_camera_projection/install.log --single-version-externally-managed install_data
[4.755s] DEBUG:colcon.colcon_core.event_handler.log_command:Invoked command in '/home/chalin/dev_ws/src/lidar_camera_projection' returned '0': PYTHONPATH=/home/chalin/dev_ws/build/lidar_camera_projection/prefix_override:/usr/lib/python3/dist-packages/colcon_core/task/python/colcon_distutils_commands:/home/chalin/dev_ws/install/lidar_camera_projection/lib/python3.12/site-packages:${PYTHONPATH} /usr/bin/python3 -W ignore:setup.py install is deprecated -W ignore:easy_install command is deprecated setup.py egg_info --egg-base ../../build/lidar_camera_projection build --build-base /home/chalin/dev_ws/build/lidar_camera_projection/build install --record /home/chalin/dev_ws/build/lidar_camera_projection/install.log --single-version-externally-managed install_data
[4.758s] Level 1:colcon.colcon_core.environment:checking '/home/chalin/dev_ws/install/lidar_camera_projection' for CMake module files
[4.759s] Level 1:colcon.colcon_core.environment:checking '/home/chalin/dev_ws/install/lidar_camera_projection' for CMake config files
[4.761s] Level 1:colcon.colcon_core.environment:checking '/home/chalin/dev_ws/install/lidar_camera_projection/lib'
[4.762s] Level 1:colcon.colcon_core.environment:checking '/home/chalin/dev_ws/install/lidar_camera_projection/bin'
[4.763s] Level 1:colcon.colcon_core.environment:checking '/home/chalin/dev_ws/install/lidar_camera_projection/lib/pkgconfig/lidar_camera_projection.pc'
[4.764s] Level 1:colcon.colcon_core.environment:checking '/home/chalin/dev_ws/install/lidar_camera_projection/lib/python3.12/site-packages'
[4.765s] Level 1:colcon.colcon_core.shell:create_environment_hook('lidar_camera_projection', 'pythonpath')
[4.765s] INFO:colcon.colcon_core.shell:Creating environment hook '/home/chalin/dev_ws/install/lidar_camera_projection/share/lidar_camera_projection/hook/pythonpath.ps1'
[4.769s] INFO:colcon.colcon_core.shell:Creating environment descriptor '/home/chalin/dev_ws/install/lidar_camera_projection/share/lidar_camera_projection/hook/pythonpath.dsv'
[4.770s] INFO:colcon.colcon_core.shell:Creating environment hook '/home/chalin/dev_ws/install/lidar_camera_projection/share/lidar_camera_projection/hook/pythonpath.sh'
[4.773s] Level 1:colcon.colcon_core.environment:checking '/home/chalin/dev_ws/install/lidar_camera_projection/bin'
[4.773s] Level 1:colcon.colcon_core.environment:create_environment_scripts_only(lidar_camera_projection)
[4.774s] INFO:colcon.colcon_core.shell:Creating package script '/home/chalin/dev_ws/install/lidar_camera_projection/share/lidar_camera_projection/package.ps1'
[4.776s] INFO:colcon.colcon_core.shell:Creating package descriptor '/home/chalin/dev_ws/install/lidar_camera_projection/share/lidar_camera_projection/package.dsv'
[4.778s] INFO:colcon.colcon_core.shell:Creating package script '/home/chalin/dev_ws/install/lidar_camera_projection/share/lidar_camera_projection/package.sh'
[4.782s] INFO:colcon.colcon_core.shell:Creating package script '/home/chalin/dev_ws/install/lidar_camera_projection/share/lidar_camera_projection/package.bash'
[4.785s] INFO:colcon.colcon_core.shell:Creating package script '/home/chalin/dev_ws/install/lidar_camera_projection/share/lidar_camera_projection/package.zsh'
[4.787s] Level 1:colcon.colcon_core.environment:create_file_with_runtime_dependencies(/home/chalin/dev_ws/install/lidar_camera_projection/share/colcon-core/packages/lidar_camera_projection)
[4.789s] DEBUG:colcon.colcon_parallel_executor.executor.parallel:closing loop
[4.789s] DEBUG:colcon.colcon_parallel_executor.executor.parallel:loop closed
[4.789s] DEBUG:colcon.colcon_parallel_executor.executor.parallel:run_until_complete finished with '0'
[4.790s] DEBUG:colcon.colcon_core.event_reactor:joining thread
[4.936s] INFO:colcon.colcon_core.plugin_system:Skipping extension 'colcon_notification.desktop_notification.notify_send': Could not find 'notify-send'
[4.936s] INFO:colcon.colcon_core.plugin_system:Skipping extension 'colcon_notification.desktop_notification.terminal_notifier': Not used on non-Darwin systems
[4.937s] INFO:colcon.colcon_core.plugin_system:Skipping extension 'colcon_notification.desktop_notification.win32': Not used on non-Windows systems
[4.937s] INFO:colcon.colcon_notification.desktop_notification:Sending desktop notification using 'notify2'
[4.939s] DEBUG:colcon.colcon_notification.desktop_notification.notify2:Failed to initialize notify2: org.freedesktop.DBus.Error.ServiceUnknown: The name org.freedesktop.Notifications was not provided by any .service files
[4.939s] DEBUG:colcon.colcon_core.event_reactor:joined thread
[4.940s] INFO:colcon.colcon_core.shell:Creating prefix script '/home/chalin/dev_ws/install/local_setup.ps1'
[4.942s] INFO:colcon.colcon_core.shell:Creating prefix util module '/home/chalin/dev_ws/install/_local_setup_util_ps1.py'
[4.945s] INFO:colcon.colcon_core.shell:Creating prefix chain script '/home/chalin/dev_ws/install/setup.ps1'
[4.947s] INFO:colcon.colcon_core.shell:Creating prefix script '/home/chalin/dev_ws/install/local_setup.sh'
[4.948s] INFO:colcon.colcon_core.shell:Creating prefix util module '/home/chalin/dev_ws/install/_local_setup_util_sh.py'
[4.951s] INFO:colcon.colcon_core.shell:Creating prefix chain script '/home/chalin/dev_ws/install/setup.sh'
[4.953s] INFO:colcon.colcon_core.shell:Creating prefix script '/home/chalin/dev_ws/install/local_setup.bash'
[4.955s] INFO:colcon.colcon_core.shell:Creating prefix chain script '/home/chalin/dev_ws/install/setup.bash'
[4.958s] INFO:colcon.colcon_core.shell:Creating prefix script '/home/chalin/dev_ws/install/local_setup.zsh'
[4.959s] INFO:colcon.colcon_core.shell:Creating prefix chain script '/home/chalin/dev_ws/install/setup.zsh'
