[5.541s] Invoking command in '/home/chalin/dev_ws/src/ball_tracker': PYTHONPATH=/home/chalin/dev_ws/build/ball_tracker/prefix_override:/usr/lib/python3/dist-packages/colcon_core/task/python/colcon_distutils_commands:/home/chalin/dev_ws/install/ball_tracker/lib/python3.12/site-packages:${PYTHONPATH} /usr/bin/python3 -W ignore:setup.py install is deprecated -W ignore:easy_install command is deprecated setup.py egg_info --egg-base ../../build/ball_tracker build --build-base /home/chalin/dev_ws/build/ball_tracker/build install --record /home/chalin/dev_ws/build/ball_tracker/install.log --install-scripts $base/lib/ball_tracker --single-version-externally-managed install_data
[6.107s] /usr/lib/python3/dist-packages/setuptools/dist.py:744: SetuptoolsDeprecationWarning: Invalid dash-separated options
[6.107s] !!
[6.107s] 
[6.108s]         ********************************************************************************
[6.109s]         Usage of dash-separated 'script-dir' will not be supported in future
[6.110s]         versions. Please use the underscore name 'script_dir' instead.
[6.110s] 
[6.110s]         This deprecation is overdue, please update your project and remove deprecated
[6.110s]         calls to avoid build errors in the future.
[6.110s] 
[6.110s]         See https://setuptools.pypa.io/en/latest/userguide/declarative_config.html for details.
[6.111s]         ********************************************************************************
[6.111s] 
[6.111s] !!
[6.111s]   opt = self.warn_dash_deprecation(opt, section)
[6.546s] running egg_info
[6.633s] writing ../../build/ball_tracker/ball_tracker.egg-info/PKG-INFO
[6.638s] writing dependency_links to ../../build/ball_tracker/ball_tracker.egg-info/dependency_links.txt
[6.640s] writing entry points to ../../build/ball_tracker/ball_tracker.egg-info/entry_points.txt
[6.641s] writing requirements to ../../build/ball_tracker/ball_tracker.egg-info/requires.txt
[6.642s] writing top-level names to ../../build/ball_tracker/ball_tracker.egg-info/top_level.txt
[6.798s] reading manifest file '../../build/ball_tracker/ball_tracker.egg-info/SOURCES.txt'
[6.803s] writing manifest file '../../build/ball_tracker/ball_tracker.egg-info/SOURCES.txt'
[6.803s] running build
[6.803s] running build_py
[6.803s] copying ball_tracker/3D_construction.py -> /home/chalin/dev_ws/build/ball_tracker/build/lib/ball_tracker
[6.808s] running install
[6.833s] running install_lib
[6.915s] copying /home/chalin/dev_ws/build/ball_tracker/build/lib/ball_tracker/3D_construction.py -> /home/chalin/dev_ws/install/ball_tracker/lib/python3.12/site-packages/ball_tracker
[6.924s] byte-compiling /home/chalin/dev_ws/install/ball_tracker/lib/python3.12/site-packages/ball_tracker/3D_construction.py to 3D_construction.cpython-312.pyc
[6.940s] running install_data
[6.942s] running install_egg_info
[7.029s] removing '/home/chalin/dev_ws/install/ball_tracker/lib/python3.12/site-packages/ball_tracker-0.0.0-py3.12.egg-info' (and everything under it)
[7.036s] Copying ../../build/ball_tracker/ball_tracker.egg-info to /home/chalin/dev_ws/install/ball_tracker/lib/python3.12/site-packages/ball_tracker-0.0.0-py3.12.egg-info
[7.042s] running install_scripts
[7.541s] Installing 3D_contruct script to /home/chalin/dev_ws/install/ball_tracker/lib/ball_tracker
[7.543s] Installing detect_ball script to /home/chalin/dev_ws/install/ball_tracker/lib/ball_tracker
[7.545s] Installing detect_ball_3d script to /home/chalin/dev_ws/install/ball_tracker/lib/ball_tracker
[7.545s] Installing follow_ball script to /home/chalin/dev_ws/install/ball_tracker/lib/ball_tracker
[7.547s] Installing lidar_camera script to /home/chalin/dev_ws/install/ball_tracker/lib/ball_tracker
[7.550s] writing list of installed files to '/home/chalin/dev_ws/build/ball_tracker/install.log'
[7.749s] Invoked command in '/home/chalin/dev_ws/src/ball_tracker' returned '0': PYTHONPATH=/home/chalin/dev_ws/build/ball_tracker/prefix_override:/usr/lib/python3/dist-packages/colcon_core/task/python/colcon_distutils_commands:/home/chalin/dev_ws/install/ball_tracker/lib/python3.12/site-packages:${PYTHONPATH} /usr/bin/python3 -W ignore:setup.py install is deprecated -W ignore:easy_install command is deprecated setup.py egg_info --egg-base ../../build/ball_tracker build --build-base /home/chalin/dev_ws/build/ball_tracker/build install --record /home/chalin/dev_ws/build/ball_tracker/install.log --install-scripts $base/lib/ball_tracker --single-version-externally-managed install_data
