[1.374s] DEBUG:colcon:Command line arguments: ['/usr/bin/colcon', 'build', '--packages-select', 'lidar_camera_projection']
[1.375s] DEBUG:colcon:Parsed command line arguments: Namespace(log_base=None, log_level=None, verb_name='build', build_base='build', install_base='install', merge_install=False, symlink_install=False, test_result_base=None, continue_on_error=False, executor='parallel', parallel_workers=8, event_handlers=None, ignore_user_meta=False, metas=['./colcon.meta'], base_paths=['.'], packages_ignore=None, packages_ignore_regex=None, paths=None, packages_up_to=None, packages_up_to_regex=None, packages_above=None, packages_above_and_dependencies=None, packages_above_depth=None, packages_select_by_dep=None, packages_skip_by_dep=None, packages_skip_up_to=None, packages_select_build_failed=False, packages_skip_build_finished=False, packages_select_test_failures=False, packages_skip_test_passed=False, packages_select=['lidar_camera_projection'], packages_skip=None, packages_select_regex=None, packages_skip_regex=None, packages_start=None, packages_end=None, allow_overriding=[], cmake_args=None, cmake_target=None, cmake_target_skip_unavailable=False, cmake_clean_cache=False, cmake_clean_first=False, cmake_force_configure=False, ament_cmake_args=None, catkin_cmake_args=None, catkin_skip_building_tests=False, mixin_files=None, mixin=None, verb_parser=<colcon_mixin.mixin.mixin_argument.MixinArgumentDecorator object at 0x7f12773e6d80>, verb_extension=<colcon_core.verb.build.BuildVerb object at 0x7f12773e6720>, main=<bound method BuildVerb.main of <colcon_core.verb.build.BuildVerb object at 0x7f12773e6720>>, mixin_verb=('build',))
[1.835s] Level 1:colcon.colcon_core.package_discovery:discover_packages(colcon_meta) check parameters
[1.835s] Level 1:colcon.colcon_core.package_discovery:discover_packages(recursive) check parameters
[1.835s] Level 1:colcon.colcon_core.package_discovery:discover_packages(ignore) check parameters
[1.835s] Level 1:colcon.colcon_core.package_discovery:discover_packages(path) check parameters
[1.835s] Level 1:colcon.colcon_core.package_discovery:discover_packages(colcon_meta) discover
[1.836s] Level 1:colcon.colcon_core.package_discovery:discover_packages(recursive) discover
[1.836s] INFO:colcon.colcon_core.package_discovery:Crawling recursively for packages in '/home/chalin/dev_ws'
[1.837s] Level 1:colcon.colcon_core.package_identification:_identify(.) by extensions ['ignore', 'ignore_ament_install']
[1.837s] Level 1:colcon.colcon_core.package_identification:_identify(.) by extension 'ignore'
[1.837s] Level 1:colcon.colcon_core.package_identification:_identify(.) by extension 'ignore_ament_install'
[1.838s] Level 1:colcon.colcon_core.package_identification:_identify(.) by extensions ['colcon_pkg']
[1.838s] Level 1:colcon.colcon_core.package_identification:_identify(.) by extension 'colcon_pkg'
[1.839s] Level 1:colcon.colcon_core.package_identification:_identify(.) by extensions ['colcon_meta']
[1.839s] Level 1:colcon.colcon_core.package_identification:_identify(.) by extension 'colcon_meta'
[1.839s] Level 1:colcon.colcon_core.package_identification:_identify(.) by extensions ['ros']
[1.839s] Level 1:colcon.colcon_core.package_identification:_identify(.) by extension 'ros'
[2.070s] Level 1:colcon.colcon_core.package_identification:_identify(.) by extensions ['cmake', 'python']
[2.071s] Level 1:colcon.colcon_core.package_identification:_identify(.) by extension 'cmake'
[2.071s] Level 1:colcon.colcon_core.package_identification:_identify(.) by extension 'python'
[2.071s] Level 1:colcon.colcon_core.package_identification:_identify(.) by extensions ['python_setup_py']
[2.071s] Level 1:colcon.colcon_core.package_identification:_identify(.) by extension 'python_setup_py'
[2.071s] Level 1:colcon.colcon_core.package_identification:_identify(build) by extensions ['ignore', 'ignore_ament_install']
[2.072s] Level 1:colcon.colcon_core.package_identification:_identify(build) by extension 'ignore'
[2.072s] Level 1:colcon.colcon_core.package_identification:_identify(build) ignored
[2.072s] Level 1:colcon.colcon_core.package_identification:_identify(install) by extensions ['ignore', 'ignore_ament_install']
[2.083s] Level 1:colcon.colcon_core.package_identification:_identify(install) by extension 'ignore'
[2.086s] Level 1:colcon.colcon_core.package_identification:_identify(install) ignored
[2.087s] Level 1:colcon.colcon_core.package_identification:_identify(log) by extensions ['ignore', 'ignore_ament_install']
[2.087s] Level 1:colcon.colcon_core.package_identification:_identify(log) by extension 'ignore'
[2.090s] Level 1:colcon.colcon_core.package_identification:_identify(log) ignored
[2.090s] Level 1:colcon.colcon_core.package_identification:_identify(src) by extensions ['ignore', 'ignore_ament_install']
[2.090s] Level 1:colcon.colcon_core.package_identification:_identify(src) by extension 'ignore'
[2.091s] Level 1:colcon.colcon_core.package_identification:_identify(src) by extension 'ignore_ament_install'
[2.091s] Level 1:colcon.colcon_core.package_identification:_identify(src) by extensions ['colcon_pkg']
[2.091s] Level 1:colcon.colcon_core.package_identification:_identify(src) by extension 'colcon_pkg'
[2.091s] Level 1:colcon.colcon_core.package_identification:_identify(src) by extensions ['colcon_meta']
[2.092s] Level 1:colcon.colcon_core.package_identification:_identify(src) by extension 'colcon_meta'
[2.092s] Level 1:colcon.colcon_core.package_identification:_identify(src) by extensions ['ros']
[2.092s] Level 1:colcon.colcon_core.package_identification:_identify(src) by extension 'ros'
[2.092s] Level 1:colcon.colcon_core.package_identification:_identify(src) by extensions ['cmake', 'python']
[2.093s] Level 1:colcon.colcon_core.package_identification:_identify(src) by extension 'cmake'
[2.093s] Level 1:colcon.colcon_core.package_identification:_identify(src) by extension 'python'
[2.108s] Level 1:colcon.colcon_core.package_identification:_identify(src) by extensions ['python_setup_py']
[2.109s] Level 1:colcon.colcon_core.package_identification:_identify(src) by extension 'python_setup_py'
[2.109s] Level 1:colcon.colcon_core.package_identification:_identify(src/e_dollyv2) by extensions ['ignore', 'ignore_ament_install']
[2.110s] Level 1:colcon.colcon_core.package_identification:_identify(src/e_dollyv2) by extension 'ignore'
[2.110s] Level 1:colcon.colcon_core.package_identification:_identify(src/e_dollyv2) by extension 'ignore_ament_install'
[2.110s] Level 1:colcon.colcon_core.package_identification:_identify(src/e_dollyv2) by extensions ['colcon_pkg']
[2.110s] Level 1:colcon.colcon_core.package_identification:_identify(src/e_dollyv2) by extension 'colcon_pkg'
[2.111s] Level 1:colcon.colcon_core.package_identification:_identify(src/e_dollyv2) by extensions ['colcon_meta']
[2.111s] Level 1:colcon.colcon_core.package_identification:_identify(src/e_dollyv2) by extension 'colcon_meta'
[2.111s] Level 1:colcon.colcon_core.package_identification:_identify(src/e_dollyv2) by extensions ['ros']
[2.111s] Level 1:colcon.colcon_core.package_identification:_identify(src/e_dollyv2) by extension 'ros'
[2.124s] DEBUG:colcon.colcon_core.package_identification:Package 'src/e_dollyv2' with type 'ros.ament_cmake' and name 'e_dollyv2'
[2.124s] Level 1:colcon.colcon_core.package_identification:_identify(src/lidar_camera_projection) by extensions ['ignore', 'ignore_ament_install']
[2.125s] Level 1:colcon.colcon_core.package_identification:_identify(src/lidar_camera_projection) by extension 'ignore'
[2.125s] Level 1:colcon.colcon_core.package_identification:_identify(src/lidar_camera_projection) by extension 'ignore_ament_install'
[2.125s] Level 1:colcon.colcon_core.package_identification:_identify(src/lidar_camera_projection) by extensions ['colcon_pkg']
[2.126s] Level 1:colcon.colcon_core.package_identification:_identify(src/lidar_camera_projection) by extension 'colcon_pkg'
[2.126s] Level 1:colcon.colcon_core.package_identification:_identify(src/lidar_camera_projection) by extensions ['colcon_meta']
[2.126s] Level 1:colcon.colcon_core.package_identification:_identify(src/lidar_camera_projection) by extension 'colcon_meta'
[2.126s] Level 1:colcon.colcon_core.package_identification:_identify(src/lidar_camera_projection) by extensions ['ros']
[2.126s] Level 1:colcon.colcon_core.package_identification:_identify(src/lidar_camera_projection) by extension 'ros'
[2.128s] DEBUG:colcon.colcon_core.package_identification:Package 'src/lidar_camera_projection' with type 'ros.ament_python' and name 'lidar_camera_projection'
[2.128s] Level 1:colcon.colcon_core.package_identification:_identify(src/nav2_gradient_costmap_plugin) by extensions ['ignore', 'ignore_ament_install']
[2.128s] Level 1:colcon.colcon_core.package_identification:_identify(src/nav2_gradient_costmap_plugin) by extension 'ignore'
[2.129s] Level 1:colcon.colcon_core.package_identification:_identify(src/nav2_gradient_costmap_plugin) by extension 'ignore_ament_install'
[2.129s] Level 1:colcon.colcon_core.package_identification:_identify(src/nav2_gradient_costmap_plugin) by extensions ['colcon_pkg']
[2.129s] Level 1:colcon.colcon_core.package_identification:_identify(src/nav2_gradient_costmap_plugin) by extension 'colcon_pkg'
[2.130s] Level 1:colcon.colcon_core.package_identification:_identify(src/nav2_gradient_costmap_plugin) by extensions ['colcon_meta']
[2.130s] Level 1:colcon.colcon_core.package_identification:_identify(src/nav2_gradient_costmap_plugin) by extension 'colcon_meta'
[2.130s] Level 1:colcon.colcon_core.package_identification:_identify(src/nav2_gradient_costmap_plugin) by extensions ['ros']
[2.130s] Level 1:colcon.colcon_core.package_identification:_identify(src/nav2_gradient_costmap_plugin) by extension 'ros'
[2.160s] DEBUG:colcon.colcon_core.package_identification:Package 'src/nav2_gradient_costmap_plugin' with type 'ros.ament_cmake' and name 'nav2_gradient_costmap_plugin'
[2.160s] Level 1:colcon.colcon_core.package_discovery:discover_packages(recursive) using defaults
[2.161s] Level 1:colcon.colcon_core.package_discovery:discover_packages(ignore) discover
[2.161s] Level 1:colcon.colcon_core.package_discovery:discover_packages(ignore) using defaults
[2.161s] Level 1:colcon.colcon_core.package_discovery:discover_packages(path) discover
[2.161s] Level 1:colcon.colcon_core.package_discovery:discover_packages(path) using defaults
[2.311s] INFO:colcon.colcon_core.package_selection:Skipping not selected package 'e_dollyv2' in 'src/e_dollyv2'
[2.312s] INFO:colcon.colcon_core.package_selection:Skipping not selected package 'nav2_gradient_costmap_plugin' in 'src/nav2_gradient_costmap_plugin'
[2.314s] Level 1:colcon.colcon_core.package_discovery:discover_packages(prefix_path) check parameters
[2.314s] Level 1:colcon.colcon_core.package_discovery:discover_packages(prefix_path) discover
[2.403s] DEBUG:colcon.colcon_installed_package_information.package_discovery:Found 420 installed packages in /opt/ros/jazzy
[2.414s] Level 1:colcon.colcon_core.package_discovery:discover_packages(prefix_path) using defaults
[2.687s] Level 5:colcon.colcon_core.verb:set package 'lidar_camera_projection' build argument 'cmake_args' from command line to 'None'
[2.688s] Level 5:colcon.colcon_core.verb:set package 'lidar_camera_projection' build argument 'cmake_target' from command line to 'None'
[2.688s] Level 5:colcon.colcon_core.verb:set package 'lidar_camera_projection' build argument 'cmake_target_skip_unavailable' from command line to 'False'
[2.688s] Level 5:colcon.colcon_core.verb:set package 'lidar_camera_projection' build argument 'cmake_clean_cache' from command line to 'False'
[2.688s] Level 5:colcon.colcon_core.verb:set package 'lidar_camera_projection' build argument 'cmake_clean_first' from command line to 'False'
[2.688s] Level 5:colcon.colcon_core.verb:set package 'lidar_camera_projection' build argument 'cmake_force_configure' from command line to 'False'
[2.688s] Level 5:colcon.colcon_core.verb:set package 'lidar_camera_projection' build argument 'ament_cmake_args' from command line to 'None'
[2.689s] Level 5:colcon.colcon_core.verb:set package 'lidar_camera_projection' build argument 'catkin_cmake_args' from command line to 'None'
[2.689s] Level 5:colcon.colcon_core.verb:set package 'lidar_camera_projection' build argument 'catkin_skip_building_tests' from command line to 'False'
[2.689s] DEBUG:colcon.colcon_core.verb:Building package 'lidar_camera_projection' with the following arguments: {'ament_cmake_args': None, 'build_base': '/home/chalin/dev_ws/build/lidar_camera_projection', 'catkin_cmake_args': None, 'catkin_skip_building_tests': False, 'cmake_args': None, 'cmake_clean_cache': False, 'cmake_clean_first': False, 'cmake_force_configure': False, 'cmake_target': None, 'cmake_target_skip_unavailable': False, 'install_base': '/home/chalin/dev_ws/install/lidar_camera_projection', 'merge_install': False, 'path': '/home/chalin/dev_ws/src/lidar_camera_projection', 'symlink_install': False, 'test_result_base': None}
[2.695s] INFO:colcon.colcon_core.executor:Executing jobs using 'parallel' executor
[2.697s] DEBUG:colcon.colcon_parallel_executor.executor.parallel:run_until_complete
[2.701s] INFO:colcon.colcon_ros.task.ament_python.build:Building ROS package in '/home/chalin/dev_ws/src/lidar_camera_projection' with build type 'ament_python'
[2.719s] Level 1:colcon.colcon_core.shell:create_environment_hook('lidar_camera_projection', 'ament_prefix_path')
[2.767s] INFO:colcon.colcon_core.plugin_system:Skipping extension 'colcon_core.shell.bat': Not used on non-Windows systems
[2.772s] INFO:colcon.colcon_core.shell:Creating environment hook '/home/chalin/dev_ws/install/lidar_camera_projection/share/lidar_camera_projection/hook/ament_prefix_path.ps1'
[2.788s] INFO:colcon.colcon_core.shell:Creating environment descriptor '/home/chalin/dev_ws/install/lidar_camera_projection/share/lidar_camera_projection/hook/ament_prefix_path.dsv'
[2.797s] INFO:colcon.colcon_core.shell:Creating environment hook '/home/chalin/dev_ws/install/lidar_camera_projection/share/lidar_camera_projection/hook/ament_prefix_path.sh'
[2.805s] INFO:colcon.colcon_core.shell:Skip shell extension 'powershell' for command environment: Not usable outside of PowerShell
[2.808s] DEBUG:colcon.colcon_core.shell:Skip shell extension 'dsv' for command environment
[4.482s] INFO:colcon.colcon_core.task.python.build:Building Python package in '/home/chalin/dev_ws/src/lidar_camera_projection'
[4.482s] INFO:colcon.colcon_core.shell:Skip shell extension 'powershell' for command environment: Not usable outside of PowerShell
[4.482s] DEBUG:colcon.colcon_core.shell:Skip shell extension 'dsv' for command environment
[10.377s] DEBUG:colcon.colcon_core.event_handler.log_command:Invoking command in '/home/chalin/dev_ws/src/lidar_camera_projection': PYTHONPATH=/home/chalin/dev_ws/build/lidar_camera_projection/prefix_override:/usr/lib/python3/dist-packages/colcon_core/task/python/colcon_distutils_commands:/home/chalin/dev_ws/install/lidar_camera_projection/lib/python3.12/site-packages:${PYTHONPATH} /usr/bin/python3 -W ignore:setup.py install is deprecated -W ignore:easy_install command is deprecated setup.py egg_info --egg-base ../../build/lidar_camera_projection build --build-base /home/chalin/dev_ws/build/lidar_camera_projection/build install --record /home/chalin/dev_ws/build/lidar_camera_projection/install.log --single-version-externally-managed install_data
[14.197s] DEBUG:colcon.colcon_core.event_handler.log_command:Invoked command in '/home/chalin/dev_ws/src/lidar_camera_projection' returned '0': PYTHONPATH=/home/chalin/dev_ws/build/lidar_camera_projection/prefix_override:/usr/lib/python3/dist-packages/colcon_core/task/python/colcon_distutils_commands:/home/chalin/dev_ws/install/lidar_camera_projection/lib/python3.12/site-packages:${PYTHONPATH} /usr/bin/python3 -W ignore:setup.py install is deprecated -W ignore:easy_install command is deprecated setup.py egg_info --egg-base ../../build/lidar_camera_projection build --build-base /home/chalin/dev_ws/build/lidar_camera_projection/build install --record /home/chalin/dev_ws/build/lidar_camera_projection/install.log --single-version-externally-managed install_data
[14.219s] Level 1:colcon.colcon_core.environment:checking '/home/chalin/dev_ws/install/lidar_camera_projection' for CMake module files
[14.220s] Level 1:colcon.colcon_core.environment:checking '/home/chalin/dev_ws/install/lidar_camera_projection' for CMake config files
[14.222s] Level 1:colcon.colcon_core.environment:checking '/home/chalin/dev_ws/install/lidar_camera_projection/lib'
[14.222s] Level 1:colcon.colcon_core.environment:checking '/home/chalin/dev_ws/install/lidar_camera_projection/bin'
[14.222s] Level 1:colcon.colcon_core.environment:checking '/home/chalin/dev_ws/install/lidar_camera_projection/lib/pkgconfig/lidar_camera_projection.pc'
[14.223s] Level 1:colcon.colcon_core.environment:checking '/home/chalin/dev_ws/install/lidar_camera_projection/lib/python3.12/site-packages'
[14.223s] Level 1:colcon.colcon_core.shell:create_environment_hook('lidar_camera_projection', 'pythonpath')
[14.223s] INFO:colcon.colcon_core.shell:Creating environment hook '/home/chalin/dev_ws/install/lidar_camera_projection/share/lidar_camera_projection/hook/pythonpath.ps1'
[14.224s] INFO:colcon.colcon_core.shell:Creating environment descriptor '/home/chalin/dev_ws/install/lidar_camera_projection/share/lidar_camera_projection/hook/pythonpath.dsv'
[14.225s] INFO:colcon.colcon_core.shell:Creating environment hook '/home/chalin/dev_ws/install/lidar_camera_projection/share/lidar_camera_projection/hook/pythonpath.sh'
[14.226s] Level 1:colcon.colcon_core.environment:checking '/home/chalin/dev_ws/install/lidar_camera_projection/bin'
[14.226s] Level 1:colcon.colcon_core.environment:create_environment_scripts_only(lidar_camera_projection)
[14.227s] INFO:colcon.colcon_core.shell:Creating package script '/home/chalin/dev_ws/install/lidar_camera_projection/share/lidar_camera_projection/package.ps1'
[14.234s] INFO:colcon.colcon_core.shell:Creating package descriptor '/home/chalin/dev_ws/install/lidar_camera_projection/share/lidar_camera_projection/package.dsv'
[14.247s] INFO:colcon.colcon_core.shell:Creating package script '/home/chalin/dev_ws/install/lidar_camera_projection/share/lidar_camera_projection/package.sh'
[14.252s] INFO:colcon.colcon_core.shell:Creating package script '/home/chalin/dev_ws/install/lidar_camera_projection/share/lidar_camera_projection/package.bash'
[14.256s] INFO:colcon.colcon_core.shell:Creating package script '/home/chalin/dev_ws/install/lidar_camera_projection/share/lidar_camera_projection/package.zsh'
[14.264s] Level 1:colcon.colcon_core.environment:create_file_with_runtime_dependencies(/home/chalin/dev_ws/install/lidar_camera_projection/share/colcon-core/packages/lidar_camera_projection)
[14.269s] DEBUG:colcon.colcon_parallel_executor.executor.parallel:closing loop
[14.270s] DEBUG:colcon.colcon_parallel_executor.executor.parallel:loop closed
[14.270s] DEBUG:colcon.colcon_parallel_executor.executor.parallel:run_until_complete finished with '0'
[14.270s] DEBUG:colcon.colcon_core.event_reactor:joining thread
[14.505s] INFO:colcon.colcon_core.plugin_system:Skipping extension 'colcon_notification.desktop_notification.notify_send': Could not find 'notify-send'
[14.505s] INFO:colcon.colcon_core.plugin_system:Skipping extension 'colcon_notification.desktop_notification.terminal_notifier': Not used on non-Darwin systems
[14.505s] INFO:colcon.colcon_core.plugin_system:Skipping extension 'colcon_notification.desktop_notification.win32': Not used on non-Windows systems
[14.506s] INFO:colcon.colcon_notification.desktop_notification:Sending desktop notification using 'notify2'
[14.527s] DEBUG:colcon.colcon_notification.desktop_notification.notify2:Failed to initialize notify2: org.freedesktop.DBus.Error.ServiceUnknown: The name org.freedesktop.Notifications was not provided by any .service files
[14.527s] DEBUG:colcon.colcon_core.event_reactor:joined thread
[14.528s] INFO:colcon.colcon_core.shell:Creating prefix script '/home/chalin/dev_ws/install/local_setup.ps1'
[14.531s] INFO:colcon.colcon_core.shell:Creating prefix util module '/home/chalin/dev_ws/install/_local_setup_util_ps1.py'
[14.535s] INFO:colcon.colcon_core.shell:Creating prefix chain script '/home/chalin/dev_ws/install/setup.ps1'
[14.539s] INFO:colcon.colcon_core.shell:Creating prefix script '/home/chalin/dev_ws/install/local_setup.sh'
[14.541s] INFO:colcon.colcon_core.shell:Creating prefix util module '/home/chalin/dev_ws/install/_local_setup_util_sh.py'
[14.543s] INFO:colcon.colcon_core.shell:Creating prefix chain script '/home/chalin/dev_ws/install/setup.sh'
[14.558s] INFO:colcon.colcon_core.shell:Creating prefix script '/home/chalin/dev_ws/install/local_setup.bash'
[14.563s] INFO:colcon.colcon_core.shell:Creating prefix chain script '/home/chalin/dev_ws/install/setup.bash'
[14.614s] INFO:colcon.colcon_core.shell:Creating prefix script '/home/chalin/dev_ws/install/local_setup.zsh'
[14.617s] INFO:colcon.colcon_core.shell:Creating prefix chain script '/home/chalin/dev_ws/install/setup.zsh'
