[4.287s] Invoking command in '/home/chalin/dev_ws/src/build/ball_tracker': PYTHONPATH=/home/chalin/dev_ws/src/build/ball_tracker/prefix_override:/usr/lib/python3/dist-packages/colcon_core/task/python/colcon_distutils_commands:/home/chalin/dev_ws/src/install/ball_tracker/lib/python3.12/site-packages:${PYTHONPATH} /usr/bin/python3 -W ignore:setup.py install is deprecated -W ignore:easy_install command is deprecated setup.py develop --editable --build-directory /home/chalin/dev_ws/src/build/ball_tracker/build --no-deps symlink_data
[5.072s] /usr/lib/python3/dist-packages/setuptools/dist.py:744: SetuptoolsDeprecationWarning: Invalid dash-separated options
[5.072s] !!
[5.072s] 
[5.073s]         ********************************************************************************
[5.073s]         Usage of dash-separated 'script-dir' will not be supported in future
[5.073s]         versions. Please use the underscore name 'script_dir' instead.
[5.073s] 
[5.073s]         This deprecation is overdue, please update your project and remove deprecated
[5.073s]         calls to avoid build errors in the future.
[5.074s] 
[5.075s]         See https://setuptools.pypa.io/en/latest/userguide/declarative_config.html for details.
[5.075s]         ********************************************************************************
[5.075s] 
[5.076s] !!
[5.076s]   opt = self.warn_dash_deprecation(opt, section)
[5.855s] running develop
[6.809s] running egg_info
[6.883s] writing ball_tracker.egg-info/PKG-INFO
[6.887s] writing dependency_links to ball_tracker.egg-info/dependency_links.txt
[6.890s] writing entry points to ball_tracker.egg-info/entry_points.txt
[6.891s] writing requirements to ball_tracker.egg-info/requires.txt
[6.891s] writing top-level names to ball_tracker.egg-info/top_level.txt
[7.050s] reading manifest file 'ball_tracker.egg-info/SOURCES.txt'
[7.051s] writing manifest file 'ball_tracker.egg-info/SOURCES.txt'
[7.120s] running build_ext
[7.133s] Creating /home/chalin/dev_ws/src/install/ball_tracker/lib/python3.12/site-packages/ball-tracker.egg-link (link to .)
[7.136s] Installing detect_ball script to /home/chalin/dev_ws/src/install/ball_tracker/lib/ball_tracker
[7.138s] Installing detect_ball_3d script to /home/chalin/dev_ws/src/install/ball_tracker/lib/ball_tracker
[7.139s] Installing follow_ball script to /home/chalin/dev_ws/src/install/ball_tracker/lib/ball_tracker
[7.140s] 
[7.140s] Installed /home/chalin/dev_ws/src/build/ball_tracker
[7.140s] running symlink_data
[7.288s] Invoked command in '/home/chalin/dev_ws/src/build/ball_tracker' returned '0': PYTHONPATH=/home/chalin/dev_ws/src/build/ball_tracker/prefix_override:/usr/lib/python3/dist-packages/colcon_core/task/python/colcon_distutils_commands:/home/chalin/dev_ws/src/install/ball_tracker/lib/python3.12/site-packages:${PYTHONPATH} /usr/bin/python3 -W ignore:setup.py install is deprecated -W ignore:easy_install command is deprecated setup.py develop --editable --build-directory /home/chalin/dev_ws/src/build/ball_tracker/build --no-deps symlink_data
