[4.510s] Invoking command in '/home/chalin/dev_ws/src/ball_tracker': PYTHONPATH=/home/chalin/dev_ws/build/ball_tracker/prefix_override:/usr/lib/python3/dist-packages/colcon_core/task/python/colcon_distutils_commands:/home/chalin/dev_ws/install/ball_tracker/lib/python3.12/site-packages:${PYTHONPATH} /usr/bin/python3 -W ignore:setup.py install is deprecated -W ignore:easy_install command is deprecated setup.py egg_info --egg-base ../../build/ball_tracker build --build-base /home/chalin/dev_ws/build/ball_tracker/build install --record /home/chalin/dev_ws/build/ball_tracker/install.log --install-scripts $base/lib/ball_tracker --single-version-externally-managed install_data
[5.653s] /usr/lib/python3/dist-packages/setuptools/dist.py:744: SetuptoolsDeprecationWarning: Invalid dash-separated options
[5.654s] !!
[5.654s] 
[5.654s]         ********************************************************************************
[5.654s]         Usage of dash-separated 'script-dir' will not be supported in future
[5.654s]         versions. Please use the underscore name 'script_dir' instead.
[5.655s] 
[5.655s]         This deprecation is overdue, please update your project and remove deprecated
[5.655s]         calls to avoid build errors in the future.
[5.655s] 
[5.655s]         See https://setuptools.pypa.io/en/latest/userguide/declarative_config.html for details.
[5.656s]         ********************************************************************************
[5.656s] 
[5.656s] !!
[5.656s]   opt = self.warn_dash_deprecation(opt, section)
[6.705s] running egg_info
[6.838s] writing ../../build/ball_tracker/ball_tracker.egg-info/PKG-INFO
[6.838s] writing dependency_links to ../../build/ball_tracker/ball_tracker.egg-info/dependency_links.txt
[6.840s] writing entry points to ../../build/ball_tracker/ball_tracker.egg-info/entry_points.txt
[6.842s] writing requirements to ../../build/ball_tracker/ball_tracker.egg-info/requires.txt
[6.846s] writing top-level names to ../../build/ball_tracker/ball_tracker.egg-info/top_level.txt
[7.112s] reading manifest file '../../build/ball_tracker/ball_tracker.egg-info/SOURCES.txt'
[7.115s] writing manifest file '../../build/ball_tracker/ball_tracker.egg-info/SOURCES.txt'
[7.115s] running build
[7.115s] running build_py
[7.116s] copying ball_tracker/3D_construction.py -> /home/chalin/dev_ws/build/ball_tracker/build/lib/ball_tracker
[7.117s] running install
[7.143s] running install_lib
[7.209s] copying /home/chalin/dev_ws/build/ball_tracker/build/lib/ball_tracker/3D_construction.py -> /home/chalin/dev_ws/install/ball_tracker/lib/python3.12/site-packages/ball_tracker
[7.213s] byte-compiling /home/chalin/dev_ws/install/ball_tracker/lib/python3.12/site-packages/ball_tracker/3D_construction.py to 3D_construction.cpython-312.pyc
[7.226s] running install_data
[7.227s] running install_egg_info
[7.284s] removing '/home/chalin/dev_ws/install/ball_tracker/lib/python3.12/site-packages/ball_tracker-0.0.0-py3.12.egg-info' (and everything under it)
[7.288s] Copying ../../build/ball_tracker/ball_tracker.egg-info to /home/chalin/dev_ws/install/ball_tracker/lib/python3.12/site-packages/ball_tracker-0.0.0-py3.12.egg-info
[7.303s] running install_scripts
[8.040s] Installing 3D_contruct script to /home/chalin/dev_ws/install/ball_tracker/lib/ball_tracker
[8.041s] Installing detect_ball script to /home/chalin/dev_ws/install/ball_tracker/lib/ball_tracker
[8.043s] Installing detect_ball_3d script to /home/chalin/dev_ws/install/ball_tracker/lib/ball_tracker
[8.045s] Installing follow_ball script to /home/chalin/dev_ws/install/ball_tracker/lib/ball_tracker
[8.047s] Installing lidar_camera script to /home/chalin/dev_ws/install/ball_tracker/lib/ball_tracker
[8.052s] writing list of installed files to '/home/chalin/dev_ws/build/ball_tracker/install.log'
[8.328s] Invoked command in '/home/chalin/dev_ws/src/ball_tracker' returned '0': PYTHONPATH=/home/chalin/dev_ws/build/ball_tracker/prefix_override:/usr/lib/python3/dist-packages/colcon_core/task/python/colcon_distutils_commands:/home/chalin/dev_ws/install/ball_tracker/lib/python3.12/site-packages:${PYTHONPATH} /usr/bin/python3 -W ignore:setup.py install is deprecated -W ignore:easy_install command is deprecated setup.py egg_info --egg-base ../../build/ball_tracker build --build-base /home/chalin/dev_ws/build/ball_tracker/build install --record /home/chalin/dev_ws/build/ball_tracker/install.log --install-scripts $base/lib/ball_tracker --single-version-externally-managed install_data
