[3.485s] Invoking command in '/home/chalin/dev_ws/src/ball_tracker': PYTHONPATH=/home/chalin/dev_ws/build/ball_tracker/prefix_override:/usr/lib/python3/dist-packages/colcon_core/task/python/colcon_distutils_commands:/home/chalin/dev_ws/install/ball_tracker/lib/python3.12/site-packages:${PYTHONPATH} /usr/bin/python3 -W ignore:setup.py install is deprecated -W ignore:easy_install command is deprecated setup.py egg_info --egg-base ../../build/ball_tracker build --build-base /home/chalin/dev_ws/build/ball_tracker/build install --record /home/chalin/dev_ws/build/ball_tracker/install.log --install-scripts $base/lib/ball_tracker --single-version-externally-managed install_data
[4.059s] /usr/lib/python3/dist-packages/setuptools/dist.py:744: SetuptoolsDeprecationWarning: Invalid dash-separated options
[4.060s] !!
[4.060s] 
[4.061s]         ********************************************************************************
[4.061s]         Usage of dash-separated 'script-dir' will not be supported in future
[4.061s]         versions. Please use the underscore name 'script_dir' instead.
[4.061s] 
[4.062s]         This deprecation is overdue, please update your project and remove deprecated
[4.062s]         calls to avoid build errors in the future.
[4.062s] 
[4.062s]         See https://setuptools.pypa.io/en/latest/userguide/declarative_config.html for details.
[4.062s]         ********************************************************************************
[4.062s] 
[4.063s] !!
[4.063s]   opt = self.warn_dash_deprecation(opt, section)
[4.630s] running egg_info
[4.738s] writing ../../build/ball_tracker/ball_tracker.egg-info/PKG-INFO
[4.740s] writing dependency_links to ../../build/ball_tracker/ball_tracker.egg-info/dependency_links.txt
[4.742s] writing entry points to ../../build/ball_tracker/ball_tracker.egg-info/entry_points.txt
[4.744s] writing requirements to ../../build/ball_tracker/ball_tracker.egg-info/requires.txt
[4.745s] writing top-level names to ../../build/ball_tracker/ball_tracker.egg-info/top_level.txt
[4.952s] reading manifest file '../../build/ball_tracker/ball_tracker.egg-info/SOURCES.txt'
[4.954s] writing manifest file '../../build/ball_tracker/ball_tracker.egg-info/SOURCES.txt'
[4.954s] running build
[4.955s] running build_py
[4.956s] copying ball_tracker/3D_construction.py -> /home/chalin/dev_ws/build/ball_tracker/build/lib/ball_tracker
[4.972s] running install
[4.998s] running install_lib
[5.113s] copying /home/chalin/dev_ws/build/ball_tracker/build/lib/ball_tracker/3D_construction.py -> /home/chalin/dev_ws/install/ball_tracker/lib/python3.12/site-packages/ball_tracker
[5.113s] byte-compiling /home/chalin/dev_ws/install/ball_tracker/lib/python3.12/site-packages/ball_tracker/3D_construction.py to 3D_construction.cpython-312.pyc
[5.118s] running install_data
[5.119s] running install_egg_info
[5.209s] removing '/home/chalin/dev_ws/install/ball_tracker/lib/python3.12/site-packages/ball_tracker-0.0.0-py3.12.egg-info' (and everything under it)
[5.210s] Copying ../../build/ball_tracker/ball_tracker.egg-info to /home/chalin/dev_ws/install/ball_tracker/lib/python3.12/site-packages/ball_tracker-0.0.0-py3.12.egg-info
[5.222s] running install_scripts
[5.730s] Installing 3D_contruct script to /home/chalin/dev_ws/install/ball_tracker/lib/ball_tracker
[5.732s] Installing detect_ball script to /home/chalin/dev_ws/install/ball_tracker/lib/ball_tracker
[5.739s] Installing detect_ball_3d script to /home/chalin/dev_ws/install/ball_tracker/lib/ball_tracker
[5.741s] Installing follow_ball script to /home/chalin/dev_ws/install/ball_tracker/lib/ball_tracker
[5.745s] Installing lidar_camera script to /home/chalin/dev_ws/install/ball_tracker/lib/ball_tracker
[5.745s] writing list of installed files to '/home/chalin/dev_ws/build/ball_tracker/install.log'
[5.917s] Invoked command in '/home/chalin/dev_ws/src/ball_tracker' returned '0': PYTHONPATH=/home/chalin/dev_ws/build/ball_tracker/prefix_override:/usr/lib/python3/dist-packages/colcon_core/task/python/colcon_distutils_commands:/home/chalin/dev_ws/install/ball_tracker/lib/python3.12/site-packages:${PYTHONPATH} /usr/bin/python3 -W ignore:setup.py install is deprecated -W ignore:easy_install command is deprecated setup.py egg_info --egg-base ../../build/ball_tracker build --build-base /home/chalin/dev_ws/build/ball_tracker/build install --record /home/chalin/dev_ws/build/ball_tracker/install.log --install-scripts $base/lib/ball_tracker --single-version-externally-managed install_data
