[5.892s] Invoking command in '/home/chalin/dev_ws/src/ball_tracker': PYTHONPATH=/home/chalin/dev_ws/build/ball_tracker/prefix_override:/usr/lib/python3/dist-packages/colcon_core/task/python/colcon_distutils_commands:/home/chalin/dev_ws/install/ball_tracker/lib/python3.12/site-packages:${PYTHONPATH} /usr/bin/python3 -W ignore:setup.py install is deprecated -W ignore:easy_install command is deprecated setup.py egg_info --egg-base ../../build/ball_tracker build --build-base /home/chalin/dev_ws/build/ball_tracker/build install --record /home/chalin/dev_ws/build/ball_tracker/install.log --install-scripts $base/lib/ball_tracker --single-version-externally-managed install_data
[6.802s] /usr/lib/python3/dist-packages/setuptools/dist.py:744: SetuptoolsDeprecationWarning: Invalid dash-separated options
[6.803s] !!
[6.803s] 
[6.803s]         ********************************************************************************
[6.803s]         Usage of dash-separated 'script-dir' will not be supported in future
[6.803s]         versions. Please use the underscore name 'script_dir' instead.
[6.803s] 
[6.803s]         This deprecation is overdue, please update your project and remove deprecated
[6.804s]         calls to avoid build errors in the future.
[6.804s] 
[6.804s]         See https://setuptools.pypa.io/en/latest/userguide/declarative_config.html for details.
[6.804s]         ********************************************************************************
[6.804s] 
[6.804s] !!
[6.804s]   opt = self.warn_dash_deprecation(opt, section)
[7.800s] running egg_info
[7.919s] writing ../../build/ball_tracker/ball_tracker.egg-info/PKG-INFO
[7.933s] writing dependency_links to ../../build/ball_tracker/ball_tracker.egg-info/dependency_links.txt
[7.935s] writing entry points to ../../build/ball_tracker/ball_tracker.egg-info/entry_points.txt
[7.937s] writing requirements to ../../build/ball_tracker/ball_tracker.egg-info/requires.txt
[7.939s] writing top-level names to ../../build/ball_tracker/ball_tracker.egg-info/top_level.txt
[8.229s] reading manifest file '../../build/ball_tracker/ball_tracker.egg-info/SOURCES.txt'
[8.391s] writing manifest file '../../build/ball_tracker/ball_tracker.egg-info/SOURCES.txt'
[8.402s] running build
[8.402s] running build_py
[8.404s] copying ball_tracker/3D_construction.py -> /home/chalin/dev_ws/build/ball_tracker/build/lib/ball_tracker
[8.412s] running install
[8.431s] running install_lib
[8.585s] copying /home/chalin/dev_ws/build/ball_tracker/build/lib/ball_tracker/3D_construction.py -> /home/chalin/dev_ws/install/ball_tracker/lib/python3.12/site-packages/ball_tracker
[8.601s] byte-compiling /home/chalin/dev_ws/install/ball_tracker/lib/python3.12/site-packages/ball_tracker/3D_construction.py to 3D_construction.cpython-312.pyc
[8.656s] running install_data
[8.659s] running install_egg_info
[8.764s] removing '/home/chalin/dev_ws/install/ball_tracker/lib/python3.12/site-packages/ball_tracker-0.0.0-py3.12.egg-info' (and everything under it)
[8.771s] Copying ../../build/ball_tracker/ball_tracker.egg-info to /home/chalin/dev_ws/install/ball_tracker/lib/python3.12/site-packages/ball_tracker-0.0.0-py3.12.egg-info
[8.781s] running install_scripts
[9.488s] Installing 3D_contruct script to /home/chalin/dev_ws/install/ball_tracker/lib/ball_tracker
[9.491s] Installing detect_ball script to /home/chalin/dev_ws/install/ball_tracker/lib/ball_tracker
[9.494s] Installing detect_ball_3d script to /home/chalin/dev_ws/install/ball_tracker/lib/ball_tracker
[9.497s] Installing follow_ball script to /home/chalin/dev_ws/install/ball_tracker/lib/ball_tracker
[9.500s] Installing lidar_camera script to /home/chalin/dev_ws/install/ball_tracker/lib/ball_tracker
[9.502s] writing list of installed files to '/home/chalin/dev_ws/build/ball_tracker/install.log'
[9.628s] Invoked command in '/home/chalin/dev_ws/src/ball_tracker' returned '0': PYTHONPATH=/home/chalin/dev_ws/build/ball_tracker/prefix_override:/usr/lib/python3/dist-packages/colcon_core/task/python/colcon_distutils_commands:/home/chalin/dev_ws/install/ball_tracker/lib/python3.12/site-packages:${PYTHONPATH} /usr/bin/python3 -W ignore:setup.py install is deprecated -W ignore:easy_install command is deprecated setup.py egg_info --egg-base ../../build/ball_tracker build --build-base /home/chalin/dev_ws/build/ball_tracker/build install --record /home/chalin/dev_ws/build/ball_tracker/install.log --install-scripts $base/lib/ball_tracker --single-version-externally-managed install_data
