[0.930s] DEBUG:colcon:Command line arguments: ['/usr/bin/colcon', 'build', '--symlink-install']
[0.931s] DEBUG:colcon:Parsed command line arguments: Namespace(log_base=None, log_level=None, verb_name='build', build_base='build', install_base='install', merge_install=False, symlink_install=True, test_result_base=None, continue_on_error=False, executor='parallel', parallel_workers=8, event_handlers=None, ignore_user_meta=False, metas=['./colcon.meta'], base_paths=['.'], packages_ignore=None, packages_ignore_regex=None, paths=None, packages_up_to=None, packages_up_to_regex=None, packages_above=None, packages_above_and_dependencies=None, packages_above_depth=None, packages_select_by_dep=None, packages_skip_by_dep=None, packages_skip_up_to=None, packages_select_build_failed=False, packages_skip_build_finished=False, packages_select_test_failures=False, packages_skip_test_passed=False, packages_select=None, packages_skip=None, packages_select_regex=None, packages_skip_regex=None, packages_start=None, packages_end=None, allow_overriding=[], cmake_args=None, cmake_target=None, cmake_target_skip_unavailable=False, cmake_clean_cache=False, cmake_clean_first=False, cmake_force_configure=False, ament_cmake_args=None, catkin_cmake_args=None, catkin_skip_building_tests=False, mixin_files=None, mixin=None, verb_parser=<colcon_mixin.mixin.mixin_argument.MixinArgumentDecorator object at 0x7f489d89b4d0>, verb_extension=<colcon_core.verb.build.BuildVerb object at 0x7f489d89ae70>, main=<bound method BuildVerb.main of <colcon_core.verb.build.BuildVerb object at 0x7f489d89ae70>>, mixin_verb=('build',))
[1.168s] Level 1:colcon.colcon_core.package_discovery:discover_packages(colcon_meta) check parameters
[1.169s] Level 1:colcon.colcon_core.package_discovery:discover_packages(recursive) check parameters
[1.169s] Level 1:colcon.colcon_core.package_discovery:discover_packages(ignore) check parameters
[1.169s] Level 1:colcon.colcon_core.package_discovery:discover_packages(path) check parameters
[1.170s] Level 1:colcon.colcon_core.package_discovery:discover_packages(colcon_meta) discover
[1.170s] Level 1:colcon.colcon_core.package_discovery:discover_packages(recursive) discover
[1.171s] INFO:colcon.colcon_core.package_discovery:Crawling recursively for packages in '/home/chalin/dev_ws/src'
[1.171s] Level 1:colcon.colcon_core.package_identification:_identify(.) by extensions ['ignore', 'ignore_ament_install']
[1.171s] Level 1:colcon.colcon_core.package_identification:_identify(.) by extension 'ignore'
[1.172s] Level 1:colcon.colcon_core.package_identification:_identify(.) by extension 'ignore_ament_install'
[1.172s] Level 1:colcon.colcon_core.package_identification:_identify(.) by extensions ['colcon_pkg']
[1.172s] Level 1:colcon.colcon_core.package_identification:_identify(.) by extension 'colcon_pkg'
[1.172s] Level 1:colcon.colcon_core.package_identification:_identify(.) by extensions ['colcon_meta']
[1.173s] Level 1:colcon.colcon_core.package_identification:_identify(.) by extension 'colcon_meta'
[1.173s] Level 1:colcon.colcon_core.package_identification:_identify(.) by extensions ['ros']
[1.173s] Level 1:colcon.colcon_core.package_identification:_identify(.) by extension 'ros'
[1.293s] Level 1:colcon.colcon_core.package_identification:_identify(.) by extensions ['cmake', 'python']
[1.294s] Level 1:colcon.colcon_core.package_identification:_identify(.) by extension 'cmake'
[1.294s] Level 1:colcon.colcon_core.package_identification:_identify(.) by extension 'python'
[1.295s] Level 1:colcon.colcon_core.package_identification:_identify(.) by extensions ['python_setup_py']
[1.295s] Level 1:colcon.colcon_core.package_identification:_identify(.) by extension 'python_setup_py'
[1.295s] Level 1:colcon.colcon_core.package_identification:_identify(ball_tracker) by extensions ['ignore', 'ignore_ament_install']
[1.301s] Level 1:colcon.colcon_core.package_identification:_identify(ball_tracker) by extension 'ignore'
[1.301s] Level 1:colcon.colcon_core.package_identification:_identify(ball_tracker) by extension 'ignore_ament_install'
[1.301s] Level 1:colcon.colcon_core.package_identification:_identify(ball_tracker) by extensions ['colcon_pkg']
[1.301s] Level 1:colcon.colcon_core.package_identification:_identify(ball_tracker) by extension 'colcon_pkg'
[1.302s] Level 1:colcon.colcon_core.package_identification:_identify(ball_tracker) by extensions ['colcon_meta']
[1.302s] Level 1:colcon.colcon_core.package_identification:_identify(ball_tracker) by extension 'colcon_meta'
[1.302s] Level 1:colcon.colcon_core.package_identification:_identify(ball_tracker) by extensions ['ros']
[1.302s] Level 1:colcon.colcon_core.package_identification:_identify(ball_tracker) by extension 'ros'
[1.319s] DEBUG:colcon.colcon_core.package_identification:Package 'ball_tracker' with type 'ros.ament_python' and name 'ball_tracker'
[1.319s] Level 1:colcon.colcon_core.package_identification:_identify(build) by extensions ['ignore', 'ignore_ament_install']
[1.320s] Level 1:colcon.colcon_core.package_identification:_identify(build) by extension 'ignore'
[1.320s] Level 1:colcon.colcon_core.package_identification:_identify(build) ignored
[1.321s] Level 1:colcon.colcon_core.package_identification:_identify(e_dollyv2) by extensions ['ignore', 'ignore_ament_install']
[1.321s] Level 1:colcon.colcon_core.package_identification:_identify(e_dollyv2) by extension 'ignore'
[1.321s] Level 1:colcon.colcon_core.package_identification:_identify(e_dollyv2) by extension 'ignore_ament_install'
[1.322s] Level 1:colcon.colcon_core.package_identification:_identify(e_dollyv2) by extensions ['colcon_pkg']
[1.322s] Level 1:colcon.colcon_core.package_identification:_identify(e_dollyv2) by extension 'colcon_pkg'
[1.322s] Level 1:colcon.colcon_core.package_identification:_identify(e_dollyv2) by extensions ['colcon_meta']
[1.322s] Level 1:colcon.colcon_core.package_identification:_identify(e_dollyv2) by extension 'colcon_meta'
[1.322s] Level 1:colcon.colcon_core.package_identification:_identify(e_dollyv2) by extensions ['ros']
[1.322s] Level 1:colcon.colcon_core.package_identification:_identify(e_dollyv2) by extension 'ros'
[1.325s] DEBUG:colcon.colcon_core.package_identification:Package 'e_dollyv2' with type 'ros.ament_cmake' and name 'e_dollyv2'
[1.325s] Level 1:colcon.colcon_core.package_identification:_identify(install) by extensions ['ignore', 'ignore_ament_install']
[1.326s] Level 1:colcon.colcon_core.package_identification:_identify(install) by extension 'ignore'
[1.326s] Level 1:colcon.colcon_core.package_identification:_identify(install) ignored
[1.326s] Level 1:colcon.colcon_core.package_identification:_identify(lidar_camera_projection) by extensions ['ignore', 'ignore_ament_install']
[1.326s] Level 1:colcon.colcon_core.package_identification:_identify(lidar_camera_projection) by extension 'ignore'
[1.326s] Level 1:colcon.colcon_core.package_identification:_identify(lidar_camera_projection) by extension 'ignore_ament_install'
[1.327s] Level 1:colcon.colcon_core.package_identification:_identify(lidar_camera_projection) by extensions ['colcon_pkg']
[1.327s] Level 1:colcon.colcon_core.package_identification:_identify(lidar_camera_projection) by extension 'colcon_pkg'
[1.327s] Level 1:colcon.colcon_core.package_identification:_identify(lidar_camera_projection) by extensions ['colcon_meta']
[1.327s] Level 1:colcon.colcon_core.package_identification:_identify(lidar_camera_projection) by extension 'colcon_meta'
[1.327s] Level 1:colcon.colcon_core.package_identification:_identify(lidar_camera_projection) by extensions ['ros']
[1.327s] Level 1:colcon.colcon_core.package_identification:_identify(lidar_camera_projection) by extension 'ros'
[1.330s] DEBUG:colcon.colcon_core.package_identification:Package 'lidar_camera_projection' with type 'ros.ament_python' and name 'lidar_camera_projection'
[1.331s] Level 1:colcon.colcon_core.package_identification:_identify(log) by extensions ['ignore', 'ignore_ament_install']
[1.331s] Level 1:colcon.colcon_core.package_identification:_identify(log) by extension 'ignore'
[1.331s] Level 1:colcon.colcon_core.package_identification:_identify(log) ignored
[1.331s] Level 1:colcon.colcon_core.package_identification:_identify(nav2_gradient_costmap_plugin) by extensions ['ignore', 'ignore_ament_install']
[1.332s] Level 1:colcon.colcon_core.package_identification:_identify(nav2_gradient_costmap_plugin) by extension 'ignore'
[1.332s] Level 1:colcon.colcon_core.package_identification:_identify(nav2_gradient_costmap_plugin) by extension 'ignore_ament_install'
[1.332s] Level 1:colcon.colcon_core.package_identification:_identify(nav2_gradient_costmap_plugin) by extensions ['colcon_pkg']
[1.333s] Level 1:colcon.colcon_core.package_identification:_identify(nav2_gradient_costmap_plugin) by extension 'colcon_pkg'
[1.333s] Level 1:colcon.colcon_core.package_identification:_identify(nav2_gradient_costmap_plugin) by extensions ['colcon_meta']
[1.333s] Level 1:colcon.colcon_core.package_identification:_identify(nav2_gradient_costmap_plugin) by extension 'colcon_meta'
[1.333s] Level 1:colcon.colcon_core.package_identification:_identify(nav2_gradient_costmap_plugin) by extensions ['ros']
[1.333s] Level 1:colcon.colcon_core.package_identification:_identify(nav2_gradient_costmap_plugin) by extension 'ros'
[1.337s] DEBUG:colcon.colcon_core.package_identification:Package 'nav2_gradient_costmap_plugin' with type 'ros.ament_cmake' and name 'nav2_gradient_costmap_plugin'
[1.337s] Level 1:colcon.colcon_core.package_discovery:discover_packages(recursive) using defaults
[1.338s] Level 1:colcon.colcon_core.package_discovery:discover_packages(ignore) discover
[1.338s] Level 1:colcon.colcon_core.package_discovery:discover_packages(ignore) using defaults
[1.338s] Level 1:colcon.colcon_core.package_discovery:discover_packages(path) discover
[1.338s] Level 1:colcon.colcon_core.package_discovery:discover_packages(path) using defaults
[1.433s] Level 1:colcon.colcon_core.package_discovery:discover_packages(prefix_path) check parameters
[1.433s] Level 1:colcon.colcon_core.package_discovery:discover_packages(prefix_path) discover
[1.446s] DEBUG:colcon.colcon_installed_package_information.package_discovery:Found 4 installed packages in /home/chalin/dev_ws/src/install
[1.448s] DEBUG:colcon.colcon_installed_package_information.package_discovery:Found 3 installed packages in /home/chalin/dev_ws/install
[1.453s] DEBUG:colcon.colcon_installed_package_information.package_discovery:Found 421 installed packages in /opt/ros/jazzy
[1.459s] Level 1:colcon.colcon_core.package_discovery:discover_packages(prefix_path) using defaults
[1.755s] Level 5:colcon.colcon_core.verb:set package 'ball_tracker' build argument 'cmake_args' from command line to 'None'
[1.756s] Level 5:colcon.colcon_core.verb:set package 'ball_tracker' build argument 'cmake_target' from command line to 'None'
[1.756s] Level 5:colcon.colcon_core.verb:set package 'ball_tracker' build argument 'cmake_target_skip_unavailable' from command line to 'False'
[1.756s] Level 5:colcon.colcon_core.verb:set package 'ball_tracker' build argument 'cmake_clean_cache' from command line to 'False'
[1.756s] Level 5:colcon.colcon_core.verb:set package 'ball_tracker' build argument 'cmake_clean_first' from command line to 'False'
[1.756s] Level 5:colcon.colcon_core.verb:set package 'ball_tracker' build argument 'cmake_force_configure' from command line to 'False'
[1.756s] Level 5:colcon.colcon_core.verb:set package 'ball_tracker' build argument 'ament_cmake_args' from command line to 'None'
[1.756s] Level 5:colcon.colcon_core.verb:set package 'ball_tracker' build argument 'catkin_cmake_args' from command line to 'None'
[1.756s] Level 5:colcon.colcon_core.verb:set package 'ball_tracker' build argument 'catkin_skip_building_tests' from command line to 'False'
[1.756s] DEBUG:colcon.colcon_core.verb:Building package 'ball_tracker' with the following arguments: {'ament_cmake_args': None, 'build_base': '/home/chalin/dev_ws/src/build/ball_tracker', 'catkin_cmake_args': None, 'catkin_skip_building_tests': False, 'cmake_args': None, 'cmake_clean_cache': False, 'cmake_clean_first': False, 'cmake_force_configure': False, 'cmake_target': None, 'cmake_target_skip_unavailable': False, 'install_base': '/home/chalin/dev_ws/src/install/ball_tracker', 'merge_install': False, 'path': '/home/chalin/dev_ws/src/ball_tracker', 'symlink_install': True, 'test_result_base': None}
[1.759s] Level 5:colcon.colcon_core.verb:set package 'e_dollyv2' build argument 'cmake_args' from command line to 'None'
[1.759s] Level 5:colcon.colcon_core.verb:set package 'e_dollyv2' build argument 'cmake_target' from command line to 'None'
[1.759s] Level 5:colcon.colcon_core.verb:set package 'e_dollyv2' build argument 'cmake_target_skip_unavailable' from command line to 'False'
[1.759s] Level 5:colcon.colcon_core.verb:set package 'e_dollyv2' build argument 'cmake_clean_cache' from command line to 'False'
[1.759s] Level 5:colcon.colcon_core.verb:set package 'e_dollyv2' build argument 'cmake_clean_first' from command line to 'False'
[1.760s] Level 5:colcon.colcon_core.verb:set package 'e_dollyv2' build argument 'cmake_force_configure' from command line to 'False'
[1.760s] Level 5:colcon.colcon_core.verb:set package 'e_dollyv2' build argument 'ament_cmake_args' from command line to 'None'
[1.760s] Level 5:colcon.colcon_core.verb:set package 'e_dollyv2' build argument 'catkin_cmake_args' from command line to 'None'
[1.760s] Level 5:colcon.colcon_core.verb:set package 'e_dollyv2' build argument 'catkin_skip_building_tests' from command line to 'False'
[1.760s] DEBUG:colcon.colcon_core.verb:Building package 'e_dollyv2' with the following arguments: {'ament_cmake_args': None, 'build_base': '/home/chalin/dev_ws/src/build/e_dollyv2', 'catkin_cmake_args': None, 'catkin_skip_building_tests': False, 'cmake_args': None, 'cmake_clean_cache': False, 'cmake_clean_first': False, 'cmake_force_configure': False, 'cmake_target': None, 'cmake_target_skip_unavailable': False, 'install_base': '/home/chalin/dev_ws/src/install/e_dollyv2', 'merge_install': False, 'path': '/home/chalin/dev_ws/src/e_dollyv2', 'symlink_install': True, 'test_result_base': None}
[1.761s] Level 5:colcon.colcon_core.verb:set package 'lidar_camera_projection' build argument 'cmake_args' from command line to 'None'
[1.761s] Level 5:colcon.colcon_core.verb:set package 'lidar_camera_projection' build argument 'cmake_target' from command line to 'None'
[1.762s] Level 5:colcon.colcon_core.verb:set package 'lidar_camera_projection' build argument 'cmake_target_skip_unavailable' from command line to 'False'
[1.762s] Level 5:colcon.colcon_core.verb:set package 'lidar_camera_projection' build argument 'cmake_clean_cache' from command line to 'False'
[1.762s] Level 5:colcon.colcon_core.verb:set package 'lidar_camera_projection' build argument 'cmake_clean_first' from command line to 'False'
[1.762s] Level 5:colcon.colcon_core.verb:set package 'lidar_camera_projection' build argument 'cmake_force_configure' from command line to 'False'
[1.762s] Level 5:colcon.colcon_core.verb:set package 'lidar_camera_projection' build argument 'ament_cmake_args' from command line to 'None'
[1.762s] Level 5:colcon.colcon_core.verb:set package 'lidar_camera_projection' build argument 'catkin_cmake_args' from command line to 'None'
[1.763s] Level 5:colcon.colcon_core.verb:set package 'lidar_camera_projection' build argument 'catkin_skip_building_tests' from command line to 'False'
[1.763s] DEBUG:colcon.colcon_core.verb:Building package 'lidar_camera_projection' with the following arguments: {'ament_cmake_args': None, 'build_base': '/home/chalin/dev_ws/src/build/lidar_camera_projection', 'catkin_cmake_args': None, 'catkin_skip_building_tests': False, 'cmake_args': None, 'cmake_clean_cache': False, 'cmake_clean_first': False, 'cmake_force_configure': False, 'cmake_target': None, 'cmake_target_skip_unavailable': False, 'install_base': '/home/chalin/dev_ws/src/install/lidar_camera_projection', 'merge_install': False, 'path': '/home/chalin/dev_ws/src/lidar_camera_projection', 'symlink_install': True, 'test_result_base': None}
[1.766s] Level 5:colcon.colcon_core.verb:set package 'nav2_gradient_costmap_plugin' build argument 'cmake_args' from command line to 'None'
[1.766s] Level 5:colcon.colcon_core.verb:set package 'nav2_gradient_costmap_plugin' build argument 'cmake_target' from command line to 'None'
[1.766s] Level 5:colcon.colcon_core.verb:set package 'nav2_gradient_costmap_plugin' build argument 'cmake_target_skip_unavailable' from command line to 'False'
[1.767s] Level 5:colcon.colcon_core.verb:set package 'nav2_gradient_costmap_plugin' build argument 'cmake_clean_cache' from command line to 'False'
[1.767s] Level 5:colcon.colcon_core.verb:set package 'nav2_gradient_costmap_plugin' build argument 'cmake_clean_first' from command line to 'False'
[1.767s] Level 5:colcon.colcon_core.verb:set package 'nav2_gradient_costmap_plugin' build argument 'cmake_force_configure' from command line to 'False'
[1.767s] Level 5:colcon.colcon_core.verb:set package 'nav2_gradient_costmap_plugin' build argument 'ament_cmake_args' from command line to 'None'
[1.767s] Level 5:colcon.colcon_core.verb:set package 'nav2_gradient_costmap_plugin' build argument 'catkin_cmake_args' from command line to 'None'
[1.767s] Level 5:colcon.colcon_core.verb:set package 'nav2_gradient_costmap_plugin' build argument 'catkin_skip_building_tests' from command line to 'False'
[1.771s] DEBUG:colcon.colcon_core.verb:Building package 'nav2_gradient_costmap_plugin' with the following arguments: {'ament_cmake_args': None, 'build_base': '/home/chalin/dev_ws/src/build/nav2_gradient_costmap_plugin', 'catkin_cmake_args': None, 'catkin_skip_building_tests': False, 'cmake_args': None, 'cmake_clean_cache': False, 'cmake_clean_first': False, 'cmake_force_configure': False, 'cmake_target': None, 'cmake_target_skip_unavailable': False, 'install_base': '/home/chalin/dev_ws/src/install/nav2_gradient_costmap_plugin', 'merge_install': False, 'path': '/home/chalin/dev_ws/src/nav2_gradient_costmap_plugin', 'symlink_install': True, 'test_result_base': None}
[1.772s] INFO:colcon.colcon_core.executor:Executing jobs using 'parallel' executor
[1.778s] DEBUG:colcon.colcon_parallel_executor.executor.parallel:run_until_complete
[1.779s] INFO:colcon.colcon_ros.task.ament_python.build:Building ROS package in '/home/chalin/dev_ws/src/ball_tracker' with build type 'ament_python'
[1.780s] Level 1:colcon.colcon_core.shell:create_environment_hook('ball_tracker', 'ament_prefix_path')
[1.792s] INFO:colcon.colcon_core.plugin_system:Skipping extension 'colcon_core.shell.bat': Not used on non-Windows systems
[1.793s] INFO:colcon.colcon_core.shell:Creating environment hook '/home/chalin/dev_ws/src/install/ball_tracker/share/ball_tracker/hook/ament_prefix_path.ps1'
[1.796s] INFO:colcon.colcon_core.shell:Creating environment descriptor '/home/chalin/dev_ws/src/install/ball_tracker/share/ball_tracker/hook/ament_prefix_path.dsv'
[1.798s] INFO:colcon.colcon_core.shell:Creating environment hook '/home/chalin/dev_ws/src/install/ball_tracker/share/ball_tracker/hook/ament_prefix_path.sh'
[1.800s] INFO:colcon.colcon_core.shell:Skip shell extension 'powershell' for command environment: Not usable outside of PowerShell
[1.800s] DEBUG:colcon.colcon_core.shell:Skip shell extension 'dsv' for command environment
[1.814s] INFO:colcon.colcon_ros.task.ament_cmake.build:Building ROS package in '/home/chalin/dev_ws/src/e_dollyv2' with build type 'ament_cmake'
[1.815s] INFO:colcon.colcon_cmake.task.cmake.build:Building CMake package in '/home/chalin/dev_ws/src/e_dollyv2'
[1.815s] INFO:colcon.colcon_core.shell:Skip shell extension 'powershell' for command environment: Not usable outside of PowerShell
[1.816s] DEBUG:colcon.colcon_core.shell:Skip shell extension 'dsv' for command environment
[1.829s] INFO:colcon.colcon_ros.task.ament_python.build:Building ROS package in '/home/chalin/dev_ws/src/lidar_camera_projection' with build type 'ament_python'
[1.830s] Level 1:colcon.colcon_core.shell:create_environment_hook('lidar_camera_projection', 'ament_prefix_path')
[1.830s] INFO:colcon.colcon_core.shell:Creating environment hook '/home/chalin/dev_ws/src/install/lidar_camera_projection/share/lidar_camera_projection/hook/ament_prefix_path.ps1'
[1.831s] INFO:colcon.colcon_core.shell:Creating environment descriptor '/home/chalin/dev_ws/src/install/lidar_camera_projection/share/lidar_camera_projection/hook/ament_prefix_path.dsv'
[1.832s] INFO:colcon.colcon_core.shell:Creating environment hook '/home/chalin/dev_ws/src/install/lidar_camera_projection/share/lidar_camera_projection/hook/ament_prefix_path.sh'
[1.834s] INFO:colcon.colcon_core.shell:Skip shell extension 'powershell' for command environment: Not usable outside of PowerShell
[1.834s] DEBUG:colcon.colcon_core.shell:Skip shell extension 'dsv' for command environment
[1.854s] INFO:colcon.colcon_ros.task.ament_cmake.build:Building ROS package in '/home/chalin/dev_ws/src/nav2_gradient_costmap_plugin' with build type 'ament_cmake'
[1.856s] INFO:colcon.colcon_cmake.task.cmake.build:Building CMake package in '/home/chalin/dev_ws/src/nav2_gradient_costmap_plugin'
[1.856s] INFO:colcon.colcon_core.shell:Skip shell extension 'powershell' for command environment: Not usable outside of PowerShell
[1.857s] DEBUG:colcon.colcon_core.shell:Skip shell extension 'dsv' for command environment
[3.307s] INFO:colcon.colcon_core.task.python.build:Building Python package in '/home/chalin/dev_ws/src/ball_tracker'
[3.308s] INFO:colcon.colcon_core.shell:Skip shell extension 'powershell' for command environment: Not usable outside of PowerShell
[3.308s] DEBUG:colcon.colcon_core.shell:Skip shell extension 'dsv' for command environment
[3.485s] DEBUG:colcon.colcon_core.event_handler.log_command:Invoking command in '/home/chalin/dev_ws/src/build/e_dollyv2': CMAKE_PREFIX_PATH=${CMAKE_PREFIX_PATH}:/home/chalin/dev_ws/src/install/lidar_camera_projection:/home/chalin/dev_ws/src/install/ball_tracker:/home/chalin/dev_ws/install/lidar_camera_projection:/opt/ros/jazzy /usr/bin/cmake --build /home/chalin/dev_ws/src/build/e_dollyv2 -- -j8 -l8
[4.863s] INFO:colcon.colcon_core.task.python.build:Building Python package in '/home/chalin/dev_ws/src/lidar_camera_projection'
[4.863s] INFO:colcon.colcon_core.shell:Skip shell extension 'powershell' for command environment: Not usable outside of PowerShell
[4.864s] DEBUG:colcon.colcon_core.shell:Skip shell extension 'dsv' for command environment
[4.926s] DEBUG:colcon.colcon_core.event_handler.log_command:Invoking command in '/home/chalin/dev_ws/src/build/nav2_gradient_costmap_plugin': CMAKE_PREFIX_PATH=${CMAKE_PREFIX_PATH}:/home/chalin/dev_ws/src/install/lidar_camera_projection:/home/chalin/dev_ws/src/install/ball_tracker:/home/chalin/dev_ws/install/lidar_camera_projection:/opt/ros/jazzy /usr/bin/cmake --build /home/chalin/dev_ws/src/build/nav2_gradient_costmap_plugin -- -j8 -l8
[4.928s] DEBUG:colcon.colcon_core.event_handler.log_command:Invoked command in '/home/chalin/dev_ws/src/build/e_dollyv2' returned '0': CMAKE_PREFIX_PATH=${CMAKE_PREFIX_PATH}:/home/chalin/dev_ws/src/install/lidar_camera_projection:/home/chalin/dev_ws/src/install/ball_tracker:/home/chalin/dev_ws/install/lidar_camera_projection:/opt/ros/jazzy /usr/bin/cmake --build /home/chalin/dev_ws/src/build/e_dollyv2 -- -j8 -l8
[4.979s] DEBUG:colcon.colcon_core.event_handler.log_command:Invoking command in '/home/chalin/dev_ws/src/build/e_dollyv2': CMAKE_PREFIX_PATH=${CMAKE_PREFIX_PATH}:/home/chalin/dev_ws/src/install/lidar_camera_projection:/home/chalin/dev_ws/src/install/ball_tracker:/home/chalin/dev_ws/install/lidar_camera_projection:/opt/ros/jazzy /usr/bin/cmake --install /home/chalin/dev_ws/src/build/e_dollyv2
[5.253s] Level 1:colcon.colcon_core.environment:create_environment_scripts_only(e_dollyv2)
[5.265s] DEBUG:colcon.colcon_core.event_handler.log_command:Invoked command in '/home/chalin/dev_ws/src/build/e_dollyv2' returned '0': CMAKE_PREFIX_PATH=${CMAKE_PREFIX_PATH}:/home/chalin/dev_ws/src/install/lidar_camera_projection:/home/chalin/dev_ws/src/install/ball_tracker:/home/chalin/dev_ws/install/lidar_camera_projection:/opt/ros/jazzy /usr/bin/cmake --install /home/chalin/dev_ws/src/build/e_dollyv2
[5.292s] Level 1:colcon.colcon_core.environment:checking '/home/chalin/dev_ws/src/install/e_dollyv2' for CMake module files
[5.295s] Level 1:colcon.colcon_core.environment:checking '/home/chalin/dev_ws/src/install/e_dollyv2' for CMake config files
[5.299s] Level 1:colcon.colcon_core.shell:create_environment_hook('e_dollyv2', 'cmake_prefix_path')
[5.300s] INFO:colcon.colcon_core.shell:Creating environment hook '/home/chalin/dev_ws/src/install/e_dollyv2/share/e_dollyv2/hook/cmake_prefix_path.ps1'
[5.302s] INFO:colcon.colcon_core.shell:Creating environment descriptor '/home/chalin/dev_ws/src/install/e_dollyv2/share/e_dollyv2/hook/cmake_prefix_path.dsv'
[5.303s] INFO:colcon.colcon_core.shell:Creating environment hook '/home/chalin/dev_ws/src/install/e_dollyv2/share/e_dollyv2/hook/cmake_prefix_path.sh'
[5.305s] Level 1:colcon.colcon_core.environment:checking '/home/chalin/dev_ws/src/install/e_dollyv2/bin'
[5.305s] Level 1:colcon.colcon_core.environment:checking '/home/chalin/dev_ws/src/install/e_dollyv2/lib/pkgconfig/e_dollyv2.pc'
[5.306s] Level 1:colcon.colcon_core.environment:checking '/home/chalin/dev_ws/src/install/e_dollyv2/lib/python3.12/site-packages'
[5.306s] Level 1:colcon.colcon_core.environment:checking '/home/chalin/dev_ws/src/install/e_dollyv2/bin'
[5.307s] INFO:colcon.colcon_core.shell:Creating package script '/home/chalin/dev_ws/src/install/e_dollyv2/share/e_dollyv2/package.ps1'
[5.310s] INFO:colcon.colcon_core.shell:Creating package descriptor '/home/chalin/dev_ws/src/install/e_dollyv2/share/e_dollyv2/package.dsv'
[5.320s] INFO:colcon.colcon_core.shell:Creating package script '/home/chalin/dev_ws/src/install/e_dollyv2/share/e_dollyv2/package.sh'
[5.323s] INFO:colcon.colcon_core.shell:Creating package script '/home/chalin/dev_ws/src/install/e_dollyv2/share/e_dollyv2/package.bash'
[5.328s] INFO:colcon.colcon_core.shell:Creating package script '/home/chalin/dev_ws/src/install/e_dollyv2/share/e_dollyv2/package.zsh'
[5.335s] Level 1:colcon.colcon_core.environment:create_file_with_runtime_dependencies(/home/chalin/dev_ws/src/install/e_dollyv2/share/colcon-core/packages/e_dollyv2)
[5.338s] Level 1:colcon.colcon_core.environment:create_environment_scripts_only(e_dollyv2)
[5.338s] Level 1:colcon.colcon_core.environment:checking '/home/chalin/dev_ws/src/install/e_dollyv2' for CMake module files
[5.339s] Level 1:colcon.colcon_core.environment:checking '/home/chalin/dev_ws/src/install/e_dollyv2' for CMake config files
[5.351s] Level 1:colcon.colcon_core.shell:create_environment_hook('e_dollyv2', 'cmake_prefix_path')
[5.353s] INFO:colcon.colcon_core.shell:Creating environment hook '/home/chalin/dev_ws/src/install/e_dollyv2/share/e_dollyv2/hook/cmake_prefix_path.ps1'
[5.374s] INFO:colcon.colcon_core.shell:Creating environment descriptor '/home/chalin/dev_ws/src/install/e_dollyv2/share/e_dollyv2/hook/cmake_prefix_path.dsv'
[5.376s] INFO:colcon.colcon_core.shell:Creating environment hook '/home/chalin/dev_ws/src/install/e_dollyv2/share/e_dollyv2/hook/cmake_prefix_path.sh'
[5.377s] Level 1:colcon.colcon_core.environment:checking '/home/chalin/dev_ws/src/install/e_dollyv2/bin'
[5.377s] Level 1:colcon.colcon_core.environment:checking '/home/chalin/dev_ws/src/install/e_dollyv2/lib/pkgconfig/e_dollyv2.pc'
[5.378s] Level 1:colcon.colcon_core.environment:checking '/home/chalin/dev_ws/src/install/e_dollyv2/lib/python3.12/site-packages'
[5.378s] Level 1:colcon.colcon_core.environment:checking '/home/chalin/dev_ws/src/install/e_dollyv2/bin'
[5.380s] INFO:colcon.colcon_core.shell:Creating package script '/home/chalin/dev_ws/src/install/e_dollyv2/share/e_dollyv2/package.ps1'
[5.382s] INFO:colcon.colcon_core.shell:Creating package descriptor '/home/chalin/dev_ws/src/install/e_dollyv2/share/e_dollyv2/package.dsv'
[5.383s] INFO:colcon.colcon_core.shell:Creating package script '/home/chalin/dev_ws/src/install/e_dollyv2/share/e_dollyv2/package.sh'
[5.385s] INFO:colcon.colcon_core.shell:Creating package script '/home/chalin/dev_ws/src/install/e_dollyv2/share/e_dollyv2/package.bash'
[5.388s] INFO:colcon.colcon_core.shell:Creating package script '/home/chalin/dev_ws/src/install/e_dollyv2/share/e_dollyv2/package.zsh'
[5.390s] Level 1:colcon.colcon_core.environment:create_file_with_runtime_dependencies(/home/chalin/dev_ws/src/install/e_dollyv2/share/colcon-core/packages/e_dollyv2)
[5.863s] DEBUG:colcon.colcon_core.event_handler.log_command:Invoked command in '/home/chalin/dev_ws/src/build/nav2_gradient_costmap_plugin' returned '0': CMAKE_PREFIX_PATH=${CMAKE_PREFIX_PATH}:/home/chalin/dev_ws/src/install/lidar_camera_projection:/home/chalin/dev_ws/src/install/ball_tracker:/home/chalin/dev_ws/install/lidar_camera_projection:/opt/ros/jazzy /usr/bin/cmake --build /home/chalin/dev_ws/src/build/nav2_gradient_costmap_plugin -- -j8 -l8
[5.864s] DEBUG:colcon.colcon_core.event_handler.log_command:Invoking command in '/home/chalin/dev_ws/src/build/nav2_gradient_costmap_plugin': CMAKE_PREFIX_PATH=${CMAKE_PREFIX_PATH}:/home/chalin/dev_ws/src/install/lidar_camera_projection:/home/chalin/dev_ws/src/install/ball_tracker:/home/chalin/dev_ws/install/lidar_camera_projection:/opt/ros/jazzy /usr/bin/cmake --install /home/chalin/dev_ws/src/build/nav2_gradient_costmap_plugin
[6.183s] Level 1:colcon.colcon_core.environment:create_environment_scripts_only(nav2_gradient_costmap_plugin)
[6.183s] Level 1:colcon.colcon_core.environment:checking '/home/chalin/dev_ws/src/install/nav2_gradient_costmap_plugin' for CMake module files
[6.184s] Level 1:colcon.colcon_core.environment:checking '/home/chalin/dev_ws/src/install/nav2_gradient_costmap_plugin' for CMake config files
[6.185s] Level 1:colcon.colcon_core.shell:create_environment_hook('nav2_gradient_costmap_plugin', 'cmake_prefix_path')
[6.185s] INFO:colcon.colcon_core.shell:Creating environment hook '/home/chalin/dev_ws/src/install/nav2_gradient_costmap_plugin/share/nav2_gradient_costmap_plugin/hook/cmake_prefix_path.ps1'
[6.188s] INFO:colcon.colcon_core.shell:Creating environment descriptor '/home/chalin/dev_ws/src/install/nav2_gradient_costmap_plugin/share/nav2_gradient_costmap_plugin/hook/cmake_prefix_path.dsv'
[6.190s] DEBUG:colcon.colcon_core.event_handler.log_command:Invoked command in '/home/chalin/dev_ws/src/build/nav2_gradient_costmap_plugin' returned '0': CMAKE_PREFIX_PATH=${CMAKE_PREFIX_PATH}:/home/chalin/dev_ws/src/install/lidar_camera_projection:/home/chalin/dev_ws/src/install/ball_tracker:/home/chalin/dev_ws/install/lidar_camera_projection:/opt/ros/jazzy /usr/bin/cmake --install /home/chalin/dev_ws/src/build/nav2_gradient_costmap_plugin
[6.193s] INFO:colcon.colcon_core.shell:Creating environment hook '/home/chalin/dev_ws/src/install/nav2_gradient_costmap_plugin/share/nav2_gradient_costmap_plugin/hook/cmake_prefix_path.sh'
[6.194s] Level 1:colcon.colcon_core.environment:checking '/home/chalin/dev_ws/src/install/nav2_gradient_costmap_plugin/lib'
[6.195s] Level 1:colcon.colcon_core.shell:create_environment_hook('nav2_gradient_costmap_plugin', 'ld_library_path_lib')
[6.195s] INFO:colcon.colcon_core.shell:Creating environment hook '/home/chalin/dev_ws/src/install/nav2_gradient_costmap_plugin/share/nav2_gradient_costmap_plugin/hook/ld_library_path_lib.ps1'
[6.196s] INFO:colcon.colcon_core.shell:Creating environment descriptor '/home/chalin/dev_ws/src/install/nav2_gradient_costmap_plugin/share/nav2_gradient_costmap_plugin/hook/ld_library_path_lib.dsv'
[6.200s] INFO:colcon.colcon_core.shell:Creating environment hook '/home/chalin/dev_ws/src/install/nav2_gradient_costmap_plugin/share/nav2_gradient_costmap_plugin/hook/ld_library_path_lib.sh'
[6.202s] Level 1:colcon.colcon_core.environment:checking '/home/chalin/dev_ws/src/install/nav2_gradient_costmap_plugin/bin'
[6.203s] Level 1:colcon.colcon_core.environment:checking '/home/chalin/dev_ws/src/install/nav2_gradient_costmap_plugin/lib/pkgconfig/nav2_gradient_costmap_plugin.pc'
[6.203s] Level 1:colcon.colcon_core.environment:checking '/home/chalin/dev_ws/src/install/nav2_gradient_costmap_plugin/lib/python3.12/site-packages'
[6.204s] Level 1:colcon.colcon_core.environment:checking '/home/chalin/dev_ws/src/install/nav2_gradient_costmap_plugin/bin'
[6.205s] INFO:colcon.colcon_core.shell:Creating package script '/home/chalin/dev_ws/src/install/nav2_gradient_costmap_plugin/share/nav2_gradient_costmap_plugin/package.ps1'
[6.206s] INFO:colcon.colcon_core.shell:Creating package descriptor '/home/chalin/dev_ws/src/install/nav2_gradient_costmap_plugin/share/nav2_gradient_costmap_plugin/package.dsv'
[6.208s] INFO:colcon.colcon_core.shell:Creating package script '/home/chalin/dev_ws/src/install/nav2_gradient_costmap_plugin/share/nav2_gradient_costmap_plugin/package.sh'
[6.210s] INFO:colcon.colcon_core.shell:Creating package script '/home/chalin/dev_ws/src/install/nav2_gradient_costmap_plugin/share/nav2_gradient_costmap_plugin/package.bash'
[6.214s] INFO:colcon.colcon_core.shell:Creating package script '/home/chalin/dev_ws/src/install/nav2_gradient_costmap_plugin/share/nav2_gradient_costmap_plugin/package.zsh'
[6.215s] Level 1:colcon.colcon_core.environment:create_file_with_runtime_dependencies(/home/chalin/dev_ws/src/install/nav2_gradient_costmap_plugin/share/colcon-core/packages/nav2_gradient_costmap_plugin)
[6.217s] Level 1:colcon.colcon_core.environment:create_environment_scripts_only(nav2_gradient_costmap_plugin)
[6.218s] Level 1:colcon.colcon_core.environment:checking '/home/chalin/dev_ws/src/install/nav2_gradient_costmap_plugin' for CMake module files
[6.220s] Level 1:colcon.colcon_core.environment:checking '/home/chalin/dev_ws/src/install/nav2_gradient_costmap_plugin' for CMake config files
[6.221s] Level 1:colcon.colcon_core.shell:create_environment_hook('nav2_gradient_costmap_plugin', 'cmake_prefix_path')
[6.221s] INFO:colcon.colcon_core.shell:Creating environment hook '/home/chalin/dev_ws/src/install/nav2_gradient_costmap_plugin/share/nav2_gradient_costmap_plugin/hook/cmake_prefix_path.ps1'
[6.223s] INFO:colcon.colcon_core.shell:Creating environment descriptor '/home/chalin/dev_ws/src/install/nav2_gradient_costmap_plugin/share/nav2_gradient_costmap_plugin/hook/cmake_prefix_path.dsv'
[6.227s] INFO:colcon.colcon_core.shell:Creating environment hook '/home/chalin/dev_ws/src/install/nav2_gradient_costmap_plugin/share/nav2_gradient_costmap_plugin/hook/cmake_prefix_path.sh'
[6.230s] Level 1:colcon.colcon_core.environment:checking '/home/chalin/dev_ws/src/install/nav2_gradient_costmap_plugin/lib'
[6.231s] Level 1:colcon.colcon_core.shell:create_environment_hook('nav2_gradient_costmap_plugin', 'ld_library_path_lib')
[6.232s] INFO:colcon.colcon_core.shell:Creating environment hook '/home/chalin/dev_ws/src/install/nav2_gradient_costmap_plugin/share/nav2_gradient_costmap_plugin/hook/ld_library_path_lib.ps1'
[6.234s] INFO:colcon.colcon_core.shell:Creating environment descriptor '/home/chalin/dev_ws/src/install/nav2_gradient_costmap_plugin/share/nav2_gradient_costmap_plugin/hook/ld_library_path_lib.dsv'
[6.235s] INFO:colcon.colcon_core.shell:Creating environment hook '/home/chalin/dev_ws/src/install/nav2_gradient_costmap_plugin/share/nav2_gradient_costmap_plugin/hook/ld_library_path_lib.sh'
[6.237s] Level 1:colcon.colcon_core.environment:checking '/home/chalin/dev_ws/src/install/nav2_gradient_costmap_plugin/bin'
[6.237s] Level 1:colcon.colcon_core.environment:checking '/home/chalin/dev_ws/src/install/nav2_gradient_costmap_plugin/lib/pkgconfig/nav2_gradient_costmap_plugin.pc'
[6.238s] Level 1:colcon.colcon_core.environment:checking '/home/chalin/dev_ws/src/install/nav2_gradient_costmap_plugin/lib/python3.12/site-packages'
[6.239s] Level 1:colcon.colcon_core.environment:checking '/home/chalin/dev_ws/src/install/nav2_gradient_costmap_plugin/bin'
[6.239s] INFO:colcon.colcon_core.shell:Creating package script '/home/chalin/dev_ws/src/install/nav2_gradient_costmap_plugin/share/nav2_gradient_costmap_plugin/package.ps1'
[6.245s] INFO:colcon.colcon_core.shell:Creating package descriptor '/home/chalin/dev_ws/src/install/nav2_gradient_costmap_plugin/share/nav2_gradient_costmap_plugin/package.dsv'
[6.250s] INFO:colcon.colcon_core.shell:Creating package script '/home/chalin/dev_ws/src/install/nav2_gradient_costmap_plugin/share/nav2_gradient_costmap_plugin/package.sh'
[6.255s] INFO:colcon.colcon_core.shell:Creating package script '/home/chalin/dev_ws/src/install/nav2_gradient_costmap_plugin/share/nav2_gradient_costmap_plugin/package.bash'
[6.258s] INFO:colcon.colcon_core.shell:Creating package script '/home/chalin/dev_ws/src/install/nav2_gradient_costmap_plugin/share/nav2_gradient_costmap_plugin/package.zsh'
[6.262s] Level 1:colcon.colcon_core.environment:create_file_with_runtime_dependencies(/home/chalin/dev_ws/src/install/nav2_gradient_costmap_plugin/share/colcon-core/packages/nav2_gradient_costmap_plugin)
[9.053s] DEBUG:colcon.colcon_core.event_handler.log_command:Invoking command in '/home/chalin/dev_ws/src/build/ball_tracker': PYTHONPATH=/home/chalin/dev_ws/src/build/ball_tracker/prefix_override:/usr/lib/python3/dist-packages/colcon_core/task/python/colcon_distutils_commands:/home/chalin/dev_ws/src/install/ball_tracker/lib/python3.12/site-packages:${PYTHONPATH} /usr/bin/python3 -W ignore:setup.py install is deprecated -W ignore:easy_install command is deprecated setup.py develop --editable --build-directory /home/chalin/dev_ws/src/build/ball_tracker/build --no-deps symlink_data
[9.253s] DEBUG:colcon.colcon_core.event_handler.log_command:Invoking command in '/home/chalin/dev_ws/src/build/lidar_camera_projection': PYTHONPATH=/home/chalin/dev_ws/src/build/lidar_camera_projection/prefix_override:/usr/lib/python3/dist-packages/colcon_core/task/python/colcon_distutils_commands:/home/chalin/dev_ws/src/install/lidar_camera_projection/lib/python3.12/site-packages:${PYTHONPATH} /usr/bin/python3 -W ignore:setup.py install is deprecated -W ignore:easy_install command is deprecated setup.py develop --editable --build-directory /home/chalin/dev_ws/src/build/lidar_camera_projection/build --no-deps symlink_data
[12.364s] Level 1:colcon.colcon_core.shell:create_environment_hook('lidar_camera_projection', 'pythonpath_develop')
[12.365s] INFO:colcon.colcon_core.shell:Creating environment hook '/home/chalin/dev_ws/src/build/lidar_camera_projection/share/lidar_camera_projection/hook/pythonpath_develop.ps1'
[12.366s] INFO:colcon.colcon_core.shell:Creating environment descriptor '/home/chalin/dev_ws/src/build/lidar_camera_projection/share/lidar_camera_projection/hook/pythonpath_develop.dsv'
[12.369s] DEBUG:colcon.colcon_core.event_handler.log_command:Invoked command in '/home/chalin/dev_ws/src/build/lidar_camera_projection' returned '0': PYTHONPATH=/home/chalin/dev_ws/src/build/lidar_camera_projection/prefix_override:/usr/lib/python3/dist-packages/colcon_core/task/python/colcon_distutils_commands:/home/chalin/dev_ws/src/install/lidar_camera_projection/lib/python3.12/site-packages:${PYTHONPATH} /usr/bin/python3 -W ignore:setup.py install is deprecated -W ignore:easy_install command is deprecated setup.py develop --editable --build-directory /home/chalin/dev_ws/src/build/lidar_camera_projection/build --no-deps symlink_data
[12.372s] INFO:colcon.colcon_core.shell:Creating environment hook '/home/chalin/dev_ws/src/build/lidar_camera_projection/share/lidar_camera_projection/hook/pythonpath_develop.sh'
[12.375s] Level 1:colcon.colcon_core.environment:checking '/home/chalin/dev_ws/src/install/lidar_camera_projection' for CMake module files
[12.377s] Level 1:colcon.colcon_core.environment:checking '/home/chalin/dev_ws/src/install/lidar_camera_projection' for CMake config files
[12.378s] Level 1:colcon.colcon_core.environment:checking '/home/chalin/dev_ws/src/install/lidar_camera_projection/lib'
[12.378s] Level 1:colcon.colcon_core.environment:checking '/home/chalin/dev_ws/src/install/lidar_camera_projection/bin'
[12.378s] Level 1:colcon.colcon_core.environment:checking '/home/chalin/dev_ws/src/install/lidar_camera_projection/lib/pkgconfig/lidar_camera_projection.pc'
[12.379s] Level 1:colcon.colcon_core.environment:checking '/home/chalin/dev_ws/src/install/lidar_camera_projection/lib/python3.12/site-packages'
[12.379s] Level 1:colcon.colcon_core.shell:create_environment_hook('lidar_camera_projection', 'pythonpath')
[12.379s] INFO:colcon.colcon_core.shell:Creating environment hook '/home/chalin/dev_ws/src/install/lidar_camera_projection/share/lidar_camera_projection/hook/pythonpath.ps1'
[12.382s] INFO:colcon.colcon_core.shell:Creating environment descriptor '/home/chalin/dev_ws/src/install/lidar_camera_projection/share/lidar_camera_projection/hook/pythonpath.dsv'
[12.384s] INFO:colcon.colcon_core.shell:Creating environment hook '/home/chalin/dev_ws/src/install/lidar_camera_projection/share/lidar_camera_projection/hook/pythonpath.sh'
[12.386s] Level 1:colcon.colcon_core.environment:checking '/home/chalin/dev_ws/src/install/lidar_camera_projection/bin'
[12.387s] Level 1:colcon.colcon_core.environment:create_environment_scripts_only(lidar_camera_projection)
[12.387s] INFO:colcon.colcon_core.shell:Creating package script '/home/chalin/dev_ws/src/install/lidar_camera_projection/share/lidar_camera_projection/package.ps1'
[12.389s] INFO:colcon.colcon_core.shell:Creating package descriptor '/home/chalin/dev_ws/src/install/lidar_camera_projection/share/lidar_camera_projection/package.dsv'
[12.391s] INFO:colcon.colcon_core.shell:Creating package script '/home/chalin/dev_ws/src/install/lidar_camera_projection/share/lidar_camera_projection/package.sh'
[12.394s] INFO:colcon.colcon_core.shell:Creating package script '/home/chalin/dev_ws/src/install/lidar_camera_projection/share/lidar_camera_projection/package.bash'
[12.395s] INFO:colcon.colcon_core.shell:Creating package script '/home/chalin/dev_ws/src/install/lidar_camera_projection/share/lidar_camera_projection/package.zsh'
[12.397s] Level 1:colcon.colcon_core.environment:create_file_with_runtime_dependencies(/home/chalin/dev_ws/src/install/lidar_camera_projection/share/colcon-core/packages/lidar_camera_projection)
[12.399s] Level 1:colcon.colcon_core.shell:create_environment_hook('ball_tracker', 'pythonpath_develop')
[12.400s] DEBUG:colcon.colcon_core.event_handler.log_command:Invoked command in '/home/chalin/dev_ws/src/build/ball_tracker' returned '0': PYTHONPATH=/home/chalin/dev_ws/src/build/ball_tracker/prefix_override:/usr/lib/python3/dist-packages/colcon_core/task/python/colcon_distutils_commands:/home/chalin/dev_ws/src/install/ball_tracker/lib/python3.12/site-packages:${PYTHONPATH} /usr/bin/python3 -W ignore:setup.py install is deprecated -W ignore:easy_install command is deprecated setup.py develop --editable --build-directory /home/chalin/dev_ws/src/build/ball_tracker/build --no-deps symlink_data
[12.402s] INFO:colcon.colcon_core.shell:Creating environment hook '/home/chalin/dev_ws/src/build/ball_tracker/share/ball_tracker/hook/pythonpath_develop.ps1'
[12.404s] INFO:colcon.colcon_core.shell:Creating environment descriptor '/home/chalin/dev_ws/src/build/ball_tracker/share/ball_tracker/hook/pythonpath_develop.dsv'
[12.406s] INFO:colcon.colcon_core.shell:Creating environment hook '/home/chalin/dev_ws/src/build/ball_tracker/share/ball_tracker/hook/pythonpath_develop.sh'
[12.407s] Level 1:colcon.colcon_core.environment:checking '/home/chalin/dev_ws/src/install/ball_tracker' for CMake module files
[12.410s] Level 1:colcon.colcon_core.environment:checking '/home/chalin/dev_ws/src/install/ball_tracker' for CMake config files
[12.411s] Level 1:colcon.colcon_core.environment:checking '/home/chalin/dev_ws/src/install/ball_tracker/lib'
[12.412s] Level 1:colcon.colcon_core.environment:checking '/home/chalin/dev_ws/src/install/ball_tracker/bin'
[12.412s] Level 1:colcon.colcon_core.environment:checking '/home/chalin/dev_ws/src/install/ball_tracker/lib/pkgconfig/ball_tracker.pc'
[12.414s] Level 1:colcon.colcon_core.environment:checking '/home/chalin/dev_ws/src/install/ball_tracker/lib/python3.12/site-packages'
[12.417s] Level 1:colcon.colcon_core.shell:create_environment_hook('ball_tracker', 'pythonpath')
[12.420s] INFO:colcon.colcon_core.shell:Creating environment hook '/home/chalin/dev_ws/src/install/ball_tracker/share/ball_tracker/hook/pythonpath.ps1'
[12.422s] INFO:colcon.colcon_core.shell:Creating environment descriptor '/home/chalin/dev_ws/src/install/ball_tracker/share/ball_tracker/hook/pythonpath.dsv'
[12.423s] INFO:colcon.colcon_core.shell:Creating environment hook '/home/chalin/dev_ws/src/install/ball_tracker/share/ball_tracker/hook/pythonpath.sh'
[12.426s] Level 1:colcon.colcon_core.environment:checking '/home/chalin/dev_ws/src/install/ball_tracker/bin'
[12.427s] Level 1:colcon.colcon_core.environment:create_environment_scripts_only(ball_tracker)
[12.428s] INFO:colcon.colcon_core.shell:Creating package script '/home/chalin/dev_ws/src/install/ball_tracker/share/ball_tracker/package.ps1'
[12.434s] INFO:colcon.colcon_core.shell:Creating package descriptor '/home/chalin/dev_ws/src/install/ball_tracker/share/ball_tracker/package.dsv'
[12.437s] INFO:colcon.colcon_core.shell:Creating package script '/home/chalin/dev_ws/src/install/ball_tracker/share/ball_tracker/package.sh'
[12.440s] INFO:colcon.colcon_core.shell:Creating package script '/home/chalin/dev_ws/src/install/ball_tracker/share/ball_tracker/package.bash'
[12.442s] INFO:colcon.colcon_core.shell:Creating package script '/home/chalin/dev_ws/src/install/ball_tracker/share/ball_tracker/package.zsh'
[12.444s] Level 1:colcon.colcon_core.environment:create_file_with_runtime_dependencies(/home/chalin/dev_ws/src/install/ball_tracker/share/colcon-core/packages/ball_tracker)
[12.445s] DEBUG:colcon.colcon_parallel_executor.executor.parallel:closing loop
[12.461s] DEBUG:colcon.colcon_parallel_executor.executor.parallel:loop closed
[12.461s] DEBUG:colcon.colcon_parallel_executor.executor.parallel:run_until_complete finished with '0'
[12.461s] DEBUG:colcon.colcon_core.event_reactor:joining thread
[12.719s] INFO:colcon.colcon_core.plugin_system:Skipping extension 'colcon_notification.desktop_notification.notify_send': Could not find 'notify-send'
[12.719s] INFO:colcon.colcon_core.plugin_system:Skipping extension 'colcon_notification.desktop_notification.terminal_notifier': Not used on non-Darwin systems
[12.720s] INFO:colcon.colcon_core.plugin_system:Skipping extension 'colcon_notification.desktop_notification.win32': Not used on non-Windows systems
[12.720s] INFO:colcon.colcon_notification.desktop_notification:Sending desktop notification using 'notify2'
[12.741s] DEBUG:colcon.colcon_notification.desktop_notification.notify2:Failed to initialize notify2: org.freedesktop.DBus.Error.ServiceUnknown: The name org.freedesktop.Notifications was not provided by any .service files
[12.742s] DEBUG:colcon.colcon_core.event_reactor:joined thread
[12.744s] INFO:colcon.colcon_core.shell:Creating prefix script '/home/chalin/dev_ws/src/install/local_setup.ps1'
[12.747s] INFO:colcon.colcon_core.shell:Creating prefix util module '/home/chalin/dev_ws/src/install/_local_setup_util_ps1.py'
[12.754s] INFO:colcon.colcon_core.shell:Creating prefix chain script '/home/chalin/dev_ws/src/install/setup.ps1'
[12.773s] INFO:colcon.colcon_core.shell:Creating prefix script '/home/chalin/dev_ws/src/install/local_setup.sh'
[12.776s] INFO:colcon.colcon_core.shell:Creating prefix util module '/home/chalin/dev_ws/src/install/_local_setup_util_sh.py'
[12.778s] INFO:colcon.colcon_core.shell:Creating prefix chain script '/home/chalin/dev_ws/src/install/setup.sh'
[12.866s] INFO:colcon.colcon_core.shell:Creating prefix script '/home/chalin/dev_ws/src/install/local_setup.bash'
[12.868s] INFO:colcon.colcon_core.shell:Creating prefix chain script '/home/chalin/dev_ws/src/install/setup.bash'
[12.872s] INFO:colcon.colcon_core.shell:Creating prefix script '/home/chalin/dev_ws/src/install/local_setup.zsh'
[12.874s] INFO:colcon.colcon_core.shell:Creating prefix chain script '/home/chalin/dev_ws/src/install/setup.zsh'
