[0.582s] DEBUG:colcon:Command line arguments: ['/usr/bin/colcon', 'build', '--symlink-install']
[0.583s] DEBUG:colcon:Parsed command line arguments: Namespace(log_base=None, log_level=None, verb_name='build', build_base='build', install_base='install', merge_install=False, symlink_install=True, test_result_base=None, continue_on_error=False, executor='parallel', parallel_workers=8, event_handlers=None, ignore_user_meta=False, metas=['./colcon.meta'], base_paths=['.'], packages_ignore=None, packages_ignore_regex=None, paths=None, packages_up_to=None, packages_up_to_regex=None, packages_above=None, packages_above_and_dependencies=None, packages_above_depth=None, packages_select_by_dep=None, packages_skip_by_dep=None, packages_skip_up_to=None, packages_select_build_failed=False, packages_skip_build_finished=False, packages_select_test_failures=False, packages_skip_test_passed=False, packages_select=None, packages_skip=None, packages_select_regex=None, packages_skip_regex=None, packages_start=None, packages_end=None, allow_overriding=[], cmake_args=None, cmake_target=None, cmake_target_skip_unavailable=False, cmake_clean_cache=False, cmake_clean_first=False, cmake_force_configure=False, ament_cmake_args=None, catkin_cmake_args=None, catkin_skip_building_tests=False, mixin_files=None, mixin=None, verb_parser=<colcon_mixin.mixin.mixin_argument.MixinArgumentDecorator object at 0x7f32387e2900>, verb_extension=<colcon_core.verb.build.BuildVerb object at 0x7f32387e23f0>, main=<bound method BuildVerb.main of <colcon_core.verb.build.BuildVerb object at 0x7f32387e23f0>>, mixin_verb=('build',))
[0.731s] Level 1:colcon.colcon_core.package_discovery:discover_packages(colcon_meta) check parameters
[0.731s] Level 1:colcon.colcon_core.package_discovery:discover_packages(recursive) check parameters
[0.731s] Level 1:colcon.colcon_core.package_discovery:discover_packages(ignore) check parameters
[0.732s] Level 1:colcon.colcon_core.package_discovery:discover_packages(path) check parameters
[0.732s] Level 1:colcon.colcon_core.package_discovery:discover_packages(colcon_meta) discover
[0.732s] Level 1:colcon.colcon_core.package_discovery:discover_packages(recursive) discover
[0.732s] INFO:colcon.colcon_core.package_discovery:Crawling recursively for packages in '/home/chalin/dev_ws/src'
[0.733s] Level 1:colcon.colcon_core.package_identification:_identify(.) by extensions ['ignore', 'ignore_ament_install']
[0.733s] Level 1:colcon.colcon_core.package_identification:_identify(.) by extension 'ignore'
[0.733s] Level 1:colcon.colcon_core.package_identification:_identify(.) by extension 'ignore_ament_install'
[0.733s] Level 1:colcon.colcon_core.package_identification:_identify(.) by extensions ['colcon_pkg']
[0.734s] Level 1:colcon.colcon_core.package_identification:_identify(.) by extension 'colcon_pkg'
[0.734s] Level 1:colcon.colcon_core.package_identification:_identify(.) by extensions ['colcon_meta']
[0.734s] Level 1:colcon.colcon_core.package_identification:_identify(.) by extension 'colcon_meta'
[0.734s] Level 1:colcon.colcon_core.package_identification:_identify(.) by extensions ['ros']
[0.734s] Level 1:colcon.colcon_core.package_identification:_identify(.) by extension 'ros'
[0.816s] Level 1:colcon.colcon_core.package_identification:_identify(.) by extensions ['cmake', 'python']
[0.816s] Level 1:colcon.colcon_core.package_identification:_identify(.) by extension 'cmake'
[0.816s] Level 1:colcon.colcon_core.package_identification:_identify(.) by extension 'python'
[0.816s] Level 1:colcon.colcon_core.package_identification:_identify(.) by extensions ['python_setup_py']
[0.817s] Level 1:colcon.colcon_core.package_identification:_identify(.) by extension 'python_setup_py'
[0.817s] Level 1:colcon.colcon_core.package_identification:_identify(ball_tracker) by extensions ['ignore', 'ignore_ament_install']
[0.817s] Level 1:colcon.colcon_core.package_identification:_identify(ball_tracker) by extension 'ignore'
[0.818s] Level 1:colcon.colcon_core.package_identification:_identify(ball_tracker) by extension 'ignore_ament_install'
[0.818s] Level 1:colcon.colcon_core.package_identification:_identify(ball_tracker) by extensions ['colcon_pkg']
[0.818s] Level 1:colcon.colcon_core.package_identification:_identify(ball_tracker) by extension 'colcon_pkg'
[0.818s] Level 1:colcon.colcon_core.package_identification:_identify(ball_tracker) by extensions ['colcon_meta']
[0.818s] Level 1:colcon.colcon_core.package_identification:_identify(ball_tracker) by extension 'colcon_meta'
[0.818s] Level 1:colcon.colcon_core.package_identification:_identify(ball_tracker) by extensions ['ros']
[0.818s] Level 1:colcon.colcon_core.package_identification:_identify(ball_tracker) by extension 'ros'
[0.826s] DEBUG:colcon.colcon_core.package_identification:Package 'ball_tracker' with type 'ros.ament_python' and name 'ball_tracker'
[0.827s] Level 1:colcon.colcon_core.package_identification:_identify(build) by extensions ['ignore', 'ignore_ament_install']
[0.827s] Level 1:colcon.colcon_core.package_identification:_identify(build) by extension 'ignore'
[0.827s] Level 1:colcon.colcon_core.package_identification:_identify(build) ignored
[0.827s] Level 1:colcon.colcon_core.package_identification:_identify(e_dollyv2) by extensions ['ignore', 'ignore_ament_install']
[0.828s] Level 1:colcon.colcon_core.package_identification:_identify(e_dollyv2) by extension 'ignore'
[0.828s] Level 1:colcon.colcon_core.package_identification:_identify(e_dollyv2) by extension 'ignore_ament_install'
[0.828s] Level 1:colcon.colcon_core.package_identification:_identify(e_dollyv2) by extensions ['colcon_pkg']
[0.828s] Level 1:colcon.colcon_core.package_identification:_identify(e_dollyv2) by extension 'colcon_pkg'
[0.829s] Level 1:colcon.colcon_core.package_identification:_identify(e_dollyv2) by extensions ['colcon_meta']
[0.829s] Level 1:colcon.colcon_core.package_identification:_identify(e_dollyv2) by extension 'colcon_meta'
[0.829s] Level 1:colcon.colcon_core.package_identification:_identify(e_dollyv2) by extensions ['ros']
[0.829s] Level 1:colcon.colcon_core.package_identification:_identify(e_dollyv2) by extension 'ros'
[0.831s] DEBUG:colcon.colcon_core.package_identification:Package 'e_dollyv2' with type 'ros.ament_cmake' and name 'e_dollyv2'
[0.831s] Level 1:colcon.colcon_core.package_identification:_identify(install) by extensions ['ignore', 'ignore_ament_install']
[0.831s] Level 1:colcon.colcon_core.package_identification:_identify(install) by extension 'ignore'
[0.832s] Level 1:colcon.colcon_core.package_identification:_identify(install) ignored
[0.832s] Level 1:colcon.colcon_core.package_identification:_identify(lidar_camera_projection) by extensions ['ignore', 'ignore_ament_install']
[0.832s] Level 1:colcon.colcon_core.package_identification:_identify(lidar_camera_projection) by extension 'ignore'
[0.832s] Level 1:colcon.colcon_core.package_identification:_identify(lidar_camera_projection) by extension 'ignore_ament_install'
[0.833s] Level 1:colcon.colcon_core.package_identification:_identify(lidar_camera_projection) by extensions ['colcon_pkg']
[0.833s] Level 1:colcon.colcon_core.package_identification:_identify(lidar_camera_projection) by extension 'colcon_pkg'
[0.833s] Level 1:colcon.colcon_core.package_identification:_identify(lidar_camera_projection) by extensions ['colcon_meta']
[0.833s] Level 1:colcon.colcon_core.package_identification:_identify(lidar_camera_projection) by extension 'colcon_meta'
[0.833s] Level 1:colcon.colcon_core.package_identification:_identify(lidar_camera_projection) by extensions ['ros']
[0.833s] Level 1:colcon.colcon_core.package_identification:_identify(lidar_camera_projection) by extension 'ros'
[0.834s] DEBUG:colcon.colcon_core.package_identification:Package 'lidar_camera_projection' with type 'ros.ament_python' and name 'lidar_camera_projection'
[0.835s] Level 1:colcon.colcon_core.package_identification:_identify(log) by extensions ['ignore', 'ignore_ament_install']
[0.835s] Level 1:colcon.colcon_core.package_identification:_identify(log) by extension 'ignore'
[0.835s] Level 1:colcon.colcon_core.package_identification:_identify(log) ignored
[0.835s] Level 1:colcon.colcon_core.package_identification:_identify(nav2_gradient_costmap_plugin) by extensions ['ignore', 'ignore_ament_install']
[0.835s] Level 1:colcon.colcon_core.package_identification:_identify(nav2_gradient_costmap_plugin) by extension 'ignore'
[0.835s] Level 1:colcon.colcon_core.package_identification:_identify(nav2_gradient_costmap_plugin) by extension 'ignore_ament_install'
[0.836s] Level 1:colcon.colcon_core.package_identification:_identify(nav2_gradient_costmap_plugin) by extensions ['colcon_pkg']
[0.836s] Level 1:colcon.colcon_core.package_identification:_identify(nav2_gradient_costmap_plugin) by extension 'colcon_pkg'
[0.836s] Level 1:colcon.colcon_core.package_identification:_identify(nav2_gradient_costmap_plugin) by extensions ['colcon_meta']
[0.836s] Level 1:colcon.colcon_core.package_identification:_identify(nav2_gradient_costmap_plugin) by extension 'colcon_meta'
[0.836s] Level 1:colcon.colcon_core.package_identification:_identify(nav2_gradient_costmap_plugin) by extensions ['ros']
[0.836s] Level 1:colcon.colcon_core.package_identification:_identify(nav2_gradient_costmap_plugin) by extension 'ros'
[0.837s] DEBUG:colcon.colcon_core.package_identification:Package 'nav2_gradient_costmap_plugin' with type 'ros.ament_cmake' and name 'nav2_gradient_costmap_plugin'
[0.838s] Level 1:colcon.colcon_core.package_discovery:discover_packages(recursive) using defaults
[0.839s] Level 1:colcon.colcon_core.package_discovery:discover_packages(ignore) discover
[0.839s] Level 1:colcon.colcon_core.package_discovery:discover_packages(ignore) using defaults
[0.839s] Level 1:colcon.colcon_core.package_discovery:discover_packages(path) discover
[0.839s] Level 1:colcon.colcon_core.package_discovery:discover_packages(path) using defaults
[0.901s] Level 1:colcon.colcon_core.package_discovery:discover_packages(prefix_path) check parameters
[0.902s] Level 1:colcon.colcon_core.package_discovery:discover_packages(prefix_path) discover
[0.911s] DEBUG:colcon.colcon_installed_package_information.package_discovery:Found 3 installed packages in /home/chalin/dev_ws/install
[0.928s] DEBUG:colcon.colcon_installed_package_information.package_discovery:Found 421 installed packages in /opt/ros/jazzy
[0.940s] Level 1:colcon.colcon_core.package_discovery:discover_packages(prefix_path) using defaults
[1.184s] Level 5:colcon.colcon_core.verb:set package 'ball_tracker' build argument 'cmake_args' from command line to 'None'
[1.184s] Level 5:colcon.colcon_core.verb:set package 'ball_tracker' build argument 'cmake_target' from command line to 'None'
[1.185s] Level 5:colcon.colcon_core.verb:set package 'ball_tracker' build argument 'cmake_target_skip_unavailable' from command line to 'False'
[1.185s] Level 5:colcon.colcon_core.verb:set package 'ball_tracker' build argument 'cmake_clean_cache' from command line to 'False'
[1.186s] Level 5:colcon.colcon_core.verb:set package 'ball_tracker' build argument 'cmake_clean_first' from command line to 'False'
[1.186s] Level 5:colcon.colcon_core.verb:set package 'ball_tracker' build argument 'cmake_force_configure' from command line to 'False'
[1.187s] Level 5:colcon.colcon_core.verb:set package 'ball_tracker' build argument 'ament_cmake_args' from command line to 'None'
[1.187s] Level 5:colcon.colcon_core.verb:set package 'ball_tracker' build argument 'catkin_cmake_args' from command line to 'None'
[1.187s] Level 5:colcon.colcon_core.verb:set package 'ball_tracker' build argument 'catkin_skip_building_tests' from command line to 'False'
[1.187s] DEBUG:colcon.colcon_core.verb:Building package 'ball_tracker' with the following arguments: {'ament_cmake_args': None, 'build_base': '/home/chalin/dev_ws/src/build/ball_tracker', 'catkin_cmake_args': None, 'catkin_skip_building_tests': False, 'cmake_args': None, 'cmake_clean_cache': False, 'cmake_clean_first': False, 'cmake_force_configure': False, 'cmake_target': None, 'cmake_target_skip_unavailable': False, 'install_base': '/home/chalin/dev_ws/src/install/ball_tracker', 'merge_install': False, 'path': '/home/chalin/dev_ws/src/ball_tracker', 'symlink_install': True, 'test_result_base': None}
[1.187s] Level 5:colcon.colcon_core.verb:set package 'e_dollyv2' build argument 'cmake_args' from command line to 'None'
[1.188s] Level 5:colcon.colcon_core.verb:set package 'e_dollyv2' build argument 'cmake_target' from command line to 'None'
[1.188s] Level 5:colcon.colcon_core.verb:set package 'e_dollyv2' build argument 'cmake_target_skip_unavailable' from command line to 'False'
[1.188s] Level 5:colcon.colcon_core.verb:set package 'e_dollyv2' build argument 'cmake_clean_cache' from command line to 'False'
[1.188s] Level 5:colcon.colcon_core.verb:set package 'e_dollyv2' build argument 'cmake_clean_first' from command line to 'False'
[1.188s] Level 5:colcon.colcon_core.verb:set package 'e_dollyv2' build argument 'cmake_force_configure' from command line to 'False'
[1.189s] Level 5:colcon.colcon_core.verb:set package 'e_dollyv2' build argument 'ament_cmake_args' from command line to 'None'
[1.189s] Level 5:colcon.colcon_core.verb:set package 'e_dollyv2' build argument 'catkin_cmake_args' from command line to 'None'
[1.189s] Level 5:colcon.colcon_core.verb:set package 'e_dollyv2' build argument 'catkin_skip_building_tests' from command line to 'False'
[1.189s] DEBUG:colcon.colcon_core.verb:Building package 'e_dollyv2' with the following arguments: {'ament_cmake_args': None, 'build_base': '/home/chalin/dev_ws/src/build/e_dollyv2', 'catkin_cmake_args': None, 'catkin_skip_building_tests': False, 'cmake_args': None, 'cmake_clean_cache': False, 'cmake_clean_first': False, 'cmake_force_configure': False, 'cmake_target': None, 'cmake_target_skip_unavailable': False, 'install_base': '/home/chalin/dev_ws/src/install/e_dollyv2', 'merge_install': False, 'path': '/home/chalin/dev_ws/src/e_dollyv2', 'symlink_install': True, 'test_result_base': None}
[1.190s] Level 5:colcon.colcon_core.verb:set package 'lidar_camera_projection' build argument 'cmake_args' from command line to 'None'
[1.190s] Level 5:colcon.colcon_core.verb:set package 'lidar_camera_projection' build argument 'cmake_target' from command line to 'None'
[1.190s] Level 5:colcon.colcon_core.verb:set package 'lidar_camera_projection' build argument 'cmake_target_skip_unavailable' from command line to 'False'
[1.190s] Level 5:colcon.colcon_core.verb:set package 'lidar_camera_projection' build argument 'cmake_clean_cache' from command line to 'False'
[1.190s] Level 5:colcon.colcon_core.verb:set package 'lidar_camera_projection' build argument 'cmake_clean_first' from command line to 'False'
[1.190s] Level 5:colcon.colcon_core.verb:set package 'lidar_camera_projection' build argument 'cmake_force_configure' from command line to 'False'
[1.190s] Level 5:colcon.colcon_core.verb:set package 'lidar_camera_projection' build argument 'ament_cmake_args' from command line to 'None'
[1.190s] Level 5:colcon.colcon_core.verb:set package 'lidar_camera_projection' build argument 'catkin_cmake_args' from command line to 'None'
[1.190s] Level 5:colcon.colcon_core.verb:set package 'lidar_camera_projection' build argument 'catkin_skip_building_tests' from command line to 'False'
[1.190s] DEBUG:colcon.colcon_core.verb:Building package 'lidar_camera_projection' with the following arguments: {'ament_cmake_args': None, 'build_base': '/home/chalin/dev_ws/src/build/lidar_camera_projection', 'catkin_cmake_args': None, 'catkin_skip_building_tests': False, 'cmake_args': None, 'cmake_clean_cache': False, 'cmake_clean_first': False, 'cmake_force_configure': False, 'cmake_target': None, 'cmake_target_skip_unavailable': False, 'install_base': '/home/chalin/dev_ws/src/install/lidar_camera_projection', 'merge_install': False, 'path': '/home/chalin/dev_ws/src/lidar_camera_projection', 'symlink_install': True, 'test_result_base': None}
[1.191s] Level 5:colcon.colcon_core.verb:set package 'nav2_gradient_costmap_plugin' build argument 'cmake_args' from command line to 'None'
[1.191s] Level 5:colcon.colcon_core.verb:set package 'nav2_gradient_costmap_plugin' build argument 'cmake_target' from command line to 'None'
[1.191s] Level 5:colcon.colcon_core.verb:set package 'nav2_gradient_costmap_plugin' build argument 'cmake_target_skip_unavailable' from command line to 'False'
[1.191s] Level 5:colcon.colcon_core.verb:set package 'nav2_gradient_costmap_plugin' build argument 'cmake_clean_cache' from command line to 'False'
[1.191s] Level 5:colcon.colcon_core.verb:set package 'nav2_gradient_costmap_plugin' build argument 'cmake_clean_first' from command line to 'False'
[1.191s] Level 5:colcon.colcon_core.verb:set package 'nav2_gradient_costmap_plugin' build argument 'cmake_force_configure' from command line to 'False'
[1.191s] Level 5:colcon.colcon_core.verb:set package 'nav2_gradient_costmap_plugin' build argument 'ament_cmake_args' from command line to 'None'
[1.191s] Level 5:colcon.colcon_core.verb:set package 'nav2_gradient_costmap_plugin' build argument 'catkin_cmake_args' from command line to 'None'
[1.192s] Level 5:colcon.colcon_core.verb:set package 'nav2_gradient_costmap_plugin' build argument 'catkin_skip_building_tests' from command line to 'False'
[1.192s] DEBUG:colcon.colcon_core.verb:Building package 'nav2_gradient_costmap_plugin' with the following arguments: {'ament_cmake_args': None, 'build_base': '/home/chalin/dev_ws/src/build/nav2_gradient_costmap_plugin', 'catkin_cmake_args': None, 'catkin_skip_building_tests': False, 'cmake_args': None, 'cmake_clean_cache': False, 'cmake_clean_first': False, 'cmake_force_configure': False, 'cmake_target': None, 'cmake_target_skip_unavailable': False, 'install_base': '/home/chalin/dev_ws/src/install/nav2_gradient_costmap_plugin', 'merge_install': False, 'path': '/home/chalin/dev_ws/src/nav2_gradient_costmap_plugin', 'symlink_install': True, 'test_result_base': None}
[1.192s] INFO:colcon.colcon_core.executor:Executing jobs using 'parallel' executor
[1.194s] DEBUG:colcon.colcon_parallel_executor.executor.parallel:run_until_complete
[1.195s] INFO:colcon.colcon_ros.task.ament_python.build:Building ROS package in '/home/chalin/dev_ws/src/ball_tracker' with build type 'ament_python'
[1.195s] Level 1:colcon.colcon_core.shell:create_environment_hook('ball_tracker', 'ament_prefix_path')
[1.203s] INFO:colcon.colcon_core.plugin_system:Skipping extension 'colcon_core.shell.bat': Not used on non-Windows systems
[1.205s] INFO:colcon.colcon_core.shell:Creating environment hook '/home/chalin/dev_ws/src/install/ball_tracker/share/ball_tracker/hook/ament_prefix_path.ps1'
[1.212s] INFO:colcon.colcon_core.shell:Creating environment descriptor '/home/chalin/dev_ws/src/install/ball_tracker/share/ball_tracker/hook/ament_prefix_path.dsv'
[1.214s] INFO:colcon.colcon_core.shell:Creating environment hook '/home/chalin/dev_ws/src/install/ball_tracker/share/ball_tracker/hook/ament_prefix_path.sh'
[1.215s] INFO:colcon.colcon_core.shell:Skip shell extension 'powershell' for command environment: Not usable outside of PowerShell
[1.215s] DEBUG:colcon.colcon_core.shell:Skip shell extension 'dsv' for command environment
[1.242s] INFO:colcon.colcon_ros.task.ament_cmake.build:Building ROS package in '/home/chalin/dev_ws/src/e_dollyv2' with build type 'ament_cmake'
[1.242s] INFO:colcon.colcon_cmake.task.cmake.build:Building CMake package in '/home/chalin/dev_ws/src/e_dollyv2'
[1.243s] INFO:colcon.colcon_core.shell:Skip shell extension 'powershell' for command environment: Not usable outside of PowerShell
[1.243s] DEBUG:colcon.colcon_core.shell:Skip shell extension 'dsv' for command environment
[1.261s] INFO:colcon.colcon_ros.task.ament_python.build:Building ROS package in '/home/chalin/dev_ws/src/lidar_camera_projection' with build type 'ament_python'
[1.262s] Level 1:colcon.colcon_core.shell:create_environment_hook('lidar_camera_projection', 'ament_prefix_path')
[1.263s] INFO:colcon.colcon_core.shell:Creating environment hook '/home/chalin/dev_ws/src/install/lidar_camera_projection/share/lidar_camera_projection/hook/ament_prefix_path.ps1'
[1.273s] INFO:colcon.colcon_core.shell:Creating environment descriptor '/home/chalin/dev_ws/src/install/lidar_camera_projection/share/lidar_camera_projection/hook/ament_prefix_path.dsv'
[1.275s] INFO:colcon.colcon_core.shell:Creating environment hook '/home/chalin/dev_ws/src/install/lidar_camera_projection/share/lidar_camera_projection/hook/ament_prefix_path.sh'
[1.278s] INFO:colcon.colcon_core.shell:Skip shell extension 'powershell' for command environment: Not usable outside of PowerShell
[1.279s] DEBUG:colcon.colcon_core.shell:Skip shell extension 'dsv' for command environment
[1.309s] INFO:colcon.colcon_ros.task.ament_cmake.build:Building ROS package in '/home/chalin/dev_ws/src/nav2_gradient_costmap_plugin' with build type 'ament_cmake'
[1.310s] INFO:colcon.colcon_cmake.task.cmake.build:Building CMake package in '/home/chalin/dev_ws/src/nav2_gradient_costmap_plugin'
[1.311s] INFO:colcon.colcon_core.shell:Skip shell extension 'powershell' for command environment: Not usable outside of PowerShell
[1.311s] DEBUG:colcon.colcon_core.shell:Skip shell extension 'dsv' for command environment
[2.182s] INFO:colcon.colcon_core.task.python.build:Building Python package in '/home/chalin/dev_ws/src/ball_tracker'
[2.182s] INFO:colcon.colcon_core.shell:Skip shell extension 'powershell' for command environment: Not usable outside of PowerShell
[2.182s] DEBUG:colcon.colcon_core.shell:Skip shell extension 'dsv' for command environment
[2.306s] DEBUG:colcon.colcon_core.event_handler.log_command:Invoking command in '/home/chalin/dev_ws/src/build/e_dollyv2': CMAKE_PREFIX_PATH=${CMAKE_PREFIX_PATH}:/home/chalin/dev_ws/install/lidar_camera_projection:/opt/ros/jazzy /usr/bin/cmake /home/chalin/dev_ws/src/e_dollyv2 -DAMENT_CMAKE_SYMLINK_INSTALL=1 -DCMAKE_INSTALL_PREFIX=/home/chalin/dev_ws/src/install/e_dollyv2
[3.293s] INFO:colcon.colcon_core.task.python.build:Building Python package in '/home/chalin/dev_ws/src/lidar_camera_projection'
[3.294s] INFO:colcon.colcon_core.shell:Skip shell extension 'powershell' for command environment: Not usable outside of PowerShell
[3.294s] DEBUG:colcon.colcon_core.shell:Skip shell extension 'dsv' for command environment
[3.364s] DEBUG:colcon.colcon_core.event_handler.log_command:Invoking command in '/home/chalin/dev_ws/src/build/nav2_gradient_costmap_plugin': CMAKE_PREFIX_PATH=${CMAKE_PREFIX_PATH}:/home/chalin/dev_ws/install/lidar_camera_projection:/opt/ros/jazzy /usr/bin/cmake /home/chalin/dev_ws/src/nav2_gradient_costmap_plugin -DAMENT_CMAKE_SYMLINK_INSTALL=1 -DCMAKE_INSTALL_PREFIX=/home/chalin/dev_ws/src/install/nav2_gradient_costmap_plugin
[7.064s] DEBUG:colcon.colcon_core.event_handler.log_command:Invoking command in '/home/chalin/dev_ws/src/build/lidar_camera_projection': PYTHONPATH=/home/chalin/dev_ws/src/build/lidar_camera_projection/prefix_override:/usr/lib/python3/dist-packages/colcon_core/task/python/colcon_distutils_commands:/home/chalin/dev_ws/src/install/lidar_camera_projection/lib/python3.12/site-packages:${PYTHONPATH} /usr/bin/python3 -W ignore:setup.py install is deprecated -W ignore:easy_install command is deprecated setup.py develop --editable --build-directory /home/chalin/dev_ws/src/build/lidar_camera_projection/build --no-deps symlink_data
[7.190s] DEBUG:colcon.colcon_core.event_handler.log_command:Invoking command in '/home/chalin/dev_ws/src/build/ball_tracker': PYTHONPATH=/home/chalin/dev_ws/src/build/ball_tracker/prefix_override:/usr/lib/python3/dist-packages/colcon_core/task/python/colcon_distutils_commands:/home/chalin/dev_ws/src/install/ball_tracker/lib/python3.12/site-packages:${PYTHONPATH} /usr/bin/python3 -W ignore:setup.py install is deprecated -W ignore:easy_install command is deprecated setup.py develop --editable --build-directory /home/chalin/dev_ws/src/build/ball_tracker/build --no-deps symlink_data
[10.553s] Level 1:colcon.colcon_core.shell:create_environment_hook('ball_tracker', 'pythonpath_develop')
[10.554s] INFO:colcon.colcon_core.shell:Creating environment hook '/home/chalin/dev_ws/src/build/ball_tracker/share/ball_tracker/hook/pythonpath_develop.ps1'
[10.565s] DEBUG:colcon.colcon_core.event_handler.log_command:Invoked command in '/home/chalin/dev_ws/src/build/ball_tracker' returned '0': PYTHONPATH=/home/chalin/dev_ws/src/build/ball_tracker/prefix_override:/usr/lib/python3/dist-packages/colcon_core/task/python/colcon_distutils_commands:/home/chalin/dev_ws/src/install/ball_tracker/lib/python3.12/site-packages:${PYTHONPATH} /usr/bin/python3 -W ignore:setup.py install is deprecated -W ignore:easy_install command is deprecated setup.py develop --editable --build-directory /home/chalin/dev_ws/src/build/ball_tracker/build --no-deps symlink_data
[10.566s] INFO:colcon.colcon_core.shell:Creating environment descriptor '/home/chalin/dev_ws/src/build/ball_tracker/share/ball_tracker/hook/pythonpath_develop.dsv'
[10.568s] INFO:colcon.colcon_core.shell:Creating environment hook '/home/chalin/dev_ws/src/build/ball_tracker/share/ball_tracker/hook/pythonpath_develop.sh'
[10.617s] Level 1:colcon.colcon_core.environment:checking '/home/chalin/dev_ws/src/install/ball_tracker' for CMake module files
[10.618s] Level 1:colcon.colcon_core.environment:checking '/home/chalin/dev_ws/src/install/ball_tracker' for CMake config files
[10.619s] Level 1:colcon.colcon_core.environment:checking '/home/chalin/dev_ws/src/install/ball_tracker/lib'
[10.620s] Level 1:colcon.colcon_core.environment:checking '/home/chalin/dev_ws/src/install/ball_tracker/bin'
[10.620s] Level 1:colcon.colcon_core.environment:checking '/home/chalin/dev_ws/src/install/ball_tracker/lib/pkgconfig/ball_tracker.pc'
[10.620s] Level 1:colcon.colcon_core.environment:checking '/home/chalin/dev_ws/src/install/ball_tracker/lib/python3.12/site-packages'
[10.621s] Level 1:colcon.colcon_core.shell:create_environment_hook('ball_tracker', 'pythonpath')
[10.621s] INFO:colcon.colcon_core.shell:Creating environment hook '/home/chalin/dev_ws/src/install/ball_tracker/share/ball_tracker/hook/pythonpath.ps1'
[10.622s] INFO:colcon.colcon_core.shell:Creating environment descriptor '/home/chalin/dev_ws/src/install/ball_tracker/share/ball_tracker/hook/pythonpath.dsv'
[10.624s] INFO:colcon.colcon_core.shell:Creating environment hook '/home/chalin/dev_ws/src/install/ball_tracker/share/ball_tracker/hook/pythonpath.sh'
[10.645s] Level 1:colcon.colcon_core.environment:checking '/home/chalin/dev_ws/src/install/ball_tracker/bin'
[10.645s] Level 1:colcon.colcon_core.environment:create_environment_scripts_only(ball_tracker)
[10.646s] INFO:colcon.colcon_core.shell:Creating package script '/home/chalin/dev_ws/src/install/ball_tracker/share/ball_tracker/package.ps1'
[10.658s] INFO:colcon.colcon_core.shell:Creating package descriptor '/home/chalin/dev_ws/src/install/ball_tracker/share/ball_tracker/package.dsv'
[10.660s] INFO:colcon.colcon_core.shell:Creating package script '/home/chalin/dev_ws/src/install/ball_tracker/share/ball_tracker/package.sh'
[10.667s] INFO:colcon.colcon_core.shell:Creating package script '/home/chalin/dev_ws/src/install/ball_tracker/share/ball_tracker/package.bash'
[10.673s] INFO:colcon.colcon_core.shell:Creating package script '/home/chalin/dev_ws/src/install/ball_tracker/share/ball_tracker/package.zsh'
[10.677s] Level 1:colcon.colcon_core.environment:create_file_with_runtime_dependencies(/home/chalin/dev_ws/src/install/ball_tracker/share/colcon-core/packages/ball_tracker)
[11.507s] Level 1:colcon.colcon_core.shell:create_environment_hook('lidar_camera_projection', 'pythonpath_develop')
[11.508s] INFO:colcon.colcon_core.shell:Creating environment hook '/home/chalin/dev_ws/src/build/lidar_camera_projection/share/lidar_camera_projection/hook/pythonpath_develop.ps1'
[11.509s] INFO:colcon.colcon_core.shell:Creating environment descriptor '/home/chalin/dev_ws/src/build/lidar_camera_projection/share/lidar_camera_projection/hook/pythonpath_develop.dsv'
[11.510s] INFO:colcon.colcon_core.shell:Creating environment hook '/home/chalin/dev_ws/src/build/lidar_camera_projection/share/lidar_camera_projection/hook/pythonpath_develop.sh'
[11.511s] Level 1:colcon.colcon_core.environment:checking '/home/chalin/dev_ws/src/install/lidar_camera_projection' for CMake module files
[11.513s] Level 1:colcon.colcon_core.environment:checking '/home/chalin/dev_ws/src/install/lidar_camera_projection' for CMake config files
[11.514s] Level 1:colcon.colcon_core.environment:checking '/home/chalin/dev_ws/src/install/lidar_camera_projection/lib'
[11.514s] Level 1:colcon.colcon_core.environment:checking '/home/chalin/dev_ws/src/install/lidar_camera_projection/bin'
[11.515s] Level 1:colcon.colcon_core.environment:checking '/home/chalin/dev_ws/src/install/lidar_camera_projection/lib/pkgconfig/lidar_camera_projection.pc'
[11.515s] Level 1:colcon.colcon_core.environment:checking '/home/chalin/dev_ws/src/install/lidar_camera_projection/lib/python3.12/site-packages'
[11.515s] Level 1:colcon.colcon_core.shell:create_environment_hook('lidar_camera_projection', 'pythonpath')
[11.516s] INFO:colcon.colcon_core.shell:Creating environment hook '/home/chalin/dev_ws/src/install/lidar_camera_projection/share/lidar_camera_projection/hook/pythonpath.ps1'
[11.517s] INFO:colcon.colcon_core.shell:Creating environment descriptor '/home/chalin/dev_ws/src/install/lidar_camera_projection/share/lidar_camera_projection/hook/pythonpath.dsv'
[11.517s] INFO:colcon.colcon_core.shell:Creating environment hook '/home/chalin/dev_ws/src/install/lidar_camera_projection/share/lidar_camera_projection/hook/pythonpath.sh'
[11.519s] Level 1:colcon.colcon_core.environment:checking '/home/chalin/dev_ws/src/install/lidar_camera_projection/bin'
[11.519s] Level 1:colcon.colcon_core.environment:create_environment_scripts_only(lidar_camera_projection)
[11.519s] INFO:colcon.colcon_core.shell:Creating package script '/home/chalin/dev_ws/src/install/lidar_camera_projection/share/lidar_camera_projection/package.ps1'
[11.520s] INFO:colcon.colcon_core.shell:Creating package descriptor '/home/chalin/dev_ws/src/install/lidar_camera_projection/share/lidar_camera_projection/package.dsv'
[11.522s] INFO:colcon.colcon_core.shell:Creating package script '/home/chalin/dev_ws/src/install/lidar_camera_projection/share/lidar_camera_projection/package.sh'
[11.523s] INFO:colcon.colcon_core.shell:Creating package script '/home/chalin/dev_ws/src/install/lidar_camera_projection/share/lidar_camera_projection/package.bash'
[11.524s] INFO:colcon.colcon_core.shell:Creating package script '/home/chalin/dev_ws/src/install/lidar_camera_projection/share/lidar_camera_projection/package.zsh'
[11.525s] DEBUG:colcon.colcon_core.event_handler.log_command:Invoked command in '/home/chalin/dev_ws/src/build/lidar_camera_projection' returned '0': PYTHONPATH=/home/chalin/dev_ws/src/build/lidar_camera_projection/prefix_override:/usr/lib/python3/dist-packages/colcon_core/task/python/colcon_distutils_commands:/home/chalin/dev_ws/src/install/lidar_camera_projection/lib/python3.12/site-packages:${PYTHONPATH} /usr/bin/python3 -W ignore:setup.py install is deprecated -W ignore:easy_install command is deprecated setup.py develop --editable --build-directory /home/chalin/dev_ws/src/build/lidar_camera_projection/build --no-deps symlink_data
[11.527s] Level 1:colcon.colcon_core.environment:create_file_with_runtime_dependencies(/home/chalin/dev_ws/src/install/lidar_camera_projection/share/colcon-core/packages/lidar_camera_projection)
[16.386s] DEBUG:colcon.colcon_core.event_handler.log_command:Invoked command in '/home/chalin/dev_ws/src/build/e_dollyv2' returned '0': CMAKE_PREFIX_PATH=${CMAKE_PREFIX_PATH}:/home/chalin/dev_ws/install/lidar_camera_projection:/opt/ros/jazzy /usr/bin/cmake /home/chalin/dev_ws/src/e_dollyv2 -DAMENT_CMAKE_SYMLINK_INSTALL=1 -DCMAKE_INSTALL_PREFIX=/home/chalin/dev_ws/src/install/e_dollyv2
[16.387s] DEBUG:colcon.colcon_core.event_handler.log_command:Invoking command in '/home/chalin/dev_ws/src/build/e_dollyv2': CMAKE_PREFIX_PATH=${CMAKE_PREFIX_PATH}:/home/chalin/dev_ws/install/lidar_camera_projection:/opt/ros/jazzy /usr/bin/cmake --build /home/chalin/dev_ws/src/build/e_dollyv2 -- -j8 -l8
[16.555s] DEBUG:colcon.colcon_core.event_handler.log_command:Invoked command in '/home/chalin/dev_ws/src/build/e_dollyv2' returned '0': CMAKE_PREFIX_PATH=${CMAKE_PREFIX_PATH}:/home/chalin/dev_ws/install/lidar_camera_projection:/opt/ros/jazzy /usr/bin/cmake --build /home/chalin/dev_ws/src/build/e_dollyv2 -- -j8 -l8
[16.591s] DEBUG:colcon.colcon_core.event_handler.log_command:Invoking command in '/home/chalin/dev_ws/src/build/e_dollyv2': CMAKE_PREFIX_PATH=${CMAKE_PREFIX_PATH}:/home/chalin/dev_ws/install/lidar_camera_projection:/opt/ros/jazzy /usr/bin/cmake --install /home/chalin/dev_ws/src/build/e_dollyv2
[18.569s] Level 1:colcon.colcon_core.environment:create_environment_scripts_only(e_dollyv2)
[18.569s] Level 1:colcon.colcon_core.environment:checking '/home/chalin/dev_ws/src/install/e_dollyv2' for CMake module files
[18.571s] Level 1:colcon.colcon_core.environment:checking '/home/chalin/dev_ws/src/install/e_dollyv2' for CMake config files
[18.571s] Level 1:colcon.colcon_core.shell:create_environment_hook('e_dollyv2', 'cmake_prefix_path')
[18.572s] INFO:colcon.colcon_core.shell:Creating environment hook '/home/chalin/dev_ws/src/install/e_dollyv2/share/e_dollyv2/hook/cmake_prefix_path.ps1'
[18.578s] INFO:colcon.colcon_core.shell:Creating environment descriptor '/home/chalin/dev_ws/src/install/e_dollyv2/share/e_dollyv2/hook/cmake_prefix_path.dsv'
[18.578s] DEBUG:colcon.colcon_core.event_handler.log_command:Invoked command in '/home/chalin/dev_ws/src/build/e_dollyv2' returned '0': CMAKE_PREFIX_PATH=${CMAKE_PREFIX_PATH}:/home/chalin/dev_ws/install/lidar_camera_projection:/opt/ros/jazzy /usr/bin/cmake --install /home/chalin/dev_ws/src/build/e_dollyv2
[18.580s] INFO:colcon.colcon_core.shell:Creating environment hook '/home/chalin/dev_ws/src/install/e_dollyv2/share/e_dollyv2/hook/cmake_prefix_path.sh'
[18.582s] Level 1:colcon.colcon_core.environment:checking '/home/chalin/dev_ws/src/install/e_dollyv2/bin'
[18.582s] Level 1:colcon.colcon_core.environment:checking '/home/chalin/dev_ws/src/install/e_dollyv2/lib/pkgconfig/e_dollyv2.pc'
[18.583s] Level 1:colcon.colcon_core.environment:checking '/home/chalin/dev_ws/src/install/e_dollyv2/lib/python3.12/site-packages'
[18.584s] Level 1:colcon.colcon_core.environment:checking '/home/chalin/dev_ws/src/install/e_dollyv2/bin'
[18.585s] INFO:colcon.colcon_core.shell:Creating package script '/home/chalin/dev_ws/src/install/e_dollyv2/share/e_dollyv2/package.ps1'
[18.598s] INFO:colcon.colcon_core.shell:Creating package descriptor '/home/chalin/dev_ws/src/install/e_dollyv2/share/e_dollyv2/package.dsv'
[18.602s] INFO:colcon.colcon_core.shell:Creating package script '/home/chalin/dev_ws/src/install/e_dollyv2/share/e_dollyv2/package.sh'
[18.611s] INFO:colcon.colcon_core.shell:Creating package script '/home/chalin/dev_ws/src/install/e_dollyv2/share/e_dollyv2/package.bash'
[18.617s] INFO:colcon.colcon_core.shell:Creating package script '/home/chalin/dev_ws/src/install/e_dollyv2/share/e_dollyv2/package.zsh'
[18.620s] Level 1:colcon.colcon_core.environment:create_file_with_runtime_dependencies(/home/chalin/dev_ws/src/install/e_dollyv2/share/colcon-core/packages/e_dollyv2)
[18.622s] Level 1:colcon.colcon_core.environment:create_environment_scripts_only(e_dollyv2)
[18.623s] Level 1:colcon.colcon_core.environment:checking '/home/chalin/dev_ws/src/install/e_dollyv2' for CMake module files
[18.624s] Level 1:colcon.colcon_core.environment:checking '/home/chalin/dev_ws/src/install/e_dollyv2' for CMake config files
[18.625s] Level 1:colcon.colcon_core.shell:create_environment_hook('e_dollyv2', 'cmake_prefix_path')
[18.628s] INFO:colcon.colcon_core.shell:Creating environment hook '/home/chalin/dev_ws/src/install/e_dollyv2/share/e_dollyv2/hook/cmake_prefix_path.ps1'
[18.629s] INFO:colcon.colcon_core.shell:Creating environment descriptor '/home/chalin/dev_ws/src/install/e_dollyv2/share/e_dollyv2/hook/cmake_prefix_path.dsv'
[18.630s] INFO:colcon.colcon_core.shell:Creating environment hook '/home/chalin/dev_ws/src/install/e_dollyv2/share/e_dollyv2/hook/cmake_prefix_path.sh'
[18.632s] Level 1:colcon.colcon_core.environment:checking '/home/chalin/dev_ws/src/install/e_dollyv2/bin'
[18.632s] Level 1:colcon.colcon_core.environment:checking '/home/chalin/dev_ws/src/install/e_dollyv2/lib/pkgconfig/e_dollyv2.pc'
[18.633s] Level 1:colcon.colcon_core.environment:checking '/home/chalin/dev_ws/src/install/e_dollyv2/lib/python3.12/site-packages'
[18.633s] Level 1:colcon.colcon_core.environment:checking '/home/chalin/dev_ws/src/install/e_dollyv2/bin'
[18.634s] INFO:colcon.colcon_core.shell:Creating package script '/home/chalin/dev_ws/src/install/e_dollyv2/share/e_dollyv2/package.ps1'
[18.635s] INFO:colcon.colcon_core.shell:Creating package descriptor '/home/chalin/dev_ws/src/install/e_dollyv2/share/e_dollyv2/package.dsv'
[18.638s] INFO:colcon.colcon_core.shell:Creating package script '/home/chalin/dev_ws/src/install/e_dollyv2/share/e_dollyv2/package.sh'
[18.640s] INFO:colcon.colcon_core.shell:Creating package script '/home/chalin/dev_ws/src/install/e_dollyv2/share/e_dollyv2/package.bash'
[18.644s] INFO:colcon.colcon_core.shell:Creating package script '/home/chalin/dev_ws/src/install/e_dollyv2/share/e_dollyv2/package.zsh'
[18.646s] Level 1:colcon.colcon_core.environment:create_file_with_runtime_dependencies(/home/chalin/dev_ws/src/install/e_dollyv2/share/colcon-core/packages/e_dollyv2)
[25.067s] DEBUG:colcon.colcon_core.event_handler.log_command:Invoked command in '/home/chalin/dev_ws/src/build/nav2_gradient_costmap_plugin' returned '0': CMAKE_PREFIX_PATH=${CMAKE_PREFIX_PATH}:/home/chalin/dev_ws/install/lidar_camera_projection:/opt/ros/jazzy /usr/bin/cmake /home/chalin/dev_ws/src/nav2_gradient_costmap_plugin -DAMENT_CMAKE_SYMLINK_INSTALL=1 -DCMAKE_INSTALL_PREFIX=/home/chalin/dev_ws/src/install/nav2_gradient_costmap_plugin
[25.068s] DEBUG:colcon.colcon_core.event_handler.log_command:Invoking command in '/home/chalin/dev_ws/src/build/nav2_gradient_costmap_plugin': CMAKE_PREFIX_PATH=${CMAKE_PREFIX_PATH}:/home/chalin/dev_ws/install/lidar_camera_projection:/opt/ros/jazzy /usr/bin/cmake --build /home/chalin/dev_ws/src/build/nav2_gradient_costmap_plugin -- -j8 -l8
[41.134s] DEBUG:colcon.colcon_core.event_handler.log_command:Invoked command in '/home/chalin/dev_ws/src/build/nav2_gradient_costmap_plugin' returned '0': CMAKE_PREFIX_PATH=${CMAKE_PREFIX_PATH}:/home/chalin/dev_ws/install/lidar_camera_projection:/opt/ros/jazzy /usr/bin/cmake --build /home/chalin/dev_ws/src/build/nav2_gradient_costmap_plugin -- -j8 -l8
[41.135s] DEBUG:colcon.colcon_core.event_handler.log_command:Invoking command in '/home/chalin/dev_ws/src/build/nav2_gradient_costmap_plugin': CMAKE_PREFIX_PATH=${CMAKE_PREFIX_PATH}:/home/chalin/dev_ws/install/lidar_camera_projection:/opt/ros/jazzy /usr/bin/cmake --install /home/chalin/dev_ws/src/build/nav2_gradient_costmap_plugin
[41.593s] Level 1:colcon.colcon_core.environment:create_environment_scripts_only(nav2_gradient_costmap_plugin)
[41.594s] Level 1:colcon.colcon_core.environment:checking '/home/chalin/dev_ws/src/install/nav2_gradient_costmap_plugin' for CMake module files
[41.596s] Level 1:colcon.colcon_core.environment:checking '/home/chalin/dev_ws/src/install/nav2_gradient_costmap_plugin' for CMake config files
[41.596s] Level 1:colcon.colcon_core.shell:create_environment_hook('nav2_gradient_costmap_plugin', 'cmake_prefix_path')
[41.596s] INFO:colcon.colcon_core.shell:Creating environment hook '/home/chalin/dev_ws/src/install/nav2_gradient_costmap_plugin/share/nav2_gradient_costmap_plugin/hook/cmake_prefix_path.ps1'
[41.599s] DEBUG:colcon.colcon_core.event_handler.log_command:Invoked command in '/home/chalin/dev_ws/src/build/nav2_gradient_costmap_plugin' returned '0': CMAKE_PREFIX_PATH=${CMAKE_PREFIX_PATH}:/home/chalin/dev_ws/install/lidar_camera_projection:/opt/ros/jazzy /usr/bin/cmake --install /home/chalin/dev_ws/src/build/nav2_gradient_costmap_plugin
[41.600s] INFO:colcon.colcon_core.shell:Creating environment descriptor '/home/chalin/dev_ws/src/install/nav2_gradient_costmap_plugin/share/nav2_gradient_costmap_plugin/hook/cmake_prefix_path.dsv'
[41.601s] INFO:colcon.colcon_core.shell:Creating environment hook '/home/chalin/dev_ws/src/install/nav2_gradient_costmap_plugin/share/nav2_gradient_costmap_plugin/hook/cmake_prefix_path.sh'
[41.602s] Level 1:colcon.colcon_core.environment:checking '/home/chalin/dev_ws/src/install/nav2_gradient_costmap_plugin/lib'
[41.602s] Level 1:colcon.colcon_core.shell:create_environment_hook('nav2_gradient_costmap_plugin', 'ld_library_path_lib')
[41.603s] INFO:colcon.colcon_core.shell:Creating environment hook '/home/chalin/dev_ws/src/install/nav2_gradient_costmap_plugin/share/nav2_gradient_costmap_plugin/hook/ld_library_path_lib.ps1'
[41.603s] INFO:colcon.colcon_core.shell:Creating environment descriptor '/home/chalin/dev_ws/src/install/nav2_gradient_costmap_plugin/share/nav2_gradient_costmap_plugin/hook/ld_library_path_lib.dsv'
[41.606s] INFO:colcon.colcon_core.shell:Creating environment hook '/home/chalin/dev_ws/src/install/nav2_gradient_costmap_plugin/share/nav2_gradient_costmap_plugin/hook/ld_library_path_lib.sh'
[41.608s] Level 1:colcon.colcon_core.environment:checking '/home/chalin/dev_ws/src/install/nav2_gradient_costmap_plugin/bin'
[41.608s] Level 1:colcon.colcon_core.environment:checking '/home/chalin/dev_ws/src/install/nav2_gradient_costmap_plugin/lib/pkgconfig/nav2_gradient_costmap_plugin.pc'
[41.608s] Level 1:colcon.colcon_core.environment:checking '/home/chalin/dev_ws/src/install/nav2_gradient_costmap_plugin/lib/python3.12/site-packages'
[41.613s] Level 1:colcon.colcon_core.environment:checking '/home/chalin/dev_ws/src/install/nav2_gradient_costmap_plugin/bin'
[41.614s] INFO:colcon.colcon_core.shell:Creating package script '/home/chalin/dev_ws/src/install/nav2_gradient_costmap_plugin/share/nav2_gradient_costmap_plugin/package.ps1'
[41.619s] INFO:colcon.colcon_core.shell:Creating package descriptor '/home/chalin/dev_ws/src/install/nav2_gradient_costmap_plugin/share/nav2_gradient_costmap_plugin/package.dsv'
[41.620s] INFO:colcon.colcon_core.shell:Creating package script '/home/chalin/dev_ws/src/install/nav2_gradient_costmap_plugin/share/nav2_gradient_costmap_plugin/package.sh'
[41.622s] INFO:colcon.colcon_core.shell:Creating package script '/home/chalin/dev_ws/src/install/nav2_gradient_costmap_plugin/share/nav2_gradient_costmap_plugin/package.bash'
[41.624s] INFO:colcon.colcon_core.shell:Creating package script '/home/chalin/dev_ws/src/install/nav2_gradient_costmap_plugin/share/nav2_gradient_costmap_plugin/package.zsh'
[41.625s] Level 1:colcon.colcon_core.environment:create_file_with_runtime_dependencies(/home/chalin/dev_ws/src/install/nav2_gradient_costmap_plugin/share/colcon-core/packages/nav2_gradient_costmap_plugin)
[41.635s] Level 1:colcon.colcon_core.environment:create_environment_scripts_only(nav2_gradient_costmap_plugin)
[41.636s] Level 1:colcon.colcon_core.environment:checking '/home/chalin/dev_ws/src/install/nav2_gradient_costmap_plugin' for CMake module files
[41.638s] Level 1:colcon.colcon_core.environment:checking '/home/chalin/dev_ws/src/install/nav2_gradient_costmap_plugin' for CMake config files
[41.639s] Level 1:colcon.colcon_core.shell:create_environment_hook('nav2_gradient_costmap_plugin', 'cmake_prefix_path')
[41.641s] INFO:colcon.colcon_core.shell:Creating environment hook '/home/chalin/dev_ws/src/install/nav2_gradient_costmap_plugin/share/nav2_gradient_costmap_plugin/hook/cmake_prefix_path.ps1'
[41.643s] INFO:colcon.colcon_core.shell:Creating environment descriptor '/home/chalin/dev_ws/src/install/nav2_gradient_costmap_plugin/share/nav2_gradient_costmap_plugin/hook/cmake_prefix_path.dsv'
[41.644s] INFO:colcon.colcon_core.shell:Creating environment hook '/home/chalin/dev_ws/src/install/nav2_gradient_costmap_plugin/share/nav2_gradient_costmap_plugin/hook/cmake_prefix_path.sh'
[41.646s] Level 1:colcon.colcon_core.environment:checking '/home/chalin/dev_ws/src/install/nav2_gradient_costmap_plugin/lib'
[41.646s] Level 1:colcon.colcon_core.shell:create_environment_hook('nav2_gradient_costmap_plugin', 'ld_library_path_lib')
[41.646s] INFO:colcon.colcon_core.shell:Creating environment hook '/home/chalin/dev_ws/src/install/nav2_gradient_costmap_plugin/share/nav2_gradient_costmap_plugin/hook/ld_library_path_lib.ps1'
[41.648s] INFO:colcon.colcon_core.shell:Creating environment descriptor '/home/chalin/dev_ws/src/install/nav2_gradient_costmap_plugin/share/nav2_gradient_costmap_plugin/hook/ld_library_path_lib.dsv'
[41.649s] INFO:colcon.colcon_core.shell:Creating environment hook '/home/chalin/dev_ws/src/install/nav2_gradient_costmap_plugin/share/nav2_gradient_costmap_plugin/hook/ld_library_path_lib.sh'
[41.649s] Level 1:colcon.colcon_core.environment:checking '/home/chalin/dev_ws/src/install/nav2_gradient_costmap_plugin/bin'
[41.650s] Level 1:colcon.colcon_core.environment:checking '/home/chalin/dev_ws/src/install/nav2_gradient_costmap_plugin/lib/pkgconfig/nav2_gradient_costmap_plugin.pc'
[41.650s] Level 1:colcon.colcon_core.environment:checking '/home/chalin/dev_ws/src/install/nav2_gradient_costmap_plugin/lib/python3.12/site-packages'
[41.650s] Level 1:colcon.colcon_core.environment:checking '/home/chalin/dev_ws/src/install/nav2_gradient_costmap_plugin/bin'
[41.651s] INFO:colcon.colcon_core.shell:Creating package script '/home/chalin/dev_ws/src/install/nav2_gradient_costmap_plugin/share/nav2_gradient_costmap_plugin/package.ps1'
[41.653s] INFO:colcon.colcon_core.shell:Creating package descriptor '/home/chalin/dev_ws/src/install/nav2_gradient_costmap_plugin/share/nav2_gradient_costmap_plugin/package.dsv'
[41.654s] INFO:colcon.colcon_core.shell:Creating package script '/home/chalin/dev_ws/src/install/nav2_gradient_costmap_plugin/share/nav2_gradient_costmap_plugin/package.sh'
[41.655s] INFO:colcon.colcon_core.shell:Creating package script '/home/chalin/dev_ws/src/install/nav2_gradient_costmap_plugin/share/nav2_gradient_costmap_plugin/package.bash'
[41.656s] INFO:colcon.colcon_core.shell:Creating package script '/home/chalin/dev_ws/src/install/nav2_gradient_costmap_plugin/share/nav2_gradient_costmap_plugin/package.zsh'
[41.658s] Level 1:colcon.colcon_core.environment:create_file_with_runtime_dependencies(/home/chalin/dev_ws/src/install/nav2_gradient_costmap_plugin/share/colcon-core/packages/nav2_gradient_costmap_plugin)
[41.659s] DEBUG:colcon.colcon_parallel_executor.executor.parallel:closing loop
[41.660s] DEBUG:colcon.colcon_parallel_executor.executor.parallel:loop closed
[41.660s] DEBUG:colcon.colcon_parallel_executor.executor.parallel:run_until_complete finished with '0'
[41.673s] DEBUG:colcon.colcon_core.event_reactor:joining thread
[41.832s] INFO:colcon.colcon_core.plugin_system:Skipping extension 'colcon_notification.desktop_notification.notify_send': Could not find 'notify-send'
[41.832s] INFO:colcon.colcon_core.plugin_system:Skipping extension 'colcon_notification.desktop_notification.terminal_notifier': Not used on non-Darwin systems
[41.832s] INFO:colcon.colcon_core.plugin_system:Skipping extension 'colcon_notification.desktop_notification.win32': Not used on non-Windows systems
[41.832s] INFO:colcon.colcon_notification.desktop_notification:Sending desktop notification using 'notify2'
[41.852s] DEBUG:colcon.colcon_notification.desktop_notification.notify2:Failed to initialize notify2: org.freedesktop.DBus.Error.ServiceUnknown: The name org.freedesktop.Notifications was not provided by any .service files
[41.853s] DEBUG:colcon.colcon_core.event_reactor:joined thread
[41.853s] INFO:colcon.colcon_core.shell:Creating prefix script '/home/chalin/dev_ws/src/install/local_setup.ps1'
[41.857s] INFO:colcon.colcon_core.shell:Creating prefix util module '/home/chalin/dev_ws/src/install/_local_setup_util_ps1.py'
[41.860s] INFO:colcon.colcon_core.shell:Creating prefix chain script '/home/chalin/dev_ws/src/install/setup.ps1'
[41.864s] INFO:colcon.colcon_core.shell:Creating prefix script '/home/chalin/dev_ws/src/install/local_setup.sh'
[41.866s] INFO:colcon.colcon_core.shell:Creating prefix util module '/home/chalin/dev_ws/src/install/_local_setup_util_sh.py'
[41.875s] INFO:colcon.colcon_core.shell:Creating prefix chain script '/home/chalin/dev_ws/src/install/setup.sh'
[41.879s] INFO:colcon.colcon_core.shell:Creating prefix script '/home/chalin/dev_ws/src/install/local_setup.bash'
[41.880s] INFO:colcon.colcon_core.shell:Creating prefix chain script '/home/chalin/dev_ws/src/install/setup.bash'
[41.883s] INFO:colcon.colcon_core.shell:Creating prefix script '/home/chalin/dev_ws/src/install/local_setup.zsh'
[41.885s] INFO:colcon.colcon_core.shell:Creating prefix chain script '/home/chalin/dev_ws/src/install/setup.zsh'
