[2.721s] Invoking command in '/home/chalin/dev_ws/src/ball_tracker': PYTHONPATH=/home/chalin/dev_ws/build/ball_tracker/prefix_override:/usr/lib/python3/dist-packages/colcon_core/task/python/colcon_distutils_commands:/home/chalin/dev_ws/install/ball_tracker/lib/python3.12/site-packages:${PYTHONPATH} /usr/bin/python3 -W ignore:setup.py install is deprecated -W ignore:easy_install command is deprecated setup.py egg_info --egg-base ../../build/ball_tracker build --build-base /home/chalin/dev_ws/build/ball_tracker/build install --record /home/chalin/dev_ws/build/ball_tracker/install.log --install-scripts $base/lib/ball_tracker --single-version-externally-managed install_data
[3.051s] /usr/lib/python3/dist-packages/setuptools/dist.py:744: SetuptoolsDeprecationWarning: Invalid dash-separated options
[3.052s] !!
[3.052s] 
[3.052s]         ********************************************************************************
[3.052s]         Usage of dash-separated 'script-dir' will not be supported in future
[3.052s]         versions. Please use the underscore name 'script_dir' instead.
[3.052s] 
[3.053s]         This deprecation is overdue, please update your project and remove deprecated
[3.053s]         calls to avoid build errors in the future.
[3.053s] 
[3.053s]         See https://setuptools.pypa.io/en/latest/userguide/declarative_config.html for details.
[3.053s]         ********************************************************************************
[3.053s] 
[3.053s] !!
[3.054s]   opt = self.warn_dash_deprecation(opt, section)
[3.448s] running egg_info
[3.523s] writing ../../build/ball_tracker/ball_tracker.egg-info/PKG-INFO
[3.525s] writing dependency_links to ../../build/ball_tracker/ball_tracker.egg-info/dependency_links.txt
[3.526s] writing entry points to ../../build/ball_tracker/ball_tracker.egg-info/entry_points.txt
[3.528s] writing requirements to ../../build/ball_tracker/ball_tracker.egg-info/requires.txt
[3.529s] writing top-level names to ../../build/ball_tracker/ball_tracker.egg-info/top_level.txt
[3.678s] reading manifest file '../../build/ball_tracker/ball_tracker.egg-info/SOURCES.txt'
[3.687s] writing manifest file '../../build/ball_tracker/ball_tracker.egg-info/SOURCES.txt'
[3.689s] running build
[3.690s] running build_py
[3.692s] running install
[3.708s] running install_lib
[3.763s] running install_data
[3.766s] running install_egg_info
[3.864s] removing '/home/chalin/dev_ws/install/ball_tracker/lib/python3.12/site-packages/ball_tracker-0.0.0-py3.12.egg-info' (and everything under it)
[3.868s] Copying ../../build/ball_tracker/ball_tracker.egg-info to /home/chalin/dev_ws/install/ball_tracker/lib/python3.12/site-packages/ball_tracker-0.0.0-py3.12.egg-info
[3.912s] running install_scripts
[4.303s] Installing 3D_contruct script to /home/chalin/dev_ws/install/ball_tracker/lib/ball_tracker
[4.306s] Installing detect_ball script to /home/chalin/dev_ws/install/ball_tracker/lib/ball_tracker
[4.307s] Installing detect_ball_3d script to /home/chalin/dev_ws/install/ball_tracker/lib/ball_tracker
[4.308s] Installing follow_ball script to /home/chalin/dev_ws/install/ball_tracker/lib/ball_tracker
[4.309s] Installing lidar_camera script to /home/chalin/dev_ws/install/ball_tracker/lib/ball_tracker
[4.309s] writing list of installed files to '/home/chalin/dev_ws/build/ball_tracker/install.log'
[4.405s] Invoked command in '/home/chalin/dev_ws/src/ball_tracker' returned '0': PYTHONPATH=/home/chalin/dev_ws/build/ball_tracker/prefix_override:/usr/lib/python3/dist-packages/colcon_core/task/python/colcon_distutils_commands:/home/chalin/dev_ws/install/ball_tracker/lib/python3.12/site-packages:${PYTHONPATH} /usr/bin/python3 -W ignore:setup.py install is deprecated -W ignore:easy_install command is deprecated setup.py egg_info --egg-base ../../build/ball_tracker build --build-base /home/chalin/dev_ws/build/ball_tracker/build install --record /home/chalin/dev_ws/build/ball_tracker/install.log --install-scripts $base/lib/ball_tracker --single-version-externally-managed install_data
