[2.657s] Invoking command in '/home/chalin/dev_ws/src/ball_tracker': PYTHONPATH=/home/chalin/dev_ws/build/ball_tracker/prefix_override:/usr/lib/python3/dist-packages/colcon_core/task/python/colcon_distutils_commands:/home/chalin/dev_ws/install/ball_tracker/lib/python3.12/site-packages:${PYTHONPATH} /usr/bin/python3 -W ignore:setup.py install is deprecated -W ignore:easy_install command is deprecated setup.py egg_info --egg-base ../../build/ball_tracker build --build-base /home/chalin/dev_ws/build/ball_tracker/build install --record /home/chalin/dev_ws/build/ball_tracker/install.log --install-scripts $base/lib/ball_tracker --single-version-externally-managed install_data
[3.127s] /usr/lib/python3/dist-packages/setuptools/dist.py:744: SetuptoolsDeprecationWarning: Invalid dash-separated options
[3.127s] !!
[3.128s] 
[3.128s]         ********************************************************************************
[3.128s]         Usage of dash-separated 'script-dir' will not be supported in future
[3.128s]         versions. Please use the underscore name 'script_dir' instead.
[3.128s] 
[3.128s]         This deprecation is overdue, please update your project and remove deprecated
[3.129s]         calls to avoid build errors in the future.
[3.129s] 
[3.129s]         See https://setuptools.pypa.io/en/latest/userguide/declarative_config.html for details.
[3.129s]         ********************************************************************************
[3.129s] 
[3.129s] !!
[3.129s]   opt = self.warn_dash_deprecation(opt, section)
[3.611s] running egg_info
[3.667s] writing ../../build/ball_tracker/ball_tracker.egg-info/PKG-INFO
[3.669s] writing dependency_links to ../../build/ball_tracker/ball_tracker.egg-info/dependency_links.txt
[3.671s] writing entry points to ../../build/ball_tracker/ball_tracker.egg-info/entry_points.txt
[3.671s] writing requirements to ../../build/ball_tracker/ball_tracker.egg-info/requires.txt
[3.672s] writing top-level names to ../../build/ball_tracker/ball_tracker.egg-info/top_level.txt
[3.789s] reading manifest file '../../build/ball_tracker/ball_tracker.egg-info/SOURCES.txt'
[3.790s] writing manifest file '../../build/ball_tracker/ball_tracker.egg-info/SOURCES.txt'
[3.790s] running build
[3.791s] running build_py
[3.791s] copying ball_tracker/3D_construction.py -> /home/chalin/dev_ws/build/ball_tracker/build/lib/ball_tracker
[3.791s] running install
[3.816s] running install_lib
[3.891s] copying /home/chalin/dev_ws/build/ball_tracker/build/lib/ball_tracker/3D_construction.py -> /home/chalin/dev_ws/install/ball_tracker/lib/python3.12/site-packages/ball_tracker
[3.895s] byte-compiling /home/chalin/dev_ws/install/ball_tracker/lib/python3.12/site-packages/ball_tracker/3D_construction.py to 3D_construction.cpython-312.pyc
[3.898s] running install_data
[3.901s] running install_egg_info
[3.959s] removing '/home/chalin/dev_ws/install/ball_tracker/lib/python3.12/site-packages/ball_tracker-0.0.0-py3.12.egg-info' (and everything under it)
[3.964s] Copying ../../build/ball_tracker/ball_tracker.egg-info to /home/chalin/dev_ws/install/ball_tracker/lib/python3.12/site-packages/ball_tracker-0.0.0-py3.12.egg-info
[3.968s] running install_scripts
[4.283s] Installing 3D_contruct script to /home/chalin/dev_ws/install/ball_tracker/lib/ball_tracker
[4.287s] Installing detect_ball script to /home/chalin/dev_ws/install/ball_tracker/lib/ball_tracker
[4.288s] Installing detect_ball_3d script to /home/chalin/dev_ws/install/ball_tracker/lib/ball_tracker
[4.290s] Installing follow_ball script to /home/chalin/dev_ws/install/ball_tracker/lib/ball_tracker
[4.292s] Installing lidar_camera script to /home/chalin/dev_ws/install/ball_tracker/lib/ball_tracker
[4.294s] writing list of installed files to '/home/chalin/dev_ws/build/ball_tracker/install.log'
[4.442s] Invoked command in '/home/chalin/dev_ws/src/ball_tracker' returned '0': PYTHONPATH=/home/chalin/dev_ws/build/ball_tracker/prefix_override:/usr/lib/python3/dist-packages/colcon_core/task/python/colcon_distutils_commands:/home/chalin/dev_ws/install/ball_tracker/lib/python3.12/site-packages:${PYTHONPATH} /usr/bin/python3 -W ignore:setup.py install is deprecated -W ignore:easy_install command is deprecated setup.py egg_info --egg-base ../../build/ball_tracker build --build-base /home/chalin/dev_ws/build/ball_tracker/build install --record /home/chalin/dev_ws/build/ball_tracker/install.log --install-scripts $base/lib/ball_tracker --single-version-externally-managed install_data
