[4.079s] Invoking command in '/home/chalin/dev_ws/src/ball_tracker': PYTHONPATH=/home/chalin/dev_ws/build/ball_tracker/prefix_override:/usr/lib/python3/dist-packages/colcon_core/task/python/colcon_distutils_commands:/home/chalin/dev_ws/install/ball_tracker/lib/python3.12/site-packages:${PYTHONPATH} /usr/bin/python3 -W ignore:setup.py install is deprecated -W ignore:easy_install command is deprecated setup.py egg_info --egg-base ../../build/ball_tracker build --build-base /home/chalin/dev_ws/build/ball_tracker/build install --record /home/chalin/dev_ws/build/ball_tracker/install.log --install-scripts $base/lib/ball_tracker --single-version-externally-managed install_data
[4.822s] /usr/lib/python3/dist-packages/setuptools/dist.py:744: SetuptoolsDeprecationWarning: Invalid dash-separated options
[4.823s] !!
[4.823s] 
[4.823s]         ********************************************************************************
[4.823s]         Usage of dash-separated 'script-dir' will not be supported in future
[4.823s]         versions. Please use the underscore name 'script_dir' instead.
[4.823s] 
[4.824s]         This deprecation is overdue, please update your project and remove deprecated
[4.824s]         calls to avoid build errors in the future.
[4.824s] 
[4.824s]         See https://setuptools.pypa.io/en/latest/userguide/declarative_config.html for details.
[4.824s]         ********************************************************************************
[4.824s] 
[4.825s] !!
[4.825s]   opt = self.warn_dash_deprecation(opt, section)
[6.014s] running egg_info
[6.089s] writing ../../build/ball_tracker/ball_tracker.egg-info/PKG-INFO
[6.096s] writing dependency_links to ../../build/ball_tracker/ball_tracker.egg-info/dependency_links.txt
[6.099s] writing entry points to ../../build/ball_tracker/ball_tracker.egg-info/entry_points.txt
[6.099s] writing requirements to ../../build/ball_tracker/ball_tracker.egg-info/requires.txt
[6.099s] writing top-level names to ../../build/ball_tracker/ball_tracker.egg-info/top_level.txt
[6.313s] reading manifest file '../../build/ball_tracker/ball_tracker.egg-info/SOURCES.txt'
[6.317s] writing manifest file '../../build/ball_tracker/ball_tracker.egg-info/SOURCES.txt'
[6.318s] running build
[6.319s] running build_py
[6.323s] running install
[6.350s] running install_lib
[6.470s] running install_data
[6.471s] running install_egg_info
[6.575s] removing '/home/chalin/dev_ws/install/ball_tracker/lib/python3.12/site-packages/ball_tracker-0.0.0-py3.12.egg-info' (and everything under it)
[6.578s] Copying ../../build/ball_tracker/ball_tracker.egg-info to /home/chalin/dev_ws/install/ball_tracker/lib/python3.12/site-packages/ball_tracker-0.0.0-py3.12.egg-info
[6.580s] running install_scripts
[7.044s] Installing 3D_contruct script to /home/chalin/dev_ws/install/ball_tracker/lib/ball_tracker
[7.048s] Installing detect_ball script to /home/chalin/dev_ws/install/ball_tracker/lib/ball_tracker
[7.050s] Installing detect_ball_3d script to /home/chalin/dev_ws/install/ball_tracker/lib/ball_tracker
[7.052s] Installing follow_ball script to /home/chalin/dev_ws/install/ball_tracker/lib/ball_tracker
[7.054s] Installing lidar_camera script to /home/chalin/dev_ws/install/ball_tracker/lib/ball_tracker
[7.056s] writing list of installed files to '/home/chalin/dev_ws/build/ball_tracker/install.log'
[7.205s] Invoked command in '/home/chalin/dev_ws/src/ball_tracker' returned '0': PYTHONPATH=/home/chalin/dev_ws/build/ball_tracker/prefix_override:/usr/lib/python3/dist-packages/colcon_core/task/python/colcon_distutils_commands:/home/chalin/dev_ws/install/ball_tracker/lib/python3.12/site-packages:${PYTHONPATH} /usr/bin/python3 -W ignore:setup.py install is deprecated -W ignore:easy_install command is deprecated setup.py egg_info --egg-base ../../build/ball_tracker build --build-base /home/chalin/dev_ws/build/ball_tracker/build install --record /home/chalin/dev_ws/build/ball_tracker/install.log --install-scripts $base/lib/ball_tracker --single-version-externally-managed install_data
