[5.558s] Invoking command in '/home/chalin/dev_ws/src/ball_tracker': PYTHONPATH=/home/chalin/dev_ws/build/ball_tracker/prefix_override:/usr/lib/python3/dist-packages/colcon_core/task/python/colcon_distutils_commands:/home/chalin/dev_ws/install/ball_tracker/lib/python3.12/site-packages:${PYTHONPATH} /usr/bin/python3 -W ignore:setup.py install is deprecated -W ignore:easy_install command is deprecated setup.py egg_info --egg-base ../../build/ball_tracker build --build-base /home/chalin/dev_ws/build/ball_tracker/build install --record /home/chalin/dev_ws/build/ball_tracker/install.log --install-scripts $base/lib/ball_tracker --single-version-externally-managed install_data
[6.302s] /usr/lib/python3/dist-packages/setuptools/dist.py:744: SetuptoolsDeprecationWarning: Invalid dash-separated options
[6.302s] !!
[6.302s] 
[6.302s]         ********************************************************************************
[6.302s]         Usage of dash-separated 'script-dir' will not be supported in future
[6.303s]         versions. Please use the underscore name 'script_dir' instead.
[6.303s] 
[6.303s]         This deprecation is overdue, please update your project and remove deprecated
[6.303s]         calls to avoid build errors in the future.
[6.303s] 
[6.303s]         See https://setuptools.pypa.io/en/latest/userguide/declarative_config.html for details.
[6.303s]         ********************************************************************************
[6.304s] 
[6.304s] !!
[6.304s]   opt = self.warn_dash_deprecation(opt, section)
[7.187s] running egg_info
[7.262s] writing ../../build/ball_tracker/ball_tracker.egg-info/PKG-INFO
[7.266s] writing dependency_links to ../../build/ball_tracker/ball_tracker.egg-info/dependency_links.txt
[7.268s] writing entry points to ../../build/ball_tracker/ball_tracker.egg-info/entry_points.txt
[7.269s] writing requirements to ../../build/ball_tracker/ball_tracker.egg-info/requires.txt
[7.273s] writing top-level names to ../../build/ball_tracker/ball_tracker.egg-info/top_level.txt
[7.436s] reading manifest file '../../build/ball_tracker/ball_tracker.egg-info/SOURCES.txt'
[7.439s] writing manifest file '../../build/ball_tracker/ball_tracker.egg-info/SOURCES.txt'
[7.440s] running build
[7.440s] running build_py
[7.447s] copying ball_tracker/3D_construction.py -> /home/chalin/dev_ws/build/ball_tracker/build/lib/ball_tracker
[7.447s] running install
[7.480s] running install_lib
[7.579s] copying /home/chalin/dev_ws/build/ball_tracker/build/lib/ball_tracker/3D_construction.py -> /home/chalin/dev_ws/install/ball_tracker/lib/python3.12/site-packages/ball_tracker
[7.583s] byte-compiling /home/chalin/dev_ws/install/ball_tracker/lib/python3.12/site-packages/ball_tracker/3D_construction.py to 3D_construction.cpython-312.pyc
[7.592s] running install_data
[7.599s] running install_egg_info
[7.764s] removing '/home/chalin/dev_ws/install/ball_tracker/lib/python3.12/site-packages/ball_tracker-0.0.0-py3.12.egg-info' (and everything under it)
[7.765s] Copying ../../build/ball_tracker/ball_tracker.egg-info to /home/chalin/dev_ws/install/ball_tracker/lib/python3.12/site-packages/ball_tracker-0.0.0-py3.12.egg-info
[7.768s] running install_scripts
[8.468s] Installing 3D_contruct script to /home/chalin/dev_ws/install/ball_tracker/lib/ball_tracker
[8.469s] Installing detect_ball script to /home/chalin/dev_ws/install/ball_tracker/lib/ball_tracker
[8.471s] Installing detect_ball_3d script to /home/chalin/dev_ws/install/ball_tracker/lib/ball_tracker
[8.471s] Installing follow_ball script to /home/chalin/dev_ws/install/ball_tracker/lib/ball_tracker
[8.471s] Installing lidar_camera script to /home/chalin/dev_ws/install/ball_tracker/lib/ball_tracker
[8.472s] writing list of installed files to '/home/chalin/dev_ws/build/ball_tracker/install.log'
[8.634s] Invoked command in '/home/chalin/dev_ws/src/ball_tracker' returned '0': PYTHONPATH=/home/chalin/dev_ws/build/ball_tracker/prefix_override:/usr/lib/python3/dist-packages/colcon_core/task/python/colcon_distutils_commands:/home/chalin/dev_ws/install/ball_tracker/lib/python3.12/site-packages:${PYTHONPATH} /usr/bin/python3 -W ignore:setup.py install is deprecated -W ignore:easy_install command is deprecated setup.py egg_info --egg-base ../../build/ball_tracker build --build-base /home/chalin/dev_ws/build/ball_tracker/build install --record /home/chalin/dev_ws/build/ball_tracker/install.log --install-scripts $base/lib/ball_tracker --single-version-externally-managed install_data
