[2.300s] Invoking command in '/home/chalin/dev_ws/src/ball_tracker': PYTHONPATH=/home/chalin/dev_ws/build/ball_tracker/prefix_override:/usr/lib/python3/dist-packages/colcon_core/task/python/colcon_distutils_commands:/home/chalin/dev_ws/install/ball_tracker/lib/python3.12/site-packages:${PYTHONPATH} /usr/bin/python3 -W ignore:setup.py install is deprecated -W ignore:easy_install command is deprecated setup.py egg_info --egg-base ../../build/ball_tracker build --build-base /home/chalin/dev_ws/build/ball_tracker/build install --record /home/chalin/dev_ws/build/ball_tracker/install.log --install-scripts $base/lib/ball_tracker --single-version-externally-managed install_data
[2.620s] /usr/lib/python3/dist-packages/setuptools/dist.py:744: SetuptoolsDeprecationWarning: Invalid dash-separated options
[2.620s] !!
[2.620s] 
[2.620s]         ********************************************************************************
[2.621s]         Usage of dash-separated 'script-dir' will not be supported in future
[2.621s]         versions. Please use the underscore name 'script_dir' instead.
[2.621s] 
[2.621s]         This deprecation is overdue, please update your project and remove deprecated
[2.621s]         calls to avoid build errors in the future.
[2.621s] 
[2.622s]         See https://setuptools.pypa.io/en/latest/userguide/declarative_config.html for details.
[2.622s]         ********************************************************************************
[2.622s] 
[2.622s] !!
[2.622s]   opt = self.warn_dash_deprecation(opt, section)
[3.050s] running egg_info
[3.102s] writing ../../build/ball_tracker/ball_tracker.egg-info/PKG-INFO
[3.105s] writing dependency_links to ../../build/ball_tracker/ball_tracker.egg-info/dependency_links.txt
[3.106s] writing entry points to ../../build/ball_tracker/ball_tracker.egg-info/entry_points.txt
[3.107s] writing requirements to ../../build/ball_tracker/ball_tracker.egg-info/requires.txt
[3.108s] writing top-level names to ../../build/ball_tracker/ball_tracker.egg-info/top_level.txt
[3.221s] reading manifest file '../../build/ball_tracker/ball_tracker.egg-info/SOURCES.txt'
[3.224s] writing manifest file '../../build/ball_tracker/ball_tracker.egg-info/SOURCES.txt'
[3.227s] running build
[3.227s] running build_py
[3.229s] running install
[3.249s] running install_lib
[3.301s] running install_data
[3.301s] running install_egg_info
[3.351s] removing '/home/chalin/dev_ws/install/ball_tracker/lib/python3.12/site-packages/ball_tracker-0.0.0-py3.12.egg-info' (and everything under it)
[3.352s] Copying ../../build/ball_tracker/ball_tracker.egg-info to /home/chalin/dev_ws/install/ball_tracker/lib/python3.12/site-packages/ball_tracker-0.0.0-py3.12.egg-info
[3.355s] running install_scripts
[3.669s] Installing 3D_contruct script to /home/chalin/dev_ws/install/ball_tracker/lib/ball_tracker
[3.670s] Installing detect_ball script to /home/chalin/dev_ws/install/ball_tracker/lib/ball_tracker
[3.672s] Installing detect_ball_3d script to /home/chalin/dev_ws/install/ball_tracker/lib/ball_tracker
[3.672s] Installing follow_ball script to /home/chalin/dev_ws/install/ball_tracker/lib/ball_tracker
[3.672s] Installing lidar_camera script to /home/chalin/dev_ws/install/ball_tracker/lib/ball_tracker
[3.674s] writing list of installed files to '/home/chalin/dev_ws/build/ball_tracker/install.log'
[3.780s] Invoked command in '/home/chalin/dev_ws/src/ball_tracker' returned '0': PYTHONPATH=/home/chalin/dev_ws/build/ball_tracker/prefix_override:/usr/lib/python3/dist-packages/colcon_core/task/python/colcon_distutils_commands:/home/chalin/dev_ws/install/ball_tracker/lib/python3.12/site-packages:${PYTHONPATH} /usr/bin/python3 -W ignore:setup.py install is deprecated -W ignore:easy_install command is deprecated setup.py egg_info --egg-base ../../build/ball_tracker build --build-base /home/chalin/dev_ws/build/ball_tracker/build install --record /home/chalin/dev_ws/build/ball_tracker/install.log --install-scripts $base/lib/ball_tracker --single-version-externally-managed install_data
