[2.606s] Invoking command in '/home/chalin/dev_ws/src/ball_tracker': PYTHONPATH=/home/chalin/dev_ws/build/ball_tracker/prefix_override:/usr/lib/python3/dist-packages/colcon_core/task/python/colcon_distutils_commands:/home/chalin/dev_ws/install/ball_tracker/lib/python3.12/site-packages:${PYTHONPATH} /usr/bin/python3 -W ignore:setup.py install is deprecated -W ignore:easy_install command is deprecated setup.py egg_info --egg-base ../../build/ball_tracker build --build-base /home/chalin/dev_ws/build/ball_tracker/build install --record /home/chalin/dev_ws/build/ball_tracker/install.log --install-scripts $base/lib/ball_tracker --single-version-externally-managed install_data
[2.933s] /usr/lib/python3/dist-packages/setuptools/dist.py:744: SetuptoolsDeprecationWarning: Invalid dash-separated options
[2.934s] !!
[2.934s] 
[2.934s]         ********************************************************************************
[2.934s]         Usage of dash-separated 'script-dir' will not be supported in future
[2.934s]         versions. Please use the underscore name 'script_dir' instead.
[2.935s] 
[2.935s]         This deprecation is overdue, please update your project and remove deprecated
[2.935s]         calls to avoid build errors in the future.
[2.936s] 
[2.936s]         See https://setuptools.pypa.io/en/latest/userguide/declarative_config.html for details.
[2.936s]         ********************************************************************************
[2.936s] 
[2.936s] !!
[2.936s]   opt = self.warn_dash_deprecation(opt, section)
[3.320s] running egg_info
[3.387s] writing ../../build/ball_tracker/ball_tracker.egg-info/PKG-INFO
[3.393s] writing dependency_links to ../../build/ball_tracker/ball_tracker.egg-info/dependency_links.txt
[3.395s] writing entry points to ../../build/ball_tracker/ball_tracker.egg-info/entry_points.txt
[3.396s] writing requirements to ../../build/ball_tracker/ball_tracker.egg-info/requires.txt
[3.397s] writing top-level names to ../../build/ball_tracker/ball_tracker.egg-info/top_level.txt
[3.529s] reading manifest file '../../build/ball_tracker/ball_tracker.egg-info/SOURCES.txt'
[3.546s] writing manifest file '../../build/ball_tracker/ball_tracker.egg-info/SOURCES.txt'
[3.548s] running build
[3.548s] running build_py
[3.549s] copying ball_tracker/3D_construction.py -> /home/chalin/dev_ws/build/ball_tracker/build/lib/ball_tracker
[3.554s] running install
[3.572s] running install_lib
[3.618s] copying /home/chalin/dev_ws/build/ball_tracker/build/lib/ball_tracker/3D_construction.py -> /home/chalin/dev_ws/install/ball_tracker/lib/python3.12/site-packages/ball_tracker
[3.622s] byte-compiling /home/chalin/dev_ws/install/ball_tracker/lib/python3.12/site-packages/ball_tracker/3D_construction.py to 3D_construction.cpython-312.pyc
[3.627s]   File "/home/chalin/dev_ws/install/ball_tracker/lib/python3.12/site-packages/ball_tracker/3D_construction.py", line 70
[3.628s]     if __name__ ==
[3.628s]                   ^
[3.628s] SyntaxError: invalid syntax
[3.628s] 
[3.631s] running install_data
[3.634s] running install_egg_info
[3.695s] removing '/home/chalin/dev_ws/install/ball_tracker/lib/python3.12/site-packages/ball_tracker-0.0.0-py3.12.egg-info' (and everything under it)
[3.698s] Copying ../../build/ball_tracker/ball_tracker.egg-info to /home/chalin/dev_ws/install/ball_tracker/lib/python3.12/site-packages/ball_tracker-0.0.0-py3.12.egg-info
[3.707s] running install_scripts
[4.157s] Installing 3D_contruct script to /home/chalin/dev_ws/install/ball_tracker/lib/ball_tracker
[4.161s] Installing detect_ball script to /home/chalin/dev_ws/install/ball_tracker/lib/ball_tracker
[4.163s] Installing detect_ball_3d script to /home/chalin/dev_ws/install/ball_tracker/lib/ball_tracker
[4.168s] Installing follow_ball script to /home/chalin/dev_ws/install/ball_tracker/lib/ball_tracker
[4.169s] Installing lidar_camera script to /home/chalin/dev_ws/install/ball_tracker/lib/ball_tracker
[4.169s] writing list of installed files to '/home/chalin/dev_ws/build/ball_tracker/install.log'
[4.325s] Invoked command in '/home/chalin/dev_ws/src/ball_tracker' returned '0': PYTHONPATH=/home/chalin/dev_ws/build/ball_tracker/prefix_override:/usr/lib/python3/dist-packages/colcon_core/task/python/colcon_distutils_commands:/home/chalin/dev_ws/install/ball_tracker/lib/python3.12/site-packages:${PYTHONPATH} /usr/bin/python3 -W ignore:setup.py install is deprecated -W ignore:easy_install command is deprecated setup.py egg_info --egg-base ../../build/ball_tracker build --build-base /home/chalin/dev_ws/build/ball_tracker/build install --record /home/chalin/dev_ws/build/ball_tracker/install.log --install-scripts $base/lib/ball_tracker --single-version-externally-managed install_data
