[2.738s] Invoking command in '/home/chalin/dev_ws/src/ball_tracker': PYTHONPATH=/home/chalin/dev_ws/build/ball_tracker/prefix_override:/usr/lib/python3/dist-packages/colcon_core/task/python/colcon_distutils_commands:/home/chalin/dev_ws/install/ball_tracker/lib/python3.12/site-packages:${PYTHONPATH} /usr/bin/python3 -W ignore:setup.py install is deprecated -W ignore:easy_install command is deprecated setup.py egg_info --egg-base ../../build/ball_tracker build --build-base /home/chalin/dev_ws/build/ball_tracker/build install --record /home/chalin/dev_ws/build/ball_tracker/install.log --install-scripts $base/lib/ball_tracker --single-version-externally-managed install_data
[3.051s] /usr/lib/python3/dist-packages/setuptools/dist.py:744: SetuptoolsDeprecationWarning: Invalid dash-separated options
[3.052s] !!
[3.052s] 
[3.053s]         ********************************************************************************
[3.053s]         Usage of dash-separated 'script-dir' will not be supported in future
[3.053s]         versions. Please use the underscore name 'script_dir' instead.
[3.053s] 
[3.053s]         This deprecation is overdue, please update your project and remove deprecated
[3.053s]         calls to avoid build errors in the future.
[3.054s] 
[3.054s]         See https://setuptools.pypa.io/en/latest/userguide/declarative_config.html for details.
[3.054s]         ********************************************************************************
[3.054s] 
[3.054s] !!
[3.055s]   opt = self.warn_dash_deprecation(opt, section)
[3.573s] running egg_info
[3.629s] writing ../../build/ball_tracker/ball_tracker.egg-info/PKG-INFO
[3.630s] writing dependency_links to ../../build/ball_tracker/ball_tracker.egg-info/dependency_links.txt
[3.632s] writing entry points to ../../build/ball_tracker/ball_tracker.egg-info/entry_points.txt
[3.634s] writing requirements to ../../build/ball_tracker/ball_tracker.egg-info/requires.txt
[3.637s] writing top-level names to ../../build/ball_tracker/ball_tracker.egg-info/top_level.txt
[3.766s] reading manifest file '../../build/ball_tracker/ball_tracker.egg-info/SOURCES.txt'
[3.769s] writing manifest file '../../build/ball_tracker/ball_tracker.egg-info/SOURCES.txt'
[3.769s] running build
[3.769s] running build_py
[3.773s] running install
[3.789s] running install_lib
[3.851s] running install_data
[3.854s] running install_egg_info
[3.927s] removing '/home/chalin/dev_ws/install/ball_tracker/lib/python3.12/site-packages/ball_tracker-0.0.0-py3.12.egg-info' (and everything under it)
[3.930s] Copying ../../build/ball_tracker/ball_tracker.egg-info to /home/chalin/dev_ws/install/ball_tracker/lib/python3.12/site-packages/ball_tracker-0.0.0-py3.12.egg-info
[3.943s] running install_scripts
[4.260s] Installing 3D_contruct script to /home/chalin/dev_ws/install/ball_tracker/lib/ball_tracker
[4.261s] Installing detect_ball script to /home/chalin/dev_ws/install/ball_tracker/lib/ball_tracker
[4.263s] Installing detect_ball_3d script to /home/chalin/dev_ws/install/ball_tracker/lib/ball_tracker
[4.267s] Installing follow_ball script to /home/chalin/dev_ws/install/ball_tracker/lib/ball_tracker
[4.269s] Installing lidar_camera script to /home/chalin/dev_ws/install/ball_tracker/lib/ball_tracker
[4.269s] writing list of installed files to '/home/chalin/dev_ws/build/ball_tracker/install.log'
[4.368s] Invoked command in '/home/chalin/dev_ws/src/ball_tracker' returned '0': PYTHONPATH=/home/chalin/dev_ws/build/ball_tracker/prefix_override:/usr/lib/python3/dist-packages/colcon_core/task/python/colcon_distutils_commands:/home/chalin/dev_ws/install/ball_tracker/lib/python3.12/site-packages:${PYTHONPATH} /usr/bin/python3 -W ignore:setup.py install is deprecated -W ignore:easy_install command is deprecated setup.py egg_info --egg-base ../../build/ball_tracker build --build-base /home/chalin/dev_ws/build/ball_tracker/build install --record /home/chalin/dev_ws/build/ball_tracker/install.log --install-scripts $base/lib/ball_tracker --single-version-externally-managed install_data
