[2.770s] Invoking command in '/home/chalin/dev_ws/src/ball_tracker': PYTHONPATH=/home/chalin/dev_ws/build/ball_tracker/prefix_override:/usr/lib/python3/dist-packages/colcon_core/task/python/colcon_distutils_commands:/home/chalin/dev_ws/install/ball_tracker/lib/python3.12/site-packages:${PYTHONPATH} /usr/bin/python3 -W ignore:setup.py install is deprecated -W ignore:easy_install command is deprecated setup.py egg_info --egg-base ../../build/ball_tracker build --build-base /home/chalin/dev_ws/build/ball_tracker/build install --record /home/chalin/dev_ws/build/ball_tracker/install.log --install-scripts $base/lib/ball_tracker --single-version-externally-managed install_data
[3.175s] /usr/lib/python3/dist-packages/setuptools/dist.py:744: SetuptoolsDeprecationWarning: Invalid dash-separated options
[3.176s] !!
[3.176s] 
[3.176s]         ********************************************************************************
[3.176s]         Usage of dash-separated 'script-dir' will not be supported in future
[3.176s]         versions. Please use the underscore name 'script_dir' instead.
[3.176s] 
[3.176s]         This deprecation is overdue, please update your project and remove deprecated
[3.176s]         calls to avoid build errors in the future.
[3.177s] 
[3.177s]         See https://setuptools.pypa.io/en/latest/userguide/declarative_config.html for details.
[3.177s]         ********************************************************************************
[3.177s] 
[3.177s] !!
[3.177s]   opt = self.warn_dash_deprecation(opt, section)
[3.659s] running egg_info
[3.716s] writing ../../build/ball_tracker/ball_tracker.egg-info/PKG-INFO
[3.718s] writing dependency_links to ../../build/ball_tracker/ball_tracker.egg-info/dependency_links.txt
[3.719s] writing entry points to ../../build/ball_tracker/ball_tracker.egg-info/entry_points.txt
[3.720s] writing requirements to ../../build/ball_tracker/ball_tracker.egg-info/requires.txt
[3.721s] writing top-level names to ../../build/ball_tracker/ball_tracker.egg-info/top_level.txt
[3.837s] reading manifest file '../../build/ball_tracker/ball_tracker.egg-info/SOURCES.txt'
[3.840s] writing manifest file '../../build/ball_tracker/ball_tracker.egg-info/SOURCES.txt'
[3.845s] running build
[3.846s] running build_py
[3.848s] copying ball_tracker/3D_construction.py -> /home/chalin/dev_ws/build/ball_tracker/build/lib/ball_tracker
[3.851s] running install
[3.884s] running install_lib
[3.951s] copying /home/chalin/dev_ws/build/ball_tracker/build/lib/ball_tracker/3D_construction.py -> /home/chalin/dev_ws/install/ball_tracker/lib/python3.12/site-packages/ball_tracker
[3.954s] byte-compiling /home/chalin/dev_ws/install/ball_tracker/lib/python3.12/site-packages/ball_tracker/3D_construction.py to 3D_construction.cpython-312.pyc
[3.958s] running install_data
[3.958s] running install_egg_info
[4.026s] removing '/home/chalin/dev_ws/install/ball_tracker/lib/python3.12/site-packages/ball_tracker-0.0.0-py3.12.egg-info' (and everything under it)
[4.040s] Copying ../../build/ball_tracker/ball_tracker.egg-info to /home/chalin/dev_ws/install/ball_tracker/lib/python3.12/site-packages/ball_tracker-0.0.0-py3.12.egg-info
[4.049s] running install_scripts
[4.510s] Installing 3D_contruct script to /home/chalin/dev_ws/install/ball_tracker/lib/ball_tracker
[4.510s] Installing detect_ball script to /home/chalin/dev_ws/install/ball_tracker/lib/ball_tracker
[4.510s] Installing detect_ball_3d script to /home/chalin/dev_ws/install/ball_tracker/lib/ball_tracker
[4.510s] Installing follow_ball script to /home/chalin/dev_ws/install/ball_tracker/lib/ball_tracker
[4.510s] Installing lidar_camera script to /home/chalin/dev_ws/install/ball_tracker/lib/ball_tracker
[4.514s] writing list of installed files to '/home/chalin/dev_ws/build/ball_tracker/install.log'
[4.603s] Invoked command in '/home/chalin/dev_ws/src/ball_tracker' returned '0': PYTHONPATH=/home/chalin/dev_ws/build/ball_tracker/prefix_override:/usr/lib/python3/dist-packages/colcon_core/task/python/colcon_distutils_commands:/home/chalin/dev_ws/install/ball_tracker/lib/python3.12/site-packages:${PYTHONPATH} /usr/bin/python3 -W ignore:setup.py install is deprecated -W ignore:easy_install command is deprecated setup.py egg_info --egg-base ../../build/ball_tracker build --build-base /home/chalin/dev_ws/build/ball_tracker/build install --record /home/chalin/dev_ws/build/ball_tracker/install.log --install-scripts $base/lib/ball_tracker --single-version-externally-managed install_data
