[4.730s] Invoking command in '/home/chalin/dev_ws/src/ball_tracker': PYTHONPATH=/home/chalin/dev_ws/build/ball_tracker/prefix_override:/usr/lib/python3/dist-packages/colcon_core/task/python/colcon_distutils_commands:/home/chalin/dev_ws/install/ball_tracker/lib/python3.12/site-packages:${PYTHONPATH} /usr/bin/python3 -W ignore:setup.py install is deprecated -W ignore:easy_install command is deprecated setup.py egg_info --egg-base ../../build/ball_tracker build --build-base /home/chalin/dev_ws/build/ball_tracker/build install --record /home/chalin/dev_ws/build/ball_tracker/install.log --install-scripts $base/lib/ball_tracker --single-version-externally-managed install_data
[5.712s] /usr/lib/python3/dist-packages/setuptools/dist.py:744: SetuptoolsDeprecationWarning: Invalid dash-separated options
[5.712s] !!
[5.712s] 
[5.713s]         ********************************************************************************
[5.713s]         Usage of dash-separated 'script-dir' will not be supported in future
[5.713s]         versions. Please use the underscore name 'script_dir' instead.
[5.713s] 
[5.713s]         This deprecation is overdue, please update your project and remove deprecated
[5.714s]         calls to avoid build errors in the future.
[5.714s] 
[5.714s]         See https://setuptools.pypa.io/en/latest/userguide/declarative_config.html for details.
[5.714s]         ********************************************************************************
[5.714s] 
[5.715s] !!
[5.715s]   opt = self.warn_dash_deprecation(opt, section)
[6.599s] running egg_info
[6.657s] writing ../../build/ball_tracker/ball_tracker.egg-info/PKG-INFO
[6.658s] writing dependency_links to ../../build/ball_tracker/ball_tracker.egg-info/dependency_links.txt
[6.661s] writing entry points to ../../build/ball_tracker/ball_tracker.egg-info/entry_points.txt
[6.662s] writing requirements to ../../build/ball_tracker/ball_tracker.egg-info/requires.txt
[6.664s] writing top-level names to ../../build/ball_tracker/ball_tracker.egg-info/top_level.txt
[6.917s] reading manifest file '../../build/ball_tracker/ball_tracker.egg-info/SOURCES.txt'
[6.922s] writing manifest file '../../build/ball_tracker/ball_tracker.egg-info/SOURCES.txt'
[6.924s] running build
[6.925s] running build_py
[6.935s] copying ball_tracker/3D_construction.py -> /home/chalin/dev_ws/build/ball_tracker/build/lib/ball_tracker
[6.939s] running install
[6.980s] running install_lib
[7.086s] copying /home/chalin/dev_ws/build/ball_tracker/build/lib/ball_tracker/3D_construction.py -> /home/chalin/dev_ws/install/ball_tracker/lib/python3.12/site-packages/ball_tracker
[7.097s] byte-compiling /home/chalin/dev_ws/install/ball_tracker/lib/python3.12/site-packages/ball_tracker/3D_construction.py to 3D_construction.cpython-312.pyc
[7.125s] Sorry: IndentationError: expected an indented block after function definition on line 124 (3D_construction.py, line 125)
[7.126s] running install_data
[7.128s] running install_egg_info
[7.252s] removing '/home/chalin/dev_ws/install/ball_tracker/lib/python3.12/site-packages/ball_tracker-0.0.0-py3.12.egg-info' (and everything under it)
[7.257s] Copying ../../build/ball_tracker/ball_tracker.egg-info to /home/chalin/dev_ws/install/ball_tracker/lib/python3.12/site-packages/ball_tracker-0.0.0-py3.12.egg-info
[7.271s] running install_scripts
[7.939s] Installing 3D_contruct script to /home/chalin/dev_ws/install/ball_tracker/lib/ball_tracker
[7.941s] Installing detect_ball script to /home/chalin/dev_ws/install/ball_tracker/lib/ball_tracker
[7.943s] Installing detect_ball_3d script to /home/chalin/dev_ws/install/ball_tracker/lib/ball_tracker
[7.944s] Installing follow_ball script to /home/chalin/dev_ws/install/ball_tracker/lib/ball_tracker
[7.946s] Installing lidar_camera script to /home/chalin/dev_ws/install/ball_tracker/lib/ball_tracker
[7.950s] writing list of installed files to '/home/chalin/dev_ws/build/ball_tracker/install.log'
[8.138s] Invoked command in '/home/chalin/dev_ws/src/ball_tracker' returned '0': PYTHONPATH=/home/chalin/dev_ws/build/ball_tracker/prefix_override:/usr/lib/python3/dist-packages/colcon_core/task/python/colcon_distutils_commands:/home/chalin/dev_ws/install/ball_tracker/lib/python3.12/site-packages:${PYTHONPATH} /usr/bin/python3 -W ignore:setup.py install is deprecated -W ignore:easy_install command is deprecated setup.py egg_info --egg-base ../../build/ball_tracker build --build-base /home/chalin/dev_ws/build/ball_tracker/build install --record /home/chalin/dev_ws/build/ball_tracker/install.log --install-scripts $base/lib/ball_tracker --single-version-externally-managed install_data
