[1.056s] Invoking command in '/home/chalin/dev_ws/src/ball_tracker': PYTHONPATH=/home/chalin/dev_ws/build/ball_tracker/prefix_override:/usr/lib/python3/dist-packages/colcon_core/task/python/colcon_distutils_commands:/home/chalin/dev_ws/install/ball_tracker/lib/python3.12/site-packages:${PYTHONPATH} /usr/bin/python3 -W ignore:setup.py install is deprecated -W ignore:easy_install command is deprecated setup.py egg_info --egg-base ../../build/ball_tracker build --build-base /home/chalin/dev_ws/build/ball_tracker/build install --record /home/chalin/dev_ws/build/ball_tracker/install.log --install-scripts $base/lib/ball_tracker --single-version-externally-managed install_data
[1.166s] /usr/lib/python3/dist-packages/setuptools/dist.py:744: SetuptoolsDeprecationWarning: Invalid dash-separated options
[1.167s] !!
[1.167s] 
[1.167s]         ********************************************************************************
[1.167s]         Usage of dash-separated 'script-dir' will not be supported in future
[1.167s]         versions. Please use the underscore name 'script_dir' instead.
[1.167s] 
[1.167s]         This deprecation is overdue, please update your project and remove deprecated
[1.167s]         calls to avoid build errors in the future.
[1.167s] 
[1.167s]         See https://setuptools.pypa.io/en/latest/userguide/declarative_config.html for details.
[1.167s]         ********************************************************************************
[1.167s] 
[1.167s] !!
[1.167s]   opt = self.warn_dash_deprecation(opt, section)
[1.293s] running egg_info
[1.311s] writing ../../build/ball_tracker/ball_tracker.egg-info/PKG-INFO
[1.311s] writing dependency_links to ../../build/ball_tracker/ball_tracker.egg-info/dependency_links.txt
[1.312s] writing entry points to ../../build/ball_tracker/ball_tracker.egg-info/entry_points.txt
[1.312s] writing requirements to ../../build/ball_tracker/ball_tracker.egg-info/requires.txt
[1.312s] writing top-level names to ../../build/ball_tracker/ball_tracker.egg-info/top_level.txt
[1.349s] reading manifest file '../../build/ball_tracker/ball_tracker.egg-info/SOURCES.txt'
[1.350s] writing manifest file '../../build/ball_tracker/ball_tracker.egg-info/SOURCES.txt'
[1.350s] running build
[1.350s] running build_py
[1.350s] copying ball_tracker/3D_construction.py -> /home/chalin/dev_ws/build/ball_tracker/build/lib/ball_tracker
[1.351s] running install
[1.357s] running install_lib
[1.375s] copying /home/chalin/dev_ws/build/ball_tracker/build/lib/ball_tracker/3D_construction.py -> /home/chalin/dev_ws/install/ball_tracker/lib/python3.12/site-packages/ball_tracker
[1.375s] byte-compiling /home/chalin/dev_ws/install/ball_tracker/lib/python3.12/site-packages/ball_tracker/3D_construction.py to 3D_construction.cpython-312.pyc
[1.376s] running install_data
[1.377s] running install_egg_info
[1.399s] removing '/home/chalin/dev_ws/install/ball_tracker/lib/python3.12/site-packages/ball_tracker-0.0.0-py3.12.egg-info' (and everything under it)
[1.399s] Copying ../../build/ball_tracker/ball_tracker.egg-info to /home/chalin/dev_ws/install/ball_tracker/lib/python3.12/site-packages/ball_tracker-0.0.0-py3.12.egg-info
[1.400s] running install_scripts
[1.547s] Installing 3D_contruct script to /home/chalin/dev_ws/install/ball_tracker/lib/ball_tracker
[1.547s] Installing detect_ball script to /home/chalin/dev_ws/install/ball_tracker/lib/ball_tracker
[1.547s] Installing detect_ball_3d script to /home/chalin/dev_ws/install/ball_tracker/lib/ball_tracker
[1.547s] Installing follow_ball script to /home/chalin/dev_ws/install/ball_tracker/lib/ball_tracker
[1.547s] Installing lidar_camera script to /home/chalin/dev_ws/install/ball_tracker/lib/ball_tracker
[1.548s] writing list of installed files to '/home/chalin/dev_ws/build/ball_tracker/install.log'
[1.578s] Invoked command in '/home/chalin/dev_ws/src/ball_tracker' returned '0': PYTHONPATH=/home/chalin/dev_ws/build/ball_tracker/prefix_override:/usr/lib/python3/dist-packages/colcon_core/task/python/colcon_distutils_commands:/home/chalin/dev_ws/install/ball_tracker/lib/python3.12/site-packages:${PYTHONPATH} /usr/bin/python3 -W ignore:setup.py install is deprecated -W ignore:easy_install command is deprecated setup.py egg_info --egg-base ../../build/ball_tracker build --build-base /home/chalin/dev_ws/build/ball_tracker/build install --record /home/chalin/dev_ws/build/ball_tracker/install.log --install-scripts $base/lib/ball_tracker --single-version-externally-managed install_data
