[2.373s] Invoking command in '/home/chalin/dev_ws/src/ball_tracker': PYTHONPATH=/home/chalin/dev_ws/build/ball_tracker/prefix_override:/usr/lib/python3/dist-packages/colcon_core/task/python/colcon_distutils_commands:/home/chalin/dev_ws/install/ball_tracker/lib/python3.12/site-packages:${PYTHONPATH} /usr/bin/python3 -W ignore:setup.py install is deprecated -W ignore:easy_install command is deprecated setup.py egg_info --egg-base ../../build/ball_tracker build --build-base /home/chalin/dev_ws/build/ball_tracker/build install --record /home/chalin/dev_ws/build/ball_tracker/install.log --install-scripts $base/lib/ball_tracker --single-version-externally-managed install_data
[2.705s] /usr/lib/python3/dist-packages/setuptools/dist.py:744: SetuptoolsDeprecationWarning: Invalid dash-separated options
[2.705s] !!
[2.706s] 
[2.706s]         ********************************************************************************
[2.706s]         Usage of dash-separated 'script-dir' will not be supported in future
[2.706s]         versions. Please use the underscore name 'script_dir' instead.
[2.706s] 
[2.706s]         This deprecation is overdue, please update your project and remove deprecated
[2.706s]         calls to avoid build errors in the future.
[2.706s] 
[2.706s]         See https://setuptools.pypa.io/en/latest/userguide/declarative_config.html for details.
[2.707s]         ********************************************************************************
[2.707s] 
[2.707s] !!
[2.707s]   opt = self.warn_dash_deprecation(opt, section)
[3.078s] running egg_info
[3.129s] writing ../../build/ball_tracker/ball_tracker.egg-info/PKG-INFO
[3.133s] writing dependency_links to ../../build/ball_tracker/ball_tracker.egg-info/dependency_links.txt
[3.134s] writing entry points to ../../build/ball_tracker/ball_tracker.egg-info/entry_points.txt
[3.136s] writing requirements to ../../build/ball_tracker/ball_tracker.egg-info/requires.txt
[3.137s] writing top-level names to ../../build/ball_tracker/ball_tracker.egg-info/top_level.txt
[3.302s] reading manifest file '../../build/ball_tracker/ball_tracker.egg-info/SOURCES.txt'
[3.312s] writing manifest file '../../build/ball_tracker/ball_tracker.egg-info/SOURCES.txt'
[3.313s] running build
[3.313s] running build_py
[3.313s] copying ball_tracker/3D_construction.py -> /home/chalin/dev_ws/build/ball_tracker/build/lib/ball_tracker
[3.316s] running install
[3.340s] running install_lib
[3.418s] copying /home/chalin/dev_ws/build/ball_tracker/build/lib/ball_tracker/3D_construction.py -> /home/chalin/dev_ws/install/ball_tracker/lib/python3.12/site-packages/ball_tracker
[3.420s] byte-compiling /home/chalin/dev_ws/install/ball_tracker/lib/python3.12/site-packages/ball_tracker/3D_construction.py to 3D_construction.cpython-312.pyc
[3.429s] running install_data
[3.432s] running install_egg_info
[3.547s] removing '/home/chalin/dev_ws/install/ball_tracker/lib/python3.12/site-packages/ball_tracker-0.0.0-py3.12.egg-info' (and everything under it)
[3.551s] Copying ../../build/ball_tracker/ball_tracker.egg-info to /home/chalin/dev_ws/install/ball_tracker/lib/python3.12/site-packages/ball_tracker-0.0.0-py3.12.egg-info
[3.551s] running install_scripts
[4.063s] Installing 3D_contruct script to /home/chalin/dev_ws/install/ball_tracker/lib/ball_tracker
[4.065s] Installing detect_ball script to /home/chalin/dev_ws/install/ball_tracker/lib/ball_tracker
[4.065s] Installing detect_ball_3d script to /home/chalin/dev_ws/install/ball_tracker/lib/ball_tracker
[4.066s] Installing follow_ball script to /home/chalin/dev_ws/install/ball_tracker/lib/ball_tracker
[4.066s] Installing lidar_camera script to /home/chalin/dev_ws/install/ball_tracker/lib/ball_tracker
[4.066s] writing list of installed files to '/home/chalin/dev_ws/build/ball_tracker/install.log'
[4.194s] Invoked command in '/home/chalin/dev_ws/src/ball_tracker' returned '0': PYTHONPATH=/home/chalin/dev_ws/build/ball_tracker/prefix_override:/usr/lib/python3/dist-packages/colcon_core/task/python/colcon_distutils_commands:/home/chalin/dev_ws/install/ball_tracker/lib/python3.12/site-packages:${PYTHONPATH} /usr/bin/python3 -W ignore:setup.py install is deprecated -W ignore:easy_install command is deprecated setup.py egg_info --egg-base ../../build/ball_tracker build --build-base /home/chalin/dev_ws/build/ball_tracker/build install --record /home/chalin/dev_ws/build/ball_tracker/install.log --install-scripts $base/lib/ball_tracker --single-version-externally-managed install_data
