[1.561s] Invoking command in '/home/chalin/dev_ws/src/ball_tracker': PYTHONPATH=/home/chalin/dev_ws/build/ball_tracker/prefix_override:/usr/lib/python3/dist-packages/colcon_core/task/python/colcon_distutils_commands:/home/chalin/dev_ws/install/ball_tracker/lib/python3.12/site-packages:${PYTHONPATH} /usr/bin/python3 -W ignore:setup.py install is deprecated -W ignore:easy_install command is deprecated setup.py egg_info --egg-base ../../build/ball_tracker build --build-base /home/chalin/dev_ws/build/ball_tracker/build install --record /home/chalin/dev_ws/build/ball_tracker/install.log --install-scripts $base/lib/ball_tracker --single-version-externally-managed install_data
[1.788s] /usr/lib/python3/dist-packages/setuptools/dist.py:744: SetuptoolsDeprecationWarning: Invalid dash-separated options
[1.788s] !!
[1.788s] 
[1.788s]         ********************************************************************************
[1.788s]         Usage of dash-separated 'script-dir' will not be supported in future
[1.788s]         versions. Please use the underscore name 'script_dir' instead.
[1.788s] 
[1.789s]         This deprecation is overdue, please update your project and remove deprecated
[1.789s]         calls to avoid build errors in the future.
[1.789s] 
[1.789s]         See https://setuptools.pypa.io/en/latest/userguide/declarative_config.html for details.
[1.789s]         ********************************************************************************
[1.789s] 
[1.789s] !!
[1.790s]   opt = self.warn_dash_deprecation(opt, section)
[2.046s] running egg_info
[2.087s] writing ../../build/ball_tracker/ball_tracker.egg-info/PKG-INFO
[2.097s] writing dependency_links to ../../build/ball_tracker/ball_tracker.egg-info/dependency_links.txt
[2.099s] writing entry points to ../../build/ball_tracker/ball_tracker.egg-info/entry_points.txt
[2.099s] writing requirements to ../../build/ball_tracker/ball_tracker.egg-info/requires.txt
[2.100s] writing top-level names to ../../build/ball_tracker/ball_tracker.egg-info/top_level.txt
[2.208s] reading manifest file '../../build/ball_tracker/ball_tracker.egg-info/SOURCES.txt'
[2.209s] writing manifest file '../../build/ball_tracker/ball_tracker.egg-info/SOURCES.txt'
[2.210s] running build
[2.210s] running build_py
[2.210s] copying ball_tracker/3D_construction.py -> /home/chalin/dev_ws/build/ball_tracker/build/lib/ball_tracker
[2.212s] running install
[2.228s] running install_lib
[2.274s] copying /home/chalin/dev_ws/build/ball_tracker/build/lib/ball_tracker/3D_construction.py -> /home/chalin/dev_ws/install/ball_tracker/lib/python3.12/site-packages/ball_tracker
[2.276s] byte-compiling /home/chalin/dev_ws/install/ball_tracker/lib/python3.12/site-packages/ball_tracker/3D_construction.py to 3D_construction.cpython-312.pyc
[2.280s] running install_data
[2.280s] running install_egg_info
[2.333s] removing '/home/chalin/dev_ws/install/ball_tracker/lib/python3.12/site-packages/ball_tracker-0.0.0-py3.12.egg-info' (and everything under it)
[2.336s] Copying ../../build/ball_tracker/ball_tracker.egg-info to /home/chalin/dev_ws/install/ball_tracker/lib/python3.12/site-packages/ball_tracker-0.0.0-py3.12.egg-info
[2.367s] running install_scripts
[2.703s] Installing 3D_contruct script to /home/chalin/dev_ws/install/ball_tracker/lib/ball_tracker
[2.704s] Installing detect_ball script to /home/chalin/dev_ws/install/ball_tracker/lib/ball_tracker
[2.705s] Installing detect_ball_3d script to /home/chalin/dev_ws/install/ball_tracker/lib/ball_tracker
[2.706s] Installing follow_ball script to /home/chalin/dev_ws/install/ball_tracker/lib/ball_tracker
[2.706s] Installing lidar_camera script to /home/chalin/dev_ws/install/ball_tracker/lib/ball_tracker
[2.707s] writing list of installed files to '/home/chalin/dev_ws/build/ball_tracker/install.log'
[2.782s] Invoked command in '/home/chalin/dev_ws/src/ball_tracker' returned '0': PYTHONPATH=/home/chalin/dev_ws/build/ball_tracker/prefix_override:/usr/lib/python3/dist-packages/colcon_core/task/python/colcon_distutils_commands:/home/chalin/dev_ws/install/ball_tracker/lib/python3.12/site-packages:${PYTHONPATH} /usr/bin/python3 -W ignore:setup.py install is deprecated -W ignore:easy_install command is deprecated setup.py egg_info --egg-base ../../build/ball_tracker build --build-base /home/chalin/dev_ws/build/ball_tracker/build install --record /home/chalin/dev_ws/build/ball_tracker/install.log --install-scripts $base/lib/ball_tracker --single-version-externally-managed install_data
