[7.190s] Invoking command in '/home/chalin/dev_ws/src/build/ball_tracker': PYTHONPATH=/home/chalin/dev_ws/src/build/ball_tracker/prefix_override:/usr/lib/python3/dist-packages/colcon_core/task/python/colcon_distutils_commands:/home/chalin/dev_ws/src/install/ball_tracker/lib/python3.12/site-packages:${PYTHONPATH} /usr/bin/python3 -W ignore:setup.py install is deprecated -W ignore:easy_install command is deprecated setup.py develop --editable --build-directory /home/chalin/dev_ws/src/build/ball_tracker/build --no-deps symlink_data
[7.824s] /usr/lib/python3/dist-packages/setuptools/dist.py:744: SetuptoolsDeprecationWarning: Invalid dash-separated options
[7.824s] !!
[7.824s] 
[7.824s]         ********************************************************************************
[7.824s]         Usage of dash-separated 'script-dir' will not be supported in future
[7.824s]         versions. Please use the underscore name 'script_dir' instead.
[7.825s] 
[7.825s]         This deprecation is overdue, please update your project and remove deprecated
[7.825s]         calls to avoid build errors in the future.
[7.825s] 
[7.825s]         See https://setuptools.pypa.io/en/latest/userguide/declarative_config.html for details.
[7.825s]         ********************************************************************************
[7.826s] 
[7.826s] !!
[7.826s]   opt = self.warn_dash_deprecation(opt, section)
[8.968s] running develop
[9.973s] running egg_info
[10.062s] writing ball_tracker.egg-info/PKG-INFO
[10.067s] writing dependency_links to ball_tracker.egg-info/dependency_links.txt
[10.069s] writing entry points to ball_tracker.egg-info/entry_points.txt
[10.071s] writing requirements to ball_tracker.egg-info/requires.txt
[10.072s] writing top-level names to ball_tracker.egg-info/top_level.txt
[10.458s] reading manifest file 'ball_tracker.egg-info/SOURCES.txt'
[10.458s] writing manifest file 'ball_tracker.egg-info/SOURCES.txt'
[10.671s] running build_ext
[10.671s] Creating /home/chalin/dev_ws/src/install/ball_tracker/lib/python3.12/site-packages/ball-tracker.egg-link (link to .)
[10.673s] Installing detect_ball script to /home/chalin/dev_ws/src/install/ball_tracker/lib/ball_tracker
[10.675s] Installing detect_ball_3d script to /home/chalin/dev_ws/src/install/ball_tracker/lib/ball_tracker
[10.677s] Installing follow_ball script to /home/chalin/dev_ws/src/install/ball_tracker/lib/ball_tracker
[10.684s] 
[10.684s] Installed /home/chalin/dev_ws/src/build/ball_tracker
[10.685s] running symlink_data
[11.130s] Invoked command in '/home/chalin/dev_ws/src/build/ball_tracker' returned '0': PYTHONPATH=/home/chalin/dev_ws/src/build/ball_tracker/prefix_override:/usr/lib/python3/dist-packages/colcon_core/task/python/colcon_distutils_commands:/home/chalin/dev_ws/src/install/ball_tracker/lib/python3.12/site-packages:${PYTHONPATH} /usr/bin/python3 -W ignore:setup.py install is deprecated -W ignore:easy_install command is deprecated setup.py develop --editable --build-directory /home/chalin/dev_ws/src/build/ball_tracker/build --no-deps symlink_data
