[3.218s] Invoking command in '/home/chalin/dev_ws/src/ball_tracker': PYTHONPATH=/home/chalin/dev_ws/build/ball_tracker/prefix_override:/usr/lib/python3/dist-packages/colcon_core/task/python/colcon_distutils_commands:/home/chalin/dev_ws/install/ball_tracker/lib/python3.12/site-packages:${PYTHONPATH} /usr/bin/python3 -W ignore:setup.py install is deprecated -W ignore:easy_install command is deprecated setup.py egg_info --egg-base ../../build/ball_tracker build --build-base /home/chalin/dev_ws/build/ball_tracker/build install --record /home/chalin/dev_ws/build/ball_tracker/install.log --install-scripts $base/lib/ball_tracker --single-version-externally-managed install_data
[3.811s] /usr/lib/python3/dist-packages/setuptools/dist.py:744: SetuptoolsDeprecationWarning: Invalid dash-separated options
[3.811s] !!
[3.811s] 
[3.811s]         ********************************************************************************
[3.811s]         Usage of dash-separated 'script-dir' will not be supported in future
[3.812s]         versions. Please use the underscore name 'script_dir' instead.
[3.812s] 
[3.812s]         This deprecation is overdue, please update your project and remove deprecated
[3.812s]         calls to avoid build errors in the future.
[3.812s] 
[3.812s]         See https://setuptools.pypa.io/en/latest/userguide/declarative_config.html for details.
[3.812s]         ********************************************************************************
[3.812s] 
[3.812s] !!
[3.812s]   opt = self.warn_dash_deprecation(opt, section)
[4.288s] running egg_info
[4.346s] writing ../../build/ball_tracker/ball_tracker.egg-info/PKG-INFO
[4.350s] writing dependency_links to ../../build/ball_tracker/ball_tracker.egg-info/dependency_links.txt
[4.351s] writing entry points to ../../build/ball_tracker/ball_tracker.egg-info/entry_points.txt
[4.352s] writing requirements to ../../build/ball_tracker/ball_tracker.egg-info/requires.txt
[4.352s] writing top-level names to ../../build/ball_tracker/ball_tracker.egg-info/top_level.txt
[4.479s] reading manifest file '../../build/ball_tracker/ball_tracker.egg-info/SOURCES.txt'
[4.480s] writing manifest file '../../build/ball_tracker/ball_tracker.egg-info/SOURCES.txt'
[4.483s] running build
[4.484s] running build_py
[4.491s] copying ball_tracker/3D_construction.py -> /home/chalin/dev_ws/build/ball_tracker/build/lib/ball_tracker
[4.493s] running install
[4.517s] running install_lib
[4.575s] copying /home/chalin/dev_ws/build/ball_tracker/build/lib/ball_tracker/3D_construction.py -> /home/chalin/dev_ws/install/ball_tracker/lib/python3.12/site-packages/ball_tracker
[4.580s] byte-compiling /home/chalin/dev_ws/install/ball_tracker/lib/python3.12/site-packages/ball_tracker/3D_construction.py to 3D_construction.cpython-312.pyc
[4.593s] running install_data
[4.595s] running install_egg_info
[4.656s] removing '/home/chalin/dev_ws/install/ball_tracker/lib/python3.12/site-packages/ball_tracker-0.0.0-py3.12.egg-info' (and everything under it)
[4.671s] Copying ../../build/ball_tracker/ball_tracker.egg-info to /home/chalin/dev_ws/install/ball_tracker/lib/python3.12/site-packages/ball_tracker-0.0.0-py3.12.egg-info
[4.671s] running install_scripts
[5.127s] Installing 3D_contruct script to /home/chalin/dev_ws/install/ball_tracker/lib/ball_tracker
[5.129s] Installing detect_ball script to /home/chalin/dev_ws/install/ball_tracker/lib/ball_tracker
[5.131s] Installing detect_ball_3d script to /home/chalin/dev_ws/install/ball_tracker/lib/ball_tracker
[5.133s] Installing follow_ball script to /home/chalin/dev_ws/install/ball_tracker/lib/ball_tracker
[5.135s] Installing lidar_camera script to /home/chalin/dev_ws/install/ball_tracker/lib/ball_tracker
[5.137s] writing list of installed files to '/home/chalin/dev_ws/build/ball_tracker/install.log'
[5.281s] Invoked command in '/home/chalin/dev_ws/src/ball_tracker' returned '0': PYTHONPATH=/home/chalin/dev_ws/build/ball_tracker/prefix_override:/usr/lib/python3/dist-packages/colcon_core/task/python/colcon_distutils_commands:/home/chalin/dev_ws/install/ball_tracker/lib/python3.12/site-packages:${PYTHONPATH} /usr/bin/python3 -W ignore:setup.py install is deprecated -W ignore:easy_install command is deprecated setup.py egg_info --egg-base ../../build/ball_tracker build --build-base /home/chalin/dev_ws/build/ball_tracker/build install --record /home/chalin/dev_ws/build/ball_tracker/install.log --install-scripts $base/lib/ball_tracker --single-version-externally-managed install_data
