[3.834s] Invoking command in '/home/chalin/dev_ws/src/ball_tracker': PYTHONPATH=/home/chalin/dev_ws/build/ball_tracker/prefix_override:/usr/lib/python3/dist-packages/colcon_core/task/python/colcon_distutils_commands:/home/chalin/dev_ws/install/ball_tracker/lib/python3.12/site-packages:${PYTHONPATH} /usr/bin/python3 -W ignore:setup.py install is deprecated -W ignore:easy_install command is deprecated setup.py egg_info --egg-base ../../build/ball_tracker build --build-base /home/chalin/dev_ws/build/ball_tracker/build install --record /home/chalin/dev_ws/build/ball_tracker/install.log --install-scripts $base/lib/ball_tracker --single-version-externally-managed install_data
[4.412s] /usr/lib/python3/dist-packages/setuptools/dist.py:744: SetuptoolsDeprecationWarning: Invalid dash-separated options
[4.413s] !!
[4.413s] 
[4.413s]         ********************************************************************************
[4.413s]         Usage of dash-separated 'script-dir' will not be supported in future
[4.413s]         versions. Please use the underscore name 'script_dir' instead.
[4.413s] 
[4.414s]         This deprecation is overdue, please update your project and remove deprecated
[4.414s]         calls to avoid build errors in the future.
[4.414s] 
[4.414s]         See https://setuptools.pypa.io/en/latest/userguide/declarative_config.html for details.
[4.414s]         ********************************************************************************
[4.414s] 
[4.415s] !!
[4.415s]   opt = self.warn_dash_deprecation(opt, section)
[5.059s] running egg_info
[5.137s] writing ../../build/ball_tracker/ball_tracker.egg-info/PKG-INFO
[5.138s] writing dependency_links to ../../build/ball_tracker/ball_tracker.egg-info/dependency_links.txt
[5.141s] writing entry points to ../../build/ball_tracker/ball_tracker.egg-info/entry_points.txt
[5.144s] writing requirements to ../../build/ball_tracker/ball_tracker.egg-info/requires.txt
[5.146s] writing top-level names to ../../build/ball_tracker/ball_tracker.egg-info/top_level.txt
[5.372s] reading manifest file '../../build/ball_tracker/ball_tracker.egg-info/SOURCES.txt'
[5.374s] writing manifest file '../../build/ball_tracker/ball_tracker.egg-info/SOURCES.txt'
[5.387s] running build
[5.387s] running build_py
[5.389s] running install
[5.422s] running install_lib
[5.530s] running install_data
[5.531s] running install_egg_info
[5.604s] removing '/home/chalin/dev_ws/install/ball_tracker/lib/python3.12/site-packages/ball_tracker-0.0.0-py3.12.egg-info' (and everything under it)
[5.606s] Copying ../../build/ball_tracker/ball_tracker.egg-info to /home/chalin/dev_ws/install/ball_tracker/lib/python3.12/site-packages/ball_tracker-0.0.0-py3.12.egg-info
[5.635s] running install_scripts
[6.192s] Installing 3D_contruct script to /home/chalin/dev_ws/install/ball_tracker/lib/ball_tracker
[6.193s] Installing detect_ball script to /home/chalin/dev_ws/install/ball_tracker/lib/ball_tracker
[6.193s] Installing detect_ball_3d script to /home/chalin/dev_ws/install/ball_tracker/lib/ball_tracker
[6.193s] Installing follow_ball script to /home/chalin/dev_ws/install/ball_tracker/lib/ball_tracker
[6.193s] Installing lidar_camera script to /home/chalin/dev_ws/install/ball_tracker/lib/ball_tracker
[6.195s] writing list of installed files to '/home/chalin/dev_ws/build/ball_tracker/install.log'
[6.371s] Invoked command in '/home/chalin/dev_ws/src/ball_tracker' returned '0': PYTHONPATH=/home/chalin/dev_ws/build/ball_tracker/prefix_override:/usr/lib/python3/dist-packages/colcon_core/task/python/colcon_distutils_commands:/home/chalin/dev_ws/install/ball_tracker/lib/python3.12/site-packages:${PYTHONPATH} /usr/bin/python3 -W ignore:setup.py install is deprecated -W ignore:easy_install command is deprecated setup.py egg_info --egg-base ../../build/ball_tracker build --build-base /home/chalin/dev_ws/build/ball_tracker/build install --record /home/chalin/dev_ws/build/ball_tracker/install.log --install-scripts $base/lib/ball_tracker --single-version-externally-managed install_data
