[4.592s] Invoking command in '/home/chalin/dev_ws/src/ball_tracker': PYTHONPATH=/home/chalin/dev_ws/build/ball_tracker/prefix_override:/usr/lib/python3/dist-packages/colcon_core/task/python/colcon_distutils_commands:/home/chalin/dev_ws/install/ball_tracker/lib/python3.12/site-packages:${PYTHONPATH} /usr/bin/python3 -W ignore:setup.py install is deprecated -W ignore:easy_install command is deprecated setup.py egg_info --egg-base ../../build/ball_tracker build --build-base /home/chalin/dev_ws/build/ball_tracker/build install --record /home/chalin/dev_ws/build/ball_tracker/install.log --install-scripts $base/lib/ball_tracker --single-version-externally-managed install_data
[5.110s] /usr/lib/python3/dist-packages/setuptools/dist.py:744: SetuptoolsDeprecationWarning: Invalid dash-separated options
[5.110s] !!
[5.110s] 
[5.111s]         ********************************************************************************
[5.111s]         Usage of dash-separated 'script-dir' will not be supported in future
[5.111s]         versions. Please use the underscore name 'script_dir' instead.
[5.111s] 
[5.112s]         This deprecation is overdue, please update your project and remove deprecated
[5.112s]         calls to avoid build errors in the future.
[5.112s] 
[5.112s]         See https://setuptools.pypa.io/en/latest/userguide/declarative_config.html for details.
[5.112s]         ********************************************************************************
[5.112s] 
[5.113s] !!
[5.113s]   opt = self.warn_dash_deprecation(opt, section)
[5.736s] running egg_info
[5.859s] writing ../../build/ball_tracker/ball_tracker.egg-info/PKG-INFO
[5.860s] writing dependency_links to ../../build/ball_tracker/ball_tracker.egg-info/dependency_links.txt
[5.863s] writing entry points to ../../build/ball_tracker/ball_tracker.egg-info/entry_points.txt
[5.864s] writing requirements to ../../build/ball_tracker/ball_tracker.egg-info/requires.txt
[5.864s] writing top-level names to ../../build/ball_tracker/ball_tracker.egg-info/top_level.txt
[6.041s] reading manifest file '../../build/ball_tracker/ball_tracker.egg-info/SOURCES.txt'
[6.041s] writing manifest file '../../build/ball_tracker/ball_tracker.egg-info/SOURCES.txt'
[6.042s] running build
[6.042s] running build_py
[6.049s] copying ball_tracker/3D_construction.py -> /home/chalin/dev_ws/build/ball_tracker/build/lib/ball_tracker
[6.052s] running install
[6.083s] running install_lib
[6.193s] copying /home/chalin/dev_ws/build/ball_tracker/build/lib/ball_tracker/3D_construction.py -> /home/chalin/dev_ws/install/ball_tracker/lib/python3.12/site-packages/ball_tracker
[6.205s] byte-compiling /home/chalin/dev_ws/install/ball_tracker/lib/python3.12/site-packages/ball_tracker/3D_construction.py to 3D_construction.cpython-312.pyc
[6.217s] running install_data
[6.220s] running install_egg_info
[6.327s] removing '/home/chalin/dev_ws/install/ball_tracker/lib/python3.12/site-packages/ball_tracker-0.0.0-py3.12.egg-info' (and everything under it)
[6.329s] Copying ../../build/ball_tracker/ball_tracker.egg-info to /home/chalin/dev_ws/install/ball_tracker/lib/python3.12/site-packages/ball_tracker-0.0.0-py3.12.egg-info
[6.336s] running install_scripts
[6.909s] Installing 3D_contruct script to /home/chalin/dev_ws/install/ball_tracker/lib/ball_tracker
[6.910s] Installing detect_ball script to /home/chalin/dev_ws/install/ball_tracker/lib/ball_tracker
[6.910s] Installing detect_ball_3d script to /home/chalin/dev_ws/install/ball_tracker/lib/ball_tracker
[6.911s] Installing follow_ball script to /home/chalin/dev_ws/install/ball_tracker/lib/ball_tracker
[6.911s] Installing lidar_camera script to /home/chalin/dev_ws/install/ball_tracker/lib/ball_tracker
[6.911s] writing list of installed files to '/home/chalin/dev_ws/build/ball_tracker/install.log'
[7.111s] Invoked command in '/home/chalin/dev_ws/src/ball_tracker' returned '0': PYTHONPATH=/home/chalin/dev_ws/build/ball_tracker/prefix_override:/usr/lib/python3/dist-packages/colcon_core/task/python/colcon_distutils_commands:/home/chalin/dev_ws/install/ball_tracker/lib/python3.12/site-packages:${PYTHONPATH} /usr/bin/python3 -W ignore:setup.py install is deprecated -W ignore:easy_install command is deprecated setup.py egg_info --egg-base ../../build/ball_tracker build --build-base /home/chalin/dev_ws/build/ball_tracker/build install --record /home/chalin/dev_ws/build/ball_tracker/install.log --install-scripts $base/lib/ball_tracker --single-version-externally-managed install_data
