[1.854s] Invoking command in '/home/chalin/dev_ws/src/build/nav2_gradient_costmap_plugin': CMAKE_PREFIX_PATH=${CMAKE_PREFIX_PATH}:/home/chalin/dev_ws/src/install/lidar_camera_projection:/home/chalin/dev_ws/src/install/ball_tracker:/home/chalin/dev_ws/install/lidar_camera_projection:/opt/ros/jazzy /usr/bin/cmake --build /home/chalin/dev_ws/src/build/nav2_gradient_costmap_plugin -- -j8 -l8
[2.035s] [100%] Built target nav2_gradient_costmap_plugin_core
[2.081s] Invoked command in '/home/chalin/dev_ws/src/build/nav2_gradient_costmap_plugin' returned '0': CMAKE_PREFIX_PATH=${CMAKE_PREFIX_PATH}:/home/chalin/dev_ws/src/install/lidar_camera_projection:/home/chalin/dev_ws/src/install/ball_tracker:/home/chalin/dev_ws/install/lidar_camera_projection:/opt/ros/jazzy /usr/bin/cmake --build /home/chalin/dev_ws/src/build/nav2_gradient_costmap_plugin -- -j8 -l8
[2.082s] Invoking command in '/home/chalin/dev_ws/src/build/nav2_gradient_costmap_plugin': CMAKE_PREFIX_PATH=${CMAKE_PREFIX_PATH}:/home/chalin/dev_ws/src/install/lidar_camera_projection:/home/chalin/dev_ws/src/install/ball_tracker:/home/chalin/dev_ws/install/lidar_camera_projection:/opt/ros/jazzy /usr/bin/cmake --install /home/chalin/dev_ws/src/build/nav2_gradient_costmap_plugin
[2.104s] -- Install configuration: ""
[2.112s] -- Execute custom install script
[2.116s] -- Up-to-date symlink: /home/chalin/dev_ws/src/install/nav2_gradient_costmap_plugin/lib/libnav2_gradient_costmap_plugin_core.so
[2.118s] -- Up-to-date symlink: /home/chalin/dev_ws/src/install/nav2_gradient_costmap_plugin/share/nav2_gradient_costmap_plugin//gradient_layer.xml
[2.120s] -- Up-to-date symlink: /home/chalin/dev_ws/src/install/nav2_gradient_costmap_plugin/share/ament_index/resource_index/package_run_dependencies/nav2_gradient_costmap_plugin
[2.126s] -- Up-to-date symlink: /home/chalin/dev_ws/src/install/nav2_gradient_costmap_plugin/share/ament_index/resource_index/parent_prefix_path/nav2_gradient_costmap_plugin
[2.128s] -- Up-to-date symlink: /home/chalin/dev_ws/src/install/nav2_gradient_costmap_plugin/share/nav2_gradient_costmap_plugin/environment/ament_prefix_path.sh
[2.129s] -- Up-to-date symlink: /home/chalin/dev_ws/src/install/nav2_gradient_costmap_plugin/share/nav2_gradient_costmap_plugin/environment/ament_prefix_path.dsv
[2.129s] -- Up-to-date symlink: /home/chalin/dev_ws/src/install/nav2_gradient_costmap_plugin/share/nav2_gradient_costmap_plugin/environment/path.sh
[2.129s] -- Up-to-date symlink: /home/chalin/dev_ws/src/install/nav2_gradient_costmap_plugin/share/nav2_gradient_costmap_plugin/environment/path.dsv
[2.129s] -- Up-to-date symlink: /home/chalin/dev_ws/src/install/nav2_gradient_costmap_plugin/share/nav2_gradient_costmap_plugin/local_setup.bash
[2.130s] -- Up-to-date symlink: /home/chalin/dev_ws/src/install/nav2_gradient_costmap_plugin/share/nav2_gradient_costmap_plugin/local_setup.sh
[2.131s] -- Up-to-date symlink: /home/chalin/dev_ws/src/install/nav2_gradient_costmap_plugin/share/nav2_gradient_costmap_plugin/local_setup.zsh
[2.132s] -- Up-to-date symlink: /home/chalin/dev_ws/src/install/nav2_gradient_costmap_plugin/share/nav2_gradient_costmap_plugin/local_setup.dsv
[2.133s] -- Symlinking: /home/chalin/dev_ws/src/install/nav2_gradient_costmap_plugin/share/nav2_gradient_costmap_plugin/package.dsv
[2.193s] -- Up-to-date symlink: /home/chalin/dev_ws/src/install/nav2_gradient_costmap_plugin/share/ament_index/resource_index/packages/nav2_gradient_costmap_plugin
[2.193s] -- Up-to-date symlink: /home/chalin/dev_ws/src/install/nav2_gradient_costmap_plugin/share/ament_index/resource_index/nav2_costmap_2d__pluginlib__plugin/nav2_gradient_costmap_plugin
[2.193s] -- Up-to-date symlink: /home/chalin/dev_ws/src/install/nav2_gradient_costmap_plugin/share/nav2_gradient_costmap_plugin/cmake/nav2_gradient_costmap_pluginConfig.cmake
[2.193s] -- Up-to-date symlink: /home/chalin/dev_ws/src/install/nav2_gradient_costmap_plugin/share/nav2_gradient_costmap_plugin/cmake/nav2_gradient_costmap_pluginConfig-version.cmake
[2.193s] -- Up-to-date symlink: /home/chalin/dev_ws/src/install/nav2_gradient_costmap_plugin/share/nav2_gradient_costmap_plugin/package.xml
[2.204s] Invoked command in '/home/chalin/dev_ws/src/build/nav2_gradient_costmap_plugin' returned '0': CMAKE_PREFIX_PATH=${CMAKE_PREFIX_PATH}:/home/chalin/dev_ws/src/install/lidar_camera_projection:/home/chalin/dev_ws/src/install/ball_tracker:/home/chalin/dev_ws/install/lidar_camera_projection:/opt/ros/jazzy /usr/bin/cmake --install /home/chalin/dev_ws/src/build/nav2_gradient_costmap_plugin
