[0.783s] Invoking command in '/home/chalin/dev_ws/src/lidar_camera_projection': PYTHONPATH=/home/chalin/dev_ws/build/lidar_camera_projection/prefix_override:/usr/lib/python3/dist-packages/colcon_core/task/python/colcon_distutils_commands:/home/chalin/dev_ws/install/lidar_camera_projection/lib/python3.12/site-packages:${PYTHONPATH} /usr/bin/python3 -W ignore:setup.py install is deprecated -W ignore:easy_install command is deprecated setup.py egg_info --egg-base ../../build/lidar_camera_projection build --build-base /home/chalin/dev_ws/build/lidar_camera_projection/build install --record /home/chalin/dev_ws/build/lidar_camera_projection/install.log --single-version-externally-managed install_data
[1.016s] running egg_info
[1.035s] writing ../../build/lidar_camera_projection/lidar_camera_projection.egg-info/PKG-INFO
[1.035s] writing dependency_links to ../../build/lidar_camera_projection/lidar_camera_projection.egg-info/dependency_links.txt
[1.036s] writing entry points to ../../build/lidar_camera_projection/lidar_camera_projection.egg-info/entry_points.txt
[1.036s] writing requirements to ../../build/lidar_camera_projection/lidar_camera_projection.egg-info/requires.txt
[1.036s] writing top-level names to ../../build/lidar_camera_projection/lidar_camera_projection.egg-info/top_level.txt
[1.073s] reading manifest file '../../build/lidar_camera_projection/lidar_camera_projection.egg-info/SOURCES.txt'
[1.073s] writing manifest file '../../build/lidar_camera_projection/lidar_camera_projection.egg-info/SOURCES.txt'
[1.073s] running build
[1.073s] running build_py
[1.074s] copying lidar_camera_projection/lidar_camera_projection.py -> /home/chalin/dev_ws/build/lidar_camera_projection/build/lib/lidar_camera_projection
[1.074s] running install
[1.080s] running install_lib
[1.098s] copying /home/chalin/dev_ws/build/lidar_camera_projection/build/lib/lidar_camera_projection/lidar_camera_projection.py -> /home/chalin/dev_ws/install/lidar_camera_projection/lib/python3.12/site-packages/lidar_camera_projection
[1.098s] byte-compiling /home/chalin/dev_ws/install/lidar_camera_projection/lib/python3.12/site-packages/lidar_camera_projection/lidar_camera_projection.py to lidar_camera_projection.cpython-312.pyc
[1.100s] running install_data
[1.100s] running install_egg_info
[1.120s] removing '/home/chalin/dev_ws/install/lidar_camera_projection/lib/python3.12/site-packages/lidar_camera_projection-0.0.0-py3.12.egg-info' (and everything under it)
[1.121s] Copying ../../build/lidar_camera_projection/lidar_camera_projection.egg-info to /home/chalin/dev_ws/install/lidar_camera_projection/lib/python3.12/site-packages/lidar_camera_projection-0.0.0-py3.12.egg-info
[1.122s] running install_scripts
[1.236s] Installing lidar_camera_projection script to /home/chalin/dev_ws/install/lidar_camera_projection/lib/lidar_camera_projection
[1.237s] writing list of installed files to '/home/chalin/dev_ws/build/lidar_camera_projection/install.log'
[1.273s] Invoked command in '/home/chalin/dev_ws/src/lidar_camera_projection' returned '0': PYTHONPATH=/home/chalin/dev_ws/build/lidar_camera_projection/prefix_override:/usr/lib/python3/dist-packages/colcon_core/task/python/colcon_distutils_commands:/home/chalin/dev_ws/install/lidar_camera_projection/lib/python3.12/site-packages:${PYTHONPATH} /usr/bin/python3 -W ignore:setup.py install is deprecated -W ignore:easy_install command is deprecated setup.py egg_info --egg-base ../../build/lidar_camera_projection build --build-base /home/chalin/dev_ws/build/lidar_camera_projection/build install --record /home/chalin/dev_ws/build/lidar_camera_projection/install.log --single-version-externally-managed install_data
