/home/chalin/dev_ws/install/ball_tracker/lib/python3.12/site-packages/ball_tracker/detect_ball_3d.py
/home/chalin/dev_ws/install/ball_tracker/lib/python3.12/site-packages/ball_tracker/lidar_camera.py
/home/chalin/dev_ws/install/ball_tracker/lib/python3.12/site-packages/ball_tracker/process_image.py
/home/chalin/dev_ws/install/ball_tracker/lib/python3.12/site-packages/ball_tracker/__init__.py
/home/chalin/dev_ws/install/ball_tracker/lib/python3.12/site-packages/ball_tracker/detect_ball.py
/home/chalin/dev_ws/install/ball_tracker/lib/python3.12/site-packages/ball_tracker/3D_construction.py
/home/chalin/dev_ws/install/ball_tracker/lib/python3.12/site-packages/ball_tracker/__pycache__/detect_ball_3d.cpython-312.pyc
/home/chalin/dev_ws/install/ball_tracker/lib/python3.12/site-packages/ball_tracker/__pycache__/lidar_camera.cpython-312.pyc
/home/chalin/dev_ws/install/ball_tracker/lib/python3.12/site-packages/ball_tracker/__pycache__/process_image.cpython-312.pyc
/home/chalin/dev_ws/install/ball_tracker/lib/python3.12/site-packages/ball_tracker/__pycache__/__init__.cpython-312.pyc
/home/chalin/dev_ws/install/ball_tracker/lib/python3.12/site-packages/ball_tracker/__pycache__/detect_ball.cpython-312.pyc
/home/chalin/dev_ws/install/ball_tracker/lib/python3.12/site-packages/ball_tracker/__pycache__/3D_construction.cpython-312.pyc
/home/chalin/dev_ws/install/ball_tracker/share/ament_index/resource_index/packages/ball_tracker
/home/chalin/dev_ws/install/ball_tracker/share/ball_tracker/package.xml
/home/chalin/dev_ws/install/ball_tracker/share/ball_tracker/launch/ball_tracker.launch.py
/home/chalin/dev_ws/install/ball_tracker/share/ball_tracker/launch/example_launch_include.launch.py
/home/chalin/dev_ws/install/ball_tracker/share/ball_tracker/config/ball_tracker_params_example.yaml
/home/chalin/dev_ws/install/ball_tracker/lib/python3.12/site-packages/ball_tracker-0.0.0-py3.12.egg-info/PKG-INFO
/home/chalin/dev_ws/install/ball_tracker/lib/python3.12/site-packages/ball_tracker-0.0.0-py3.12.egg-info/top_level.txt
/home/chalin/dev_ws/install/ball_tracker/lib/python3.12/site-packages/ball_tracker-0.0.0-py3.12.egg-info/dependency_links.txt
/home/chalin/dev_ws/install/ball_tracker/lib/python3.12/site-packages/ball_tracker-0.0.0-py3.12.egg-info/requires.txt
/home/chalin/dev_ws/install/ball_tracker/lib/python3.12/site-packages/ball_tracker-0.0.0-py3.12.egg-info/entry_points.txt
/home/chalin/dev_ws/install/ball_tracker/lib/python3.12/site-packages/ball_tracker-0.0.0-py3.12.egg-info/SOURCES.txt
/home/chalin/dev_ws/install/ball_tracker/lib/python3.12/site-packages/ball_tracker-0.0.0-py3.12.egg-info/zip-safe
/home/chalin/dev_ws/install/ball_tracker/lib/ball_tracker/3D_contruct
/home/chalin/dev_ws/install/ball_tracker/lib/ball_tracker/detect_ball
/home/chalin/dev_ws/install/ball_tracker/lib/ball_tracker/detect_ball_3d
/home/chalin/dev_ws/install/ball_tracker/lib/ball_tracker/follow_ball
/home/chalin/dev_ws/install/ball_tracker/lib/ball_tracker/lidar_camera
