[5.679s] Invoking command in '/home/chalin/dev_ws/src/ball_tracker': PYTHONPATH=/home/chalin/dev_ws/build/ball_tracker/prefix_override:/usr/lib/python3/dist-packages/colcon_core/task/python/colcon_distutils_commands:/home/chalin/dev_ws/install/ball_tracker/lib/python3.12/site-packages:${PYTHONPATH} /usr/bin/python3 -W ignore:setup.py install is deprecated -W ignore:easy_install command is deprecated setup.py egg_info --egg-base ../../build/ball_tracker build --build-base /home/chalin/dev_ws/build/ball_tracker/build install --record /home/chalin/dev_ws/build/ball_tracker/install.log --install-scripts $base/lib/ball_tracker --single-version-externally-managed install_data
[6.258s] /usr/lib/python3/dist-packages/setuptools/dist.py:744: SetuptoolsDeprecationWarning: Invalid dash-separated options
[6.258s] !!
[6.258s] 
[6.258s]         ********************************************************************************
[6.259s]         Usage of dash-separated 'script-dir' will not be supported in future
[6.259s]         versions. Please use the underscore name 'script_dir' instead.
[6.259s] 
[6.259s]         This deprecation is overdue, please update your project and remove deprecated
[6.259s]         calls to avoid build errors in the future.
[6.259s] 
[6.259s]         See https://setuptools.pypa.io/en/latest/userguide/declarative_config.html for details.
[6.260s]         ********************************************************************************
[6.260s] 
[6.260s] !!
[6.260s]   opt = self.warn_dash_deprecation(opt, section)
[6.943s] running egg_info
[7.018s] writing ../../build/ball_tracker/ball_tracker.egg-info/PKG-INFO
[7.021s] writing dependency_links to ../../build/ball_tracker/ball_tracker.egg-info/dependency_links.txt
[7.023s] writing entry points to ../../build/ball_tracker/ball_tracker.egg-info/entry_points.txt
[7.036s] writing requirements to ../../build/ball_tracker/ball_tracker.egg-info/requires.txt
[7.037s] writing top-level names to ../../build/ball_tracker/ball_tracker.egg-info/top_level.txt
[7.211s] reading manifest file '../../build/ball_tracker/ball_tracker.egg-info/SOURCES.txt'
[7.216s] writing manifest file '../../build/ball_tracker/ball_tracker.egg-info/SOURCES.txt'
[7.217s] running build
[7.219s] running build_py
[7.221s] copying ball_tracker/3D_construction.py -> /home/chalin/dev_ws/build/ball_tracker/build/lib/ball_tracker
[7.224s] running install
[7.252s] running install_lib
[7.352s] copying /home/chalin/dev_ws/build/ball_tracker/build/lib/ball_tracker/3D_construction.py -> /home/chalin/dev_ws/install/ball_tracker/lib/python3.12/site-packages/ball_tracker
[7.356s] byte-compiling /home/chalin/dev_ws/install/ball_tracker/lib/python3.12/site-packages/ball_tracker/3D_construction.py to 3D_construction.cpython-312.pyc
[7.365s] running install_data
[7.366s] running install_egg_info
[7.481s] removing '/home/chalin/dev_ws/install/ball_tracker/lib/python3.12/site-packages/ball_tracker-0.0.0-py3.12.egg-info' (and everything under it)
[7.486s] Copying ../../build/ball_tracker/ball_tracker.egg-info to /home/chalin/dev_ws/install/ball_tracker/lib/python3.12/site-packages/ball_tracker-0.0.0-py3.12.egg-info
[7.492s] running install_scripts
[8.173s] Installing 3D_contruct script to /home/chalin/dev_ws/install/ball_tracker/lib/ball_tracker
[8.174s] Installing detect_ball script to /home/chalin/dev_ws/install/ball_tracker/lib/ball_tracker
[8.174s] Installing detect_ball_3d script to /home/chalin/dev_ws/install/ball_tracker/lib/ball_tracker
[8.175s] Installing follow_ball script to /home/chalin/dev_ws/install/ball_tracker/lib/ball_tracker
[8.175s] Installing lidar_camera script to /home/chalin/dev_ws/install/ball_tracker/lib/ball_tracker
[8.191s] writing list of installed files to '/home/chalin/dev_ws/build/ball_tracker/install.log'
[8.361s] Invoked command in '/home/chalin/dev_ws/src/ball_tracker' returned '0': PYTHONPATH=/home/chalin/dev_ws/build/ball_tracker/prefix_override:/usr/lib/python3/dist-packages/colcon_core/task/python/colcon_distutils_commands:/home/chalin/dev_ws/install/ball_tracker/lib/python3.12/site-packages:${PYTHONPATH} /usr/bin/python3 -W ignore:setup.py install is deprecated -W ignore:easy_install command is deprecated setup.py egg_info --egg-base ../../build/ball_tracker build --build-base /home/chalin/dev_ws/build/ball_tracker/build install --record /home/chalin/dev_ws/build/ball_tracker/install.log --install-scripts $base/lib/ball_tracker --single-version-externally-managed install_data
