[3.013s] Invoking command in '/home/chalin/dev_ws/src/ball_tracker': PYTHONPATH=/home/chalin/dev_ws/build/ball_tracker/prefix_override:/usr/lib/python3/dist-packages/colcon_core/task/python/colcon_distutils_commands:/home/chalin/dev_ws/install/ball_tracker/lib/python3.12/site-packages:${PYTHONPATH} /usr/bin/python3 -W ignore:setup.py install is deprecated -W ignore:easy_install command is deprecated setup.py egg_info --egg-base ../../build/ball_tracker build --build-base /home/chalin/dev_ws/build/ball_tracker/build install --record /home/chalin/dev_ws/build/ball_tracker/install.log --install-scripts $base/lib/ball_tracker --single-version-externally-managed install_data
[3.654s] /usr/lib/python3/dist-packages/setuptools/dist.py:744: SetuptoolsDeprecationWarning: Invalid dash-separated options
[3.655s] !!
[3.655s] 
[3.655s]         ********************************************************************************
[3.655s]         Usage of dash-separated 'script-dir' will not be supported in future
[3.656s]         versions. Please use the underscore name 'script_dir' instead.
[3.656s] 
[3.656s]         This deprecation is overdue, please update your project and remove deprecated
[3.656s]         calls to avoid build errors in the future.
[3.656s] 
[3.657s]         See https://setuptools.pypa.io/en/latest/userguide/declarative_config.html for details.
[3.657s]         ********************************************************************************
[3.657s] 
[3.657s] !!
[3.657s]   opt = self.warn_dash_deprecation(opt, section)
[4.100s] running egg_info
[4.148s] writing ../../build/ball_tracker/ball_tracker.egg-info/PKG-INFO
[4.150s] writing dependency_links to ../../build/ball_tracker/ball_tracker.egg-info/dependency_links.txt
[4.153s] writing entry points to ../../build/ball_tracker/ball_tracker.egg-info/entry_points.txt
[4.155s] writing requirements to ../../build/ball_tracker/ball_tracker.egg-info/requires.txt
[4.155s] writing top-level names to ../../build/ball_tracker/ball_tracker.egg-info/top_level.txt
[4.285s] reading manifest file '../../build/ball_tracker/ball_tracker.egg-info/SOURCES.txt'
[4.298s] writing manifest file '../../build/ball_tracker/ball_tracker.egg-info/SOURCES.txt'
[4.299s] running build
[4.300s] running build_py
[4.302s] copying ball_tracker/lidar_camera.py -> /home/chalin/dev_ws/build/ball_tracker/build/lib/ball_tracker
[4.302s] copying ball_tracker/3D_construction.py -> /home/chalin/dev_ws/build/ball_tracker/build/lib/ball_tracker
[4.302s] running install
[4.318s] running install_lib
[4.372s] copying /home/chalin/dev_ws/build/ball_tracker/build/lib/ball_tracker/lidar_camera.py -> /home/chalin/dev_ws/install/ball_tracker/lib/python3.12/site-packages/ball_tracker
[4.375s] copying /home/chalin/dev_ws/build/ball_tracker/build/lib/ball_tracker/3D_construction.py -> /home/chalin/dev_ws/install/ball_tracker/lib/python3.12/site-packages/ball_tracker
[4.379s] byte-compiling /home/chalin/dev_ws/install/ball_tracker/lib/python3.12/site-packages/ball_tracker/lidar_camera.py to lidar_camera.cpython-312.pyc
[4.385s] byte-compiling /home/chalin/dev_ws/install/ball_tracker/lib/python3.12/site-packages/ball_tracker/3D_construction.py to 3D_construction.cpython-312.pyc
[4.389s] running install_data
[4.390s] running install_egg_info
[4.456s] removing '/home/chalin/dev_ws/install/ball_tracker/lib/python3.12/site-packages/ball_tracker-0.0.0-py3.12.egg-info' (and everything under it)
[4.462s] Copying ../../build/ball_tracker/ball_tracker.egg-info to /home/chalin/dev_ws/install/ball_tracker/lib/python3.12/site-packages/ball_tracker-0.0.0-py3.12.egg-info
[4.462s] running install_scripts
[4.874s] Installing 3D_contruct script to /home/chalin/dev_ws/install/ball_tracker/lib/ball_tracker
[4.875s] Installing detect_ball script to /home/chalin/dev_ws/install/ball_tracker/lib/ball_tracker
[4.876s] Installing detect_ball_3d script to /home/chalin/dev_ws/install/ball_tracker/lib/ball_tracker
[4.877s] Installing follow_ball script to /home/chalin/dev_ws/install/ball_tracker/lib/ball_tracker
[4.877s] Installing lidar_camera script to /home/chalin/dev_ws/install/ball_tracker/lib/ball_tracker
[4.877s] writing list of installed files to '/home/chalin/dev_ws/build/ball_tracker/install.log'
[5.005s] Invoked command in '/home/chalin/dev_ws/src/ball_tracker' returned '0': PYTHONPATH=/home/chalin/dev_ws/build/ball_tracker/prefix_override:/usr/lib/python3/dist-packages/colcon_core/task/python/colcon_distutils_commands:/home/chalin/dev_ws/install/ball_tracker/lib/python3.12/site-packages:${PYTHONPATH} /usr/bin/python3 -W ignore:setup.py install is deprecated -W ignore:easy_install command is deprecated setup.py egg_info --egg-base ../../build/ball_tracker build --build-base /home/chalin/dev_ws/build/ball_tracker/build install --record /home/chalin/dev_ws/build/ball_tracker/install.log --install-scripts $base/lib/ball_tracker --single-version-externally-managed install_data
