[5.857s] Invoking command in '/home/chalin/dev_ws/src/ball_tracker': PYTHONPATH=/home/chalin/dev_ws/build/ball_tracker/prefix_override:/usr/lib/python3/dist-packages/colcon_core/task/python/colcon_distutils_commands:/home/chalin/dev_ws/install/ball_tracker/lib/python3.12/site-packages:${PYTHONPATH} /usr/bin/python3 -W ignore:setup.py install is deprecated -W ignore:easy_install command is deprecated setup.py egg_info --egg-base ../../build/ball_tracker build --build-base /home/chalin/dev_ws/build/ball_tracker/build install --record /home/chalin/dev_ws/build/ball_tracker/install.log --install-scripts $base/lib/ball_tracker --single-version-externally-managed install_data
[6.968s] /usr/lib/python3/dist-packages/setuptools/dist.py:744: SetuptoolsDeprecationWarning: Invalid dash-separated options
[6.969s] !!
[6.969s] 
[6.969s]         ********************************************************************************
[6.969s]         Usage of dash-separated 'script-dir' will not be supported in future
[6.969s]         versions. Please use the underscore name 'script_dir' instead.
[6.969s] 
[6.970s]         This deprecation is overdue, please update your project and remove deprecated
[6.970s]         calls to avoid build errors in the future.
[6.970s] 
[6.970s]         See https://setuptools.pypa.io/en/latest/userguide/declarative_config.html for details.
[6.970s]         ********************************************************************************
[6.971s] 
[6.971s] !!
[6.971s]   opt = self.warn_dash_deprecation(opt, section)
[8.163s] running egg_info
[8.257s] writing ../../build/ball_tracker/ball_tracker.egg-info/PKG-INFO
[8.259s] writing dependency_links to ../../build/ball_tracker/ball_tracker.egg-info/dependency_links.txt
[8.262s] writing entry points to ../../build/ball_tracker/ball_tracker.egg-info/entry_points.txt
[8.265s] writing requirements to ../../build/ball_tracker/ball_tracker.egg-info/requires.txt
[8.273s] writing top-level names to ../../build/ball_tracker/ball_tracker.egg-info/top_level.txt
[8.523s] reading manifest file '../../build/ball_tracker/ball_tracker.egg-info/SOURCES.txt'
[8.533s] writing manifest file '../../build/ball_tracker/ball_tracker.egg-info/SOURCES.txt'
[8.537s] running build
[8.544s] running build_py
[8.544s] copying ball_tracker/3D_construction.py -> /home/chalin/dev_ws/build/ball_tracker/build/lib/ball_tracker
[8.544s] running install
[8.571s] running install_lib
[8.642s] copying /home/chalin/dev_ws/build/ball_tracker/build/lib/ball_tracker/3D_construction.py -> /home/chalin/dev_ws/install/ball_tracker/lib/python3.12/site-packages/ball_tracker
[8.646s] byte-compiling /home/chalin/dev_ws/install/ball_tracker/lib/python3.12/site-packages/ball_tracker/3D_construction.py to 3D_construction.cpython-312.pyc
[8.654s] running install_data
[8.656s] running install_egg_info
[8.755s] removing '/home/chalin/dev_ws/install/ball_tracker/lib/python3.12/site-packages/ball_tracker-0.0.0-py3.12.egg-info' (and everything under it)
[8.762s] Copying ../../build/ball_tracker/ball_tracker.egg-info to /home/chalin/dev_ws/install/ball_tracker/lib/python3.12/site-packages/ball_tracker-0.0.0-py3.12.egg-info
[8.779s] running install_scripts
[9.911s] Installing 3D_contruct script to /home/chalin/dev_ws/install/ball_tracker/lib/ball_tracker
[9.931s] Installing detect_ball script to /home/chalin/dev_ws/install/ball_tracker/lib/ball_tracker
[9.931s] Installing detect_ball_3d script to /home/chalin/dev_ws/install/ball_tracker/lib/ball_tracker
[9.932s] Installing follow_ball script to /home/chalin/dev_ws/install/ball_tracker/lib/ball_tracker
[9.932s] Installing lidar_camera script to /home/chalin/dev_ws/install/ball_tracker/lib/ball_tracker
[9.932s] writing list of installed files to '/home/chalin/dev_ws/build/ball_tracker/install.log'
[10.148s] Invoked command in '/home/chalin/dev_ws/src/ball_tracker' returned '0': PYTHONPATH=/home/chalin/dev_ws/build/ball_tracker/prefix_override:/usr/lib/python3/dist-packages/colcon_core/task/python/colcon_distutils_commands:/home/chalin/dev_ws/install/ball_tracker/lib/python3.12/site-packages:${PYTHONPATH} /usr/bin/python3 -W ignore:setup.py install is deprecated -W ignore:easy_install command is deprecated setup.py egg_info --egg-base ../../build/ball_tracker build --build-base /home/chalin/dev_ws/build/ball_tracker/build install --record /home/chalin/dev_ws/build/ball_tracker/install.log --install-scripts $base/lib/ball_tracker --single-version-externally-managed install_data
