/usr/lib/python3/dist-packages/setuptools/dist.py:744: SetuptoolsDeprecationWarning: Invalid dash-separated options
!!

        ********************************************************************************
        Usage of dash-separated 'script-dir' will not be supported in future
        versions. Please use the underscore name 'script_dir' instead.

        This deprecation is overdue, please update your project and remove deprecated
        calls to avoid build errors in the future.

        See https://setuptools.pypa.io/en/latest/userguide/declarative_config.html for details.
        ********************************************************************************

!!
  opt = self.warn_dash_deprecation(opt, section)
running develop
running egg_info
writing ball_tracker.egg-info/PKG-INFO
writing dependency_links to ball_tracker.egg-info/dependency_links.txt
writing entry points to ball_tracker.egg-info/entry_points.txt
writing requirements to ball_tracker.egg-info/requires.txt
writing top-level names to ball_tracker.egg-info/top_level.txt
reading manifest file 'ball_tracker.egg-info/SOURCES.txt'
writing manifest file 'ball_tracker.egg-info/SOURCES.txt'
running build_ext
Creating /home/chalin/dev_ws/install/ball_tracker/lib/python3.12/site-packages/ball-tracker.egg-link (link to .)
Installing 3D_contruct script to /home/chalin/dev_ws/install/ball_tracker/lib/ball_tracker
Installing detect_ball script to /home/chalin/dev_ws/install/ball_tracker/lib/ball_tracker
Installing detect_ball_3d script to /home/chalin/dev_ws/install/ball_tracker/lib/ball_tracker
Installing follow_ball script to /home/chalin/dev_ws/install/ball_tracker/lib/ball_tracker
Installing lidar_camera script to /home/chalin/dev_ws/install/ball_tracker/lib/ball_tracker

Installed /home/chalin/dev_ws/build/ball_tracker
running symlink_data
symbolically linking /home/chalin/dev_ws/build/ball_tracker/resource/ball_tracker -> /home/chalin/dev_ws/install/ball_tracker/share/ament_index/resource_index/packages
symbolically linking /home/chalin/dev_ws/build/ball_tracker/package.xml -> /home/chalin/dev_ws/install/ball_tracker/share/ball_tracker
symbolically linking /home/chalin/dev_ws/build/ball_tracker/launch/ball_tracker.launch.py -> /home/chalin/dev_ws/install/ball_tracker/share/ball_tracker/launch
symbolically linking /home/chalin/dev_ws/build/ball_tracker/launch/example_launch_include.launch.py -> /home/chalin/dev_ws/install/ball_tracker/share/ball_tracker/launch
symbolically linking /home/chalin/dev_ws/build/ball_tracker/config/ball_tracker_params_example.yaml -> /home/chalin/dev_ws/install/ball_tracker/share/ball_tracker/config
