[2.647s] Invoking command in '/home/chalin/dev_ws/src/lidar_camera_projection': PYTHONPATH=/home/chalin/dev_ws/build/lidar_camera_projection/prefix_override:/usr/lib/python3/dist-packages/colcon_core/task/python/colcon_distutils_commands:/home/chalin/dev_ws/install/lidar_camera_projection/lib/python3.12/site-packages:${PYTHONPATH} /usr/bin/python3 -W ignore:setup.py install is deprecated -W ignore:easy_install command is deprecated setup.py egg_info --egg-base ../../build/lidar_camera_projection build --build-base /home/chalin/dev_ws/build/lidar_camera_projection/build install --record /home/chalin/dev_ws/build/lidar_camera_projection/install.log --single-version-externally-managed install_data
[3.603s] running egg_info
[3.675s] writing ../../build/lidar_camera_projection/lidar_camera_projection.egg-info/PKG-INFO
[3.675s] writing dependency_links to ../../build/lidar_camera_projection/lidar_camera_projection.egg-info/dependency_links.txt
[3.676s] writing entry points to ../../build/lidar_camera_projection/lidar_camera_projection.egg-info/entry_points.txt
[3.677s] writing requirements to ../../build/lidar_camera_projection/lidar_camera_projection.egg-info/requires.txt
[3.677s] writing top-level names to ../../build/lidar_camera_projection/lidar_camera_projection.egg-info/top_level.txt
[3.801s] reading manifest file '../../build/lidar_camera_projection/lidar_camera_projection.egg-info/SOURCES.txt'
[3.804s] writing manifest file '../../build/lidar_camera_projection/lidar_camera_projection.egg-info/SOURCES.txt'
[3.805s] running build
[3.806s] running build_py
[3.806s] copying lidar_camera_projection/object_detection_node.py -> /home/chalin/dev_ws/build/lidar_camera_projection/build/lib/lidar_camera_projection
[3.808s] running install
[3.829s] running install_lib
[3.882s] copying /home/chalin/dev_ws/build/lidar_camera_projection/build/lib/lidar_camera_projection/object_detection_node.py -> /home/chalin/dev_ws/install/lidar_camera_projection/lib/python3.12/site-packages/lidar_camera_projection
[3.883s] byte-compiling /home/chalin/dev_ws/install/lidar_camera_projection/lib/python3.12/site-packages/lidar_camera_projection/object_detection_node.py to object_detection_node.cpython-312.pyc
[3.887s] running install_data
[3.887s] running install_egg_info
[3.983s] removing '/home/chalin/dev_ws/install/lidar_camera_projection/lib/python3.12/site-packages/lidar_camera_projection-0.0.0-py3.12.egg-info' (and everything under it)
[3.994s] Copying ../../build/lidar_camera_projection/lidar_camera_projection.egg-info to /home/chalin/dev_ws/install/lidar_camera_projection/lib/python3.12/site-packages/lidar_camera_projection-0.0.0-py3.12.egg-info
[3.997s] running install_scripts
[4.398s] Installing lidar_camera_projection script to /home/chalin/dev_ws/install/lidar_camera_projection/lib/lidar_camera_projection
[4.400s] Installing object_detection_node script to /home/chalin/dev_ws/install/lidar_camera_projection/lib/lidar_camera_projection
[4.402s] writing list of installed files to '/home/chalin/dev_ws/build/lidar_camera_projection/install.log'
[4.497s] Invoked command in '/home/chalin/dev_ws/src/lidar_camera_projection' returned '0': PYTHONPATH=/home/chalin/dev_ws/build/lidar_camera_projection/prefix_override:/usr/lib/python3/dist-packages/colcon_core/task/python/colcon_distutils_commands:/home/chalin/dev_ws/install/lidar_camera_projection/lib/python3.12/site-packages:${PYTHONPATH} /usr/bin/python3 -W ignore:setup.py install is deprecated -W ignore:easy_install command is deprecated setup.py egg_info --egg-base ../../build/lidar_camera_projection build --build-base /home/chalin/dev_ws/build/lidar_camera_projection/build install --record /home/chalin/dev_ws/build/lidar_camera_projection/install.log --single-version-externally-managed install_data
