[5.003s] Invoking command in '/home/chalin/dev_ws/src/ball_tracker': PYTHONPATH=/home/chalin/dev_ws/build/ball_tracker/prefix_override:/usr/lib/python3/dist-packages/colcon_core/task/python/colcon_distutils_commands:/home/chalin/dev_ws/install/ball_tracker/lib/python3.12/site-packages:${PYTHONPATH} /usr/bin/python3 -W ignore:setup.py install is deprecated -W ignore:easy_install command is deprecated setup.py egg_info --egg-base ../../build/ball_tracker build --build-base /home/chalin/dev_ws/build/ball_tracker/build install --record /home/chalin/dev_ws/build/ball_tracker/install.log --install-scripts $base/lib/ball_tracker --single-version-externally-managed install_data
[5.978s] /usr/lib/python3/dist-packages/setuptools/dist.py:744: SetuptoolsDeprecationWarning: Invalid dash-separated options
[5.978s] !!
[5.978s] 
[5.978s]         ********************************************************************************
[5.978s]         Usage of dash-separated 'script-dir' will not be supported in future
[5.979s]         versions. Please use the underscore name 'script_dir' instead.
[5.979s] 
[5.979s]         This deprecation is overdue, please update your project and remove deprecated
[5.979s]         calls to avoid build errors in the future.
[5.979s] 
[5.979s]         See https://setuptools.pypa.io/en/latest/userguide/declarative_config.html for details.
[5.980s]         ********************************************************************************
[5.980s] 
[5.980s] !!
[5.980s]   opt = self.warn_dash_deprecation(opt, section)
[6.938s] running egg_info
[7.063s] writing ../../build/ball_tracker/ball_tracker.egg-info/PKG-INFO
[7.071s] writing dependency_links to ../../build/ball_tracker/ball_tracker.egg-info/dependency_links.txt
[7.071s] writing entry points to ../../build/ball_tracker/ball_tracker.egg-info/entry_points.txt
[7.071s] writing requirements to ../../build/ball_tracker/ball_tracker.egg-info/requires.txt
[7.071s] writing top-level names to ../../build/ball_tracker/ball_tracker.egg-info/top_level.txt
[7.442s] reading manifest file '../../build/ball_tracker/ball_tracker.egg-info/SOURCES.txt'
[7.445s] writing manifest file '../../build/ball_tracker/ball_tracker.egg-info/SOURCES.txt'
[7.447s] running build
[7.455s] running build_py
[7.459s] copying ball_tracker/3D_construction.py -> /home/chalin/dev_ws/build/ball_tracker/build/lib/ball_tracker
[7.460s] running install
[7.481s] running install_lib
[7.614s] copying /home/chalin/dev_ws/build/ball_tracker/build/lib/ball_tracker/3D_construction.py -> /home/chalin/dev_ws/install/ball_tracker/lib/python3.12/site-packages/ball_tracker
[7.616s] byte-compiling /home/chalin/dev_ws/install/ball_tracker/lib/python3.12/site-packages/ball_tracker/3D_construction.py to 3D_construction.cpython-312.pyc
[7.635s] running install_data
[7.635s] running install_egg_info
[7.737s] removing '/home/chalin/dev_ws/install/ball_tracker/lib/python3.12/site-packages/ball_tracker-0.0.0-py3.12.egg-info' (and everything under it)
[7.739s] Copying ../../build/ball_tracker/ball_tracker.egg-info to /home/chalin/dev_ws/install/ball_tracker/lib/python3.12/site-packages/ball_tracker-0.0.0-py3.12.egg-info
[7.741s] running install_scripts
[8.606s] Installing 3D_contruct script to /home/chalin/dev_ws/install/ball_tracker/lib/ball_tracker
[8.609s] Installing detect_ball script to /home/chalin/dev_ws/install/ball_tracker/lib/ball_tracker
[8.610s] Installing detect_ball_3d script to /home/chalin/dev_ws/install/ball_tracker/lib/ball_tracker
[8.625s] Installing follow_ball script to /home/chalin/dev_ws/install/ball_tracker/lib/ball_tracker
[8.625s] Installing lidar_camera script to /home/chalin/dev_ws/install/ball_tracker/lib/ball_tracker
[8.628s] writing list of installed files to '/home/chalin/dev_ws/build/ball_tracker/install.log'
[8.900s] Invoked command in '/home/chalin/dev_ws/src/ball_tracker' returned '0': PYTHONPATH=/home/chalin/dev_ws/build/ball_tracker/prefix_override:/usr/lib/python3/dist-packages/colcon_core/task/python/colcon_distutils_commands:/home/chalin/dev_ws/install/ball_tracker/lib/python3.12/site-packages:${PYTHONPATH} /usr/bin/python3 -W ignore:setup.py install is deprecated -W ignore:easy_install command is deprecated setup.py egg_info --egg-base ../../build/ball_tracker build --build-base /home/chalin/dev_ws/build/ball_tracker/build install --record /home/chalin/dev_ws/build/ball_tracker/install.log --install-scripts $base/lib/ball_tracker --single-version-externally-managed install_data
