[4.061s] Invoking command in '/home/chalin/dev_ws/src/ball_tracker': PYTHONPATH=/home/chalin/dev_ws/build/ball_tracker/prefix_override:/usr/lib/python3/dist-packages/colcon_core/task/python/colcon_distutils_commands:/home/chalin/dev_ws/install/ball_tracker/lib/python3.12/site-packages:${PYTHONPATH} /usr/bin/python3 -W ignore:setup.py install is deprecated -W ignore:easy_install command is deprecated setup.py egg_info --egg-base ../../build/ball_tracker build --build-base /home/chalin/dev_ws/build/ball_tracker/build install --record /home/chalin/dev_ws/build/ball_tracker/install.log --install-scripts $base/lib/ball_tracker --single-version-externally-managed install_data
[4.835s] /usr/lib/python3/dist-packages/setuptools/dist.py:744: SetuptoolsDeprecationWarning: Invalid dash-separated options
[4.835s] !!
[4.836s] 
[4.836s]         ********************************************************************************
[4.837s]         Usage of dash-separated 'script-dir' will not be supported in future
[4.838s]         versions. Please use the underscore name 'script_dir' instead.
[4.838s] 
[4.839s]         This deprecation is overdue, please update your project and remove deprecated
[4.839s]         calls to avoid build errors in the future.
[4.839s] 
[4.840s]         See https://setuptools.pypa.io/en/latest/userguide/declarative_config.html for details.
[4.840s]         ********************************************************************************
[4.840s] 
[4.841s] !!
[4.841s]   opt = self.warn_dash_deprecation(opt, section)
[5.803s] running egg_info
[5.950s] writing ../../build/ball_tracker/ball_tracker.egg-info/PKG-INFO
[5.952s] writing dependency_links to ../../build/ball_tracker/ball_tracker.egg-info/dependency_links.txt
[5.954s] writing entry points to ../../build/ball_tracker/ball_tracker.egg-info/entry_points.txt
[5.954s] writing requirements to ../../build/ball_tracker/ball_tracker.egg-info/requires.txt
[5.954s] writing top-level names to ../../build/ball_tracker/ball_tracker.egg-info/top_level.txt
[6.175s] reading manifest file '../../build/ball_tracker/ball_tracker.egg-info/SOURCES.txt'
[6.177s] writing manifest file '../../build/ball_tracker/ball_tracker.egg-info/SOURCES.txt'
[6.179s] running build
[6.180s] running build_py
[6.181s] copying ball_tracker/3D_construction.py -> /home/chalin/dev_ws/build/ball_tracker/build/lib/ball_tracker
[6.186s] running install
[6.211s] running install_lib
[6.303s] copying /home/chalin/dev_ws/build/ball_tracker/build/lib/ball_tracker/3D_construction.py -> /home/chalin/dev_ws/install/ball_tracker/lib/python3.12/site-packages/ball_tracker
[6.306s] byte-compiling /home/chalin/dev_ws/install/ball_tracker/lib/python3.12/site-packages/ball_tracker/3D_construction.py to 3D_construction.cpython-312.pyc
[6.312s] running install_data
[6.315s] running install_egg_info
[6.410s] removing '/home/chalin/dev_ws/install/ball_tracker/lib/python3.12/site-packages/ball_tracker-0.0.0-py3.12.egg-info' (and everything under it)
[6.415s] Copying ../../build/ball_tracker/ball_tracker.egg-info to /home/chalin/dev_ws/install/ball_tracker/lib/python3.12/site-packages/ball_tracker-0.0.0-py3.12.egg-info
[6.431s] running install_scripts
[7.006s] Installing 3D_contruct script to /home/chalin/dev_ws/install/ball_tracker/lib/ball_tracker
[7.009s] Installing detect_ball script to /home/chalin/dev_ws/install/ball_tracker/lib/ball_tracker
[7.012s] Installing detect_ball_3d script to /home/chalin/dev_ws/install/ball_tracker/lib/ball_tracker
[7.014s] Installing follow_ball script to /home/chalin/dev_ws/install/ball_tracker/lib/ball_tracker
[7.015s] Installing lidar_camera script to /home/chalin/dev_ws/install/ball_tracker/lib/ball_tracker
[7.016s] writing list of installed files to '/home/chalin/dev_ws/build/ball_tracker/install.log'
[7.302s] Invoked command in '/home/chalin/dev_ws/src/ball_tracker' returned '0': PYTHONPATH=/home/chalin/dev_ws/build/ball_tracker/prefix_override:/usr/lib/python3/dist-packages/colcon_core/task/python/colcon_distutils_commands:/home/chalin/dev_ws/install/ball_tracker/lib/python3.12/site-packages:${PYTHONPATH} /usr/bin/python3 -W ignore:setup.py install is deprecated -W ignore:easy_install command is deprecated setup.py egg_info --egg-base ../../build/ball_tracker build --build-base /home/chalin/dev_ws/build/ball_tracker/build install --record /home/chalin/dev_ws/build/ball_tracker/install.log --install-scripts $base/lib/ball_tracker --single-version-externally-managed install_data
